pars
c

<open file 'G:\yaogong\letor40\baselines\svm_struct\source_code\svm_rank_learn -c 0.000010 -e 0.001 -l 1 G:\yaogong\letor40\datasets\OHSUMED\Fold1\train.txt G:\yaogong\letor40\baselines\svm_struct\data\model', mode 'r' at 0x00000000023A5150>
G:\yaogong\letor40\baselines\svm_struct\source_code\svm_rank_learn -c 0.000010 -e 0.001 -l 1 G:\yaogong\letor40\datasets\OHSUMED\Fold1\train.txt G:\yaogong\letor40\baselines\svm_struct\data\model
<open file 'G:\yaogong\letor40\baselines\svm_struct\source_code\svm_rank_classify G:\yaogong\letor40\datasets\OHSUMED\Fold1\vali.txt G:\yaogong\letor40\baselines\svm_struct\data\model G:\yaogong\letor40\baselines\svm_struct\data\score', mode 'r' at 0x00000000023A5150>
<open file 'G:\yaogong\letor40\baselines\svm_struct\source_code\svm_rank_learn -c 0.000100 -e 0.001 -l 1 G:\yaogong\letor40\datasets\OHSUMED\Fold1\train.txt G:\yaogong\letor40\baselines\svm_struct\data\model', mode 'r' at 0x00000000023A51E0>
G:\yaogong\letor40\baselines\svm_struct\source_code\svm_rank_learn -c 0.000100 -e 0.001 -l 1 G:\yaogong\letor40\datasets\OHSUMED\Fold1\train.txt G:\yaogong\letor40\baselines\svm_struct\data\model
<open file 'G:\yaogong\letor40\baselines\svm_struct\source_code\svm_rank_classify G:\yaogong\letor40\datasets\OHSUMED\Fold1\vali.txt G:\yaogong\letor40\baselines\svm_struct\data\model G:\yaogong\letor40\baselines\svm_struct\data\score', mode 'r' at 0x00000000023A51E0>
<open file 'G:\yaogong\letor40\baselines\svm_struct\source_code\svm_rank_learn -c 0.001000 -e 0.001 -l 1 G:\yaogong\letor40\datasets\OHSUMED\Fold1\train.txt G:\yaogong\letor40\baselines\svm_struct\data\model', mode 'r' at 0x00000000023A5150>
G:\yaogong\letor40\baselines\svm_struct\source_code\svm_rank_learn -c 0.001000 -e 0.001 -l 1 G:\yaogong\letor40\datasets\OHSUMED\Fold1\train.txt G:\yaogong\letor40\baselines\svm_struct\data\model
<open file 'G:\yaogong\letor40\baselines\svm_struct\source_code\svm_rank_classify G:\yaogong\letor40\datasets\OHSUMED\Fold1\vali.txt G:\yaogong\letor40\baselines\svm_struct\data\model G:\yaogong\letor40\baselines\svm_struct\data\score', mode 'r' at 0x00000000023A5150>
<open file 'G:\yaogong\letor40\baselines\svm_struct\source_code\svm_rank_learn -c 0.010000 -e 0.001 -l 1 G:\yaogong\letor40\datasets\OHSUMED\Fold1\train.txt G:\yaogong\letor40\baselines\svm_struct\data\model', mode 'r' at 0x00000000023A51E0>
G:\yaogong\letor40\baselines\svm_struct\source_code\svm_rank_learn -c 0.010000 -e 0.001 -l 1 G:\yaogong\letor40\datasets\OHSUMED\Fold1\train.txt G:\yaogong\letor40\baselines\svm_struct\data\model
<open file 'G:\yaogong\letor40\baselines\svm_struct\source_code\svm_rank_classify G:\yaogong\letor40\datasets\OHSUMED\Fold1\vali.txt G:\yaogong\letor40\baselines\svm_struct\data\model G:\yaogong\letor40\baselines\svm_struct\data\score', mode 'r' at 0x00000000023A51E0>
<open file 'G:\yaogong\letor40\baselines\svm_struct\source_code\svm_rank_learn -c 0.100000 -e 0.001 -l 1 G:\yaogong\letor40\datasets\OHSUMED\Fold1\train.txt G:\yaogong\letor40\baselines\svm_struct\data\model', mode 'r' at 0x00000000023A5150>
G:\yaogong\letor40\baselines\svm_struct\source_code\svm_rank_learn -c 0.100000 -e 0.001 -l 1 G:\yaogong\letor40\datasets\OHSUMED\Fold1\train.txt G:\yaogong\letor40\baselines\svm_struct\data\model
<open file 'G:\yaogong\letor40\baselines\svm_struct\source_code\svm_rank_classify G:\yaogong\letor40\datasets\OHSUMED\Fold1\vali.txt G:\yaogong\letor40\baselines\svm_struct\data\model G:\yaogong\letor40\baselines\svm_struct\data\score', mode 'r' at 0x00000000023A5150>
<open file 'G:\yaogong\letor40\baselines\svm_struct\source_code\svm_rank_learn -c 1.000000 -e 0.001 -l 1 G:\yaogong\letor40\datasets\OHSUMED\Fold1\train.txt G:\yaogong\letor40\baselines\svm_struct\data\model', mode 'r' at 0x00000000023A51E0>
G:\yaogong\letor40\baselines\svm_struct\source_code\svm_rank_learn -c 1.000000 -e 0.001 -l 1 G:\yaogong\letor40\datasets\OHSUMED\Fold1\train.txt G:\yaogong\letor40\baselines\svm_struct\data\model
<open file 'G:\yaogong\letor40\baselines\svm_struct\source_code\svm_rank_classify G:\yaogong\letor40\datasets\OHSUMED\Fold1\vali.txt G:\yaogong\letor40\baselines\svm_struct\data\model G:\yaogong\letor40\baselines\svm_struct\data\score', mode 'r' at 0x00000000023A51E0>
<open file 'G:\yaogong\letor40\baselines\svm_struct\source_code\svm_rank_learn -c 10.000000 -e 0.001 -l 1 G:\yaogong\letor40\datasets\OHSUMED\Fold1\train.txt G:\yaogong\letor40\baselines\svm_struct\data\model', mode 'r' at 0x00000000023A5150>
G:\yaogong\letor40\baselines\svm_struct\source_code\svm_rank_learn -c 10.000000 -e 0.001 -l 1 G:\yaogong\letor40\datasets\OHSUMED\Fold1\train.txt G:\yaogong\letor40\baselines\svm_struct\data\model
<open file 'G:\yaogong\letor40\baselines\svm_struct\source_code\svm_rank_classify G:\yaogong\letor40\datasets\OHSUMED\Fold1\vali.txt G:\yaogong\letor40\baselines\svm_struct\data\model G:\yaogong\letor40\baselines\svm_struct\data\score', mode 'r' at 0x00000000023A5150>
1e-05
<open file 'G:\yaogong\letor40\baselines\svm_struct\source_code\svm_rank_learn -c 0.000010 -e 0.001 -l 1 G:\yaogong\letor40\datasets\OHSUMED\Fold1\train.txt G:\yaogong\letor40\baselines\svm_struct\data\OHSUMED\Fold1\best_model', mode 'r' at 0x00000000023A5150>
G:\yaogong\letor40\baselines\svm_struct\source_code\svm_rank_learn -c 0.000010 -e 0.001 -l 1 G:\yaogong\letor40\datasets\OHSUMED\Fold1\train.txt G:\yaogong\letor40\baselines\svm_struct\data\OHSUMED\Fold1\best_model
<open file 'G:\yaogong\letor40\baselines\svm_struct\source_code\svm_rank_classify G:\yaogong\letor40\datasets\OHSUMED\Fold1\test.txt G:\yaogong\letor40\baselines\svm_struct\data\OHSUMED\Fold1\best_model G:\yaogong\letor40\baselines\svm_struct\data\OHSUMED\Fold1\test_score', mode 'r' at 0x00000000023A5150>
G:\yaogong\letor40\baselines\svm_struct\source_code\svm_rank_learn -c 0.000010 -e 0.001 -l 1 G:\yaogong\letor40\datasets\OHSUMED\Fold1\train.txt G:\yaogong\letor40\baselines\svm_struct\data\OHSUMED\Fold1\best_model
<open file 'G:\yaogong\letor40\baselines\svm_struct\source_code\svm_rank_classify G:\yaogong\letor40\datasets\OHSUMED\Fold1\vali.txt G:\yaogong\letor40\baselines\svm_struct\data\OHSUMED\Fold1\best_model G:\yaogong\letor40\baselines\svm_struct\data\OHSUMED\Fold1\vali_score', mode 'r' at 0x00000000023A5270>
G:\yaogong\letor40\baselines\svm_struct\source_code\svm_rank_learn -c 0.000010 -e 0.001 -l 1 G:\yaogong\letor40\datasets\OHSUMED\Fold1\train.txt G:\yaogong\letor40\baselines\svm_struct\data\OHSUMED\Fold1\best_model
<open file 'G:\yaogong\letor40\baselines\svm_struct\source_code\svm_rank_classify G:\yaogong\letor40\datasets\OHSUMED\Fold1\train.txt G:\yaogong\letor40\baselines\svm_struct\data\OHSUMED\Fold1\best_model G:\yaogong\letor40\baselines\svm_struct\data\OHSUMED\Fold1\train_score', mode 'r' at 0x00000000023A5150>
Fold_1 finish at 0323_1813	
<open file 'G:\yaogong\letor40\baselines\svm_struct\source_code\svm_rank_learn -c 0.000010 -e 0.001 -l 1 G:\yaogong\letor40\datasets\OHSUMED\Fold2\train.txt G:\yaogong\letor40\baselines\svm_struct\data\model', mode 'r' at 0x00000000023A5270>
G:\yaogong\letor40\baselines\svm_struct\source_code\svm_rank_learn -c 0.000010 -e 0.001 -l 1 G:\yaogong\letor40\datasets\OHSUMED\Fold2\train.txt G:\yaogong\letor40\baselines\svm_struct\data\model
<open file 'G:\yaogong\letor40\baselines\svm_struct\source_code\svm_rank_classify G:\yaogong\letor40\datasets\OHSUMED\Fold2\vali.txt G:\yaogong\letor40\baselines\svm_struct\data\model G:\yaogong\letor40\baselines\svm_struct\data\score', mode 'r' at 0x00000000023A5270>
<open file 'G:\yaogong\letor40\baselines\svm_struct\source_code\svm_rank_learn -c 0.000100 -e 0.001 -l 1 G:\yaogong\letor40\datasets\OHSUMED\Fold2\train.txt G:\yaogong\letor40\baselines\svm_struct\data\model', mode 'r' at 0x00000000023A5150>
G:\yaogong\letor40\baselines\svm_struct\source_code\svm_rank_learn -c 0.000100 -e 0.001 -l 1 G:\yaogong\letor40\datasets\OHSUMED\Fold2\train.txt G:\yaogong\letor40\baselines\svm_struct\data\model
<open file 'G:\yaogong\letor40\baselines\svm_struct\source_code\svm_rank_classify G:\yaogong\letor40\datasets\OHSUMED\Fold2\vali.txt G:\yaogong\letor40\baselines\svm_struct\data\model G:\yaogong\letor40\baselines\svm_struct\data\score', mode 'r' at 0x00000000023A5150>
<open file 'G:\yaogong\letor40\baselines\svm_struct\source_code\svm_rank_learn -c 0.001000 -e 0.001 -l 1 G:\yaogong\letor40\datasets\OHSUMED\Fold2\train.txt G:\yaogong\letor40\baselines\svm_struct\data\model', mode 'r' at 0x00000000023A5270>
G:\yaogong\letor40\baselines\svm_struct\source_code\svm_rank_learn -c 0.001000 -e 0.001 -l 1 G:\yaogong\letor40\datasets\OHSUMED\Fold2\train.txt G:\yaogong\letor40\baselines\svm_struct\data\model
<open file 'G:\yaogong\letor40\baselines\svm_struct\source_code\svm_rank_classify G:\yaogong\letor40\datasets\OHSUMED\Fold2\vali.txt G:\yaogong\letor40\baselines\svm_struct\data\model G:\yaogong\letor40\baselines\svm_struct\data\score', mode 'r' at 0x00000000023A5270>
<open file 'G:\yaogong\letor40\baselines\svm_struct\source_code\svm_rank_learn -c 0.010000 -e 0.001 -l 1 G:\yaogong\letor40\datasets\OHSUMED\Fold2\train.txt G:\yaogong\letor40\baselines\svm_struct\data\model', mode 'r' at 0x00000000023A5150>
G:\yaogong\letor40\baselines\svm_struct\source_code\svm_rank_learn -c 0.010000 -e 0.001 -l 1 G:\yaogong\letor40\datasets\OHSUMED\Fold2\train.txt G:\yaogong\letor40\baselines\svm_struct\data\model
<open file 'G:\yaogong\letor40\baselines\svm_struct\source_code\svm_rank_classify G:\yaogong\letor40\datasets\OHSUMED\Fold2\vali.txt G:\yaogong\letor40\baselines\svm_struct\data\model G:\yaogong\letor40\baselines\svm_struct\data\score', mode 'r' at 0x00000000023A5150>
<open file 'G:\yaogong\letor40\baselines\svm_struct\source_code\svm_rank_learn -c 0.100000 -e 0.001 -l 1 G:\yaogong\letor40\datasets\OHSUMED\Fold2\train.txt G:\yaogong\letor40\baselines\svm_struct\data\model', mode 'r' at 0x00000000023A5270>
G:\yaogong\letor40\baselines\svm_struct\source_code\svm_rank_learn -c 0.100000 -e 0.001 -l 1 G:\yaogong\letor40\datasets\OHSUMED\Fold2\train.txt G:\yaogong\letor40\baselines\svm_struct\data\model
<open file 'G:\yaogong\letor40\baselines\svm_struct\source_code\svm_rank_classify G:\yaogong\letor40\datasets\OHSUMED\Fold2\vali.txt G:\yaogong\letor40\baselines\svm_struct\data\model G:\yaogong\letor40\baselines\svm_struct\data\score', mode 'r' at 0x00000000023A5270>
<open file 'G:\yaogong\letor40\baselines\svm_struct\source_code\svm_rank_learn -c 1.000000 -e 0.001 -l 1 G:\yaogong\letor40\datasets\OHSUMED\Fold2\train.txt G:\yaogong\letor40\baselines\svm_struct\data\model', mode 'r' at 0x00000000023A5150>
G:\yaogong\letor40\baselines\svm_struct\source_code\svm_rank_learn -c 1.000000 -e 0.001 -l 1 G:\yaogong\letor40\datasets\OHSUMED\Fold2\train.txt G:\yaogong\letor40\baselines\svm_struct\data\model
<open file 'G:\yaogong\letor40\baselines\svm_struct\source_code\svm_rank_classify G:\yaogong\letor40\datasets\OHSUMED\Fold2\vali.txt G:\yaogong\letor40\baselines\svm_struct\data\model G:\yaogong\letor40\baselines\svm_struct\data\score', mode 'r' at 0x00000000023A5150>
<open file 'G:\yaogong\letor40\baselines\svm_struct\source_code\svm_rank_learn -c 10.000000 -e 0.001 -l 1 G:\yaogong\letor40\datasets\OHSUMED\Fold2\train.txt G:\yaogong\letor40\baselines\svm_struct\data\model', mode 'r' at 0x00000000023A5270>
G:\yaogong\letor40\baselines\svm_struct\source_code\svm_rank_learn -c 10.000000 -e 0.001 -l 1 G:\yaogong\letor40\datasets\OHSUMED\Fold2\train.txt G:\yaogong\letor40\baselines\svm_struct\data\model
<open file 'G:\yaogong\letor40\baselines\svm_struct\source_code\svm_rank_classify G:\yaogong\letor40\datasets\OHSUMED\Fold2\vali.txt G:\yaogong\letor40\baselines\svm_struct\data\model G:\yaogong\letor40\baselines\svm_struct\data\score', mode 'r' at 0x00000000023A5270>
0.01
<open file 'G:\yaogong\letor40\baselines\svm_struct\source_code\svm_rank_learn -c 0.010000 -e 0.001 -l 1 G:\yaogong\letor40\datasets\OHSUMED\Fold2\train.txt G:\yaogong\letor40\baselines\svm_struct\data\OHSUMED\Fold2\best_model', mode 'r' at 0x00000000023A51E0>
G:\yaogong\letor40\baselines\svm_struct\source_code\svm_rank_learn -c 0.010000 -e 0.001 -l 1 G:\yaogong\letor40\datasets\OHSUMED\Fold2\train.txt G:\yaogong\letor40\baselines\svm_struct\data\OHSUMED\Fold2\best_model
<open file 'G:\yaogong\letor40\baselines\svm_struct\source_code\svm_rank_classify G:\yaogong\letor40\datasets\OHSUMED\Fold2\test.txt G:\yaogong\letor40\baselines\svm_struct\data\OHSUMED\Fold2\best_model G:\yaogong\letor40\baselines\svm_struct\data\OHSUMED\Fold2\test_score', mode 'r' at 0x00000000023A51E0>
G:\yaogong\letor40\baselines\svm_struct\source_code\svm_rank_learn -c 0.010000 -e 0.001 -l 1 G:\yaogong\letor40\datasets\OHSUMED\Fold2\train.txt G:\yaogong\letor40\baselines\svm_struct\data\OHSUMED\Fold2\best_model
<open file 'G:\yaogong\letor40\baselines\svm_struct\source_code\svm_rank_classify G:\yaogong\letor40\datasets\OHSUMED\Fold2\vali.txt G:\yaogong\letor40\baselines\svm_struct\data\OHSUMED\Fold2\best_model G:\yaogong\letor40\baselines\svm_struct\data\OHSUMED\Fold2\vali_score', mode 'r' at 0x00000000023A5270>
G:\yaogong\letor40\baselines\svm_struct\source_code\svm_rank_learn -c 0.010000 -e 0.001 -l 1 G:\yaogong\letor40\datasets\OHSUMED\Fold2\train.txt G:\yaogong\letor40\baselines\svm_struct\data\OHSUMED\Fold2\best_model
<open file 'G:\yaogong\letor40\baselines\svm_struct\source_code\svm_rank_classify G:\yaogong\letor40\datasets\OHSUMED\Fold2\train.txt G:\yaogong\letor40\baselines\svm_struct\data\OHSUMED\Fold2\best_model G:\yaogong\letor40\baselines\svm_struct\data\OHSUMED\Fold2\train_score', mode 'r' at 0x00000000023A51E0>
Fold_2 finish at 0323_1813	
<open file 'G:\yaogong\letor40\baselines\svm_struct\source_code\svm_rank_learn -c 0.000010 -e 0.001 -l 1 G:\yaogong\letor40\datasets\OHSUMED\Fold3\train.txt G:\yaogong\letor40\baselines\svm_struct\data\model', mode 'r' at 0x00000000023A5270>
G:\yaogong\letor40\baselines\svm_struct\source_code\svm_rank_learn -c 0.000010 -e 0.001 -l 1 G:\yaogong\letor40\datasets\OHSUMED\Fold3\train.txt G:\yaogong\letor40\baselines\svm_struct\data\model
<open file 'G:\yaogong\letor40\baselines\svm_struct\source_code\svm_rank_classify G:\yaogong\letor40\datasets\OHSUMED\Fold3\vali.txt G:\yaogong\letor40\baselines\svm_struct\data\model G:\yaogong\letor40\baselines\svm_struct\data\score', mode 'r' at 0x00000000023A5270>
<open file 'G:\yaogong\letor40\baselines\svm_struct\source_code\svm_rank_learn -c 0.000100 -e 0.001 -l 1 G:\yaogong\letor40\datasets\OHSUMED\Fold3\train.txt G:\yaogong\letor40\baselines\svm_struct\data\model', mode 'r' at 0x00000000023A51E0>
G:\yaogong\letor40\baselines\svm_struct\source_code\svm_rank_learn -c 0.000100 -e 0.001 -l 1 G:\yaogong\letor40\datasets\OHSUMED\Fold3\train.txt G:\yaogong\letor40\baselines\svm_struct\data\model
<open file 'G:\yaogong\letor40\baselines\svm_struct\source_code\svm_rank_classify G:\yaogong\letor40\datasets\OHSUMED\Fold3\vali.txt G:\yaogong\letor40\baselines\svm_struct\data\model G:\yaogong\letor40\baselines\svm_struct\data\score', mode 'r' at 0x00000000023A51E0>
<open file 'G:\yaogong\letor40\baselines\svm_struct\source_code\svm_rank_learn -c 0.001000 -e 0.001 -l 1 G:\yaogong\letor40\datasets\OHSUMED\Fold3\train.txt G:\yaogong\letor40\baselines\svm_struct\data\model', mode 'r' at 0x00000000023A5270>
G:\yaogong\letor40\baselines\svm_struct\source_code\svm_rank_learn -c 0.001000 -e 0.001 -l 1 G:\yaogong\letor40\datasets\OHSUMED\Fold3\train.txt G:\yaogong\letor40\baselines\svm_struct\data\model
<open file 'G:\yaogong\letor40\baselines\svm_struct\source_code\svm_rank_classify G:\yaogong\letor40\datasets\OHSUMED\Fold3\vali.txt G:\yaogong\letor40\baselines\svm_struct\data\model G:\yaogong\letor40\baselines\svm_struct\data\score', mode 'r' at 0x00000000023A5270>
<open file 'G:\yaogong\letor40\baselines\svm_struct\source_code\svm_rank_learn -c 0.010000 -e 0.001 -l 1 G:\yaogong\letor40\datasets\OHSUMED\Fold3\train.txt G:\yaogong\letor40\baselines\svm_struct\data\model', mode 'r' at 0x00000000023A51E0>
G:\yaogong\letor40\baselines\svm_struct\source_code\svm_rank_learn -c 0.010000 -e 0.001 -l 1 G:\yaogong\letor40\datasets\OHSUMED\Fold3\train.txt G:\yaogong\letor40\baselines\svm_struct\data\model
<open file 'G:\yaogong\letor40\baselines\svm_struct\source_code\svm_rank_classify G:\yaogong\letor40\datasets\OHSUMED\Fold3\vali.txt G:\yaogong\letor40\baselines\svm_struct\data\model G:\yaogong\letor40\baselines\svm_struct\data\score', mode 'r' at 0x00000000023A51E0>
<open file 'G:\yaogong\letor40\baselines\svm_struct\source_code\svm_rank_learn -c 0.100000 -e 0.001 -l 1 G:\yaogong\letor40\datasets\OHSUMED\Fold3\train.txt G:\yaogong\letor40\baselines\svm_struct\data\model', mode 'r' at 0x00000000023A5270>
G:\yaogong\letor40\baselines\svm_struct\source_code\svm_rank_learn -c 0.100000 -e 0.001 -l 1 G:\yaogong\letor40\datasets\OHSUMED\Fold3\train.txt G:\yaogong\letor40\baselines\svm_struct\data\model
<open file 'G:\yaogong\letor40\baselines\svm_struct\source_code\svm_rank_classify G:\yaogong\letor40\datasets\OHSUMED\Fold3\vali.txt G:\yaogong\letor40\baselines\svm_struct\data\model G:\yaogong\letor40\baselines\svm_struct\data\score', mode 'r' at 0x00000000023A5270>
<open file 'G:\yaogong\letor40\baselines\svm_struct\source_code\svm_rank_learn -c 1.000000 -e 0.001 -l 1 G:\yaogong\letor40\datasets\OHSUMED\Fold3\train.txt G:\yaogong\letor40\baselines\svm_struct\data\model', mode 'r' at 0x00000000023A51E0>
G:\yaogong\letor40\baselines\svm_struct\source_code\svm_rank_learn -c 1.000000 -e 0.001 -l 1 G:\yaogong\letor40\datasets\OHSUMED\Fold3\train.txt G:\yaogong\letor40\baselines\svm_struct\data\model
<open file 'G:\yaogong\letor40\baselines\svm_struct\source_code\svm_rank_classify G:\yaogong\letor40\datasets\OHSUMED\Fold3\vali.txt G:\yaogong\letor40\baselines\svm_struct\data\model G:\yaogong\letor40\baselines\svm_struct\data\score', mode 'r' at 0x00000000023A51E0>
<open file 'G:\yaogong\letor40\baselines\svm_struct\source_code\svm_rank_learn -c 10.000000 -e 0.001 -l 1 G:\yaogong\letor40\datasets\OHSUMED\Fold3\train.txt G:\yaogong\letor40\baselines\svm_struct\data\model', mode 'r' at 0x00000000023A5270>
G:\yaogong\letor40\baselines\svm_struct\source_code\svm_rank_learn -c 10.000000 -e 0.001 -l 1 G:\yaogong\letor40\datasets\OHSUMED\Fold3\train.txt G:\yaogong\letor40\baselines\svm_struct\data\model
<open file 'G:\yaogong\letor40\baselines\svm_struct\source_code\svm_rank_classify G:\yaogong\letor40\datasets\OHSUMED\Fold3\vali.txt G:\yaogong\letor40\baselines\svm_struct\data\model G:\yaogong\letor40\baselines\svm_struct\data\score', mode 'r' at 0x00000000023A5270>
0.01
<open file 'G:\yaogong\letor40\baselines\svm_struct\source_code\svm_rank_learn -c 0.010000 -e 0.001 -l 1 G:\yaogong\letor40\datasets\OHSUMED\Fold3\train.txt G:\yaogong\letor40\baselines\svm_struct\data\OHSUMED\Fold3\best_model', mode 'r' at 0x00000000023A5150>
G:\yaogong\letor40\baselines\svm_struct\source_code\svm_rank_learn -c 0.010000 -e 0.001 -l 1 G:\yaogong\letor40\datasets\OHSUMED\Fold3\train.txt G:\yaogong\letor40\baselines\svm_struct\data\OHSUMED\Fold3\best_model
<open file 'G:\yaogong\letor40\baselines\svm_struct\source_code\svm_rank_classify G:\yaogong\letor40\datasets\OHSUMED\Fold3\test.txt G:\yaogong\letor40\baselines\svm_struct\data\OHSUMED\Fold3\best_model G:\yaogong\letor40\baselines\svm_struct\data\OHSUMED\Fold3\test_score', mode 'r' at 0x00000000023A5150>
G:\yaogong\letor40\baselines\svm_struct\source_code\svm_rank_learn -c 0.010000 -e 0.001 -l 1 G:\yaogong\letor40\datasets\OHSUMED\Fold3\train.txt G:\yaogong\letor40\baselines\svm_struct\data\OHSUMED\Fold3\best_model
<open file 'G:\yaogong\letor40\baselines\svm_struct\source_code\svm_rank_classify G:\yaogong\letor40\datasets\OHSUMED\Fold3\vali.txt G:\yaogong\letor40\baselines\svm_struct\data\OHSUMED\Fold3\best_model G:\yaogong\letor40\baselines\svm_struct\data\OHSUMED\Fold3\vali_score', mode 'r' at 0x00000000023A5270>
G:\yaogong\letor40\baselines\svm_struct\source_code\svm_rank_learn -c 0.010000 -e 0.001 -l 1 G:\yaogong\letor40\datasets\OHSUMED\Fold3\train.txt G:\yaogong\letor40\baselines\svm_struct\data\OHSUMED\Fold3\best_model
<open file 'G:\yaogong\letor40\baselines\svm_struct\source_code\svm_rank_classify G:\yaogong\letor40\datasets\OHSUMED\Fold3\train.txt G:\yaogong\letor40\baselines\svm_struct\data\OHSUMED\Fold3\best_model G:\yaogong\letor40\baselines\svm_struct\data\OHSUMED\Fold3\train_score', mode 'r' at 0x00000000023A5150>
Fold_3 finish at 0323_1813	
<open file 'G:\yaogong\letor40\baselines\svm_struct\source_code\svm_rank_learn -c 0.000010 -e 0.001 -l 1 G:\yaogong\letor40\datasets\OHSUMED\Fold4\train.txt G:\yaogong\letor40\baselines\svm_struct\data\model', mode 'r' at 0x00000000023A5270>
G:\yaogong\letor40\baselines\svm_struct\source_code\svm_rank_learn -c 0.000010 -e 0.001 -l 1 G:\yaogong\letor40\datasets\OHSUMED\Fold4\train.txt G:\yaogong\letor40\baselines\svm_struct\data\model
<open file 'G:\yaogong\letor40\baselines\svm_struct\source_code\svm_rank_classify G:\yaogong\letor40\datasets\OHSUMED\Fold4\vali.txt G:\yaogong\letor40\baselines\svm_struct\data\model G:\yaogong\letor40\baselines\svm_struct\data\score', mode 'r' at 0x00000000023A5270>
<open file 'G:\yaogong\letor40\baselines\svm_struct\source_code\svm_rank_learn -c 0.000100 -e 0.001 -l 1 G:\yaogong\letor40\datasets\OHSUMED\Fold4\train.txt G:\yaogong\letor40\baselines\svm_struct\data\model', mode 'r' at 0x00000000023A5150>
G:\yaogong\letor40\baselines\svm_struct\source_code\svm_rank_learn -c 0.000100 -e 0.001 -l 1 G:\yaogong\letor40\datasets\OHSUMED\Fold4\train.txt G:\yaogong\letor40\baselines\svm_struct\data\model
<open file 'G:\yaogong\letor40\baselines\svm_struct\source_code\svm_rank_classify G:\yaogong\letor40\datasets\OHSUMED\Fold4\vali.txt G:\yaogong\letor40\baselines\svm_struct\data\model G:\yaogong\letor40\baselines\svm_struct\data\score', mode 'r' at 0x00000000023A5150>
<open file 'G:\yaogong\letor40\baselines\svm_struct\source_code\svm_rank_learn -c 0.001000 -e 0.001 -l 1 G:\yaogong\letor40\datasets\OHSUMED\Fold4\train.txt G:\yaogong\letor40\baselines\svm_struct\data\model', mode 'r' at 0x00000000023A5270>
G:\yaogong\letor40\baselines\svm_struct\source_code\svm_rank_learn -c 0.001000 -e 0.001 -l 1 G:\yaogong\letor40\datasets\OHSUMED\Fold4\train.txt G:\yaogong\letor40\baselines\svm_struct\data\model
<open file 'G:\yaogong\letor40\baselines\svm_struct\source_code\svm_rank_classify G:\yaogong\letor40\datasets\OHSUMED\Fold4\vali.txt G:\yaogong\letor40\baselines\svm_struct\data\model G:\yaogong\letor40\baselines\svm_struct\data\score', mode 'r' at 0x00000000023A5270>
<open file 'G:\yaogong\letor40\baselines\svm_struct\source_code\svm_rank_learn -c 0.010000 -e 0.001 -l 1 G:\yaogong\letor40\datasets\OHSUMED\Fold4\train.txt G:\yaogong\letor40\baselines\svm_struct\data\model', mode 'r' at 0x00000000023A5150>
G:\yaogong\letor40\baselines\svm_struct\source_code\svm_rank_learn -c 0.010000 -e 0.001 -l 1 G:\yaogong\letor40\datasets\OHSUMED\Fold4\train.txt G:\yaogong\letor40\baselines\svm_struct\data\model
<open file 'G:\yaogong\letor40\baselines\svm_struct\source_code\svm_rank_classify G:\yaogong\letor40\datasets\OHSUMED\Fold4\vali.txt G:\yaogong\letor40\baselines\svm_struct\data\model G:\yaogong\letor40\baselines\svm_struct\data\score', mode 'r' at 0x00000000023A5150>
<open file 'G:\yaogong\letor40\baselines\svm_struct\source_code\svm_rank_learn -c 0.100000 -e 0.001 -l 1 G:\yaogong\letor40\datasets\OHSUMED\Fold4\train.txt G:\yaogong\letor40\baselines\svm_struct\data\model', mode 'r' at 0x00000000023A5270>
G:\yaogong\letor40\baselines\svm_struct\source_code\svm_rank_learn -c 0.100000 -e 0.001 -l 1 G:\yaogong\letor40\datasets\OHSUMED\Fold4\train.txt G:\yaogong\letor40\baselines\svm_struct\data\model
<open file 'G:\yaogong\letor40\baselines\svm_struct\source_code\svm_rank_classify G:\yaogong\letor40\datasets\OHSUMED\Fold4\vali.txt G:\yaogong\letor40\baselines\svm_struct\data\model G:\yaogong\letor40\baselines\svm_struct\data\score', mode 'r' at 0x00000000023A5270>
<open file 'G:\yaogong\letor40\baselines\svm_struct\source_code\svm_rank_learn -c 1.000000 -e 0.001 -l 1 G:\yaogong\letor40\datasets\OHSUMED\Fold4\train.txt G:\yaogong\letor40\baselines\svm_struct\data\model', mode 'r' at 0x00000000023A5150>
G:\yaogong\letor40\baselines\svm_struct\source_code\svm_rank_learn -c 1.000000 -e 0.001 -l 1 G:\yaogong\letor40\datasets\OHSUMED\Fold4\train.txt G:\yaogong\letor40\baselines\svm_struct\data\model
<open file 'G:\yaogong\letor40\baselines\svm_struct\source_code\svm_rank_classify G:\yaogong\letor40\datasets\OHSUMED\Fold4\vali.txt G:\yaogong\letor40\baselines\svm_struct\data\model G:\yaogong\letor40\baselines\svm_struct\data\score', mode 'r' at 0x00000000023A5150>
<open file 'G:\yaogong\letor40\baselines\svm_struct\source_code\svm_rank_learn -c 10.000000 -e 0.001 -l 1 G:\yaogong\letor40\datasets\OHSUMED\Fold4\train.txt G:\yaogong\letor40\baselines\svm_struct\data\model', mode 'r' at 0x00000000023A5270>
G:\yaogong\letor40\baselines\svm_struct\source_code\svm_rank_learn -c 10.000000 -e 0.001 -l 1 G:\yaogong\letor40\datasets\OHSUMED\Fold4\train.txt G:\yaogong\letor40\baselines\svm_struct\data\model
<open file 'G:\yaogong\letor40\baselines\svm_struct\source_code\svm_rank_classify G:\yaogong\letor40\datasets\OHSUMED\Fold4\vali.txt G:\yaogong\letor40\baselines\svm_struct\data\model G:\yaogong\letor40\baselines\svm_struct\data\score', mode 'r' at 0x00000000023A5270>
1e-05
<open file 'G:\yaogong\letor40\baselines\svm_struct\source_code\svm_rank_learn -c 0.000010 -e 0.001 -l 1 G:\yaogong\letor40\datasets\OHSUMED\Fold4\train.txt G:\yaogong\letor40\baselines\svm_struct\data\OHSUMED\Fold4\best_model', mode 'r' at 0x00000000023A51E0>
G:\yaogong\letor40\baselines\svm_struct\source_code\svm_rank_learn -c 0.000010 -e 0.001 -l 1 G:\yaogong\letor40\datasets\OHSUMED\Fold4\train.txt G:\yaogong\letor40\baselines\svm_struct\data\OHSUMED\Fold4\best_model
<open file 'G:\yaogong\letor40\baselines\svm_struct\source_code\svm_rank_classify G:\yaogong\letor40\datasets\OHSUMED\Fold4\test.txt G:\yaogong\letor40\baselines\svm_struct\data\OHSUMED\Fold4\best_model G:\yaogong\letor40\baselines\svm_struct\data\OHSUMED\Fold4\test_score', mode 'r' at 0x00000000023A51E0>
