pars
c

<open file 'G:\yaogong\letor40\baselines\svm_rank\source_code\svm_rank_learn -c 0.000010 -e 0.001 -l 1 G:\yaogong\letor40\datasets\Mq2008\Fold1\train.txt G:\yaogong\letor40\baselines\svm_rank\data\model', mode 'r' at 0x00000000023CE1E0>
G:\yaogong\letor40\baselines\svm_rank\source_code\svm_rank_learn -c 0.000010 -e 0.001 -l 1 G:\yaogong\letor40\datasets\Mq2008\Fold1\train.txt G:\yaogong\letor40\baselines\svm_rank\data\model
<open file 'G:\yaogong\letor40\baselines\svm_rank\source_code\svm_rank_classify G:\yaogong\letor40\datasets\Mq2008\Fold1\vali.txt G:\yaogong\letor40\baselines\svm_rank\data\model G:\yaogong\letor40\baselines\svm_rank\data\score', mode 'r' at 0x00000000023CE1E0>
<open file 'G:\yaogong\letor40\baselines\svm_rank\source_code\svm_rank_learn -c 0.000100 -e 0.001 -l 1 G:\yaogong\letor40\datasets\Mq2008\Fold1\train.txt G:\yaogong\letor40\baselines\svm_rank\data\model', mode 'r' at 0x00000000023CE270>
G:\yaogong\letor40\baselines\svm_rank\source_code\svm_rank_learn -c 0.000100 -e 0.001 -l 1 G:\yaogong\letor40\datasets\Mq2008\Fold1\train.txt G:\yaogong\letor40\baselines\svm_rank\data\model
<open file 'G:\yaogong\letor40\baselines\svm_rank\source_code\svm_rank_classify G:\yaogong\letor40\datasets\Mq2008\Fold1\vali.txt G:\yaogong\letor40\baselines\svm_rank\data\model G:\yaogong\letor40\baselines\svm_rank\data\score', mode 'r' at 0x00000000023CE270>
<open file 'G:\yaogong\letor40\baselines\svm_rank\source_code\svm_rank_learn -c 0.001000 -e 0.001 -l 1 G:\yaogong\letor40\datasets\Mq2008\Fold1\train.txt G:\yaogong\letor40\baselines\svm_rank\data\model', mode 'r' at 0x00000000023CE1E0>
G:\yaogong\letor40\baselines\svm_rank\source_code\svm_rank_learn -c 0.001000 -e 0.001 -l 1 G:\yaogong\letor40\datasets\Mq2008\Fold1\train.txt G:\yaogong\letor40\baselines\svm_rank\data\model
<open file 'G:\yaogong\letor40\baselines\svm_rank\source_code\svm_rank_classify G:\yaogong\letor40\datasets\Mq2008\Fold1\vali.txt G:\yaogong\letor40\baselines\svm_rank\data\model G:\yaogong\letor40\baselines\svm_rank\data\score', mode 'r' at 0x00000000023CE1E0>
<open file 'G:\yaogong\letor40\baselines\svm_rank\source_code\svm_rank_learn -c 0.010000 -e 0.001 -l 1 G:\yaogong\letor40\datasets\Mq2008\Fold1\train.txt G:\yaogong\letor40\baselines\svm_rank\data\model', mode 'r' at 0x00000000023CE270>
G:\yaogong\letor40\baselines\svm_rank\source_code\svm_rank_learn -c 0.010000 -e 0.001 -l 1 G:\yaogong\letor40\datasets\Mq2008\Fold1\train.txt G:\yaogong\letor40\baselines\svm_rank\data\model
<open file 'G:\yaogong\letor40\baselines\svm_rank\source_code\svm_rank_classify G:\yaogong\letor40\datasets\Mq2008\Fold1\vali.txt G:\yaogong\letor40\baselines\svm_rank\data\model G:\yaogong\letor40\baselines\svm_rank\data\score', mode 'r' at 0x00000000023CE270>
<open file 'G:\yaogong\letor40\baselines\svm_rank\source_code\svm_rank_learn -c 0.100000 -e 0.001 -l 1 G:\yaogong\letor40\datasets\Mq2008\Fold1\train.txt G:\yaogong\letor40\baselines\svm_rank\data\model', mode 'r' at 0x00000000023CE1E0>
G:\yaogong\letor40\baselines\svm_rank\source_code\svm_rank_learn -c 0.100000 -e 0.001 -l 1 G:\yaogong\letor40\datasets\Mq2008\Fold1\train.txt G:\yaogong\letor40\baselines\svm_rank\data\model
<open file 'G:\yaogong\letor40\baselines\svm_rank\source_code\svm_rank_classify G:\yaogong\letor40\datasets\Mq2008\Fold1\vali.txt G:\yaogong\letor40\baselines\svm_rank\data\model G:\yaogong\letor40\baselines\svm_rank\data\score', mode 'r' at 0x00000000023CE1E0>
<open file 'G:\yaogong\letor40\baselines\svm_rank\source_code\svm_rank_learn -c 1.000000 -e 0.001 -l 1 G:\yaogong\letor40\datasets\Mq2008\Fold1\train.txt G:\yaogong\letor40\baselines\svm_rank\data\model', mode 'r' at 0x00000000023CE270>
G:\yaogong\letor40\baselines\svm_rank\source_code\svm_rank_learn -c 1.000000 -e 0.001 -l 1 G:\yaogong\letor40\datasets\Mq2008\Fold1\train.txt G:\yaogong\letor40\baselines\svm_rank\data\model
<open file 'G:\yaogong\letor40\baselines\svm_rank\source_code\svm_rank_classify G:\yaogong\letor40\datasets\Mq2008\Fold1\vali.txt G:\yaogong\letor40\baselines\svm_rank\data\model G:\yaogong\letor40\baselines\svm_rank\data\score', mode 'r' at 0x00000000023CE270>
<open file 'G:\yaogong\letor40\baselines\svm_rank\source_code\svm_rank_learn -c 10.000000 -e 0.001 -l 1 G:\yaogong\letor40\datasets\Mq2008\Fold1\train.txt G:\yaogong\letor40\baselines\svm_rank\data\model', mode 'r' at 0x00000000023CE1E0>
G:\yaogong\letor40\baselines\svm_rank\source_code\svm_rank_learn -c 10.000000 -e 0.001 -l 1 G:\yaogong\letor40\datasets\Mq2008\Fold1\train.txt G:\yaogong\letor40\baselines\svm_rank\data\model
<open file 'G:\yaogong\letor40\baselines\svm_rank\source_code\svm_rank_classify G:\yaogong\letor40\datasets\Mq2008\Fold1\vali.txt G:\yaogong\letor40\baselines\svm_rank\data\model G:\yaogong\letor40\baselines\svm_rank\data\score', mode 'r' at 0x00000000023CE1E0>
G:\yaogong\letor40\baselines\svm_rank\data\Mq2008\Fold1\best_model
<open file 'G:\yaogong\letor40\baselines\svm_rank\source_code\svm_rank_learn -c 10.000000 -e 0.001 -l 1 G:\yaogong\letor40\datasets\Mq2008\Fold1\train.txt G:\yaogong\letor40\baselines\svm_rank\data\Mq2008\Fold1\best_model', mode 'r' at 0x00000000023CE1E0>
<open file 'G:\yaogong\letor40\baselines\svm_rank\source_code\svm_rank_classify G:\yaogong\letor40\datasets\Mq2008\Fold1\test.txt G:\yaogong\letor40\baselines\svm_rank\data\Mq2008\Fold1\best_model G:\yaogong\letor40\baselines\svm_rank\data\Mq2008\Fold1\test_score', mode 'r' at 0x00000000023CE1E0>
<open file 'G:\yaogong\letor40\baselines\svm_rank\source_code\svm_rank_classify G:\yaogong\letor40\datasets\Mq2008\Fold1\vali.txt G:\yaogong\letor40\baselines\svm_rank\data\Mq2008\Fold1\best_model G:\yaogong\letor40\baselines\svm_rank\data\Mq2008\Fold1\vali_score', mode 'r' at 0x00000000023CE300>
<open file 'G:\yaogong\letor40\baselines\svm_rank\source_code\svm_rank_classify G:\yaogong\letor40\datasets\Mq2008\Fold1\train.txt G:\yaogong\letor40\baselines\svm_rank\data\Mq2008\Fold1\best_model G:\yaogong\letor40\baselines\svm_rank\data\Mq2008\Fold1\train_score', mode 'r' at 0x00000000023CE1E0>
Fold_1 finish at 0324_1700	
<open file 'G:\yaogong\letor40\baselines\svm_rank\source_code\svm_rank_learn -c 0.000010 -e 0.001 -l 1 G:\yaogong\letor40\datasets\Mq2008\Fold2\train.txt G:\yaogong\letor40\baselines\svm_rank\data\model', mode 'r' at 0x00000000023CE300>
G:\yaogong\letor40\baselines\svm_rank\source_code\svm_rank_learn -c 0.000010 -e 0.001 -l 1 G:\yaogong\letor40\datasets\Mq2008\Fold2\train.txt G:\yaogong\letor40\baselines\svm_rank\data\model
<open file 'G:\yaogong\letor40\baselines\svm_rank\source_code\svm_rank_classify G:\yaogong\letor40\datasets\Mq2008\Fold2\vali.txt G:\yaogong\letor40\baselines\svm_rank\data\model G:\yaogong\letor40\baselines\svm_rank\data\score', mode 'r' at 0x00000000023CE300>
<open file 'G:\yaogong\letor40\baselines\svm_rank\source_code\svm_rank_learn -c 0.000100 -e 0.001 -l 1 G:\yaogong\letor40\datasets\Mq2008\Fold2\train.txt G:\yaogong\letor40\baselines\svm_rank\data\model', mode 'r' at 0x00000000023CE1E0>
G:\yaogong\letor40\baselines\svm_rank\source_code\svm_rank_learn -c 0.000100 -e 0.001 -l 1 G:\yaogong\letor40\datasets\Mq2008\Fold2\train.txt G:\yaogong\letor40\baselines\svm_rank\data\model
<open file 'G:\yaogong\letor40\baselines\svm_rank\source_code\svm_rank_classify G:\yaogong\letor40\datasets\Mq2008\Fold2\vali.txt G:\yaogong\letor40\baselines\svm_rank\data\model G:\yaogong\letor40\baselines\svm_rank\data\score', mode 'r' at 0x00000000023CE1E0>
<open file 'G:\yaogong\letor40\baselines\svm_rank\source_code\svm_rank_learn -c 0.001000 -e 0.001 -l 1 G:\yaogong\letor40\datasets\Mq2008\Fold2\train.txt G:\yaogong\letor40\baselines\svm_rank\data\model', mode 'r' at 0x00000000023CE300>
G:\yaogong\letor40\baselines\svm_rank\source_code\svm_rank_learn -c 0.001000 -e 0.001 -l 1 G:\yaogong\letor40\datasets\Mq2008\Fold2\train.txt G:\yaogong\letor40\baselines\svm_rank\data\model
<open file 'G:\yaogong\letor40\baselines\svm_rank\source_code\svm_rank_classify G:\yaogong\letor40\datasets\Mq2008\Fold2\vali.txt G:\yaogong\letor40\baselines\svm_rank\data\model G:\yaogong\letor40\baselines\svm_rank\data\score', mode 'r' at 0x00000000023CE300>
<open file 'G:\yaogong\letor40\baselines\svm_rank\source_code\svm_rank_learn -c 0.010000 -e 0.001 -l 1 G:\yaogong\letor40\datasets\Mq2008\Fold2\train.txt G:\yaogong\letor40\baselines\svm_rank\data\model', mode 'r' at 0x00000000023CE1E0>
G:\yaogong\letor40\baselines\svm_rank\source_code\svm_rank_learn -c 0.010000 -e 0.001 -l 1 G:\yaogong\letor40\datasets\Mq2008\Fold2\train.txt G:\yaogong\letor40\baselines\svm_rank\data\model
<open file 'G:\yaogong\letor40\baselines\svm_rank\source_code\svm_rank_classify G:\yaogong\letor40\datasets\Mq2008\Fold2\vali.txt G:\yaogong\letor40\baselines\svm_rank\data\model G:\yaogong\letor40\baselines\svm_rank\data\score', mode 'r' at 0x00000000023CE1E0>
<open file 'G:\yaogong\letor40\baselines\svm_rank\source_code\svm_rank_learn -c 0.100000 -e 0.001 -l 1 G:\yaogong\letor40\datasets\Mq2008\Fold2\train.txt G:\yaogong\letor40\baselines\svm_rank\data\model', mode 'r' at 0x00000000023CE300>
G:\yaogong\letor40\baselines\svm_rank\source_code\svm_rank_learn -c 0.100000 -e 0.001 -l 1 G:\yaogong\letor40\datasets\Mq2008\Fold2\train.txt G:\yaogong\letor40\baselines\svm_rank\data\model
<open file 'G:\yaogong\letor40\baselines\svm_rank\source_code\svm_rank_classify G:\yaogong\letor40\datasets\Mq2008\Fold2\vali.txt G:\yaogong\letor40\baselines\svm_rank\data\model G:\yaogong\letor40\baselines\svm_rank\data\score', mode 'r' at 0x00000000023CE300>
<open file 'G:\yaogong\letor40\baselines\svm_rank\source_code\svm_rank_learn -c 1.000000 -e 0.001 -l 1 G:\yaogong\letor40\datasets\Mq2008\Fold2\train.txt G:\yaogong\letor40\baselines\svm_rank\data\model', mode 'r' at 0x00000000023CE1E0>
G:\yaogong\letor40\baselines\svm_rank\source_code\svm_rank_learn -c 1.000000 -e 0.001 -l 1 G:\yaogong\letor40\datasets\Mq2008\Fold2\train.txt G:\yaogong\letor40\baselines\svm_rank\data\model
<open file 'G:\yaogong\letor40\baselines\svm_rank\source_code\svm_rank_classify G:\yaogong\letor40\datasets\Mq2008\Fold2\vali.txt G:\yaogong\letor40\baselines\svm_rank\data\model G:\yaogong\letor40\baselines\svm_rank\data\score', mode 'r' at 0x00000000023CE1E0>
<open file 'G:\yaogong\letor40\baselines\svm_rank\source_code\svm_rank_learn -c 10.000000 -e 0.001 -l 1 G:\yaogong\letor40\datasets\Mq2008\Fold2\train.txt G:\yaogong\letor40\baselines\svm_rank\data\model', mode 'r' at 0x00000000023CE300>
G:\yaogong\letor40\baselines\svm_rank\source_code\svm_rank_learn -c 10.000000 -e 0.001 -l 1 G:\yaogong\letor40\datasets\Mq2008\Fold2\train.txt G:\yaogong\letor40\baselines\svm_rank\data\model
<open file 'G:\yaogong\letor40\baselines\svm_rank\source_code\svm_rank_classify G:\yaogong\letor40\datasets\Mq2008\Fold2\vali.txt G:\yaogong\letor40\baselines\svm_rank\data\model G:\yaogong\letor40\baselines\svm_rank\data\score', mode 'r' at 0x00000000023CE300>
G:\yaogong\letor40\baselines\svm_rank\data\Mq2008\Fold2\best_model
<open file 'G:\yaogong\letor40\baselines\svm_rank\source_code\svm_rank_learn -c 1.000000 -e 0.001 -l 1 G:\yaogong\letor40\datasets\Mq2008\Fold2\train.txt G:\yaogong\letor40\baselines\svm_rank\data\Mq2008\Fold2\best_model', mode 'r' at 0x00000000023CE270>
<open file 'G:\yaogong\letor40\baselines\svm_rank\source_code\svm_rank_classify G:\yaogong\letor40\datasets\Mq2008\Fold2\test.txt G:\yaogong\letor40\baselines\svm_rank\data\Mq2008\Fold2\best_model G:\yaogong\letor40\baselines\svm_rank\data\Mq2008\Fold2\test_score', mode 'r' at 0x00000000023CE270>
<open file 'G:\yaogong\letor40\baselines\svm_rank\source_code\svm_rank_classify G:\yaogong\letor40\datasets\Mq2008\Fold2\vali.txt G:\yaogong\letor40\baselines\svm_rank\data\Mq2008\Fold2\best_model G:\yaogong\letor40\baselines\svm_rank\data\Mq2008\Fold2\vali_score', mode 'r' at 0x00000000023CE300>
<open file 'G:\yaogong\letor40\baselines\svm_rank\source_code\svm_rank_classify G:\yaogong\letor40\datasets\Mq2008\Fold2\train.txt G:\yaogong\letor40\baselines\svm_rank\data\Mq2008\Fold2\best_model G:\yaogong\letor40\baselines\svm_rank\data\Mq2008\Fold2\train_score', mode 'r' at 0x00000000023CE270>
Fold_2 finish at 0324_1700	
<open file 'G:\yaogong\letor40\baselines\svm_rank\source_code\svm_rank_learn -c 0.000010 -e 0.001 -l 1 G:\yaogong\letor40\datasets\Mq2008\Fold3\train.txt G:\yaogong\letor40\baselines\svm_rank\data\model', mode 'r' at 0x00000000023CE300>
G:\yaogong\letor40\baselines\svm_rank\source_code\svm_rank_learn -c 0.000010 -e 0.001 -l 1 G:\yaogong\letor40\datasets\Mq2008\Fold3\train.txt G:\yaogong\letor40\baselines\svm_rank\data\model
<open file 'G:\yaogong\letor40\baselines\svm_rank\source_code\svm_rank_classify G:\yaogong\letor40\datasets\Mq2008\Fold3\vali.txt G:\yaogong\letor40\baselines\svm_rank\data\model G:\yaogong\letor40\baselines\svm_rank\data\score', mode 'r' at 0x00000000023CE300>
<open file 'G:\yaogong\letor40\baselines\svm_rank\source_code\svm_rank_learn -c 0.000100 -e 0.001 -l 1 G:\yaogong\letor40\datasets\Mq2008\Fold3\train.txt G:\yaogong\letor40\baselines\svm_rank\data\model', mode 'r' at 0x00000000023CE270>
G:\yaogong\letor40\baselines\svm_rank\source_code\svm_rank_learn -c 0.000100 -e 0.001 -l 1 G:\yaogong\letor40\datasets\Mq2008\Fold3\train.txt G:\yaogong\letor40\baselines\svm_rank\data\model
<open file 'G:\yaogong\letor40\baselines\svm_rank\source_code\svm_rank_classify G:\yaogong\letor40\datasets\Mq2008\Fold3\vali.txt G:\yaogong\letor40\baselines\svm_rank\data\model G:\yaogong\letor40\baselines\svm_rank\data\score', mode 'r' at 0x00000000023CE270>
<open file 'G:\yaogong\letor40\baselines\svm_rank\source_code\svm_rank_learn -c 0.001000 -e 0.001 -l 1 G:\yaogong\letor40\datasets\Mq2008\Fold3\train.txt G:\yaogong\letor40\baselines\svm_rank\data\model', mode 'r' at 0x00000000023CE300>
G:\yaogong\letor40\baselines\svm_rank\source_code\svm_rank_learn -c 0.001000 -e 0.001 -l 1 G:\yaogong\letor40\datasets\Mq2008\Fold3\train.txt G:\yaogong\letor40\baselines\svm_rank\data\model
<open file 'G:\yaogong\letor40\baselines\svm_rank\source_code\svm_rank_classify G:\yaogong\letor40\datasets\Mq2008\Fold3\vali.txt G:\yaogong\letor40\baselines\svm_rank\data\model G:\yaogong\letor40\baselines\svm_rank\data\score', mode 'r' at 0x00000000023CE300>
<open file 'G:\yaogong\letor40\baselines\svm_rank\source_code\svm_rank_learn -c 0.010000 -e 0.001 -l 1 G:\yaogong\letor40\datasets\Mq2008\Fold3\train.txt G:\yaogong\letor40\baselines\svm_rank\data\model', mode 'r' at 0x00000000023CE270>
G:\yaogong\letor40\baselines\svm_rank\source_code\svm_rank_learn -c 0.010000 -e 0.001 -l 1 G:\yaogong\letor40\datasets\Mq2008\Fold3\train.txt G:\yaogong\letor40\baselines\svm_rank\data\model
<open file 'G:\yaogong\letor40\baselines\svm_rank\source_code\svm_rank_classify G:\yaogong\letor40\datasets\Mq2008\Fold3\vali.txt G:\yaogong\letor40\baselines\svm_rank\data\model G:\yaogong\letor40\baselines\svm_rank\data\score', mode 'r' at 0x00000000023CE270>
<open file 'G:\yaogong\letor40\baselines\svm_rank\source_code\svm_rank_learn -c 0.100000 -e 0.001 -l 1 G:\yaogong\letor40\datasets\Mq2008\Fold3\train.txt G:\yaogong\letor40\baselines\svm_rank\data\model', mode 'r' at 0x00000000023CE300>
G:\yaogong\letor40\baselines\svm_rank\source_code\svm_rank_learn -c 0.100000 -e 0.001 -l 1 G:\yaogong\letor40\datasets\Mq2008\Fold3\train.txt G:\yaogong\letor40\baselines\svm_rank\data\model
<open file 'G:\yaogong\letor40\baselines\svm_rank\source_code\svm_rank_classify G:\yaogong\letor40\datasets\Mq2008\Fold3\vali.txt G:\yaogong\letor40\baselines\svm_rank\data\model G:\yaogong\letor40\baselines\svm_rank\data\score', mode 'r' at 0x00000000023CE300>
<open file 'G:\yaogong\letor40\baselines\svm_rank\source_code\svm_rank_learn -c 1.000000 -e 0.001 -l 1 G:\yaogong\letor40\datasets\Mq2008\Fold3\train.txt G:\yaogong\letor40\baselines\svm_rank\data\model', mode 'r' at 0x00000000023CE270>
G:\yaogong\letor40\baselines\svm_rank\source_code\svm_rank_learn -c 1.000000 -e 0.001 -l 1 G:\yaogong\letor40\datasets\Mq2008\Fold3\train.txt G:\yaogong\letor40\baselines\svm_rank\data\model
<open file 'G:\yaogong\letor40\baselines\svm_rank\source_code\svm_rank_classify G:\yaogong\letor40\datasets\Mq2008\Fold3\vali.txt G:\yaogong\letor40\baselines\svm_rank\data\model G:\yaogong\letor40\baselines\svm_rank\data\score', mode 'r' at 0x00000000023CE270>
<open file 'G:\yaogong\letor40\baselines\svm_rank\source_code\svm_rank_learn -c 10.000000 -e 0.001 -l 1 G:\yaogong\letor40\datasets\Mq2008\Fold3\train.txt G:\yaogong\letor40\baselines\svm_rank\data\model', mode 'r' at 0x00000000023CE300>
G:\yaogong\letor40\baselines\svm_rank\source_code\svm_rank_learn -c 10.000000 -e 0.001 -l 1 G:\yaogong\letor40\datasets\Mq2008\Fold3\train.txt G:\yaogong\letor40\baselines\svm_rank\data\model
<open file 'G:\yaogong\letor40\baselines\svm_rank\source_code\svm_rank_classify G:\yaogong\letor40\datasets\Mq2008\Fold3\vali.txt G:\yaogong\letor40\baselines\svm_rank\data\model G:\yaogong\letor40\baselines\svm_rank\data\score', mode 'r' at 0x00000000023CE300>
G:\yaogong\letor40\baselines\svm_rank\data\Mq2008\Fold3\best_model
<open file 'G:\yaogong\letor40\baselines\svm_rank\source_code\svm_rank_learn -c 0.010000 -e 0.001 -l 1 G:\yaogong\letor40\datasets\Mq2008\Fold3\train.txt G:\yaogong\letor40\baselines\svm_rank\data\Mq2008\Fold3\best_model', mode 'r' at 0x00000000023CE1E0>
<open file 'G:\yaogong\letor40\baselines\svm_rank\source_code\svm_rank_classify G:\yaogong\letor40\datasets\Mq2008\Fold3\test.txt G:\yaogong\letor40\baselines\svm_rank\data\Mq2008\Fold3\best_model G:\yaogong\letor40\baselines\svm_rank\data\Mq2008\Fold3\test_score', mode 'r' at 0x00000000023CE1E0>
<open file 'G:\yaogong\letor40\baselines\svm_rank\source_code\svm_rank_classify G:\yaogong\letor40\datasets\Mq2008\Fold3\vali.txt G:\yaogong\letor40\baselines\svm_rank\data\Mq2008\Fold3\best_model G:\yaogong\letor40\baselines\svm_rank\data\Mq2008\Fold3\vali_score', mode 'r' at 0x00000000023CE300>
<open file 'G:\yaogong\letor40\baselines\svm_rank\source_code\svm_rank_classify G:\yaogong\letor40\datasets\Mq2008\Fold3\train.txt G:\yaogong\letor40\baselines\svm_rank\data\Mq2008\Fold3\best_model G:\yaogong\letor40\baselines\svm_rank\data\Mq2008\Fold3\train_score', mode 'r' at 0x00000000023CE1E0>
Fold_3 finish at 0324_1700	
<open file 'G:\yaogong\letor40\baselines\svm_rank\source_code\svm_rank_learn -c 0.000010 -e 0.001 -l 1 G:\yaogong\letor40\datasets\Mq2008\Fold4\train.txt G:\yaogong\letor40\baselines\svm_rank\data\model', mode 'r' at 0x00000000023CE300>
G:\yaogong\letor40\baselines\svm_rank\source_code\svm_rank_learn -c 0.000010 -e 0.001 -l 1 G:\yaogong\letor40\datasets\Mq2008\Fold4\train.txt G:\yaogong\letor40\baselines\svm_rank\data\model
<open file 'G:\yaogong\letor40\baselines\svm_rank\source_code\svm_rank_classify G:\yaogong\letor40\datasets\Mq2008\Fold4\vali.txt G:\yaogong\letor40\baselines\svm_rank\data\model G:\yaogong\letor40\baselines\svm_rank\data\score', mode 'r' at 0x00000000023CE300>
<open file 'G:\yaogong\letor40\baselines\svm_rank\source_code\svm_rank_learn -c 0.000100 -e 0.001 -l 1 G:\yaogong\letor40\datasets\Mq2008\Fold4\train.txt G:\yaogong\letor40\baselines\svm_rank\data\model', mode 'r' at 0x00000000023CE1E0>
G:\yaogong\letor40\baselines\svm_rank\source_code\svm_rank_learn -c 0.000100 -e 0.001 -l 1 G:\yaogong\letor40\datasets\Mq2008\Fold4\train.txt G:\yaogong\letor40\baselines\svm_rank\data\model
<open file 'G:\yaogong\letor40\baselines\svm_rank\source_code\svm_rank_classify G:\yaogong\letor40\datasets\Mq2008\Fold4\vali.txt G:\yaogong\letor40\baselines\svm_rank\data\model G:\yaogong\letor40\baselines\svm_rank\data\score', mode 'r' at 0x00000000023CE1E0>
<open file 'G:\yaogong\letor40\baselines\svm_rank\source_code\svm_rank_learn -c 0.001000 -e 0.001 -l 1 G:\yaogong\letor40\datasets\Mq2008\Fold4\train.txt G:\yaogong\letor40\baselines\svm_rank\data\model', mode 'r' at 0x00000000023CE300>
G:\yaogong\letor40\baselines\svm_rank\source_code\svm_rank_learn -c 0.001000 -e 0.001 -l 1 G:\yaogong\letor40\datasets\Mq2008\Fold4\train.txt G:\yaogong\letor40\baselines\svm_rank\data\model
<open file 'G:\yaogong\letor40\baselines\svm_rank\source_code\svm_rank_classify G:\yaogong\letor40\datasets\Mq2008\Fold4\vali.txt G:\yaogong\letor40\baselines\svm_rank\data\model G:\yaogong\letor40\baselines\svm_rank\data\score', mode 'r' at 0x00000000023CE300>
<open file 'G:\yaogong\letor40\baselines\svm_rank\source_code\svm_rank_learn -c 0.010000 -e 0.001 -l 1 G:\yaogong\letor40\datasets\Mq2008\Fold4\train.txt G:\yaogong\letor40\baselines\svm_rank\data\model', mode 'r' at 0x00000000023CE1E0>
G:\yaogong\letor40\baselines\svm_rank\source_code\svm_rank_learn -c 0.010000 -e 0.001 -l 1 G:\yaogong\letor40\datasets\Mq2008\Fold4\train.txt G:\yaogong\letor40\baselines\svm_rank\data\model
<open file 'G:\yaogong\letor40\baselines\svm_rank\source_code\svm_rank_classify G:\yaogong\letor40\datasets\Mq2008\Fold4\vali.txt G:\yaogong\letor40\baselines\svm_rank\data\model G:\yaogong\letor40\baselines\svm_rank\data\score', mode 'r' at 0x00000000023CE1E0>
<open file 'G:\yaogong\letor40\baselines\svm_rank\source_code\svm_rank_learn -c 0.100000 -e 0.001 -l 1 G:\yaogong\letor40\datasets\Mq2008\Fold4\train.txt G:\yaogong\letor40\baselines\svm_rank\data\model', mode 'r' at 0x00000000023CE300>
G:\yaogong\letor40\baselines\svm_rank\source_code\svm_rank_learn -c 0.100000 -e 0.001 -l 1 G:\yaogong\letor40\datasets\Mq2008\Fold4\train.txt G:\yaogong\letor40\baselines\svm_rank\data\model
<open file 'G:\yaogong\letor40\baselines\svm_rank\source_code\svm_rank_classify G:\yaogong\letor40\datasets\Mq2008\Fold4\vali.txt G:\yaogong\letor40\baselines\svm_rank\data\model G:\yaogong\letor40\baselines\svm_rank\data\score', mode 'r' at 0x00000000023CE300>
<open file 'G:\yaogong\letor40\baselines\svm_rank\source_code\svm_rank_learn -c 1.000000 -e 0.001 -l 1 G:\yaogong\letor40\datasets\Mq2008\Fold4\train.txt G:\yaogong\letor40\baselines\svm_rank\data\model', mode 'r' at 0x00000000023CE1E0>
G:\yaogong\letor40\baselines\svm_rank\source_code\svm_rank_learn -c 1.000000 -e 0.001 -l 1 G:\yaogong\letor40\datasets\Mq2008\Fold4\train.txt G:\yaogong\letor40\baselines\svm_rank\data\model
<open file 'G:\yaogong\letor40\baselines\svm_rank\source_code\svm_rank_classify G:\yaogong\letor40\datasets\Mq2008\Fold4\vali.txt G:\yaogong\letor40\baselines\svm_rank\data\model G:\yaogong\letor40\baselines\svm_rank\data\score', mode 'r' at 0x00000000023CE1E0>
<open file 'G:\yaogong\letor40\baselines\svm_rank\source_code\svm_rank_learn -c 10.000000 -e 0.001 -l 1 G:\yaogong\letor40\datasets\Mq2008\Fold4\train.txt G:\yaogong\letor40\baselines\svm_rank\data\model', mode 'r' at 0x00000000023CE300>
G:\yaogong\letor40\baselines\svm_rank\source_code\svm_rank_learn -c 10.000000 -e 0.001 -l 1 G:\yaogong\letor40\datasets\Mq2008\Fold4\train.txt G:\yaogong\letor40\baselines\svm_rank\data\model
<open file 'G:\yaogong\letor40\baselines\svm_rank\source_code\svm_rank_classify G:\yaogong\letor40\datasets\Mq2008\Fold4\vali.txt G:\yaogong\letor40\baselines\svm_rank\data\model G:\yaogong\letor40\baselines\svm_rank\data\score', mode 'r' at 0x00000000023CE300>
G:\yaogong\letor40\baselines\svm_rank\data\Mq2008\Fold4\best_model
<open file 'G:\yaogong\letor40\baselines\svm_rank\source_code\svm_rank_learn -c 0.100000 -e 0.001 -l 1 G:\yaogong\letor40\datasets\Mq2008\Fold4\train.txt G:\yaogong\letor40\baselines\svm_rank\data\Mq2008\Fold4\best_model', mode 'r' at 0x00000000023CE270>
<open file 'G:\yaogong\letor40\baselines\svm_rank\source_code\svm_rank_classify G:\yaogong\letor40\datasets\Mq2008\Fold4\test.txt G:\yaogong\letor40\baselines\svm_rank\data\Mq2008\Fold4\best_model G:\yaogong\letor40\baselines\svm_rank\data\Mq2008\Fold4\test_score', mode 'r' at 0x00000000023CE270>
<open file 'G:\yaogong\letor40\baselines\svm_rank\source_code\svm_rank_classify G:\yaogong\letor40\datasets\Mq2008\Fold4\vali.txt G:\yaogong\letor40\baselines\svm_rank\data\Mq2008\Fold4\best_model G:\yaogong\letor40\baselines\svm_rank\data\Mq2008\Fold4\vali_score', mode 'r' at 0x00000000023CE300>
<open file 'G:\yaogong\letor40\baselines\svm_rank\source_code\svm_rank_classify G:\yaogong\letor40\datasets\Mq2008\Fold4\train.txt G:\yaogong\letor40\baselines\svm_rank\data\Mq2008\Fold4\best_model G:\yaogong\letor40\baselines\svm_rank\data\Mq2008\Fold4\train_score', mode 'r' at 0x00000000023CE270>
Fold_4 finish at 0324_1701	
<open file 'G:\yaogong\letor40\baselines\svm_rank\source_code\svm_rank_learn -c 0.000010 -e 0.001 -l 1 G:\yaogong\letor40\datasets\Mq2008\Fold5\train.txt G:\yaogong\letor40\baselines\svm_rank\data\model', mode 'r' at 0x00000000023CE300>
G:\yaogong\letor40\baselines\svm_rank\source_code\svm_rank_learn -c 0.000010 -e 0.001 -l 1 G:\yaogong\letor40\datasets\Mq2008\Fold5\train.txt G:\yaogong\letor40\baselines\svm_rank\data\model
<open file 'G:\yaogong\letor40\baselines\svm_rank\source_code\svm_rank_classify G:\yaogong\letor40\datasets\Mq2008\Fold5\vali.txt G:\yaogong\letor40\baselines\svm_rank\data\model G:\yaogong\letor40\baselines\svm_rank\data\score', mode 'r' at 0x00000000023CE300>
<open file 'G:\yaogong\letor40\baselines\svm_rank\source_code\svm_rank_learn -c 0.000100 -e 0.001 -l 1 G:\yaogong\letor40\datasets\Mq2008\Fold5\train.txt G:\yaogong\letor40\baselines\svm_rank\data\model', mode 'r' at 0x00000000023CE270>
G:\yaogong\letor40\baselines\svm_rank\source_code\svm_rank_learn -c 0.000100 -e 0.001 -l 1 G:\yaogong\letor40\datasets\Mq2008\Fold5\train.txt G:\yaogong\letor40\baselines\svm_rank\data\model
<open file 'G:\yaogong\letor40\baselines\svm_rank\source_code\svm_rank_classify G:\yaogong\letor40\datasets\Mq2008\Fold5\vali.txt G:\yaogong\letor40\baselines\svm_rank\data\model G:\yaogong\letor40\baselines\svm_rank\data\score', mode 'r' at 0x00000000023CE270>
<open file 'G:\yaogong\letor40\baselines\svm_rank\source_code\svm_rank_learn -c 0.001000 -e 0.001 -l 1 G:\yaogong\letor40\datasets\Mq2008\Fold5\train.txt G:\yaogong\letor40\baselines\svm_rank\data\model', mode 'r' at 0x00000000023CE300>
G:\yaogong\letor40\baselines\svm_rank\source_code\svm_rank_learn -c 0.001000 -e 0.001 -l 1 G:\yaogong\letor40\datasets\Mq2008\Fold5\train.txt G:\yaogong\letor40\baselines\svm_rank\data\model
<open file 'G:\yaogong\letor40\baselines\svm_rank\source_code\svm_rank_classify G:\yaogong\letor40\datasets\Mq2008\Fold5\vali.txt G:\yaogong\letor40\baselines\svm_rank\data\model G:\yaogong\letor40\baselines\svm_rank\data\score', mode 'r' at 0x00000000023CE300>
<open file 'G:\yaogong\letor40\baselines\svm_rank\source_code\svm_rank_learn -c 0.010000 -e 0.001 -l 1 G:\yaogong\letor40\datasets\Mq2008\Fold5\train.txt G:\yaogong\letor40\baselines\svm_rank\data\model', mode 'r' at 0x00000000023CE270>
G:\yaogong\letor40\baselines\svm_rank\source_code\svm_rank_learn -c 0.010000 -e 0.001 -l 1 G:\yaogong\letor40\datasets\Mq2008\Fold5\train.txt G:\yaogong\letor40\baselines\svm_rank\data\model
<open file 'G:\yaogong\letor40\baselines\svm_rank\source_code\svm_rank_classify G:\yaogong\letor40\datasets\Mq2008\Fold5\vali.txt G:\yaogong\letor40\baselines\svm_rank\data\model G:\yaogong\letor40\baselines\svm_rank\data\score', mode 'r' at 0x00000000023CE270>
<open file 'G:\yaogong\letor40\baselines\svm_rank\source_code\svm_rank_learn -c 0.100000 -e 0.001 -l 1 G:\yaogong\letor40\datasets\Mq2008\Fold5\train.txt G:\yaogong\letor40\baselines\svm_rank\data\model', mode 'r' at 0x00000000023CE300>
G:\yaogong\letor40\baselines\svm_rank\source_code\svm_rank_learn -c 0.100000 -e 0.001 -l 1 G:\yaogong\letor40\datasets\Mq2008\Fold5\train.txt G:\yaogong\letor40\baselines\svm_rank\data\model
<open file 'G:\yaogong\letor40\baselines\svm_rank\source_code\svm_rank_classify G:\yaogong\letor40\datasets\Mq2008\Fold5\vali.txt G:\yaogong\letor40\baselines\svm_rank\data\model G:\yaogong\letor40\baselines\svm_rank\data\score', mode 'r' at 0x00000000023CE300>
<open file 'G:\yaogong\letor40\baselines\svm_rank\source_code\svm_rank_learn -c 1.000000 -e 0.001 -l 1 G:\yaogong\letor40\datasets\Mq2008\Fold5\train.txt G:\yaogong\letor40\baselines\svm_rank\data\model', mode 'r' at 0x00000000023CE270>
G:\yaogong\letor40\baselines\svm_rank\source_code\svm_rank_learn -c 1.000000 -e 0.001 -l 1 G:\yaogong\letor40\datasets\Mq2008\Fold5\train.txt G:\yaogong\letor40\baselines\svm_rank\data\model
<open file 'G:\yaogong\letor40\baselines\svm_rank\source_code\svm_rank_classify G:\yaogong\letor40\datasets\Mq2008\Fold5\vali.txt G:\yaogong\letor40\baselines\svm_rank\data\model G:\yaogong\letor40\baselines\svm_rank\data\score', mode 'r' at 0x00000000023CE270>
<open file 'G:\yaogong\letor40\baselines\svm_rank\source_code\svm_rank_learn -c 10.000000 -e 0.001 -l 1 G:\yaogong\letor40\datasets\Mq2008\Fold5\train.txt G:\yaogong\letor40\baselines\svm_rank\data\model', mode 'r' at 0x00000000023CE300>
G:\yaogong\letor40\baselines\svm_rank\source_code\svm_rank_learn -c 10.000000 -e 0.001 -l 1 G:\yaogong\letor40\datasets\Mq2008\Fold5\train.txt G:\yaogong\letor40\baselines\svm_rank\data\model
<open file 'G:\yaogong\letor40\baselines\svm_rank\source_code\svm_rank_classify G:\yaogong\letor40\datasets\Mq2008\Fold5\vali.txt G:\yaogong\letor40\baselines\svm_rank\data\model G:\yaogong\letor40\baselines\svm_rank\data\score', mode 'r' at 0x00000000023CE300>
G:\yaogong\letor40\baselines\svm_rank\data\Mq2008\Fold5\best_model
<open file 'G:\yaogong\letor40\baselines\svm_rank\source_code\svm_rank_learn -c 1.000000 -e 0.001 -l 1 G:\yaogong\letor40\datasets\Mq2008\Fold5\train.txt G:\yaogong\letor40\baselines\svm_rank\data\Mq2008\Fold5\best_model', mode 'r' at 0x00000000023CE1E0>
<open file 'G:\yaogong\letor40\baselines\svm_rank\source_code\svm_rank_classify G:\yaogong\letor40\datasets\Mq2008\Fold5\test.txt G:\yaogong\letor40\baselines\svm_rank\data\Mq2008\Fold5\best_model G:\yaogong\letor40\baselines\svm_rank\data\Mq2008\Fold5\test_score', mode 'r' at 0x00000000023CE1E0>
<open file 'G:\yaogong\letor40\baselines\svm_rank\source_code\svm_rank_classify G:\yaogong\letor40\datasets\Mq2008\Fold5\vali.txt G:\yaogong\letor40\baselines\svm_rank\data\Mq2008\Fold5\best_model G:\yaogong\letor40\baselines\svm_rank\data\Mq2008\Fold5\vali_score', mode 'r' at 0x00000000023CE300>
<open file 'G:\yaogong\letor40\baselines\svm_rank\source_code\svm_rank_classify G:\yaogong\letor40\datasets\Mq2008\Fold5\train.txt G:\yaogong\letor40\baselines\svm_rank\data\Mq2008\Fold5\best_model G:\yaogong\letor40\baselines\svm_rank\data\Mq2008\Fold5\train_score', mode 'r' at 0x00000000023CE1E0>
Fold_5 finish at 0324_1701	

at 0324_1701 begin to write into files..	
