pars
c

<open file 'G:\yaogong\letor40\baselines\svm_rank\source_code\svm_rank_learn -c 0.000010 -e 0.001 -l 1 G:\yaogong\letor40\datasets\OHSUMED\Fold1\train.txt G:\yaogong\letor40\baselines\svm_rank\data\model', mode 'r' at 0x00000000023021E0>
G:\yaogong\letor40\baselines\svm_rank\source_code\svm_rank_learn -c 0.000010 -e 0.001 -l 1 G:\yaogong\letor40\datasets\OHSUMED\Fold1\train.txt G:\yaogong\letor40\baselines\svm_rank\data\model
<open file 'G:\yaogong\letor40\baselines\svm_rank\source_code\svm_rank_classify G:\yaogong\letor40\datasets\OHSUMED\Fold1\vali.txt G:\yaogong\letor40\baselines\svm_rank\data\model G:\yaogong\letor40\baselines\svm_rank\data\score', mode 'r' at 0x00000000023021E0>
<open file 'G:\yaogong\letor40\baselines\svm_rank\source_code\svm_rank_learn -c 0.000100 -e 0.001 -l 1 G:\yaogong\letor40\datasets\OHSUMED\Fold1\train.txt G:\yaogong\letor40\baselines\svm_rank\data\model', mode 'r' at 0x0000000002302270>
G:\yaogong\letor40\baselines\svm_rank\source_code\svm_rank_learn -c 0.000100 -e 0.001 -l 1 G:\yaogong\letor40\datasets\OHSUMED\Fold1\train.txt G:\yaogong\letor40\baselines\svm_rank\data\model
<open file 'G:\yaogong\letor40\baselines\svm_rank\source_code\svm_rank_classify G:\yaogong\letor40\datasets\OHSUMED\Fold1\vali.txt G:\yaogong\letor40\baselines\svm_rank\data\model G:\yaogong\letor40\baselines\svm_rank\data\score', mode 'r' at 0x0000000002302270>
<open file 'G:\yaogong\letor40\baselines\svm_rank\source_code\svm_rank_learn -c 0.001000 -e 0.001 -l 1 G:\yaogong\letor40\datasets\OHSUMED\Fold1\train.txt G:\yaogong\letor40\baselines\svm_rank\data\model', mode 'r' at 0x00000000023021E0>
G:\yaogong\letor40\baselines\svm_rank\source_code\svm_rank_learn -c 0.001000 -e 0.001 -l 1 G:\yaogong\letor40\datasets\OHSUMED\Fold1\train.txt G:\yaogong\letor40\baselines\svm_rank\data\model
<open file 'G:\yaogong\letor40\baselines\svm_rank\source_code\svm_rank_classify G:\yaogong\letor40\datasets\OHSUMED\Fold1\vali.txt G:\yaogong\letor40\baselines\svm_rank\data\model G:\yaogong\letor40\baselines\svm_rank\data\score', mode 'r' at 0x00000000023021E0>
<open file 'G:\yaogong\letor40\baselines\svm_rank\source_code\svm_rank_learn -c 0.010000 -e 0.001 -l 1 G:\yaogong\letor40\datasets\OHSUMED\Fold1\train.txt G:\yaogong\letor40\baselines\svm_rank\data\model', mode 'r' at 0x0000000002302270>
G:\yaogong\letor40\baselines\svm_rank\source_code\svm_rank_learn -c 0.010000 -e 0.001 -l 1 G:\yaogong\letor40\datasets\OHSUMED\Fold1\train.txt G:\yaogong\letor40\baselines\svm_rank\data\model
<open file 'G:\yaogong\letor40\baselines\svm_rank\source_code\svm_rank_classify G:\yaogong\letor40\datasets\OHSUMED\Fold1\vali.txt G:\yaogong\letor40\baselines\svm_rank\data\model G:\yaogong\letor40\baselines\svm_rank\data\score', mode 'r' at 0x0000000002302270>
<open file 'G:\yaogong\letor40\baselines\svm_rank\source_code\svm_rank_learn -c 0.100000 -e 0.001 -l 1 G:\yaogong\letor40\datasets\OHSUMED\Fold1\train.txt G:\yaogong\letor40\baselines\svm_rank\data\model', mode 'r' at 0x00000000023021E0>
G:\yaogong\letor40\baselines\svm_rank\source_code\svm_rank_learn -c 0.100000 -e 0.001 -l 1 G:\yaogong\letor40\datasets\OHSUMED\Fold1\train.txt G:\yaogong\letor40\baselines\svm_rank\data\model
<open file 'G:\yaogong\letor40\baselines\svm_rank\source_code\svm_rank_classify G:\yaogong\letor40\datasets\OHSUMED\Fold1\vali.txt G:\yaogong\letor40\baselines\svm_rank\data\model G:\yaogong\letor40\baselines\svm_rank\data\score', mode 'r' at 0x00000000023021E0>
<open file 'G:\yaogong\letor40\baselines\svm_rank\source_code\svm_rank_learn -c 1.000000 -e 0.001 -l 1 G:\yaogong\letor40\datasets\OHSUMED\Fold1\train.txt G:\yaogong\letor40\baselines\svm_rank\data\model', mode 'r' at 0x0000000002302270>
G:\yaogong\letor40\baselines\svm_rank\source_code\svm_rank_learn -c 1.000000 -e 0.001 -l 1 G:\yaogong\letor40\datasets\OHSUMED\Fold1\train.txt G:\yaogong\letor40\baselines\svm_rank\data\model
<open file 'G:\yaogong\letor40\baselines\svm_rank\source_code\svm_rank_classify G:\yaogong\letor40\datasets\OHSUMED\Fold1\vali.txt G:\yaogong\letor40\baselines\svm_rank\data\model G:\yaogong\letor40\baselines\svm_rank\data\score', mode 'r' at 0x0000000002302270>
<open file 'G:\yaogong\letor40\baselines\svm_rank\source_code\svm_rank_learn -c 10.000000 -e 0.001 -l 1 G:\yaogong\letor40\datasets\OHSUMED\Fold1\train.txt G:\yaogong\letor40\baselines\svm_rank\data\model', mode 'r' at 0x00000000023021E0>
G:\yaogong\letor40\baselines\svm_rank\source_code\svm_rank_learn -c 10.000000 -e 0.001 -l 1 G:\yaogong\letor40\datasets\OHSUMED\Fold1\train.txt G:\yaogong\letor40\baselines\svm_rank\data\model
<open file 'G:\yaogong\letor40\baselines\svm_rank\source_code\svm_rank_classify G:\yaogong\letor40\datasets\OHSUMED\Fold1\vali.txt G:\yaogong\letor40\baselines\svm_rank\data\model G:\yaogong\letor40\baselines\svm_rank\data\score', mode 'r' at 0x00000000023021E0>
0.1
G:\yaogong\letor40\baselines\svm_rank\data\OHSUMED\Fold1\best_model
<open file 'G:\yaogong\letor40\baselines\svm_rank\source_code\svm_rank_learn -c 0.100000 -e 0.001 -l 1 G:\yaogong\letor40\datasets\OHSUMED\Fold1\train.txt G:\yaogong\letor40\baselines\svm_rank\data\OHSUMED\Fold1\best_model', mode 'r' at 0x00000000023021E0>
<open file 'G:\yaogong\letor40\baselines\svm_rank\source_code\svm_rank_classify G:\yaogong\letor40\datasets\OHSUMED\Fold1\test.txt G:\yaogong\letor40\baselines\svm_rank\data\OHSUMED\Fold1\best_model G:\yaogong\letor40\baselines\svm_rank\data\OHSUMED\Fold1\test_score', mode 'r' at 0x00000000023021E0>
<open file 'G:\yaogong\letor40\baselines\svm_rank\source_code\svm_rank_classify G:\yaogong\letor40\datasets\OHSUMED\Fold1\vali.txt G:\yaogong\letor40\baselines\svm_rank\data\OHSUMED\Fold1\best_model G:\yaogong\letor40\baselines\svm_rank\data\OHSUMED\Fold1\vali_score', mode 'r' at 0x0000000002302300>
<open file 'G:\yaogong\letor40\baselines\svm_rank\source_code\svm_rank_classify G:\yaogong\letor40\datasets\OHSUMED\Fold1\train.txt G:\yaogong\letor40\baselines\svm_rank\data\OHSUMED\Fold1\best_model G:\yaogong\letor40\baselines\svm_rank\data\OHSUMED\Fold1\train_score', mode 'r' at 0x00000000023021E0>
Fold_1 finish at 0324_1103	
<open file 'G:\yaogong\letor40\baselines\svm_rank\source_code\svm_rank_learn -c 0.000010 -e 0.001 -l 1 G:\yaogong\letor40\datasets\OHSUMED\Fold2\train.txt G:\yaogong\letor40\baselines\svm_rank\data\model', mode 'r' at 0x0000000002302300>
G:\yaogong\letor40\baselines\svm_rank\source_code\svm_rank_learn -c 0.000010 -e 0.001 -l 1 G:\yaogong\letor40\datasets\OHSUMED\Fold2\train.txt G:\yaogong\letor40\baselines\svm_rank\data\model
<open file 'G:\yaogong\letor40\baselines\svm_rank\source_code\svm_rank_classify G:\yaogong\letor40\datasets\OHSUMED\Fold2\vali.txt G:\yaogong\letor40\baselines\svm_rank\data\model G:\yaogong\letor40\baselines\svm_rank\data\score', mode 'r' at 0x0000000002302300>
<open file 'G:\yaogong\letor40\baselines\svm_rank\source_code\svm_rank_learn -c 0.000100 -e 0.001 -l 1 G:\yaogong\letor40\datasets\OHSUMED\Fold2\train.txt G:\yaogong\letor40\baselines\svm_rank\data\model', mode 'r' at 0x00000000023021E0>
G:\yaogong\letor40\baselines\svm_rank\source_code\svm_rank_learn -c 0.000100 -e 0.001 -l 1 G:\yaogong\letor40\datasets\OHSUMED\Fold2\train.txt G:\yaogong\letor40\baselines\svm_rank\data\model
<open file 'G:\yaogong\letor40\baselines\svm_rank\source_code\svm_rank_classify G:\yaogong\letor40\datasets\OHSUMED\Fold2\vali.txt G:\yaogong\letor40\baselines\svm_rank\data\model G:\yaogong\letor40\baselines\svm_rank\data\score', mode 'r' at 0x00000000023021E0>
<open file 'G:\yaogong\letor40\baselines\svm_rank\source_code\svm_rank_learn -c 0.001000 -e 0.001 -l 1 G:\yaogong\letor40\datasets\OHSUMED\Fold2\train.txt G:\yaogong\letor40\baselines\svm_rank\data\model', mode 'r' at 0x0000000002302300>
G:\yaogong\letor40\baselines\svm_rank\source_code\svm_rank_learn -c 0.001000 -e 0.001 -l 1 G:\yaogong\letor40\datasets\OHSUMED\Fold2\train.txt G:\yaogong\letor40\baselines\svm_rank\data\model
<open file 'G:\yaogong\letor40\baselines\svm_rank\source_code\svm_rank_classify G:\yaogong\letor40\datasets\OHSUMED\Fold2\vali.txt G:\yaogong\letor40\baselines\svm_rank\data\model G:\yaogong\letor40\baselines\svm_rank\data\score', mode 'r' at 0x0000000002302300>
<open file 'G:\yaogong\letor40\baselines\svm_rank\source_code\svm_rank_learn -c 0.010000 -e 0.001 -l 1 G:\yaogong\letor40\datasets\OHSUMED\Fold2\train.txt G:\yaogong\letor40\baselines\svm_rank\data\model', mode 'r' at 0x00000000023021E0>
G:\yaogong\letor40\baselines\svm_rank\source_code\svm_rank_learn -c 0.010000 -e 0.001 -l 1 G:\yaogong\letor40\datasets\OHSUMED\Fold2\train.txt G:\yaogong\letor40\baselines\svm_rank\data\model
<open file 'G:\yaogong\letor40\baselines\svm_rank\source_code\svm_rank_classify G:\yaogong\letor40\datasets\OHSUMED\Fold2\vali.txt G:\yaogong\letor40\baselines\svm_rank\data\model G:\yaogong\letor40\baselines\svm_rank\data\score', mode 'r' at 0x00000000023021E0>
<open file 'G:\yaogong\letor40\baselines\svm_rank\source_code\svm_rank_learn -c 0.100000 -e 0.001 -l 1 G:\yaogong\letor40\datasets\OHSUMED\Fold2\train.txt G:\yaogong\letor40\baselines\svm_rank\data\model', mode 'r' at 0x0000000002302300>
G:\yaogong\letor40\baselines\svm_rank\source_code\svm_rank_learn -c 0.100000 -e 0.001 -l 1 G:\yaogong\letor40\datasets\OHSUMED\Fold2\train.txt G:\yaogong\letor40\baselines\svm_rank\data\model
<open file 'G:\yaogong\letor40\baselines\svm_rank\source_code\svm_rank_classify G:\yaogong\letor40\datasets\OHSUMED\Fold2\vali.txt G:\yaogong\letor40\baselines\svm_rank\data\model G:\yaogong\letor40\baselines\svm_rank\data\score', mode 'r' at 0x0000000002302300>
<open file 'G:\yaogong\letor40\baselines\svm_rank\source_code\svm_rank_learn -c 1.000000 -e 0.001 -l 1 G:\yaogong\letor40\datasets\OHSUMED\Fold2\train.txt G:\yaogong\letor40\baselines\svm_rank\data\model', mode 'r' at 0x00000000023021E0>
G:\yaogong\letor40\baselines\svm_rank\source_code\svm_rank_learn -c 1.000000 -e 0.001 -l 1 G:\yaogong\letor40\datasets\OHSUMED\Fold2\train.txt G:\yaogong\letor40\baselines\svm_rank\data\model
<open file 'G:\yaogong\letor40\baselines\svm_rank\source_code\svm_rank_classify G:\yaogong\letor40\datasets\OHSUMED\Fold2\vali.txt G:\yaogong\letor40\baselines\svm_rank\data\model G:\yaogong\letor40\baselines\svm_rank\data\score', mode 'r' at 0x00000000023021E0>
<open file 'G:\yaogong\letor40\baselines\svm_rank\source_code\svm_rank_learn -c 10.000000 -e 0.001 -l 1 G:\yaogong\letor40\datasets\OHSUMED\Fold2\train.txt G:\yaogong\letor40\baselines\svm_rank\data\model', mode 'r' at 0x0000000002302300>
G:\yaogong\letor40\baselines\svm_rank\source_code\svm_rank_learn -c 10.000000 -e 0.001 -l 1 G:\yaogong\letor40\datasets\OHSUMED\Fold2\train.txt G:\yaogong\letor40\baselines\svm_rank\data\model
<open file 'G:\yaogong\letor40\baselines\svm_rank\source_code\svm_rank_classify G:\yaogong\letor40\datasets\OHSUMED\Fold2\vali.txt G:\yaogong\letor40\baselines\svm_rank\data\model G:\yaogong\letor40\baselines\svm_rank\data\score', mode 'r' at 0x0000000002302300>
0.01
G:\yaogong\letor40\baselines\svm_rank\data\OHSUMED\Fold2\best_model
<open file 'G:\yaogong\letor40\baselines\svm_rank\source_code\svm_rank_learn -c 0.010000 -e 0.001 -l 1 G:\yaogong\letor40\datasets\OHSUMED\Fold2\train.txt G:\yaogong\letor40\baselines\svm_rank\data\OHSUMED\Fold2\best_model', mode 'r' at 0x0000000002302270>
<open file 'G:\yaogong\letor40\baselines\svm_rank\source_code\svm_rank_classify G:\yaogong\letor40\datasets\OHSUMED\Fold2\test.txt G:\yaogong\letor40\baselines\svm_rank\data\OHSUMED\Fold2\best_model G:\yaogong\letor40\baselines\svm_rank\data\OHSUMED\Fold2\test_score', mode 'r' at 0x0000000002302270>
<open file 'G:\yaogong\letor40\baselines\svm_rank\source_code\svm_rank_classify G:\yaogong\letor40\datasets\OHSUMED\Fold2\vali.txt G:\yaogong\letor40\baselines\svm_rank\data\OHSUMED\Fold2\best_model G:\yaogong\letor40\baselines\svm_rank\data\OHSUMED\Fold2\vali_score', mode 'r' at 0x0000000002302300>
<open file 'G:\yaogong\letor40\baselines\svm_rank\source_code\svm_rank_classify G:\yaogong\letor40\datasets\OHSUMED\Fold2\train.txt G:\yaogong\letor40\baselines\svm_rank\data\OHSUMED\Fold2\best_model G:\yaogong\letor40\baselines\svm_rank\data\OHSUMED\Fold2\train_score', mode 'r' at 0x0000000002302270>
Fold_2 finish at 0324_1103	
<open file 'G:\yaogong\letor40\baselines\svm_rank\source_code\svm_rank_learn -c 0.000010 -e 0.001 -l 1 G:\yaogong\letor40\datasets\OHSUMED\Fold3\train.txt G:\yaogong\letor40\baselines\svm_rank\data\model', mode 'r' at 0x0000000002302300>
G:\yaogong\letor40\baselines\svm_rank\source_code\svm_rank_learn -c 0.000010 -e 0.001 -l 1 G:\yaogong\letor40\datasets\OHSUMED\Fold3\train.txt G:\yaogong\letor40\baselines\svm_rank\data\model
<open file 'G:\yaogong\letor40\baselines\svm_rank\source_code\svm_rank_classify G:\yaogong\letor40\datasets\OHSUMED\Fold3\vali.txt G:\yaogong\letor40\baselines\svm_rank\data\model G:\yaogong\letor40\baselines\svm_rank\data\score', mode 'r' at 0x0000000002302300>
<open file 'G:\yaogong\letor40\baselines\svm_rank\source_code\svm_rank_learn -c 0.000100 -e 0.001 -l 1 G:\yaogong\letor40\datasets\OHSUMED\Fold3\train.txt G:\yaogong\letor40\baselines\svm_rank\data\model', mode 'r' at 0x0000000002302270>
G:\yaogong\letor40\baselines\svm_rank\source_code\svm_rank_learn -c 0.000100 -e 0.001 -l 1 G:\yaogong\letor40\datasets\OHSUMED\Fold3\train.txt G:\yaogong\letor40\baselines\svm_rank\data\model
<open file 'G:\yaogong\letor40\baselines\svm_rank\source_code\svm_rank_classify G:\yaogong\letor40\datasets\OHSUMED\Fold3\vali.txt G:\yaogong\letor40\baselines\svm_rank\data\model G:\yaogong\letor40\baselines\svm_rank\data\score', mode 'r' at 0x0000000002302270>
<open file 'G:\yaogong\letor40\baselines\svm_rank\source_code\svm_rank_learn -c 0.001000 -e 0.001 -l 1 G:\yaogong\letor40\datasets\OHSUMED\Fold3\train.txt G:\yaogong\letor40\baselines\svm_rank\data\model', mode 'r' at 0x0000000002302300>
G:\yaogong\letor40\baselines\svm_rank\source_code\svm_rank_learn -c 0.001000 -e 0.001 -l 1 G:\yaogong\letor40\datasets\OHSUMED\Fold3\train.txt G:\yaogong\letor40\baselines\svm_rank\data\model
<open file 'G:\yaogong\letor40\baselines\svm_rank\source_code\svm_rank_classify G:\yaogong\letor40\datasets\OHSUMED\Fold3\vali.txt G:\yaogong\letor40\baselines\svm_rank\data\model G:\yaogong\letor40\baselines\svm_rank\data\score', mode 'r' at 0x0000000002302300>
<open file 'G:\yaogong\letor40\baselines\svm_rank\source_code\svm_rank_learn -c 0.010000 -e 0.001 -l 1 G:\yaogong\letor40\datasets\OHSUMED\Fold3\train.txt G:\yaogong\letor40\baselines\svm_rank\data\model', mode 'r' at 0x0000000002302270>
G:\yaogong\letor40\baselines\svm_rank\source_code\svm_rank_learn -c 0.010000 -e 0.001 -l 1 G:\yaogong\letor40\datasets\OHSUMED\Fold3\train.txt G:\yaogong\letor40\baselines\svm_rank\data\model
<open file 'G:\yaogong\letor40\baselines\svm_rank\source_code\svm_rank_classify G:\yaogong\letor40\datasets\OHSUMED\Fold3\vali.txt G:\yaogong\letor40\baselines\svm_rank\data\model G:\yaogong\letor40\baselines\svm_rank\data\score', mode 'r' at 0x0000000002302270>
<open file 'G:\yaogong\letor40\baselines\svm_rank\source_code\svm_rank_learn -c 0.100000 -e 0.001 -l 1 G:\yaogong\letor40\datasets\OHSUMED\Fold3\train.txt G:\yaogong\letor40\baselines\svm_rank\data\model', mode 'r' at 0x0000000002302300>
G:\yaogong\letor40\baselines\svm_rank\source_code\svm_rank_learn -c 0.100000 -e 0.001 -l 1 G:\yaogong\letor40\datasets\OHSUMED\Fold3\train.txt G:\yaogong\letor40\baselines\svm_rank\data\model
<open file 'G:\yaogong\letor40\baselines\svm_rank\source_code\svm_rank_classify G:\yaogong\letor40\datasets\OHSUMED\Fold3\vali.txt G:\yaogong\letor40\baselines\svm_rank\data\model G:\yaogong\letor40\baselines\svm_rank\data\score', mode 'r' at 0x0000000002302300>
<open file 'G:\yaogong\letor40\baselines\svm_rank\source_code\svm_rank_learn -c 1.000000 -e 0.001 -l 1 G:\yaogong\letor40\datasets\OHSUMED\Fold3\train.txt G:\yaogong\letor40\baselines\svm_rank\data\model', mode 'r' at 0x0000000002302270>
G:\yaogong\letor40\baselines\svm_rank\source_code\svm_rank_learn -c 1.000000 -e 0.001 -l 1 G:\yaogong\letor40\datasets\OHSUMED\Fold3\train.txt G:\yaogong\letor40\baselines\svm_rank\data\model
<open file 'G:\yaogong\letor40\baselines\svm_rank\source_code\svm_rank_classify G:\yaogong\letor40\datasets\OHSUMED\Fold3\vali.txt G:\yaogong\letor40\baselines\svm_rank\data\model G:\yaogong\letor40\baselines\svm_rank\data\score', mode 'r' at 0x0000000002302270>
<open file 'G:\yaogong\letor40\baselines\svm_rank\source_code\svm_rank_learn -c 10.000000 -e 0.001 -l 1 G:\yaogong\letor40\datasets\OHSUMED\Fold3\train.txt G:\yaogong\letor40\baselines\svm_rank\data\model', mode 'r' at 0x0000000002302300>
G:\yaogong\letor40\baselines\svm_rank\source_code\svm_rank_learn -c 10.000000 -e 0.001 -l 1 G:\yaogong\letor40\datasets\OHSUMED\Fold3\train.txt G:\yaogong\letor40\baselines\svm_rank\data\model
<open file 'G:\yaogong\letor40\baselines\svm_rank\source_code\svm_rank_classify G:\yaogong\letor40\datasets\OHSUMED\Fold3\vali.txt G:\yaogong\letor40\baselines\svm_rank\data\model G:\yaogong\letor40\baselines\svm_rank\data\score', mode 'r' at 0x0000000002302300>
1
G:\yaogong\letor40\baselines\svm_rank\data\OHSUMED\Fold3\best_model
<open file 'G:\yaogong\letor40\baselines\svm_rank\source_code\svm_rank_learn -c 1.000000 -e 0.001 -l 1 G:\yaogong\letor40\datasets\OHSUMED\Fold3\train.txt G:\yaogong\letor40\baselines\svm_rank\data\OHSUMED\Fold3\best_model', mode 'r' at 0x00000000023021E0>
<open file 'G:\yaogong\letor40\baselines\svm_rank\source_code\svm_rank_classify G:\yaogong\letor40\datasets\OHSUMED\Fold3\test.txt G:\yaogong\letor40\baselines\svm_rank\data\OHSUMED\Fold3\best_model G:\yaogong\letor40\baselines\svm_rank\data\OHSUMED\Fold3\test_score', mode 'r' at 0x00000000023021E0>
<open file 'G:\yaogong\letor40\baselines\svm_rank\source_code\svm_rank_classify G:\yaogong\letor40\datasets\OHSUMED\Fold3\vali.txt G:\yaogong\letor40\baselines\svm_rank\data\OHSUMED\Fold3\best_model G:\yaogong\letor40\baselines\svm_rank\data\OHSUMED\Fold3\vali_score', mode 'r' at 0x0000000002302300>
<open file 'G:\yaogong\letor40\baselines\svm_rank\source_code\svm_rank_classify G:\yaogong\letor40\datasets\OHSUMED\Fold3\train.txt G:\yaogong\letor40\baselines\svm_rank\data\OHSUMED\Fold3\best_model G:\yaogong\letor40\baselines\svm_rank\data\OHSUMED\Fold3\train_score', mode 'r' at 0x00000000023021E0>
Fold_3 finish at 0324_1104	
<open file 'G:\yaogong\letor40\baselines\svm_rank\source_code\svm_rank_learn -c 0.000010 -e 0.001 -l 1 G:\yaogong\letor40\datasets\OHSUMED\Fold4\train.txt G:\yaogong\letor40\baselines\svm_rank\data\model', mode 'r' at 0x0000000002302300>
G:\yaogong\letor40\baselines\svm_rank\source_code\svm_rank_learn -c 0.000010 -e 0.001 -l 1 G:\yaogong\letor40\datasets\OHSUMED\Fold4\train.txt G:\yaogong\letor40\baselines\svm_rank\data\model
<open file 'G:\yaogong\letor40\baselines\svm_rank\source_code\svm_rank_classify G:\yaogong\letor40\datasets\OHSUMED\Fold4\vali.txt G:\yaogong\letor40\baselines\svm_rank\data\model G:\yaogong\letor40\baselines\svm_rank\data\score', mode 'r' at 0x0000000002302300>
<open file 'G:\yaogong\letor40\baselines\svm_rank\source_code\svm_rank_learn -c 0.000100 -e 0.001 -l 1 G:\yaogong\letor40\datasets\OHSUMED\Fold4\train.txt G:\yaogong\letor40\baselines\svm_rank\data\model', mode 'r' at 0x00000000023021E0>
G:\yaogong\letor40\baselines\svm_rank\source_code\svm_rank_learn -c 0.000100 -e 0.001 -l 1 G:\yaogong\letor40\datasets\OHSUMED\Fold4\train.txt G:\yaogong\letor40\baselines\svm_rank\data\model
<open file 'G:\yaogong\letor40\baselines\svm_rank\source_code\svm_rank_classify G:\yaogong\letor40\datasets\OHSUMED\Fold4\vali.txt G:\yaogong\letor40\baselines\svm_rank\data\model G:\yaogong\letor40\baselines\svm_rank\data\score', mode 'r' at 0x00000000023021E0>
<open file 'G:\yaogong\letor40\baselines\svm_rank\source_code\svm_rank_learn -c 0.001000 -e 0.001 -l 1 G:\yaogong\letor40\datasets\OHSUMED\Fold4\train.txt G:\yaogong\letor40\baselines\svm_rank\data\model', mode 'r' at 0x0000000002302300>
G:\yaogong\letor40\baselines\svm_rank\source_code\svm_rank_learn -c 0.001000 -e 0.001 -l 1 G:\yaogong\letor40\datasets\OHSUMED\Fold4\train.txt G:\yaogong\letor40\baselines\svm_rank\data\model
<open file 'G:\yaogong\letor40\baselines\svm_rank\source_code\svm_rank_classify G:\yaogong\letor40\datasets\OHSUMED\Fold4\vali.txt G:\yaogong\letor40\baselines\svm_rank\data\model G:\yaogong\letor40\baselines\svm_rank\data\score', mode 'r' at 0x0000000002302300>
<open file 'G:\yaogong\letor40\baselines\svm_rank\source_code\svm_rank_learn -c 0.010000 -e 0.001 -l 1 G:\yaogong\letor40\datasets\OHSUMED\Fold4\train.txt G:\yaogong\letor40\baselines\svm_rank\data\model', mode 'r' at 0x00000000023021E0>
G:\yaogong\letor40\baselines\svm_rank\source_code\svm_rank_learn -c 0.010000 -e 0.001 -l 1 G:\yaogong\letor40\datasets\OHSUMED\Fold4\train.txt G:\yaogong\letor40\baselines\svm_rank\data\model
<open file 'G:\yaogong\letor40\baselines\svm_rank\source_code\svm_rank_classify G:\yaogong\letor40\datasets\OHSUMED\Fold4\vali.txt G:\yaogong\letor40\baselines\svm_rank\data\model G:\yaogong\letor40\baselines\svm_rank\data\score', mode 'r' at 0x00000000023021E0>
<open file 'G:\yaogong\letor40\baselines\svm_rank\source_code\svm_rank_learn -c 0.100000 -e 0.001 -l 1 G:\yaogong\letor40\datasets\OHSUMED\Fold4\train.txt G:\yaogong\letor40\baselines\svm_rank\data\model', mode 'r' at 0x0000000002302300>
G:\yaogong\letor40\baselines\svm_rank\source_code\svm_rank_learn -c 0.100000 -e 0.001 -l 1 G:\yaogong\letor40\datasets\OHSUMED\Fold4\train.txt G:\yaogong\letor40\baselines\svm_rank\data\model
<open file 'G:\yaogong\letor40\baselines\svm_rank\source_code\svm_rank_classify G:\yaogong\letor40\datasets\OHSUMED\Fold4\vali.txt G:\yaogong\letor40\baselines\svm_rank\data\model G:\yaogong\letor40\baselines\svm_rank\data\score', mode 'r' at 0x0000000002302300>
<open file 'G:\yaogong\letor40\baselines\svm_rank\source_code\svm_rank_learn -c 1.000000 -e 0.001 -l 1 G:\yaogong\letor40\datasets\OHSUMED\Fold4\train.txt G:\yaogong\letor40\baselines\svm_rank\data\model', mode 'r' at 0x00000000023021E0>
G:\yaogong\letor40\baselines\svm_rank\source_code\svm_rank_learn -c 1.000000 -e 0.001 -l 1 G:\yaogong\letor40\datasets\OHSUMED\Fold4\train.txt G:\yaogong\letor40\baselines\svm_rank\data\model
<open file 'G:\yaogong\letor40\baselines\svm_rank\source_code\svm_rank_classify G:\yaogong\letor40\datasets\OHSUMED\Fold4\vali.txt G:\yaogong\letor40\baselines\svm_rank\data\model G:\yaogong\letor40\baselines\svm_rank\data\score', mode 'r' at 0x00000000023021E0>
<open file 'G:\yaogong\letor40\baselines\svm_rank\source_code\svm_rank_learn -c 10.000000 -e 0.001 -l 1 G:\yaogong\letor40\datasets\OHSUMED\Fold4\train.txt G:\yaogong\letor40\baselines\svm_rank\data\model', mode 'r' at 0x0000000002302300>
G:\yaogong\letor40\baselines\svm_rank\source_code\svm_rank_learn -c 10.000000 -e 0.001 -l 1 G:\yaogong\letor40\datasets\OHSUMED\Fold4\train.txt G:\yaogong\letor40\baselines\svm_rank\data\model
<open file 'G:\yaogong\letor40\baselines\svm_rank\source_code\svm_rank_classify G:\yaogong\letor40\datasets\OHSUMED\Fold4\vali.txt G:\yaogong\letor40\baselines\svm_rank\data\model G:\yaogong\letor40\baselines\svm_rank\data\score', mode 'r' at 0x0000000002302300>
0.01
G:\yaogong\letor40\baselines\svm_rank\data\OHSUMED\Fold4\best_model
<open file 'G:\yaogong\letor40\baselines\svm_rank\source_code\svm_rank_learn -c 0.010000 -e 0.001 -l 1 G:\yaogong\letor40\datasets\OHSUMED\Fold4\train.txt G:\yaogong\letor40\baselines\svm_rank\data\OHSUMED\Fold4\best_model', mode 'r' at 0x0000000002302270>
<open file 'G:\yaogong\letor40\baselines\svm_rank\source_code\svm_rank_classify G:\yaogong\letor40\datasets\OHSUMED\Fold4\test.txt G:\yaogong\letor40\baselines\svm_rank\data\OHSUMED\Fold4\best_model G:\yaogong\letor40\baselines\svm_rank\data\OHSUMED\Fold4\test_score', mode 'r' at 0x0000000002302270>
<open file 'G:\yaogong\letor40\baselines\svm_rank\source_code\svm_rank_classify G:\yaogong\letor40\datasets\OHSUMED\Fold4\vali.txt G:\yaogong\letor40\baselines\svm_rank\data\OHSUMED\Fold4\best_model G:\yaogong\letor40\baselines\svm_rank\data\OHSUMED\Fold4\vali_score', mode 'r' at 0x0000000002302300>
<open file 'G:\yaogong\letor40\baselines\svm_rank\source_code\svm_rank_classify G:\yaogong\letor40\datasets\OHSUMED\Fold4\train.txt G:\yaogong\letor40\baselines\svm_rank\data\OHSUMED\Fold4\best_model G:\yaogong\letor40\baselines\svm_rank\data\OHSUMED\Fold4\train_score', mode 'r' at 0x0000000002302270>
Fold_4 finish at 0324_1104	
<open file 'G:\yaogong\letor40\baselines\svm_rank\source_code\svm_rank_learn -c 0.000010 -e 0.001 -l 1 G:\yaogong\letor40\datasets\OHSUMED\Fold5\train.txt G:\yaogong\letor40\baselines\svm_rank\data\model', mode 'r' at 0x0000000002302300>
G:\yaogong\letor40\baselines\svm_rank\source_code\svm_rank_learn -c 0.000010 -e 0.001 -l 1 G:\yaogong\letor40\datasets\OHSUMED\Fold5\train.txt G:\yaogong\letor40\baselines\svm_rank\data\model
<open file 'G:\yaogong\letor40\baselines\svm_rank\source_code\svm_rank_classify G:\yaogong\letor40\datasets\OHSUMED\Fold5\vali.txt G:\yaogong\letor40\baselines\svm_rank\data\model G:\yaogong\letor40\baselines\svm_rank\data\score', mode 'r' at 0x0000000002302300>
<open file 'G:\yaogong\letor40\baselines\svm_rank\source_code\svm_rank_learn -c 0.000100 -e 0.001 -l 1 G:\yaogong\letor40\datasets\OHSUMED\Fold5\train.txt G:\yaogong\letor40\baselines\svm_rank\data\model', mode 'r' at 0x0000000002302270>
G:\yaogong\letor40\baselines\svm_rank\source_code\svm_rank_learn -c 0.000100 -e 0.001 -l 1 G:\yaogong\letor40\datasets\OHSUMED\Fold5\train.txt G:\yaogong\letor40\baselines\svm_rank\data\model
<open file 'G:\yaogong\letor40\baselines\svm_rank\source_code\svm_rank_classify G:\yaogong\letor40\datasets\OHSUMED\Fold5\vali.txt G:\yaogong\letor40\baselines\svm_rank\data\model G:\yaogong\letor40\baselines\svm_rank\data\score', mode 'r' at 0x0000000002302270>
<open file 'G:\yaogong\letor40\baselines\svm_rank\source_code\svm_rank_learn -c 0.001000 -e 0.001 -l 1 G:\yaogong\letor40\datasets\OHSUMED\Fold5\train.txt G:\yaogong\letor40\baselines\svm_rank\data\model', mode 'r' at 0x0000000002302300>
G:\yaogong\letor40\baselines\svm_rank\source_code\svm_rank_learn -c 0.001000 -e 0.001 -l 1 G:\yaogong\letor40\datasets\OHSUMED\Fold5\train.txt G:\yaogong\letor40\baselines\svm_rank\data\model
<open file 'G:\yaogong\letor40\baselines\svm_rank\source_code\svm_rank_classify G:\yaogong\letor40\datasets\OHSUMED\Fold5\vali.txt G:\yaogong\letor40\baselines\svm_rank\data\model G:\yaogong\letor40\baselines\svm_rank\data\score', mode 'r' at 0x0000000002302300>
<open file 'G:\yaogong\letor40\baselines\svm_rank\source_code\svm_rank_learn -c 0.010000 -e 0.001 -l 1 G:\yaogong\letor40\datasets\OHSUMED\Fold5\train.txt G:\yaogong\letor40\baselines\svm_rank\data\model', mode 'r' at 0x0000000002302270>
G:\yaogong\letor40\baselines\svm_rank\source_code\svm_rank_learn -c 0.010000 -e 0.001 -l 1 G:\yaogong\letor40\datasets\OHSUMED\Fold5\train.txt G:\yaogong\letor40\baselines\svm_rank\data\model
<open file 'G:\yaogong\letor40\baselines\svm_rank\source_code\svm_rank_classify G:\yaogong\letor40\datasets\OHSUMED\Fold5\vali.txt G:\yaogong\letor40\baselines\svm_rank\data\model G:\yaogong\letor40\baselines\svm_rank\data\score', mode 'r' at 0x0000000002302270>
<open file 'G:\yaogong\letor40\baselines\svm_rank\source_code\svm_rank_learn -c 0.100000 -e 0.001 -l 1 G:\yaogong\letor40\datasets\OHSUMED\Fold5\train.txt G:\yaogong\letor40\baselines\svm_rank\data\model', mode 'r' at 0x0000000002302300>
G:\yaogong\letor40\baselines\svm_rank\source_code\svm_rank_learn -c 0.100000 -e 0.001 -l 1 G:\yaogong\letor40\datasets\OHSUMED\Fold5\train.txt G:\yaogong\letor40\baselines\svm_rank\data\model
<open file 'G:\yaogong\letor40\baselines\svm_rank\source_code\svm_rank_classify G:\yaogong\letor40\datasets\OHSUMED\Fold5\vali.txt G:\yaogong\letor40\baselines\svm_rank\data\model G:\yaogong\letor40\baselines\svm_rank\data\score', mode 'r' at 0x0000000002302300>
<open file 'G:\yaogong\letor40\baselines\svm_rank\source_code\svm_rank_learn -c 1.000000 -e 0.001 -l 1 G:\yaogong\letor40\datasets\OHSUMED\Fold5\train.txt G:\yaogong\letor40\baselines\svm_rank\data\model', mode 'r' at 0x0000000002302270>
G:\yaogong\letor40\baselines\svm_rank\source_code\svm_rank_learn -c 1.000000 -e 0.001 -l 1 G:\yaogong\letor40\datasets\OHSUMED\Fold5\train.txt G:\yaogong\letor40\baselines\svm_rank\data\model
<open file 'G:\yaogong\letor40\baselines\svm_rank\source_code\svm_rank_classify G:\yaogong\letor40\datasets\OHSUMED\Fold5\vali.txt G:\yaogong\letor40\baselines\svm_rank\data\model G:\yaogong\letor40\baselines\svm_rank\data\score', mode 'r' at 0x0000000002302270>
<open file 'G:\yaogong\letor40\baselines\svm_rank\source_code\svm_rank_learn -c 10.000000 -e 0.001 -l 1 G:\yaogong\letor40\datasets\OHSUMED\Fold5\train.txt G:\yaogong\letor40\baselines\svm_rank\data\model', mode 'r' at 0x0000000002302300>
G:\yaogong\letor40\baselines\svm_rank\source_code\svm_rank_learn -c 10.000000 -e 0.001 -l 1 G:\yaogong\letor40\datasets\OHSUMED\Fold5\train.txt G:\yaogong\letor40\baselines\svm_rank\data\model
<open file 'G:\yaogong\letor40\baselines\svm_rank\source_code\svm_rank_classify G:\yaogong\letor40\datasets\OHSUMED\Fold5\vali.txt G:\yaogong\letor40\baselines\svm_rank\data\model G:\yaogong\letor40\baselines\svm_rank\data\score', mode 'r' at 0x0000000002302300>
0.01
G:\yaogong\letor40\baselines\svm_rank\data\OHSUMED\Fold5\best_model
<open file 'G:\yaogong\letor40\baselines\svm_rank\source_code\svm_rank_learn -c 0.010000 -e 0.001 -l 1 G:\yaogong\letor40\datasets\OHSUMED\Fold5\train.txt G:\yaogong\letor40\baselines\svm_rank\data\OHSUMED\Fold5\best_model', mode 'r' at 0x00000000023021E0>
<open file 'G:\yaogong\letor40\baselines\svm_rank\source_code\svm_rank_classify G:\yaogong\letor40\datasets\OHSUMED\Fold5\test.txt G:\yaogong\letor40\baselines\svm_rank\data\OHSUMED\Fold5\best_model G:\yaogong\letor40\baselines\svm_rank\data\OHSUMED\Fold5\test_score', mode 'r' at 0x00000000023021E0>
<open file 'G:\yaogong\letor40\baselines\svm_rank\source_code\svm_rank_classify G:\yaogong\letor40\datasets\OHSUMED\Fold5\vali.txt G:\yaogong\letor40\baselines\svm_rank\data\OHSUMED\Fold5\best_model G:\yaogong\letor40\baselines\svm_rank\data\OHSUMED\Fold5\vali_score', mode 'r' at 0x0000000002302300>
<open file 'G:\yaogong\letor40\baselines\svm_rank\source_code\svm_rank_classify G:\yaogong\letor40\datasets\OHSUMED\Fold5\train.txt G:\yaogong\letor40\baselines\svm_rank\data\OHSUMED\Fold5\best_model G:\yaogong\letor40\baselines\svm_rank\data\OHSUMED\Fold5\train_score', mode 'r' at 0x00000000023021E0>
Fold_5 finish at 0324_1104	

at 0324_1104 begin to write into files..	
