pars
c

<open file 'H:\zhangyaogong\letor40\baselines\svm_rank\source_code\svm_rank_learn -c 0.000100 -e 0.001 -l 1 H:\zhangyaogong\letor40\datasets\OHSUMED\Fold1\train.txt H:\zhangyaogong\letor40\baselines\svm_rank\data\model', mode 'r' at 0x00000000022EA780>
H:\zhangyaogong\letor40\baselines\svm_rank\source_code\svm_rank_learn -c 0.000100 -e 0.001 -l 1 H:\zhangyaogong\letor40\datasets\OHSUMED\Fold1\train.txt H:\zhangyaogong\letor40\baselines\svm_rank\data\model
<open file 'H:\zhangyaogong\letor40\baselines\svm_rank\source_code\svm_rank_classify H:\zhangyaogong\letor40\datasets\OHSUMED\Fold1\vali.txt H:\zhangyaogong\letor40\baselines\svm_rank\data\model H:\zhangyaogong\letor40\baselines\svm_rank\data\score', mode 'r' at 0x00000000022EA780>
<open file 'H:\zhangyaogong\letor40\baselines\svm_rank\source_code\svm_rank_learn -c 0.001000 -e 0.001 -l 1 H:\zhangyaogong\letor40\datasets\OHSUMED\Fold1\train.txt H:\zhangyaogong\letor40\baselines\svm_rank\data\model', mode 'r' at 0x00000000022EA810>
H:\zhangyaogong\letor40\baselines\svm_rank\source_code\svm_rank_learn -c 0.001000 -e 0.001 -l 1 H:\zhangyaogong\letor40\datasets\OHSUMED\Fold1\train.txt H:\zhangyaogong\letor40\baselines\svm_rank\data\model
<open file 'H:\zhangyaogong\letor40\baselines\svm_rank\source_code\svm_rank_classify H:\zhangyaogong\letor40\datasets\OHSUMED\Fold1\vali.txt H:\zhangyaogong\letor40\baselines\svm_rank\data\model H:\zhangyaogong\letor40\baselines\svm_rank\data\score', mode 'r' at 0x00000000022EA810>
<open file 'H:\zhangyaogong\letor40\baselines\svm_rank\source_code\svm_rank_learn -c 0.010000 -e 0.001 -l 1 H:\zhangyaogong\letor40\datasets\OHSUMED\Fold1\train.txt H:\zhangyaogong\letor40\baselines\svm_rank\data\model', mode 'r' at 0x00000000022EA780>
H:\zhangyaogong\letor40\baselines\svm_rank\source_code\svm_rank_learn -c 0.010000 -e 0.001 -l 1 H:\zhangyaogong\letor40\datasets\OHSUMED\Fold1\train.txt H:\zhangyaogong\letor40\baselines\svm_rank\data\model
<open file 'H:\zhangyaogong\letor40\baselines\svm_rank\source_code\svm_rank_classify H:\zhangyaogong\letor40\datasets\OHSUMED\Fold1\vali.txt H:\zhangyaogong\letor40\baselines\svm_rank\data\model H:\zhangyaogong\letor40\baselines\svm_rank\data\score', mode 'r' at 0x00000000022EA780>
<open file 'H:\zhangyaogong\letor40\baselines\svm_rank\source_code\svm_rank_learn -c 0.100000 -e 0.001 -l 1 H:\zhangyaogong\letor40\datasets\OHSUMED\Fold1\train.txt H:\zhangyaogong\letor40\baselines\svm_rank\data\model', mode 'r' at 0x00000000022EA810>
H:\zhangyaogong\letor40\baselines\svm_rank\source_code\svm_rank_learn -c 0.100000 -e 0.001 -l 1 H:\zhangyaogong\letor40\datasets\OHSUMED\Fold1\train.txt H:\zhangyaogong\letor40\baselines\svm_rank\data\model
<open file 'H:\zhangyaogong\letor40\baselines\svm_rank\source_code\svm_rank_classify H:\zhangyaogong\letor40\datasets\OHSUMED\Fold1\vali.txt H:\zhangyaogong\letor40\baselines\svm_rank\data\model H:\zhangyaogong\letor40\baselines\svm_rank\data\score', mode 'r' at 0x00000000022EA810>
<open file 'H:\zhangyaogong\letor40\baselines\svm_rank\source_code\svm_rank_learn -c 1.000000 -e 0.001 -l 1 H:\zhangyaogong\letor40\datasets\OHSUMED\Fold1\train.txt H:\zhangyaogong\letor40\baselines\svm_rank\data\model', mode 'r' at 0x00000000022EA780>
H:\zhangyaogong\letor40\baselines\svm_rank\source_code\svm_rank_learn -c 1.000000 -e 0.001 -l 1 H:\zhangyaogong\letor40\datasets\OHSUMED\Fold1\train.txt H:\zhangyaogong\letor40\baselines\svm_rank\data\model
<open file 'H:\zhangyaogong\letor40\baselines\svm_rank\source_code\svm_rank_classify H:\zhangyaogong\letor40\datasets\OHSUMED\Fold1\vali.txt H:\zhangyaogong\letor40\baselines\svm_rank\data\model H:\zhangyaogong\letor40\baselines\svm_rank\data\score', mode 'r' at 0x00000000022EA780>
<open file 'H:\zhangyaogong\letor40\baselines\svm_rank\source_code\svm_rank_learn -c 10.000000 -e 0.001 -l 1 H:\zhangyaogong\letor40\datasets\OHSUMED\Fold1\train.txt H:\zhangyaogong\letor40\baselines\svm_rank\data\model', mode 'r' at 0x00000000022EA810>
H:\zhangyaogong\letor40\baselines\svm_rank\source_code\svm_rank_learn -c 10.000000 -e 0.001 -l 1 H:\zhangyaogong\letor40\datasets\OHSUMED\Fold1\train.txt H:\zhangyaogong\letor40\baselines\svm_rank\data\model
<open file 'H:\zhangyaogong\letor40\baselines\svm_rank\source_code\svm_rank_classify H:\zhangyaogong\letor40\datasets\OHSUMED\Fold1\vali.txt H:\zhangyaogong\letor40\baselines\svm_rank\data\model H:\zhangyaogong\letor40\baselines\svm_rank\data\score', mode 'r' at 0x00000000022EA810>
<open file 'H:\zhangyaogong\letor40\baselines\svm_rank\source_code\svm_rank_learn -c 100.000000 -e 0.001 -l 1 H:\zhangyaogong\letor40\datasets\OHSUMED\Fold1\train.txt H:\zhangyaogong\letor40\baselines\svm_rank\data\model', mode 'r' at 0x00000000022EA780>
H:\zhangyaogong\letor40\baselines\svm_rank\source_code\svm_rank_learn -c 100.000000 -e 0.001 -l 1 H:\zhangyaogong\letor40\datasets\OHSUMED\Fold1\train.txt H:\zhangyaogong\letor40\baselines\svm_rank\data\model
<open file 'H:\zhangyaogong\letor40\baselines\svm_rank\source_code\svm_rank_classify H:\zhangyaogong\letor40\datasets\OHSUMED\Fold1\vali.txt H:\zhangyaogong\letor40\baselines\svm_rank\data\model H:\zhangyaogong\letor40\baselines\svm_rank\data\score', mode 'r' at 0x00000000022EA780>
<open file 'H:\zhangyaogong\letor40\baselines\svm_rank\source_code\svm_rank_classify H:\zhangyaogong\letor40\datasets\OHSUMED\Fold1\test.txt H:\zhangyaogong\letor40\baselines\svm_rank\data\OHSUMED\Fold1\final_model H:\zhangyaogong\letor40\baselines\svm_rank\data\OHSUMED\Fold1\test_score', mode 'r' at 0x00000000022EA780>
<open file 'H:\zhangyaogong\letor40\baselines\svm_rank\source_code\svm_rank_classify H:\zhangyaogong\letor40\datasets\OHSUMED\Fold1\vali.txt H:\zhangyaogong\letor40\baselines\svm_rank\data\OHSUMED\Fold1\final_model H:\zhangyaogong\letor40\baselines\svm_rank\data\OHSUMED\Fold1\vali_score', mode 'r' at 0x00000000022EA8A0>
<open file 'H:\zhangyaogong\letor40\baselines\svm_rank\source_code\svm_rank_classify H:\zhangyaogong\letor40\datasets\OHSUMED\Fold1\train.txt H:\zhangyaogong\letor40\baselines\svm_rank\data\OHSUMED\Fold1\final_model H:\zhangyaogong\letor40\baselines\svm_rank\data\OHSUMED\Fold1\train_score', mode 'r' at 0x00000000022EA780>
Fold_1 finish at 0325_1718	
<open file 'H:\zhangyaogong\letor40\baselines\svm_rank\source_code\svm_rank_learn -c 0.000100 -e 0.001 -l 1 H:\zhangyaogong\letor40\datasets\OHSUMED\Fold2\train.txt H:\zhangyaogong\letor40\baselines\svm_rank\data\model', mode 'r' at 0x00000000022EA8A0>
H:\zhangyaogong\letor40\baselines\svm_rank\source_code\svm_rank_learn -c 0.000100 -e 0.001 -l 1 H:\zhangyaogong\letor40\datasets\OHSUMED\Fold2\train.txt H:\zhangyaogong\letor40\baselines\svm_rank\data\model
<open file 'H:\zhangyaogong\letor40\baselines\svm_rank\source_code\svm_rank_classify H:\zhangyaogong\letor40\datasets\OHSUMED\Fold2\vali.txt H:\zhangyaogong\letor40\baselines\svm_rank\data\model H:\zhangyaogong\letor40\baselines\svm_rank\data\score', mode 'r' at 0x00000000022EA8A0>
<open file 'H:\zhangyaogong\letor40\baselines\svm_rank\source_code\svm_rank_learn -c 0.001000 -e 0.001 -l 1 H:\zhangyaogong\letor40\datasets\OHSUMED\Fold2\train.txt H:\zhangyaogong\letor40\baselines\svm_rank\data\model', mode 'r' at 0x00000000022EA780>
H:\zhangyaogong\letor40\baselines\svm_rank\source_code\svm_rank_learn -c 0.001000 -e 0.001 -l 1 H:\zhangyaogong\letor40\datasets\OHSUMED\Fold2\train.txt H:\zhangyaogong\letor40\baselines\svm_rank\data\model
<open file 'H:\zhangyaogong\letor40\baselines\svm_rank\source_code\svm_rank_classify H:\zhangyaogong\letor40\datasets\OHSUMED\Fold2\vali.txt H:\zhangyaogong\letor40\baselines\svm_rank\data\model H:\zhangyaogong\letor40\baselines\svm_rank\data\score', mode 'r' at 0x00000000022EA780>
<open file 'H:\zhangyaogong\letor40\baselines\svm_rank\source_code\svm_rank_learn -c 0.010000 -e 0.001 -l 1 H:\zhangyaogong\letor40\datasets\OHSUMED\Fold2\train.txt H:\zhangyaogong\letor40\baselines\svm_rank\data\model', mode 'r' at 0x00000000022EA8A0>
H:\zhangyaogong\letor40\baselines\svm_rank\source_code\svm_rank_learn -c 0.010000 -e 0.001 -l 1 H:\zhangyaogong\letor40\datasets\OHSUMED\Fold2\train.txt H:\zhangyaogong\letor40\baselines\svm_rank\data\model
<open file 'H:\zhangyaogong\letor40\baselines\svm_rank\source_code\svm_rank_classify H:\zhangyaogong\letor40\datasets\OHSUMED\Fold2\vali.txt H:\zhangyaogong\letor40\baselines\svm_rank\data\model H:\zhangyaogong\letor40\baselines\svm_rank\data\score', mode 'r' at 0x00000000022EA8A0>
<open file 'H:\zhangyaogong\letor40\baselines\svm_rank\source_code\svm_rank_learn -c 0.100000 -e 0.001 -l 1 H:\zhangyaogong\letor40\datasets\OHSUMED\Fold2\train.txt H:\zhangyaogong\letor40\baselines\svm_rank\data\model', mode 'r' at 0x00000000022EA780>
H:\zhangyaogong\letor40\baselines\svm_rank\source_code\svm_rank_learn -c 0.100000 -e 0.001 -l 1 H:\zhangyaogong\letor40\datasets\OHSUMED\Fold2\train.txt H:\zhangyaogong\letor40\baselines\svm_rank\data\model
<open file 'H:\zhangyaogong\letor40\baselines\svm_rank\source_code\svm_rank_classify H:\zhangyaogong\letor40\datasets\OHSUMED\Fold2\vali.txt H:\zhangyaogong\letor40\baselines\svm_rank\data\model H:\zhangyaogong\letor40\baselines\svm_rank\data\score', mode 'r' at 0x00000000022EA780>
<open file 'H:\zhangyaogong\letor40\baselines\svm_rank\source_code\svm_rank_learn -c 1.000000 -e 0.001 -l 1 H:\zhangyaogong\letor40\datasets\OHSUMED\Fold2\train.txt H:\zhangyaogong\letor40\baselines\svm_rank\data\model', mode 'r' at 0x00000000022EA8A0>
H:\zhangyaogong\letor40\baselines\svm_rank\source_code\svm_rank_learn -c 1.000000 -e 0.001 -l 1 H:\zhangyaogong\letor40\datasets\OHSUMED\Fold2\train.txt H:\zhangyaogong\letor40\baselines\svm_rank\data\model
<open file 'H:\zhangyaogong\letor40\baselines\svm_rank\source_code\svm_rank_classify H:\zhangyaogong\letor40\datasets\OHSUMED\Fold2\vali.txt H:\zhangyaogong\letor40\baselines\svm_rank\data\model H:\zhangyaogong\letor40\baselines\svm_rank\data\score', mode 'r' at 0x00000000022EA8A0>
<open file 'H:\zhangyaogong\letor40\baselines\svm_rank\source_code\svm_rank_learn -c 10.000000 -e 0.001 -l 1 H:\zhangyaogong\letor40\datasets\OHSUMED\Fold2\train.txt H:\zhangyaogong\letor40\baselines\svm_rank\data\model', mode 'r' at 0x00000000022EA780>
H:\zhangyaogong\letor40\baselines\svm_rank\source_code\svm_rank_learn -c 10.000000 -e 0.001 -l 1 H:\zhangyaogong\letor40\datasets\OHSUMED\Fold2\train.txt H:\zhangyaogong\letor40\baselines\svm_rank\data\model
<open file 'H:\zhangyaogong\letor40\baselines\svm_rank\source_code\svm_rank_classify H:\zhangyaogong\letor40\datasets\OHSUMED\Fold2\vali.txt H:\zhangyaogong\letor40\baselines\svm_rank\data\model H:\zhangyaogong\letor40\baselines\svm_rank\data\score', mode 'r' at 0x00000000022EA780>
<open file 'H:\zhangyaogong\letor40\baselines\svm_rank\source_code\svm_rank_learn -c 100.000000 -e 0.001 -l 1 H:\zhangyaogong\letor40\datasets\OHSUMED\Fold2\train.txt H:\zhangyaogong\letor40\baselines\svm_rank\data\model', mode 'r' at 0x00000000022EA8A0>
H:\zhangyaogong\letor40\baselines\svm_rank\source_code\svm_rank_learn -c 100.000000 -e 0.001 -l 1 H:\zhangyaogong\letor40\datasets\OHSUMED\Fold2\train.txt H:\zhangyaogong\letor40\baselines\svm_rank\data\model
<open file 'H:\zhangyaogong\letor40\baselines\svm_rank\source_code\svm_rank_classify H:\zhangyaogong\letor40\datasets\OHSUMED\Fold2\vali.txt H:\zhangyaogong\letor40\baselines\svm_rank\data\model H:\zhangyaogong\letor40\baselines\svm_rank\data\score', mode 'r' at 0x00000000022EA8A0>
<open file 'H:\zhangyaogong\letor40\baselines\svm_rank\source_code\svm_rank_classify H:\zhangyaogong\letor40\datasets\OHSUMED\Fold2\test.txt H:\zhangyaogong\letor40\baselines\svm_rank\data\OHSUMED\Fold2\final_model H:\zhangyaogong\letor40\baselines\svm_rank\data\OHSUMED\Fold2\test_score', mode 'r' at 0x00000000022EA810>
<open file 'H:\zhangyaogong\letor40\baselines\svm_rank\source_code\svm_rank_classify H:\zhangyaogong\letor40\datasets\OHSUMED\Fold2\vali.txt H:\zhangyaogong\letor40\baselines\svm_rank\data\OHSUMED\Fold2\final_model H:\zhangyaogong\letor40\baselines\svm_rank\data\OHSUMED\Fold2\vali_score', mode 'r' at 0x00000000022EA8A0>
<open file 'H:\zhangyaogong\letor40\baselines\svm_rank\source_code\svm_rank_classify H:\zhangyaogong\letor40\datasets\OHSUMED\Fold2\train.txt H:\zhangyaogong\letor40\baselines\svm_rank\data\OHSUMED\Fold2\final_model H:\zhangyaogong\letor40\baselines\svm_rank\data\OHSUMED\Fold2\train_score', mode 'r' at 0x00000000022EA810>
Fold_2 finish at 0325_1719	
<open file 'H:\zhangyaogong\letor40\baselines\svm_rank\source_code\svm_rank_learn -c 0.000100 -e 0.001 -l 1 H:\zhangyaogong\letor40\datasets\OHSUMED\Fold3\train.txt H:\zhangyaogong\letor40\baselines\svm_rank\data\model', mode 'r' at 0x00000000022EA8A0>
H:\zhangyaogong\letor40\baselines\svm_rank\source_code\svm_rank_learn -c 0.000100 -e 0.001 -l 1 H:\zhangyaogong\letor40\datasets\OHSUMED\Fold3\train.txt H:\zhangyaogong\letor40\baselines\svm_rank\data\model
<open file 'H:\zhangyaogong\letor40\baselines\svm_rank\source_code\svm_rank_classify H:\zhangyaogong\letor40\datasets\OHSUMED\Fold3\vali.txt H:\zhangyaogong\letor40\baselines\svm_rank\data\model H:\zhangyaogong\letor40\baselines\svm_rank\data\score', mode 'r' at 0x00000000022EA8A0>
<open file 'H:\zhangyaogong\letor40\baselines\svm_rank\source_code\svm_rank_learn -c 0.001000 -e 0.001 -l 1 H:\zhangyaogong\letor40\datasets\OHSUMED\Fold3\train.txt H:\zhangyaogong\letor40\baselines\svm_rank\data\model', mode 'r' at 0x00000000022EA810>
H:\zhangyaogong\letor40\baselines\svm_rank\source_code\svm_rank_learn -c 0.001000 -e 0.001 -l 1 H:\zhangyaogong\letor40\datasets\OHSUMED\Fold3\train.txt H:\zhangyaogong\letor40\baselines\svm_rank\data\model
<open file 'H:\zhangyaogong\letor40\baselines\svm_rank\source_code\svm_rank_classify H:\zhangyaogong\letor40\datasets\OHSUMED\Fold3\vali.txt H:\zhangyaogong\letor40\baselines\svm_rank\data\model H:\zhangyaogong\letor40\baselines\svm_rank\data\score', mode 'r' at 0x00000000022EA810>
<open file 'H:\zhangyaogong\letor40\baselines\svm_rank\source_code\svm_rank_learn -c 0.010000 -e 0.001 -l 1 H:\zhangyaogong\letor40\datasets\OHSUMED\Fold3\train.txt H:\zhangyaogong\letor40\baselines\svm_rank\data\model', mode 'r' at 0x00000000022EA8A0>
H:\zhangyaogong\letor40\baselines\svm_rank\source_code\svm_rank_learn -c 0.010000 -e 0.001 -l 1 H:\zhangyaogong\letor40\datasets\OHSUMED\Fold3\train.txt H:\zhangyaogong\letor40\baselines\svm_rank\data\model
<open file 'H:\zhangyaogong\letor40\baselines\svm_rank\source_code\svm_rank_classify H:\zhangyaogong\letor40\datasets\OHSUMED\Fold3\vali.txt H:\zhangyaogong\letor40\baselines\svm_rank\data\model H:\zhangyaogong\letor40\baselines\svm_rank\data\score', mode 'r' at 0x00000000022EA8A0>
<open file 'H:\zhangyaogong\letor40\baselines\svm_rank\source_code\svm_rank_learn -c 0.100000 -e 0.001 -l 1 H:\zhangyaogong\letor40\datasets\OHSUMED\Fold3\train.txt H:\zhangyaogong\letor40\baselines\svm_rank\data\model', mode 'r' at 0x00000000022EA810>
H:\zhangyaogong\letor40\baselines\svm_rank\source_code\svm_rank_learn -c 0.100000 -e 0.001 -l 1 H:\zhangyaogong\letor40\datasets\OHSUMED\Fold3\train.txt H:\zhangyaogong\letor40\baselines\svm_rank\data\model
<open file 'H:\zhangyaogong\letor40\baselines\svm_rank\source_code\svm_rank_classify H:\zhangyaogong\letor40\datasets\OHSUMED\Fold3\vali.txt H:\zhangyaogong\letor40\baselines\svm_rank\data\model H:\zhangyaogong\letor40\baselines\svm_rank\data\score', mode 'r' at 0x00000000022EA810>
<open file 'H:\zhangyaogong\letor40\baselines\svm_rank\source_code\svm_rank_learn -c 1.000000 -e 0.001 -l 1 H:\zhangyaogong\letor40\datasets\OHSUMED\Fold3\train.txt H:\zhangyaogong\letor40\baselines\svm_rank\data\model', mode 'r' at 0x00000000022EA8A0>
H:\zhangyaogong\letor40\baselines\svm_rank\source_code\svm_rank_learn -c 1.000000 -e 0.001 -l 1 H:\zhangyaogong\letor40\datasets\OHSUMED\Fold3\train.txt H:\zhangyaogong\letor40\baselines\svm_rank\data\model
<open file 'H:\zhangyaogong\letor40\baselines\svm_rank\source_code\svm_rank_classify H:\zhangyaogong\letor40\datasets\OHSUMED\Fold3\vali.txt H:\zhangyaogong\letor40\baselines\svm_rank\data\model H:\zhangyaogong\letor40\baselines\svm_rank\data\score', mode 'r' at 0x00000000022EA8A0>
<open file 'H:\zhangyaogong\letor40\baselines\svm_rank\source_code\svm_rank_learn -c 10.000000 -e 0.001 -l 1 H:\zhangyaogong\letor40\datasets\OHSUMED\Fold3\train.txt H:\zhangyaogong\letor40\baselines\svm_rank\data\model', mode 'r' at 0x00000000022EA810>
H:\zhangyaogong\letor40\baselines\svm_rank\source_code\svm_rank_learn -c 10.000000 -e 0.001 -l 1 H:\zhangyaogong\letor40\datasets\OHSUMED\Fold3\train.txt H:\zhangyaogong\letor40\baselines\svm_rank\data\model
<open file 'H:\zhangyaogong\letor40\baselines\svm_rank\source_code\svm_rank_classify H:\zhangyaogong\letor40\datasets\OHSUMED\Fold3\vali.txt H:\zhangyaogong\letor40\baselines\svm_rank\data\model H:\zhangyaogong\letor40\baselines\svm_rank\data\score', mode 'r' at 0x00000000022EA810>
<open file 'H:\zhangyaogong\letor40\baselines\svm_rank\source_code\svm_rank_learn -c 100.000000 -e 0.001 -l 1 H:\zhangyaogong\letor40\datasets\OHSUMED\Fold3\train.txt H:\zhangyaogong\letor40\baselines\svm_rank\data\model', mode 'r' at 0x00000000022EA8A0>
H:\zhangyaogong\letor40\baselines\svm_rank\source_code\svm_rank_learn -c 100.000000 -e 0.001 -l 1 H:\zhangyaogong\letor40\datasets\OHSUMED\Fold3\train.txt H:\zhangyaogong\letor40\baselines\svm_rank\data\model
<open file 'H:\zhangyaogong\letor40\baselines\svm_rank\source_code\svm_rank_classify H:\zhangyaogong\letor40\datasets\OHSUMED\Fold3\vali.txt H:\zhangyaogong\letor40\baselines\svm_rank\data\model H:\zhangyaogong\letor40\baselines\svm_rank\data\score', mode 'r' at 0x00000000022EA8A0>
<open file 'H:\zhangyaogong\letor40\baselines\svm_rank\source_code\svm_rank_classify H:\zhangyaogong\letor40\datasets\OHSUMED\Fold3\test.txt H:\zhangyaogong\letor40\baselines\svm_rank\data\OHSUMED\Fold3\final_model H:\zhangyaogong\letor40\baselines\svm_rank\data\OHSUMED\Fold3\test_score', mode 'r' at 0x00000000022EA780>
<open file 'H:\zhangyaogong\letor40\baselines\svm_rank\source_code\svm_rank_classify H:\zhangyaogong\letor40\datasets\OHSUMED\Fold3\vali.txt H:\zhangyaogong\letor40\baselines\svm_rank\data\OHSUMED\Fold3\final_model H:\zhangyaogong\letor40\baselines\svm_rank\data\OHSUMED\Fold3\vali_score', mode 'r' at 0x00000000022EA8A0>
<open file 'H:\zhangyaogong\letor40\baselines\svm_rank\source_code\svm_rank_classify H:\zhangyaogong\letor40\datasets\OHSUMED\Fold3\train.txt H:\zhangyaogong\letor40\baselines\svm_rank\data\OHSUMED\Fold3\final_model H:\zhangyaogong\letor40\baselines\svm_rank\data\OHSUMED\Fold3\train_score', mode 'r' at 0x00000000022EA780>
Fold_3 finish at 0325_1721	
<open file 'H:\zhangyaogong\letor40\baselines\svm_rank\source_code\svm_rank_learn -c 0.000100 -e 0.001 -l 1 H:\zhangyaogong\letor40\datasets\OHSUMED\Fold4\train.txt H:\zhangyaogong\letor40\baselines\svm_rank\data\model', mode 'r' at 0x00000000022EA8A0>
H:\zhangyaogong\letor40\baselines\svm_rank\source_code\svm_rank_learn -c 0.000100 -e 0.001 -l 1 H:\zhangyaogong\letor40\datasets\OHSUMED\Fold4\train.txt H:\zhangyaogong\letor40\baselines\svm_rank\data\model
<open file 'H:\zhangyaogong\letor40\baselines\svm_rank\source_code\svm_rank_classify H:\zhangyaogong\letor40\datasets\OHSUMED\Fold4\vali.txt H:\zhangyaogong\letor40\baselines\svm_rank\data\model H:\zhangyaogong\letor40\baselines\svm_rank\data\score', mode 'r' at 0x00000000022EA8A0>
<open file 'H:\zhangyaogong\letor40\baselines\svm_rank\source_code\svm_rank_learn -c 0.001000 -e 0.001 -l 1 H:\zhangyaogong\letor40\datasets\OHSUMED\Fold4\train.txt H:\zhangyaogong\letor40\baselines\svm_rank\data\model', mode 'r' at 0x00000000022EA780>
H:\zhangyaogong\letor40\baselines\svm_rank\source_code\svm_rank_learn -c 0.001000 -e 0.001 -l 1 H:\zhangyaogong\letor40\datasets\OHSUMED\Fold4\train.txt H:\zhangyaogong\letor40\baselines\svm_rank\data\model
<open file 'H:\zhangyaogong\letor40\baselines\svm_rank\source_code\svm_rank_classify H:\zhangyaogong\letor40\datasets\OHSUMED\Fold4\vali.txt H:\zhangyaogong\letor40\baselines\svm_rank\data\model H:\zhangyaogong\letor40\baselines\svm_rank\data\score', mode 'r' at 0x00000000022EA780>
<open file 'H:\zhangyaogong\letor40\baselines\svm_rank\source_code\svm_rank_learn -c 0.010000 -e 0.001 -l 1 H:\zhangyaogong\letor40\datasets\OHSUMED\Fold4\train.txt H:\zhangyaogong\letor40\baselines\svm_rank\data\model', mode 'r' at 0x00000000022EA8A0>
H:\zhangyaogong\letor40\baselines\svm_rank\source_code\svm_rank_learn -c 0.010000 -e 0.001 -l 1 H:\zhangyaogong\letor40\datasets\OHSUMED\Fold4\train.txt H:\zhangyaogong\letor40\baselines\svm_rank\data\model
<open file 'H:\zhangyaogong\letor40\baselines\svm_rank\source_code\svm_rank_classify H:\zhangyaogong\letor40\datasets\OHSUMED\Fold4\vali.txt H:\zhangyaogong\letor40\baselines\svm_rank\data\model H:\zhangyaogong\letor40\baselines\svm_rank\data\score', mode 'r' at 0x00000000022EA8A0>
<open file 'H:\zhangyaogong\letor40\baselines\svm_rank\source_code\svm_rank_learn -c 0.100000 -e 0.001 -l 1 H:\zhangyaogong\letor40\datasets\OHSUMED\Fold4\train.txt H:\zhangyaogong\letor40\baselines\svm_rank\data\model', mode 'r' at 0x00000000022EA780>
H:\zhangyaogong\letor40\baselines\svm_rank\source_code\svm_rank_learn -c 0.100000 -e 0.001 -l 1 H:\zhangyaogong\letor40\datasets\OHSUMED\Fold4\train.txt H:\zhangyaogong\letor40\baselines\svm_rank\data\model
<open file 'H:\zhangyaogong\letor40\baselines\svm_rank\source_code\svm_rank_classify H:\zhangyaogong\letor40\datasets\OHSUMED\Fold4\vali.txt H:\zhangyaogong\letor40\baselines\svm_rank\data\model H:\zhangyaogong\letor40\baselines\svm_rank\data\score', mode 'r' at 0x00000000022EA780>
<open file 'H:\zhangyaogong\letor40\baselines\svm_rank\source_code\svm_rank_learn -c 1.000000 -e 0.001 -l 1 H:\zhangyaogong\letor40\datasets\OHSUMED\Fold4\train.txt H:\zhangyaogong\letor40\baselines\svm_rank\data\model', mode 'r' at 0x00000000022EA8A0>
H:\zhangyaogong\letor40\baselines\svm_rank\source_code\svm_rank_learn -c 1.000000 -e 0.001 -l 1 H:\zhangyaogong\letor40\datasets\OHSUMED\Fold4\train.txt H:\zhangyaogong\letor40\baselines\svm_rank\data\model
<open file 'H:\zhangyaogong\letor40\baselines\svm_rank\source_code\svm_rank_classify H:\zhangyaogong\letor40\datasets\OHSUMED\Fold4\vali.txt H:\zhangyaogong\letor40\baselines\svm_rank\data\model H:\zhangyaogong\letor40\baselines\svm_rank\data\score', mode 'r' at 0x00000000022EA8A0>
<open file 'H:\zhangyaogong\letor40\baselines\svm_rank\source_code\svm_rank_learn -c 10.000000 -e 0.001 -l 1 H:\zhangyaogong\letor40\datasets\OHSUMED\Fold4\train.txt H:\zhangyaogong\letor40\baselines\svm_rank\data\model', mode 'r' at 0x00000000022EA780>
H:\zhangyaogong\letor40\baselines\svm_rank\source_code\svm_rank_learn -c 10.000000 -e 0.001 -l 1 H:\zhangyaogong\letor40\datasets\OHSUMED\Fold4\train.txt H:\zhangyaogong\letor40\baselines\svm_rank\data\model
<open file 'H:\zhangyaogong\letor40\baselines\svm_rank\source_code\svm_rank_classify H:\zhangyaogong\letor40\datasets\OHSUMED\Fold4\vali.txt H:\zhangyaogong\letor40\baselines\svm_rank\data\model H:\zhangyaogong\letor40\baselines\svm_rank\data\score', mode 'r' at 0x00000000022EA780>
<open file 'H:\zhangyaogong\letor40\baselines\svm_rank\source_code\svm_rank_learn -c 100.000000 -e 0.001 -l 1 H:\zhangyaogong\letor40\datasets\OHSUMED\Fold4\train.txt H:\zhangyaogong\letor40\baselines\svm_rank\data\model', mode 'r' at 0x00000000022EA8A0>
H:\zhangyaogong\letor40\baselines\svm_rank\source_code\svm_rank_learn -c 100.000000 -e 0.001 -l 1 H:\zhangyaogong\letor40\datasets\OHSUMED\Fold4\train.txt H:\zhangyaogong\letor40\baselines\svm_rank\data\model
<open file 'H:\zhangyaogong\letor40\baselines\svm_rank\source_code\svm_rank_classify H:\zhangyaogong\letor40\datasets\OHSUMED\Fold4\vali.txt H:\zhangyaogong\letor40\baselines\svm_rank\data\model H:\zhangyaogong\letor40\baselines\svm_rank\data\score', mode 'r' at 0x00000000022EA8A0>
<open file 'H:\zhangyaogong\letor40\baselines\svm_rank\source_code\svm_rank_classify H:\zhangyaogong\letor40\datasets\OHSUMED\Fold4\test.txt H:\zhangyaogong\letor40\baselines\svm_rank\data\OHSUMED\Fold4\final_model H:\zhangyaogong\letor40\baselines\svm_rank\data\OHSUMED\Fold4\test_score', mode 'r' at 0x00000000022EA810>
<open file 'H:\zhangyaogong\letor40\baselines\svm_rank\source_code\svm_rank_classify H:\zhangyaogong\letor40\datasets\OHSUMED\Fold4\vali.txt H:\zhangyaogong\letor40\baselines\svm_rank\data\OHSUMED\Fold4\final_model H:\zhangyaogong\letor40\baselines\svm_rank\data\OHSUMED\Fold4\vali_score', mode 'r' at 0x00000000022EA8A0>
<open file 'H:\zhangyaogong\letor40\baselines\svm_rank\source_code\svm_rank_classify H:\zhangyaogong\letor40\datasets\OHSUMED\Fold4\train.txt H:\zhangyaogong\letor40\baselines\svm_rank\data\OHSUMED\Fold4\final_model H:\zhangyaogong\letor40\baselines\svm_rank\data\OHSUMED\Fold4\train_score', mode 'r' at 0x00000000022EA810>
Fold_4 finish at 0325_1722	
<open file 'H:\zhangyaogong\letor40\baselines\svm_rank\source_code\svm_rank_learn -c 0.000100 -e 0.001 -l 1 H:\zhangyaogong\letor40\datasets\OHSUMED\Fold5\train.txt H:\zhangyaogong\letor40\baselines\svm_rank\data\model', mode 'r' at 0x00000000022EA8A0>
H:\zhangyaogong\letor40\baselines\svm_rank\source_code\svm_rank_learn -c 0.000100 -e 0.001 -l 1 H:\zhangyaogong\letor40\datasets\OHSUMED\Fold5\train.txt H:\zhangyaogong\letor40\baselines\svm_rank\data\model
<open file 'H:\zhangyaogong\letor40\baselines\svm_rank\source_code\svm_rank_classify H:\zhangyaogong\letor40\datasets\OHSUMED\Fold5\vali.txt H:\zhangyaogong\letor40\baselines\svm_rank\data\model H:\zhangyaogong\letor40\baselines\svm_rank\data\score', mode 'r' at 0x00000000022EA8A0>
<open file 'H:\zhangyaogong\letor40\baselines\svm_rank\source_code\svm_rank_learn -c 0.001000 -e 0.001 -l 1 H:\zhangyaogong\letor40\datasets\OHSUMED\Fold5\train.txt H:\zhangyaogong\letor40\baselines\svm_rank\data\model', mode 'r' at 0x00000000022EA810>
H:\zhangyaogong\letor40\baselines\svm_rank\source_code\svm_rank_learn -c 0.001000 -e 0.001 -l 1 H:\zhangyaogong\letor40\datasets\OHSUMED\Fold5\train.txt H:\zhangyaogong\letor40\baselines\svm_rank\data\model
<open file 'H:\zhangyaogong\letor40\baselines\svm_rank\source_code\svm_rank_classify H:\zhangyaogong\letor40\datasets\OHSUMED\Fold5\vali.txt H:\zhangyaogong\letor40\baselines\svm_rank\data\model H:\zhangyaogong\letor40\baselines\svm_rank\data\score', mode 'r' at 0x00000000022EA810>
<open file 'H:\zhangyaogong\letor40\baselines\svm_rank\source_code\svm_rank_learn -c 0.010000 -e 0.001 -l 1 H:\zhangyaogong\letor40\datasets\OHSUMED\Fold5\train.txt H:\zhangyaogong\letor40\baselines\svm_rank\data\model', mode 'r' at 0x00000000022EA8A0>
H:\zhangyaogong\letor40\baselines\svm_rank\source_code\svm_rank_learn -c 0.010000 -e 0.001 -l 1 H:\zhangyaogong\letor40\datasets\OHSUMED\Fold5\train.txt H:\zhangyaogong\letor40\baselines\svm_rank\data\model
<open file 'H:\zhangyaogong\letor40\baselines\svm_rank\source_code\svm_rank_classify H:\zhangyaogong\letor40\datasets\OHSUMED\Fold5\vali.txt H:\zhangyaogong\letor40\baselines\svm_rank\data\model H:\zhangyaogong\letor40\baselines\svm_rank\data\score', mode 'r' at 0x00000000022EA8A0>
<open file 'H:\zhangyaogong\letor40\baselines\svm_rank\source_code\svm_rank_learn -c 0.100000 -e 0.001 -l 1 H:\zhangyaogong\letor40\datasets\OHSUMED\Fold5\train.txt H:\zhangyaogong\letor40\baselines\svm_rank\data\model', mode 'r' at 0x00000000022EA810>
H:\zhangyaogong\letor40\baselines\svm_rank\source_code\svm_rank_learn -c 0.100000 -e 0.001 -l 1 H:\zhangyaogong\letor40\datasets\OHSUMED\Fold5\train.txt H:\zhangyaogong\letor40\baselines\svm_rank\data\model
<open file 'H:\zhangyaogong\letor40\baselines\svm_rank\source_code\svm_rank_classify H:\zhangyaogong\letor40\datasets\OHSUMED\Fold5\vali.txt H:\zhangyaogong\letor40\baselines\svm_rank\data\model H:\zhangyaogong\letor40\baselines\svm_rank\data\score', mode 'r' at 0x00000000022EA810>
<open file 'H:\zhangyaogong\letor40\baselines\svm_rank\source_code\svm_rank_learn -c 1.000000 -e 0.001 -l 1 H:\zhangyaogong\letor40\datasets\OHSUMED\Fold5\train.txt H:\zhangyaogong\letor40\baselines\svm_rank\data\model', mode 'r' at 0x00000000022EA8A0>
H:\zhangyaogong\letor40\baselines\svm_rank\source_code\svm_rank_learn -c 1.000000 -e 0.001 -l 1 H:\zhangyaogong\letor40\datasets\OHSUMED\Fold5\train.txt H:\zhangyaogong\letor40\baselines\svm_rank\data\model
<open file 'H:\zhangyaogong\letor40\baselines\svm_rank\source_code\svm_rank_classify H:\zhangyaogong\letor40\datasets\OHSUMED\Fold5\vali.txt H:\zhangyaogong\letor40\baselines\svm_rank\data\model H:\zhangyaogong\letor40\baselines\svm_rank\data\score', mode 'r' at 0x00000000022EA8A0>
<open file 'H:\zhangyaogong\letor40\baselines\svm_rank\source_code\svm_rank_learn -c 10.000000 -e 0.001 -l 1 H:\zhangyaogong\letor40\datasets\OHSUMED\Fold5\train.txt H:\zhangyaogong\letor40\baselines\svm_rank\data\model', mode 'r' at 0x00000000022EA810>
H:\zhangyaogong\letor40\baselines\svm_rank\source_code\svm_rank_learn -c 10.000000 -e 0.001 -l 1 H:\zhangyaogong\letor40\datasets\OHSUMED\Fold5\train.txt H:\zhangyaogong\letor40\baselines\svm_rank\data\model
<open file 'H:\zhangyaogong\letor40\baselines\svm_rank\source_code\svm_rank_classify H:\zhangyaogong\letor40\datasets\OHSUMED\Fold5\vali.txt H:\zhangyaogong\letor40\baselines\svm_rank\data\model H:\zhangyaogong\letor40\baselines\svm_rank\data\score', mode 'r' at 0x00000000022EA810>
<open file 'H:\zhangyaogong\letor40\baselines\svm_rank\source_code\svm_rank_learn -c 100.000000 -e 0.001 -l 1 H:\zhangyaogong\letor40\datasets\OHSUMED\Fold5\train.txt H:\zhangyaogong\letor40\baselines\svm_rank\data\model', mode 'r' at 0x00000000022EA8A0>
H:\zhangyaogong\letor40\baselines\svm_rank\source_code\svm_rank_learn -c 100.000000 -e 0.001 -l 1 H:\zhangyaogong\letor40\datasets\OHSUMED\Fold5\train.txt H:\zhangyaogong\letor40\baselines\svm_rank\data\model
<open file 'H:\zhangyaogong\letor40\baselines\svm_rank\source_code\svm_rank_classify H:\zhangyaogong\letor40\datasets\OHSUMED\Fold5\vali.txt H:\zhangyaogong\letor40\baselines\svm_rank\data\model H:\zhangyaogong\letor40\baselines\svm_rank\data\score', mode 'r' at 0x00000000022EA8A0>
<open file 'H:\zhangyaogong\letor40\baselines\svm_rank\source_code\svm_rank_classify H:\zhangyaogong\letor40\datasets\OHSUMED\Fold5\test.txt H:\zhangyaogong\letor40\baselines\svm_rank\data\OHSUMED\Fold5\final_model H:\zhangyaogong\letor40\baselines\svm_rank\data\OHSUMED\Fold5\test_score', mode 'r' at 0x00000000022EA780>
<open file 'H:\zhangyaogong\letor40\baselines\svm_rank\source_code\svm_rank_classify H:\zhangyaogong\letor40\datasets\OHSUMED\Fold5\vali.txt H:\zhangyaogong\letor40\baselines\svm_rank\data\OHSUMED\Fold5\final_model H:\zhangyaogong\letor40\baselines\svm_rank\data\OHSUMED\Fold5\vali_score', mode 'r' at 0x00000000022EA8A0>
<open file 'H:\zhangyaogong\letor40\baselines\svm_rank\source_code\svm_rank_classify H:\zhangyaogong\letor40\datasets\OHSUMED\Fold5\train.txt H:\zhangyaogong\letor40\baselines\svm_rank\data\OHSUMED\Fold5\final_model H:\zhangyaogong\letor40\baselines\svm_rank\data\OHSUMED\Fold5\train_score', mode 'r' at 0x00000000022EA780>
Fold_5 finish at 0325_1722	

at 0325_1722 begin to write into files..	
