pars
c

<open file 'H:\zhangyaogong\letor40\baselines\FacSVM_Rank\source_code\FacRankSVM_learn -c 50.000000 -C 1.000000 -e 0.000001 -b 10 -i 100 H:\zhangyaogong\letor40\datasets\OHSUMED\Fold1\train.txt H:\zhangyaogong\letor40\baselines\FacSVM_Rank\data\OHSUMED\model', mode 'r' at 0x000000000233A780>
<open file 'H:\zhangyaogong\letor40\baselines\FacSVM_Rank\source_code\FacRankSVM_predit H:\zhangyaogong\letor40\datasets\OHSUMED\Fold1\vali.txt H:\zhangyaogong\letor40\baselines\FacSVM_Rank\data\OHSUMED\model H:\zhangyaogong\letor40\baselines\FacSVM_Rank\data\OHSUMED\score', mode 'r' at 0x000000000233A780>
<open file 'H:\zhangyaogong\letor40\baselines\FacSVM_Rank\source_code\FacRankSVM_predit H:\zhangyaogong\letor40\datasets\OHSUMED\Fold1\test.txt H:\zhangyaogong\letor40\baselines\FacSVM_Rank\data\OHSUMED\OHSUMED\Fold1\final_model H:\zhangyaogong\letor40\baselines\FacSVM_Rank\data\OHSUMED\OHSUMED\Fold1\test_score', mode 'r' at 0x000000000233A780>
<open file 'H:\zhangyaogong\letor40\baselines\FacSVM_Rank\source_code\FacRankSVM_predit H:\zhangyaogong\letor40\datasets\OHSUMED\Fold1\vali.txt H:\zhangyaogong\letor40\baselines\FacSVM_Rank\data\OHSUMED\OHSUMED\Fold1\final_model H:\zhangyaogong\letor40\baselines\FacSVM_Rank\data\OHSUMED\OHSUMED\Fold1\vali_score', mode 'r' at 0x000000000233A8A0>
<open file 'H:\zhangyaogong\letor40\baselines\FacSVM_Rank\source_code\FacRankSVM_predit H:\zhangyaogong\letor40\datasets\OHSUMED\Fold1\train.txt H:\zhangyaogong\letor40\baselines\FacSVM_Rank\data\OHSUMED\OHSUMED\Fold1\final_model H:\zhangyaogong\letor40\baselines\FacSVM_Rank\data\OHSUMED\OHSUMED\Fold1\train_score', mode 'r' at 0x000000000233A780>
Fold_1 finish at 0407_1423	
<open file 'H:\zhangyaogong\letor40\baselines\FacSVM_Rank\source_code\FacRankSVM_learn -c 50.000000 -C 1.000000 -e 0.000001 -b 10 -i 100 H:\zhangyaogong\letor40\datasets\OHSUMED\Fold2\train.txt H:\zhangyaogong\letor40\baselines\FacSVM_Rank\data\OHSUMED\model', mode 'r' at 0x000000000233A8A0>
<open file 'H:\zhangyaogong\letor40\baselines\FacSVM_Rank\source_code\FacRankSVM_predit H:\zhangyaogong\letor40\datasets\OHSUMED\Fold2\vali.txt H:\zhangyaogong\letor40\baselines\FacSVM_Rank\data\OHSUMED\model H:\zhangyaogong\letor40\baselines\FacSVM_Rank\data\OHSUMED\score', mode 'r' at 0x000000000233A8A0>
<open file 'H:\zhangyaogong\letor40\baselines\FacSVM_Rank\source_code\FacRankSVM_predit H:\zhangyaogong\letor40\datasets\OHSUMED\Fold2\test.txt H:\zhangyaogong\letor40\baselines\FacSVM_Rank\data\OHSUMED\OHSUMED\Fold2\final_model H:\zhangyaogong\letor40\baselines\FacSVM_Rank\data\OHSUMED\OHSUMED\Fold2\test_score', mode 'r' at 0x000000000233A810>
<open file 'H:\zhangyaogong\letor40\baselines\FacSVM_Rank\source_code\FacRankSVM_predit H:\zhangyaogong\letor40\datasets\OHSUMED\Fold2\vali.txt H:\zhangyaogong\letor40\baselines\FacSVM_Rank\data\OHSUMED\OHSUMED\Fold2\final_model H:\zhangyaogong\letor40\baselines\FacSVM_Rank\data\OHSUMED\OHSUMED\Fold2\vali_score', mode 'r' at 0x000000000233A8A0>
<open file 'H:\zhangyaogong\letor40\baselines\FacSVM_Rank\source_code\FacRankSVM_predit H:\zhangyaogong\letor40\datasets\OHSUMED\Fold2\train.txt H:\zhangyaogong\letor40\baselines\FacSVM_Rank\data\OHSUMED\OHSUMED\Fold2\final_model H:\zhangyaogong\letor40\baselines\FacSVM_Rank\data\OHSUMED\OHSUMED\Fold2\train_score', mode 'r' at 0x000000000233A810>
Fold_2 finish at 0407_1424	
<open file 'H:\zhangyaogong\letor40\baselines\FacSVM_Rank\source_code\FacRankSVM_learn -c 50.000000 -C 1.000000 -e 0.000001 -b 10 -i 100 H:\zhangyaogong\letor40\datasets\OHSUMED\Fold3\train.txt H:\zhangyaogong\letor40\baselines\FacSVM_Rank\data\OHSUMED\model', mode 'r' at 0x000000000233A8A0>
<open file 'H:\zhangyaogong\letor40\baselines\FacSVM_Rank\source_code\FacRankSVM_predit H:\zhangyaogong\letor40\datasets\OHSUMED\Fold3\vali.txt H:\zhangyaogong\letor40\baselines\FacSVM_Rank\data\OHSUMED\model H:\zhangyaogong\letor40\baselines\FacSVM_Rank\data\OHSUMED\score', mode 'r' at 0x000000000233A8A0>
<open file 'H:\zhangyaogong\letor40\baselines\FacSVM_Rank\source_code\FacRankSVM_predit H:\zhangyaogong\letor40\datasets\OHSUMED\Fold3\test.txt H:\zhangyaogong\letor40\baselines\FacSVM_Rank\data\OHSUMED\OHSUMED\Fold3\final_model H:\zhangyaogong\letor40\baselines\FacSVM_Rank\data\OHSUMED\OHSUMED\Fold3\test_score', mode 'r' at 0x000000000233A780>
<open file 'H:\zhangyaogong\letor40\baselines\FacSVM_Rank\source_code\FacRankSVM_predit H:\zhangyaogong\letor40\datasets\OHSUMED\Fold3\vali.txt H:\zhangyaogong\letor40\baselines\FacSVM_Rank\data\OHSUMED\OHSUMED\Fold3\final_model H:\zhangyaogong\letor40\baselines\FacSVM_Rank\data\OHSUMED\OHSUMED\Fold3\vali_score', mode 'r' at 0x000000000233A8A0>
<open file 'H:\zhangyaogong\letor40\baselines\FacSVM_Rank\source_code\FacRankSVM_predit H:\zhangyaogong\letor40\datasets\OHSUMED\Fold3\train.txt H:\zhangyaogong\letor40\baselines\FacSVM_Rank\data\OHSUMED\OHSUMED\Fold3\final_model H:\zhangyaogong\letor40\baselines\FacSVM_Rank\data\OHSUMED\OHSUMED\Fold3\train_score', mode 'r' at 0x000000000233A780>
Fold_3 finish at 0407_1424	
<open file 'H:\zhangyaogong\letor40\baselines\FacSVM_Rank\source_code\FacRankSVM_learn -c 50.000000 -C 1.000000 -e 0.000001 -b 10 -i 100 H:\zhangyaogong\letor40\datasets\OHSUMED\Fold4\train.txt H:\zhangyaogong\letor40\baselines\FacSVM_Rank\data\OHSUMED\model', mode 'r' at 0x000000000233A8A0>
<open file 'H:\zhangyaogong\letor40\baselines\FacSVM_Rank\source_code\FacRankSVM_predit H:\zhangyaogong\letor40\datasets\OHSUMED\Fold4\vali.txt H:\zhangyaogong\letor40\baselines\FacSVM_Rank\data\OHSUMED\model H:\zhangyaogong\letor40\baselines\FacSVM_Rank\data\OHSUMED\score', mode 'r' at 0x000000000233A8A0>
<open file 'H:\zhangyaogong\letor40\baselines\FacSVM_Rank\source_code\FacRankSVM_predit H:\zhangyaogong\letor40\datasets\OHSUMED\Fold4\test.txt H:\zhangyaogong\letor40\baselines\FacSVM_Rank\data\OHSUMED\OHSUMED\Fold4\final_model H:\zhangyaogong\letor40\baselines\FacSVM_Rank\data\OHSUMED\OHSUMED\Fold4\test_score', mode 'r' at 0x000000000233A810>
<open file 'H:\zhangyaogong\letor40\baselines\FacSVM_Rank\source_code\FacRankSVM_predit H:\zhangyaogong\letor40\datasets\OHSUMED\Fold4\vali.txt H:\zhangyaogong\letor40\baselines\FacSVM_Rank\data\OHSUMED\OHSUMED\Fold4\final_model H:\zhangyaogong\letor40\baselines\FacSVM_Rank\data\OHSUMED\OHSUMED\Fold4\vali_score', mode 'r' at 0x000000000233A8A0>
<open file 'H:\zhangyaogong\letor40\baselines\FacSVM_Rank\source_code\FacRankSVM_predit H:\zhangyaogong\letor40\datasets\OHSUMED\Fold4\train.txt H:\zhangyaogong\letor40\baselines\FacSVM_Rank\data\OHSUMED\OHSUMED\Fold4\final_model H:\zhangyaogong\letor40\baselines\FacSVM_Rank\data\OHSUMED\OHSUMED\Fold4\train_score', mode 'r' at 0x000000000233A810>
Fold_4 finish at 0407_1424	
<open file 'H:\zhangyaogong\letor40\baselines\FacSVM_Rank\source_code\FacRankSVM_learn -c 50.000000 -C 1.000000 -e 0.000001 -b 10 -i 100 H:\zhangyaogong\letor40\datasets\OHSUMED\Fold5\train.txt H:\zhangyaogong\letor40\baselines\FacSVM_Rank\data\OHSUMED\model', mode 'r' at 0x000000000233A8A0>
<open file 'H:\zhangyaogong\letor40\baselines\FacSVM_Rank\source_code\FacRankSVM_predit H:\zhangyaogong\letor40\datasets\OHSUMED\Fold5\vali.txt H:\zhangyaogong\letor40\baselines\FacSVM_Rank\data\OHSUMED\model H:\zhangyaogong\letor40\baselines\FacSVM_Rank\data\OHSUMED\score', mode 'r' at 0x000000000233A8A0>
<open file 'H:\zhangyaogong\letor40\baselines\FacSVM_Rank\source_code\FacRankSVM_predit H:\zhangyaogong\letor40\datasets\OHSUMED\Fold5\test.txt H:\zhangyaogong\letor40\baselines\FacSVM_Rank\data\OHSUMED\OHSUMED\Fold5\final_model H:\zhangyaogong\letor40\baselines\FacSVM_Rank\data\OHSUMED\OHSUMED\Fold5\test_score', mode 'r' at 0x000000000233A780>
<open file 'H:\zhangyaogong\letor40\baselines\FacSVM_Rank\source_code\FacRankSVM_predit H:\zhangyaogong\letor40\datasets\OHSUMED\Fold5\vali.txt H:\zhangyaogong\letor40\baselines\FacSVM_Rank\data\OHSUMED\OHSUMED\Fold5\final_model H:\zhangyaogong\letor40\baselines\FacSVM_Rank\data\OHSUMED\OHSUMED\Fold5\vali_score', mode 'r' at 0x000000000233A8A0>
<open file 'H:\zhangyaogong\letor40\baselines\FacSVM_Rank\source_code\FacRankSVM_predit H:\zhangyaogong\letor40\datasets\OHSUMED\Fold5\train.txt H:\zhangyaogong\letor40\baselines\FacSVM_Rank\data\OHSUMED\OHSUMED\Fold5\final_model H:\zhangyaogong\letor40\baselines\FacSVM_Rank\data\OHSUMED\OHSUMED\Fold5\train_score', mode 'r' at 0x000000000233A780>
Fold_5 finish at 0407_1424	

at 0407_1424 begin to write into files..	
