pars
c

H:\zhangyaogong\letor40\baselines\FacSVM_Rank\data\OHSUMED
<open file 'H:\zhangyaogong\letor40\baselines\FacSVM_Rank\source_code\FacRankSVM_learn -c 20.000000 -C 0.010000 -e 0.000001 -b 5000 -i 10000 H:\zhangyaogong\letor40\datasets\OHSUMED\Fold1\train.txt H:\zhangyaogong\letor40\baselines\FacSVM_Rank\data\OHSUMED\model', mode 'r' at 0x00000000023DA780>
<open file 'H:\zhangyaogong\letor40\baselines\FacSVM_Rank\source_code\FacRankSVM_predit H:\zhangyaogong\letor40\datasets\OHSUMED\Fold1\vali.txt H:\zhangyaogong\letor40\baselines\FacSVM_Rank\data\OHSUMED\model H:\zhangyaogong\letor40\baselines\FacSVM_Rank\data\OHSUMED\score', mode 'r' at 0x00000000023DA780>
<open file 'H:\zhangyaogong\letor40\baselines\FacSVM_Rank\source_code\FacRankSVM_learn -c 50.000000 -C 0.010000 -e 0.000001 -b 5000 -i 10000 H:\zhangyaogong\letor40\datasets\OHSUMED\Fold1\train.txt H:\zhangyaogong\letor40\baselines\FacSVM_Rank\data\OHSUMED\model', mode 'r' at 0x00000000023DA810>
<open file 'H:\zhangyaogong\letor40\baselines\FacSVM_Rank\source_code\FacRankSVM_predit H:\zhangyaogong\letor40\datasets\OHSUMED\Fold1\vali.txt H:\zhangyaogong\letor40\baselines\FacSVM_Rank\data\OHSUMED\model H:\zhangyaogong\letor40\baselines\FacSVM_Rank\data\OHSUMED\score', mode 'r' at 0x00000000023DA810>
<open file 'H:\zhangyaogong\letor40\baselines\FacSVM_Rank\source_code\FacRankSVM_learn -c 20.000000 -C 0.010000 -e 0.000001 -b 5000 -i 20000 H:\zhangyaogong\letor40\datasets\OHSUMED\Fold1\train.txt H:\zhangyaogong\letor40\baselines\FacSVM_Rank\data\OHSUMED\model', mode 'r' at 0x00000000023DA780>
<open file 'H:\zhangyaogong\letor40\baselines\FacSVM_Rank\source_code\FacRankSVM_predit H:\zhangyaogong\letor40\datasets\OHSUMED\Fold1\vali.txt H:\zhangyaogong\letor40\baselines\FacSVM_Rank\data\OHSUMED\model H:\zhangyaogong\letor40\baselines\FacSVM_Rank\data\OHSUMED\score', mode 'r' at 0x00000000023DA780>
<open file 'H:\zhangyaogong\letor40\baselines\FacSVM_Rank\source_code\FacRankSVM_learn -c 50.000000 -C 0.010000 -e 0.000001 -b 5000 -i 20000 H:\zhangyaogong\letor40\datasets\OHSUMED\Fold1\train.txt H:\zhangyaogong\letor40\baselines\FacSVM_Rank\data\OHSUMED\model', mode 'r' at 0x00000000023DA810>
<open file 'H:\zhangyaogong\letor40\baselines\FacSVM_Rank\source_code\FacRankSVM_predit H:\zhangyaogong\letor40\datasets\OHSUMED\Fold1\vali.txt H:\zhangyaogong\letor40\baselines\FacSVM_Rank\data\OHSUMED\model H:\zhangyaogong\letor40\baselines\FacSVM_Rank\data\OHSUMED\score', mode 'r' at 0x00000000023DA810>
<open file 'H:\zhangyaogong\letor40\baselines\FacSVM_Rank\source_code\FacRankSVM_learn -c 20.000000 -C 0.010000 -e 0.000001 -b 5000 -i 30000 H:\zhangyaogong\letor40\datasets\OHSUMED\Fold1\train.txt H:\zhangyaogong\letor40\baselines\FacSVM_Rank\data\OHSUMED\model', mode 'r' at 0x00000000023DA780>
<open file 'H:\zhangyaogong\letor40\baselines\FacSVM_Rank\source_code\FacRankSVM_predit H:\zhangyaogong\letor40\datasets\OHSUMED\Fold1\vali.txt H:\zhangyaogong\letor40\baselines\FacSVM_Rank\data\OHSUMED\model H:\zhangyaogong\letor40\baselines\FacSVM_Rank\data\OHSUMED\score', mode 'r' at 0x00000000023DA780>
<open file 'H:\zhangyaogong\letor40\baselines\FacSVM_Rank\source_code\FacRankSVM_learn -c 50.000000 -C 0.010000 -e 0.000001 -b 5000 -i 30000 H:\zhangyaogong\letor40\datasets\OHSUMED\Fold1\train.txt H:\zhangyaogong\letor40\baselines\FacSVM_Rank\data\OHSUMED\model', mode 'r' at 0x00000000023DA810>
<open file 'H:\zhangyaogong\letor40\baselines\FacSVM_Rank\source_code\FacRankSVM_predit H:\zhangyaogong\letor40\datasets\OHSUMED\Fold1\vali.txt H:\zhangyaogong\letor40\baselines\FacSVM_Rank\data\OHSUMED\model H:\zhangyaogong\letor40\baselines\FacSVM_Rank\data\OHSUMED\score', mode 'r' at 0x00000000023DA810>
<open file 'H:\zhangyaogong\letor40\baselines\FacSVM_Rank\source_code\FacRankSVM_learn -c 20.000000 -C 0.010000 -e 0.000001 -b 5000 -i 40000 H:\zhangyaogong\letor40\datasets\OHSUMED\Fold1\train.txt H:\zhangyaogong\letor40\baselines\FacSVM_Rank\data\OHSUMED\model', mode 'r' at 0x00000000023DA780>
<open file 'H:\zhangyaogong\letor40\baselines\FacSVM_Rank\source_code\FacRankSVM_predit H:\zhangyaogong\letor40\datasets\OHSUMED\Fold1\vali.txt H:\zhangyaogong\letor40\baselines\FacSVM_Rank\data\OHSUMED\model H:\zhangyaogong\letor40\baselines\FacSVM_Rank\data\OHSUMED\score', mode 'r' at 0x00000000023DA780>
<open file 'H:\zhangyaogong\letor40\baselines\FacSVM_Rank\source_code\FacRankSVM_learn -c 50.000000 -C 0.010000 -e 0.000001 -b 5000 -i 40000 H:\zhangyaogong\letor40\datasets\OHSUMED\Fold1\train.txt H:\zhangyaogong\letor40\baselines\FacSVM_Rank\data\OHSUMED\model', mode 'r' at 0x00000000023DA810>
<open file 'H:\zhangyaogong\letor40\baselines\FacSVM_Rank\source_code\FacRankSVM_predit H:\zhangyaogong\letor40\datasets\OHSUMED\Fold1\vali.txt H:\zhangyaogong\letor40\baselines\FacSVM_Rank\data\OHSUMED\model H:\zhangyaogong\letor40\baselines\FacSVM_Rank\data\OHSUMED\score', mode 'r' at 0x00000000023DA810>
<open file 'H:\zhangyaogong\letor40\baselines\FacSVM_Rank\source_code\FacRankSVM_learn -c 20.000000 -C 0.010000 -e 0.000001 -b 5000 -i 50000 H:\zhangyaogong\letor40\datasets\OHSUMED\Fold1\train.txt H:\zhangyaogong\letor40\baselines\FacSVM_Rank\data\OHSUMED\model', mode 'r' at 0x00000000023DA780>
<open file 'H:\zhangyaogong\letor40\baselines\FacSVM_Rank\source_code\FacRankSVM_predit H:\zhangyaogong\letor40\datasets\OHSUMED\Fold1\vali.txt H:\zhangyaogong\letor40\baselines\FacSVM_Rank\data\OHSUMED\model H:\zhangyaogong\letor40\baselines\FacSVM_Rank\data\OHSUMED\score', mode 'r' at 0x00000000023DA780>
<open file 'H:\zhangyaogong\letor40\baselines\FacSVM_Rank\source_code\FacRankSVM_learn -c 50.000000 -C 0.010000 -e 0.000001 -b 5000 -i 50000 H:\zhangyaogong\letor40\datasets\OHSUMED\Fold1\train.txt H:\zhangyaogong\letor40\baselines\FacSVM_Rank\data\OHSUMED\model', mode 'r' at 0x00000000023DA810>
<open file 'H:\zhangyaogong\letor40\baselines\FacSVM_Rank\source_code\FacRankSVM_predit H:\zhangyaogong\letor40\datasets\OHSUMED\Fold1\vali.txt H:\zhangyaogong\letor40\baselines\FacSVM_Rank\data\OHSUMED\model H:\zhangyaogong\letor40\baselines\FacSVM_Rank\data\OHSUMED\score', mode 'r' at 0x00000000023DA810>
<open file 'H:\zhangyaogong\letor40\baselines\FacSVM_Rank\source_code\FacRankSVM_learn -c 20.000000 -C 0.010000 -e 0.000001 -b 5000 -i 60000 H:\zhangyaogong\letor40\datasets\OHSUMED\Fold1\train.txt H:\zhangyaogong\letor40\baselines\FacSVM_Rank\data\OHSUMED\model', mode 'r' at 0x00000000023DA780>
<open file 'H:\zhangyaogong\letor40\baselines\FacSVM_Rank\source_code\FacRankSVM_predit H:\zhangyaogong\letor40\datasets\OHSUMED\Fold1\vali.txt H:\zhangyaogong\letor40\baselines\FacSVM_Rank\data\OHSUMED\model H:\zhangyaogong\letor40\baselines\FacSVM_Rank\data\OHSUMED\score', mode 'r' at 0x00000000023DA780>
<open file 'H:\zhangyaogong\letor40\baselines\FacSVM_Rank\source_code\FacRankSVM_learn -c 50.000000 -C 0.010000 -e 0.000001 -b 5000 -i 60000 H:\zhangyaogong\letor40\datasets\OHSUMED\Fold1\train.txt H:\zhangyaogong\letor40\baselines\FacSVM_Rank\data\OHSUMED\model', mode 'r' at 0x00000000023DA810>
<open file 'H:\zhangyaogong\letor40\baselines\FacSVM_Rank\source_code\FacRankSVM_predit H:\zhangyaogong\letor40\datasets\OHSUMED\Fold1\vali.txt H:\zhangyaogong\letor40\baselines\FacSVM_Rank\data\OHSUMED\model H:\zhangyaogong\letor40\baselines\FacSVM_Rank\data\OHSUMED\score', mode 'r' at 0x00000000023DA810>
<open file 'H:\zhangyaogong\letor40\baselines\FacSVM_Rank\source_code\FacRankSVM_learn -c 20.000000 -C 0.010000 -e 0.000001 -b 5000 -i 70000 H:\zhangyaogong\letor40\datasets\OHSUMED\Fold1\train.txt H:\zhangyaogong\letor40\baselines\FacSVM_Rank\data\OHSUMED\model', mode 'r' at 0x00000000023DA780>
<open file 'H:\zhangyaogong\letor40\baselines\FacSVM_Rank\source_code\FacRankSVM_predit H:\zhangyaogong\letor40\datasets\OHSUMED\Fold1\vali.txt H:\zhangyaogong\letor40\baselines\FacSVM_Rank\data\OHSUMED\model H:\zhangyaogong\letor40\baselines\FacSVM_Rank\data\OHSUMED\score', mode 'r' at 0x00000000023DA780>
<open file 'H:\zhangyaogong\letor40\baselines\FacSVM_Rank\source_code\FacRankSVM_learn -c 50.000000 -C 0.010000 -e 0.000001 -b 5000 -i 70000 H:\zhangyaogong\letor40\datasets\OHSUMED\Fold1\train.txt H:\zhangyaogong\letor40\baselines\FacSVM_Rank\data\OHSUMED\model', mode 'r' at 0x00000000023DA810>
<open file 'H:\zhangyaogong\letor40\baselines\FacSVM_Rank\source_code\FacRankSVM_predit H:\zhangyaogong\letor40\datasets\OHSUMED\Fold1\vali.txt H:\zhangyaogong\letor40\baselines\FacSVM_Rank\data\OHSUMED\model H:\zhangyaogong\letor40\baselines\FacSVM_Rank\data\OHSUMED\score', mode 'r' at 0x00000000023DA810>
<open file 'H:\zhangyaogong\letor40\baselines\FacSVM_Rank\source_code\FacRankSVM_learn -c 20.000000 -C 0.010000 -e 0.000001 -b 5000 -i 80000 H:\zhangyaogong\letor40\datasets\OHSUMED\Fold1\train.txt H:\zhangyaogong\letor40\baselines\FacSVM_Rank\data\OHSUMED\model', mode 'r' at 0x00000000023DA780>
<open file 'H:\zhangyaogong\letor40\baselines\FacSVM_Rank\source_code\FacRankSVM_predit H:\zhangyaogong\letor40\datasets\OHSUMED\Fold1\vali.txt H:\zhangyaogong\letor40\baselines\FacSVM_Rank\data\OHSUMED\model H:\zhangyaogong\letor40\baselines\FacSVM_Rank\data\OHSUMED\score', mode 'r' at 0x00000000023DA780>
<open file 'H:\zhangyaogong\letor40\baselines\FacSVM_Rank\source_code\FacRankSVM_learn -c 50.000000 -C 0.010000 -e 0.000001 -b 5000 -i 80000 H:\zhangyaogong\letor40\datasets\OHSUMED\Fold1\train.txt H:\zhangyaogong\letor40\baselines\FacSVM_Rank\data\OHSUMED\model', mode 'r' at 0x00000000023DA810>
<open file 'H:\zhangyaogong\letor40\baselines\FacSVM_Rank\source_code\FacRankSVM_predit H:\zhangyaogong\letor40\datasets\OHSUMED\Fold1\vali.txt H:\zhangyaogong\letor40\baselines\FacSVM_Rank\data\OHSUMED\model H:\zhangyaogong\letor40\baselines\FacSVM_Rank\data\OHSUMED\score', mode 'r' at 0x00000000023DA810>
<open file 'H:\zhangyaogong\letor40\baselines\FacSVM_Rank\source_code\FacRankSVM_learn -c 20.000000 -C 0.010000 -e 0.000001 -b 5000 -i 90000 H:\zhangyaogong\letor40\datasets\OHSUMED\Fold1\train.txt H:\zhangyaogong\letor40\baselines\FacSVM_Rank\data\OHSUMED\model', mode 'r' at 0x00000000023DA780>
<open file 'H:\zhangyaogong\letor40\baselines\FacSVM_Rank\source_code\FacRankSVM_predit H:\zhangyaogong\letor40\datasets\OHSUMED\Fold1\vali.txt H:\zhangyaogong\letor40\baselines\FacSVM_Rank\data\OHSUMED\model H:\zhangyaogong\letor40\baselines\FacSVM_Rank\data\OHSUMED\score', mode 'r' at 0x00000000023DA780>
<open file 'H:\zhangyaogong\letor40\baselines\FacSVM_Rank\source_code\FacRankSVM_learn -c 50.000000 -C 0.010000 -e 0.000001 -b 5000 -i 90000 H:\zhangyaogong\letor40\datasets\OHSUMED\Fold1\train.txt H:\zhangyaogong\letor40\baselines\FacSVM_Rank\data\OHSUMED\model', mode 'r' at 0x00000000023DA810>
<open file 'H:\zhangyaogong\letor40\baselines\FacSVM_Rank\source_code\FacRankSVM_predit H:\zhangyaogong\letor40\datasets\OHSUMED\Fold1\vali.txt H:\zhangyaogong\letor40\baselines\FacSVM_Rank\data\OHSUMED\model H:\zhangyaogong\letor40\baselines\FacSVM_Rank\data\OHSUMED\score', mode 'r' at 0x00000000023DA810>
<open file 'H:\zhangyaogong\letor40\baselines\FacSVM_Rank\source_code\FacRankSVM_predit H:\zhangyaogong\letor40\datasets\OHSUMED\Fold1\test.txt H:\zhangyaogong\letor40\baselines\FacSVM_Rank\data\OHSUMED\Fold1\final_model H:\zhangyaogong\letor40\baselines\FacSVM_Rank\data\OHSUMED\Fold1\test_score', mode 'r' at 0x00000000023DA810>
<open file 'H:\zhangyaogong\letor40\baselines\FacSVM_Rank\source_code\FacRankSVM_predit H:\zhangyaogong\letor40\datasets\OHSUMED\Fold1\vali.txt H:\zhangyaogong\letor40\baselines\FacSVM_Rank\data\OHSUMED\Fold1\final_model H:\zhangyaogong\letor40\baselines\FacSVM_Rank\data\OHSUMED\Fold1\vali_score', mode 'r' at 0x00000000023DA8A0>
<open file 'H:\zhangyaogong\letor40\baselines\FacSVM_Rank\source_code\FacRankSVM_predit H:\zhangyaogong\letor40\datasets\OHSUMED\Fold1\train.txt H:\zhangyaogong\letor40\baselines\FacSVM_Rank\data\OHSUMED\Fold1\final_model H:\zhangyaogong\letor40\baselines\FacSVM_Rank\data\OHSUMED\Fold1\train_score', mode 'r' at 0x00000000023DA810>
Fold_1 finish at 0408_1110	
<open file 'H:\zhangyaogong\letor40\baselines\FacSVM_Rank\source_code\FacRankSVM_learn -c 20.000000 -C 0.010000 -e 0.000001 -b 5000 -i 10000 H:\zhangyaogong\letor40\datasets\OHSUMED\Fold2\train.txt H:\zhangyaogong\letor40\baselines\FacSVM_Rank\data\OHSUMED\model', mode 'r' at 0x00000000023DA8A0>
<open file 'H:\zhangyaogong\letor40\baselines\FacSVM_Rank\source_code\FacRankSVM_predit H:\zhangyaogong\letor40\datasets\OHSUMED\Fold2\vali.txt H:\zhangyaogong\letor40\baselines\FacSVM_Rank\data\OHSUMED\model H:\zhangyaogong\letor40\baselines\FacSVM_Rank\data\OHSUMED\score', mode 'r' at 0x00000000023DA8A0>
<open file 'H:\zhangyaogong\letor40\baselines\FacSVM_Rank\source_code\FacRankSVM_learn -c 50.000000 -C 0.010000 -e 0.000001 -b 5000 -i 10000 H:\zhangyaogong\letor40\datasets\OHSUMED\Fold2\train.txt H:\zhangyaogong\letor40\baselines\FacSVM_Rank\data\OHSUMED\model', mode 'r' at 0x00000000023DA810>
<open file 'H:\zhangyaogong\letor40\baselines\FacSVM_Rank\source_code\FacRankSVM_predit H:\zhangyaogong\letor40\datasets\OHSUMED\Fold2\vali.txt H:\zhangyaogong\letor40\baselines\FacSVM_Rank\data\OHSUMED\model H:\zhangyaogong\letor40\baselines\FacSVM_Rank\data\OHSUMED\score', mode 'r' at 0x00000000023DA810>
<open file 'H:\zhangyaogong\letor40\baselines\FacSVM_Rank\source_code\FacRankSVM_learn -c 20.000000 -C 0.010000 -e 0.000001 -b 5000 -i 20000 H:\zhangyaogong\letor40\datasets\OHSUMED\Fold2\train.txt H:\zhangyaogong\letor40\baselines\FacSVM_Rank\data\OHSUMED\model', mode 'r' at 0x00000000023DA8A0>
<open file 'H:\zhangyaogong\letor40\baselines\FacSVM_Rank\source_code\FacRankSVM_predit H:\zhangyaogong\letor40\datasets\OHSUMED\Fold2\vali.txt H:\zhangyaogong\letor40\baselines\FacSVM_Rank\data\OHSUMED\model H:\zhangyaogong\letor40\baselines\FacSVM_Rank\data\OHSUMED\score', mode 'r' at 0x00000000023DA8A0>
<open file 'H:\zhangyaogong\letor40\baselines\FacSVM_Rank\source_code\FacRankSVM_learn -c 50.000000 -C 0.010000 -e 0.000001 -b 5000 -i 20000 H:\zhangyaogong\letor40\datasets\OHSUMED\Fold2\train.txt H:\zhangyaogong\letor40\baselines\FacSVM_Rank\data\OHSUMED\model', mode 'r' at 0x00000000023DA810>
<open file 'H:\zhangyaogong\letor40\baselines\FacSVM_Rank\source_code\FacRankSVM_predit H:\zhangyaogong\letor40\datasets\OHSUMED\Fold2\vali.txt H:\zhangyaogong\letor40\baselines\FacSVM_Rank\data\OHSUMED\model H:\zhangyaogong\letor40\baselines\FacSVM_Rank\data\OHSUMED\score', mode 'r' at 0x00000000023DA810>
<open file 'H:\zhangyaogong\letor40\baselines\FacSVM_Rank\source_code\FacRankSVM_learn -c 20.000000 -C 0.010000 -e 0.000001 -b 5000 -i 30000 H:\zhangyaogong\letor40\datasets\OHSUMED\Fold2\train.txt H:\zhangyaogong\letor40\baselines\FacSVM_Rank\data\OHSUMED\model', mode 'r' at 0x00000000023DA8A0>
<open file 'H:\zhangyaogong\letor40\baselines\FacSVM_Rank\source_code\FacRankSVM_predit H:\zhangyaogong\letor40\datasets\OHSUMED\Fold2\vali.txt H:\zhangyaogong\letor40\baselines\FacSVM_Rank\data\OHSUMED\model H:\zhangyaogong\letor40\baselines\FacSVM_Rank\data\OHSUMED\score', mode 'r' at 0x00000000023DA8A0>
<open file 'H:\zhangyaogong\letor40\baselines\FacSVM_Rank\source_code\FacRankSVM_learn -c 50.000000 -C 0.010000 -e 0.000001 -b 5000 -i 30000 H:\zhangyaogong\letor40\datasets\OHSUMED\Fold2\train.txt H:\zhangyaogong\letor40\baselines\FacSVM_Rank\data\OHSUMED\model', mode 'r' at 0x00000000023DA810>
<open file 'H:\zhangyaogong\letor40\baselines\FacSVM_Rank\source_code\FacRankSVM_predit H:\zhangyaogong\letor40\datasets\OHSUMED\Fold2\vali.txt H:\zhangyaogong\letor40\baselines\FacSVM_Rank\data\OHSUMED\model H:\zhangyaogong\letor40\baselines\FacSVM_Rank\data\OHSUMED\score', mode 'r' at 0x00000000023DA810>
<open file 'H:\zhangyaogong\letor40\baselines\FacSVM_Rank\source_code\FacRankSVM_learn -c 20.000000 -C 0.010000 -e 0.000001 -b 5000 -i 40000 H:\zhangyaogong\letor40\datasets\OHSUMED\Fold2\train.txt H:\zhangyaogong\letor40\baselines\FacSVM_Rank\data\OHSUMED\model', mode 'r' at 0x00000000023DA8A0>
<open file 'H:\zhangyaogong\letor40\baselines\FacSVM_Rank\source_code\FacRankSVM_predit H:\zhangyaogong\letor40\datasets\OHSUMED\Fold2\vali.txt H:\zhangyaogong\letor40\baselines\FacSVM_Rank\data\OHSUMED\model H:\zhangyaogong\letor40\baselines\FacSVM_Rank\data\OHSUMED\score', mode 'r' at 0x00000000023DA8A0>
<open file 'H:\zhangyaogong\letor40\baselines\FacSVM_Rank\source_code\FacRankSVM_learn -c 50.000000 -C 0.010000 -e 0.000001 -b 5000 -i 40000 H:\zhangyaogong\letor40\datasets\OHSUMED\Fold2\train.txt H:\zhangyaogong\letor40\baselines\FacSVM_Rank\data\OHSUMED\model', mode 'r' at 0x00000000023DA810>
<open file 'H:\zhangyaogong\letor40\baselines\FacSVM_Rank\source_code\FacRankSVM_predit H:\zhangyaogong\letor40\datasets\OHSUMED\Fold2\vali.txt H:\zhangyaogong\letor40\baselines\FacSVM_Rank\data\OHSUMED\model H:\zhangyaogong\letor40\baselines\FacSVM_Rank\data\OHSUMED\score', mode 'r' at 0x00000000023DA810>
<open file 'H:\zhangyaogong\letor40\baselines\FacSVM_Rank\source_code\FacRankSVM_learn -c 20.000000 -C 0.010000 -e 0.000001 -b 5000 -i 50000 H:\zhangyaogong\letor40\datasets\OHSUMED\Fold2\train.txt H:\zhangyaogong\letor40\baselines\FacSVM_Rank\data\OHSUMED\model', mode 'r' at 0x00000000023DA8A0>
<open file 'H:\zhangyaogong\letor40\baselines\FacSVM_Rank\source_code\FacRankSVM_predit H:\zhangyaogong\letor40\datasets\OHSUMED\Fold2\vali.txt H:\zhangyaogong\letor40\baselines\FacSVM_Rank\data\OHSUMED\model H:\zhangyaogong\letor40\baselines\FacSVM_Rank\data\OHSUMED\score', mode 'r' at 0x00000000023DA8A0>
<open file 'H:\zhangyaogong\letor40\baselines\FacSVM_Rank\source_code\FacRankSVM_learn -c 50.000000 -C 0.010000 -e 0.000001 -b 5000 -i 50000 H:\zhangyaogong\letor40\datasets\OHSUMED\Fold2\train.txt H:\zhangyaogong\letor40\baselines\FacSVM_Rank\data\OHSUMED\model', mode 'r' at 0x00000000023DA810>
<open file 'H:\zhangyaogong\letor40\baselines\FacSVM_Rank\source_code\FacRankSVM_predit H:\zhangyaogong\letor40\datasets\OHSUMED\Fold2\vali.txt H:\zhangyaogong\letor40\baselines\FacSVM_Rank\data\OHSUMED\model H:\zhangyaogong\letor40\baselines\FacSVM_Rank\data\OHSUMED\score', mode 'r' at 0x00000000023DA810>
<open file 'H:\zhangyaogong\letor40\baselines\FacSVM_Rank\source_code\FacRankSVM_learn -c 20.000000 -C 0.010000 -e 0.000001 -b 5000 -i 60000 H:\zhangyaogong\letor40\datasets\OHSUMED\Fold2\train.txt H:\zhangyaogong\letor40\baselines\FacSVM_Rank\data\OHSUMED\model', mode 'r' at 0x00000000023DA8A0>
<open file 'H:\zhangyaogong\letor40\baselines\FacSVM_Rank\source_code\FacRankSVM_predit H:\zhangyaogong\letor40\datasets\OHSUMED\Fold2\vali.txt H:\zhangyaogong\letor40\baselines\FacSVM_Rank\data\OHSUMED\model H:\zhangyaogong\letor40\baselines\FacSVM_Rank\data\OHSUMED\score', mode 'r' at 0x00000000023DA8A0>
<open file 'H:\zhangyaogong\letor40\baselines\FacSVM_Rank\source_code\FacRankSVM_learn -c 50.000000 -C 0.010000 -e 0.000001 -b 5000 -i 60000 H:\zhangyaogong\letor40\datasets\OHSUMED\Fold2\train.txt H:\zhangyaogong\letor40\baselines\FacSVM_Rank\data\OHSUMED\model', mode 'r' at 0x00000000023DA810>
<open file 'H:\zhangyaogong\letor40\baselines\FacSVM_Rank\source_code\FacRankSVM_predit H:\zhangyaogong\letor40\datasets\OHSUMED\Fold2\vali.txt H:\zhangyaogong\letor40\baselines\FacSVM_Rank\data\OHSUMED\model H:\zhangyaogong\letor40\baselines\FacSVM_Rank\data\OHSUMED\score', mode 'r' at 0x00000000023DA810>
<open file 'H:\zhangyaogong\letor40\baselines\FacSVM_Rank\source_code\FacRankSVM_learn -c 20.000000 -C 0.010000 -e 0.000001 -b 5000 -i 70000 H:\zhangyaogong\letor40\datasets\OHSUMED\Fold2\train.txt H:\zhangyaogong\letor40\baselines\FacSVM_Rank\data\OHSUMED\model', mode 'r' at 0x00000000023DA8A0>
<open file 'H:\zhangyaogong\letor40\baselines\FacSVM_Rank\source_code\FacRankSVM_predit H:\zhangyaogong\letor40\datasets\OHSUMED\Fold2\vali.txt H:\zhangyaogong\letor40\baselines\FacSVM_Rank\data\OHSUMED\model H:\zhangyaogong\letor40\baselines\FacSVM_Rank\data\OHSUMED\score', mode 'r' at 0x00000000023DA8A0>
<open file 'H:\zhangyaogong\letor40\baselines\FacSVM_Rank\source_code\FacRankSVM_learn -c 50.000000 -C 0.010000 -e 0.000001 -b 5000 -i 70000 H:\zhangyaogong\letor40\datasets\OHSUMED\Fold2\train.txt H:\zhangyaogong\letor40\baselines\FacSVM_Rank\data\OHSUMED\model', mode 'r' at 0x00000000023DA810>
<open file 'H:\zhangyaogong\letor40\baselines\FacSVM_Rank\source_code\FacRankSVM_predit H:\zhangyaogong\letor40\datasets\OHSUMED\Fold2\vali.txt H:\zhangyaogong\letor40\baselines\FacSVM_Rank\data\OHSUMED\model H:\zhangyaogong\letor40\baselines\FacSVM_Rank\data\OHSUMED\score', mode 'r' at 0x00000000023DA810>
<open file 'H:\zhangyaogong\letor40\baselines\FacSVM_Rank\source_code\FacRankSVM_learn -c 20.000000 -C 0.010000 -e 0.000001 -b 5000 -i 80000 H:\zhangyaogong\letor40\datasets\OHSUMED\Fold2\train.txt H:\zhangyaogong\letor40\baselines\FacSVM_Rank\data\OHSUMED\model', mode 'r' at 0x00000000023DA8A0>
<open file 'H:\zhangyaogong\letor40\baselines\FacSVM_Rank\source_code\FacRankSVM_predit H:\zhangyaogong\letor40\datasets\OHSUMED\Fold2\vali.txt H:\zhangyaogong\letor40\baselines\FacSVM_Rank\data\OHSUMED\model H:\zhangyaogong\letor40\baselines\FacSVM_Rank\data\OHSUMED\score', mode 'r' at 0x00000000023DA8A0>
<open file 'H:\zhangyaogong\letor40\baselines\FacSVM_Rank\source_code\FacRankSVM_learn -c 50.000000 -C 0.010000 -e 0.000001 -b 5000 -i 80000 H:\zhangyaogong\letor40\datasets\OHSUMED\Fold2\train.txt H:\zhangyaogong\letor40\baselines\FacSVM_Rank\data\OHSUMED\model', mode 'r' at 0x00000000023DA810>
<open file 'H:\zhangyaogong\letor40\baselines\FacSVM_Rank\source_code\FacRankSVM_predit H:\zhangyaogong\letor40\datasets\OHSUMED\Fold2\vali.txt H:\zhangyaogong\letor40\baselines\FacSVM_Rank\data\OHSUMED\model H:\zhangyaogong\letor40\baselines\FacSVM_Rank\data\OHSUMED\score', mode 'r' at 0x00000000023DA810>
<open file 'H:\zhangyaogong\letor40\baselines\FacSVM_Rank\source_code\FacRankSVM_learn -c 20.000000 -C 0.010000 -e 0.000001 -b 5000 -i 90000 H:\zhangyaogong\letor40\datasets\OHSUMED\Fold2\train.txt H:\zhangyaogong\letor40\baselines\FacSVM_Rank\data\OHSUMED\model', mode 'r' at 0x00000000023DA8A0>
<open file 'H:\zhangyaogong\letor40\baselines\FacSVM_Rank\source_code\FacRankSVM_predit H:\zhangyaogong\letor40\datasets\OHSUMED\Fold2\vali.txt H:\zhangyaogong\letor40\baselines\FacSVM_Rank\data\OHSUMED\model H:\zhangyaogong\letor40\baselines\FacSVM_Rank\data\OHSUMED\score', mode 'r' at 0x00000000023DA8A0>
<open file 'H:\zhangyaogong\letor40\baselines\FacSVM_Rank\source_code\FacRankSVM_learn -c 50.000000 -C 0.010000 -e 0.000001 -b 5000 -i 90000 H:\zhangyaogong\letor40\datasets\OHSUMED\Fold2\train.txt H:\zhangyaogong\letor40\baselines\FacSVM_Rank\data\OHSUMED\model', mode 'r' at 0x00000000023DA810>
<open file 'H:\zhangyaogong\letor40\baselines\FacSVM_Rank\source_code\FacRankSVM_predit H:\zhangyaogong\letor40\datasets\OHSUMED\Fold2\vali.txt H:\zhangyaogong\letor40\baselines\FacSVM_Rank\data\OHSUMED\model H:\zhangyaogong\letor40\baselines\FacSVM_Rank\data\OHSUMED\score', mode 'r' at 0x00000000023DA810>
<open file 'H:\zhangyaogong\letor40\baselines\FacSVM_Rank\source_code\FacRankSVM_predit H:\zhangyaogong\letor40\datasets\OHSUMED\Fold2\test.txt H:\zhangyaogong\letor40\baselines\FacSVM_Rank\data\OHSUMED\Fold2\final_model H:\zhangyaogong\letor40\baselines\FacSVM_Rank\data\OHSUMED\Fold2\test_score', mode 'r' at 0x00000000023DA780>
<open file 'H:\zhangyaogong\letor40\baselines\FacSVM_Rank\source_code\FacRankSVM_predit H:\zhangyaogong\letor40\datasets\OHSUMED\Fold2\vali.txt H:\zhangyaogong\letor40\baselines\FacSVM_Rank\data\OHSUMED\Fold2\final_model H:\zhangyaogong\letor40\baselines\FacSVM_Rank\data\OHSUMED\Fold2\vali_score', mode 'r' at 0x00000000023DA810>
<open file 'H:\zhangyaogong\letor40\baselines\FacSVM_Rank\source_code\FacRankSVM_predit H:\zhangyaogong\letor40\datasets\OHSUMED\Fold2\train.txt H:\zhangyaogong\letor40\baselines\FacSVM_Rank\data\OHSUMED\Fold2\final_model H:\zhangyaogong\letor40\baselines\FacSVM_Rank\data\OHSUMED\Fold2\train_score', mode 'r' at 0x00000000023DA780>
Fold_2 finish at 0408_1112	
<open file 'H:\zhangyaogong\letor40\baselines\FacSVM_Rank\source_code\FacRankSVM_learn -c 20.000000 -C 0.010000 -e 0.000001 -b 5000 -i 10000 H:\zhangyaogong\letor40\datasets\OHSUMED\Fold3\train.txt H:\zhangyaogong\letor40\baselines\FacSVM_Rank\data\OHSUMED\model', mode 'r' at 0x00000000023DA810>
<open file 'H:\zhangyaogong\letor40\baselines\FacSVM_Rank\source_code\FacRankSVM_predit H:\zhangyaogong\letor40\datasets\OHSUMED\Fold3\vali.txt H:\zhangyaogong\letor40\baselines\FacSVM_Rank\data\OHSUMED\model H:\zhangyaogong\letor40\baselines\FacSVM_Rank\data\OHSUMED\score', mode 'r' at 0x00000000023DA810>
<open file 'H:\zhangyaogong\letor40\baselines\FacSVM_Rank\source_code\FacRankSVM_learn -c 50.000000 -C 0.010000 -e 0.000001 -b 5000 -i 10000 H:\zhangyaogong\letor40\datasets\OHSUMED\Fold3\train.txt H:\zhangyaogong\letor40\baselines\FacSVM_Rank\data\OHSUMED\model', mode 'r' at 0x00000000023DA780>
<open file 'H:\zhangyaogong\letor40\baselines\FacSVM_Rank\source_code\FacRankSVM_predit H:\zhangyaogong\letor40\datasets\OHSUMED\Fold3\vali.txt H:\zhangyaogong\letor40\baselines\FacSVM_Rank\data\OHSUMED\model H:\zhangyaogong\letor40\baselines\FacSVM_Rank\data\OHSUMED\score', mode 'r' at 0x00000000023DA780>
<open file 'H:\zhangyaogong\letor40\baselines\FacSVM_Rank\source_code\FacRankSVM_learn -c 20.000000 -C 0.010000 -e 0.000001 -b 5000 -i 20000 H:\zhangyaogong\letor40\datasets\OHSUMED\Fold3\train.txt H:\zhangyaogong\letor40\baselines\FacSVM_Rank\data\OHSUMED\model', mode 'r' at 0x00000000023DA810>
<open file 'H:\zhangyaogong\letor40\baselines\FacSVM_Rank\source_code\FacRankSVM_predit H:\zhangyaogong\letor40\datasets\OHSUMED\Fold3\vali.txt H:\zhangyaogong\letor40\baselines\FacSVM_Rank\data\OHSUMED\model H:\zhangyaogong\letor40\baselines\FacSVM_Rank\data\OHSUMED\score', mode 'r' at 0x00000000023DA810>
<open file 'H:\zhangyaogong\letor40\baselines\FacSVM_Rank\source_code\FacRankSVM_learn -c 50.000000 -C 0.010000 -e 0.000001 -b 5000 -i 20000 H:\zhangyaogong\letor40\datasets\OHSUMED\Fold3\train.txt H:\zhangyaogong\letor40\baselines\FacSVM_Rank\data\OHSUMED\model', mode 'r' at 0x00000000023DA780>
<open file 'H:\zhangyaogong\letor40\baselines\FacSVM_Rank\source_code\FacRankSVM_predit H:\zhangyaogong\letor40\datasets\OHSUMED\Fold3\vali.txt H:\zhangyaogong\letor40\baselines\FacSVM_Rank\data\OHSUMED\model H:\zhangyaogong\letor40\baselines\FacSVM_Rank\data\OHSUMED\score', mode 'r' at 0x00000000023DA780>
<open file 'H:\zhangyaogong\letor40\baselines\FacSVM_Rank\source_code\FacRankSVM_learn -c 20.000000 -C 0.010000 -e 0.000001 -b 5000 -i 30000 H:\zhangyaogong\letor40\datasets\OHSUMED\Fold3\train.txt H:\zhangyaogong\letor40\baselines\FacSVM_Rank\data\OHSUMED\model', mode 'r' at 0x00000000023DA810>
<open file 'H:\zhangyaogong\letor40\baselines\FacSVM_Rank\source_code\FacRankSVM_predit H:\zhangyaogong\letor40\datasets\OHSUMED\Fold3\vali.txt H:\zhangyaogong\letor40\baselines\FacSVM_Rank\data\OHSUMED\model H:\zhangyaogong\letor40\baselines\FacSVM_Rank\data\OHSUMED\score', mode 'r' at 0x00000000023DA810>
<open file 'H:\zhangyaogong\letor40\baselines\FacSVM_Rank\source_code\FacRankSVM_learn -c 50.000000 -C 0.010000 -e 0.000001 -b 5000 -i 30000 H:\zhangyaogong\letor40\datasets\OHSUMED\Fold3\train.txt H:\zhangyaogong\letor40\baselines\FacSVM_Rank\data\OHSUMED\model', mode 'r' at 0x00000000023DA780>
<open file 'H:\zhangyaogong\letor40\baselines\FacSVM_Rank\source_code\FacRankSVM_predit H:\zhangyaogong\letor40\datasets\OHSUMED\Fold3\vali.txt H:\zhangyaogong\letor40\baselines\FacSVM_Rank\data\OHSUMED\model H:\zhangyaogong\letor40\baselines\FacSVM_Rank\data\OHSUMED\score', mode 'r' at 0x00000000023DA780>
<open file 'H:\zhangyaogong\letor40\baselines\FacSVM_Rank\source_code\FacRankSVM_learn -c 20.000000 -C 0.010000 -e 0.000001 -b 5000 -i 40000 H:\zhangyaogong\letor40\datasets\OHSUMED\Fold3\train.txt H:\zhangyaogong\letor40\baselines\FacSVM_Rank\data\OHSUMED\model', mode 'r' at 0x00000000023DA810>
<open file 'H:\zhangyaogong\letor40\baselines\FacSVM_Rank\source_code\FacRankSVM_predit H:\zhangyaogong\letor40\datasets\OHSUMED\Fold3\vali.txt H:\zhangyaogong\letor40\baselines\FacSVM_Rank\data\OHSUMED\model H:\zhangyaogong\letor40\baselines\FacSVM_Rank\data\OHSUMED\score', mode 'r' at 0x00000000023DA810>
<open file 'H:\zhangyaogong\letor40\baselines\FacSVM_Rank\source_code\FacRankSVM_learn -c 50.000000 -C 0.010000 -e 0.000001 -b 5000 -i 40000 H:\zhangyaogong\letor40\datasets\OHSUMED\Fold3\train.txt H:\zhangyaogong\letor40\baselines\FacSVM_Rank\data\OHSUMED\model', mode 'r' at 0x00000000023DA780>
<open file 'H:\zhangyaogong\letor40\baselines\FacSVM_Rank\source_code\FacRankSVM_predit H:\zhangyaogong\letor40\datasets\OHSUMED\Fold3\vali.txt H:\zhangyaogong\letor40\baselines\FacSVM_Rank\data\OHSUMED\model H:\zhangyaogong\letor40\baselines\FacSVM_Rank\data\OHSUMED\score', mode 'r' at 0x00000000023DA780>
<open file 'H:\zhangyaogong\letor40\baselines\FacSVM_Rank\source_code\FacRankSVM_learn -c 20.000000 -C 0.010000 -e 0.000001 -b 5000 -i 50000 H:\zhangyaogong\letor40\datasets\OHSUMED\Fold3\train.txt H:\zhangyaogong\letor40\baselines\FacSVM_Rank\data\OHSUMED\model', mode 'r' at 0x00000000023DA810>
<open file 'H:\zhangyaogong\letor40\baselines\FacSVM_Rank\source_code\FacRankSVM_predit H:\zhangyaogong\letor40\datasets\OHSUMED\Fold3\vali.txt H:\zhangyaogong\letor40\baselines\FacSVM_Rank\data\OHSUMED\model H:\zhangyaogong\letor40\baselines\FacSVM_Rank\data\OHSUMED\score', mode 'r' at 0x00000000023DA810>
<open file 'H:\zhangyaogong\letor40\baselines\FacSVM_Rank\source_code\FacRankSVM_learn -c 50.000000 -C 0.010000 -e 0.000001 -b 5000 -i 50000 H:\zhangyaogong\letor40\datasets\OHSUMED\Fold3\train.txt H:\zhangyaogong\letor40\baselines\FacSVM_Rank\data\OHSUMED\model', mode 'r' at 0x00000000023DA780>
<open file 'H:\zhangyaogong\letor40\baselines\FacSVM_Rank\source_code\FacRankSVM_predit H:\zhangyaogong\letor40\datasets\OHSUMED\Fold3\vali.txt H:\zhangyaogong\letor40\baselines\FacSVM_Rank\data\OHSUMED\model H:\zhangyaogong\letor40\baselines\FacSVM_Rank\data\OHSUMED\score', mode 'r' at 0x00000000023DA780>
<open file 'H:\zhangyaogong\letor40\baselines\FacSVM_Rank\source_code\FacRankSVM_learn -c 20.000000 -C 0.010000 -e 0.000001 -b 5000 -i 60000 H:\zhangyaogong\letor40\datasets\OHSUMED\Fold3\train.txt H:\zhangyaogong\letor40\baselines\FacSVM_Rank\data\OHSUMED\model', mode 'r' at 0x00000000023DA810>
<open file 'H:\zhangyaogong\letor40\baselines\FacSVM_Rank\source_code\FacRankSVM_predit H:\zhangyaogong\letor40\datasets\OHSUMED\Fold3\vali.txt H:\zhangyaogong\letor40\baselines\FacSVM_Rank\data\OHSUMED\model H:\zhangyaogong\letor40\baselines\FacSVM_Rank\data\OHSUMED\score', mode 'r' at 0x00000000023DA810>
<open file 'H:\zhangyaogong\letor40\baselines\FacSVM_Rank\source_code\FacRankSVM_learn -c 50.000000 -C 0.010000 -e 0.000001 -b 5000 -i 60000 H:\zhangyaogong\letor40\datasets\OHSUMED\Fold3\train.txt H:\zhangyaogong\letor40\baselines\FacSVM_Rank\data\OHSUMED\model', mode 'r' at 0x00000000023DA780>
<open file 'H:\zhangyaogong\letor40\baselines\FacSVM_Rank\source_code\FacRankSVM_predit H:\zhangyaogong\letor40\datasets\OHSUMED\Fold3\vali.txt H:\zhangyaogong\letor40\baselines\FacSVM_Rank\data\OHSUMED\model H:\zhangyaogong\letor40\baselines\FacSVM_Rank\data\OHSUMED\score', mode 'r' at 0x00000000023DA780>
<open file 'H:\zhangyaogong\letor40\baselines\FacSVM_Rank\source_code\FacRankSVM_learn -c 20.000000 -C 0.010000 -e 0.000001 -b 5000 -i 70000 H:\zhangyaogong\letor40\datasets\OHSUMED\Fold3\train.txt H:\zhangyaogong\letor40\baselines\FacSVM_Rank\data\OHSUMED\model', mode 'r' at 0x00000000023DA810>
<open file 'H:\zhangyaogong\letor40\baselines\FacSVM_Rank\source_code\FacRankSVM_predit H:\zhangyaogong\letor40\datasets\OHSUMED\Fold3\vali.txt H:\zhangyaogong\letor40\baselines\FacSVM_Rank\data\OHSUMED\model H:\zhangyaogong\letor40\baselines\FacSVM_Rank\data\OHSUMED\score', mode 'r' at 0x00000000023DA810>
<open file 'H:\zhangyaogong\letor40\baselines\FacSVM_Rank\source_code\FacRankSVM_learn -c 50.000000 -C 0.010000 -e 0.000001 -b 5000 -i 70000 H:\zhangyaogong\letor40\datasets\OHSUMED\Fold3\train.txt H:\zhangyaogong\letor40\baselines\FacSVM_Rank\data\OHSUMED\model', mode 'r' at 0x00000000023DA780>
<open file 'H:\zhangyaogong\letor40\baselines\FacSVM_Rank\source_code\FacRankSVM_predit H:\zhangyaogong\letor40\datasets\OHSUMED\Fold3\vali.txt H:\zhangyaogong\letor40\baselines\FacSVM_Rank\data\OHSUMED\model H:\zhangyaogong\letor40\baselines\FacSVM_Rank\data\OHSUMED\score', mode 'r' at 0x00000000023DA780>
<open file 'H:\zhangyaogong\letor40\baselines\FacSVM_Rank\source_code\FacRankSVM_learn -c 20.000000 -C 0.010000 -e 0.000001 -b 5000 -i 80000 H:\zhangyaogong\letor40\datasets\OHSUMED\Fold3\train.txt H:\zhangyaogong\letor40\baselines\FacSVM_Rank\data\OHSUMED\model', mode 'r' at 0x00000000023DA810>
<open file 'H:\zhangyaogong\letor40\baselines\FacSVM_Rank\source_code\FacRankSVM_predit H:\zhangyaogong\letor40\datasets\OHSUMED\Fold3\vali.txt H:\zhangyaogong\letor40\baselines\FacSVM_Rank\data\OHSUMED\model H:\zhangyaogong\letor40\baselines\FacSVM_Rank\data\OHSUMED\score', mode 'r' at 0x00000000023DA810>
<open file 'H:\zhangyaogong\letor40\baselines\FacSVM_Rank\source_code\FacRankSVM_learn -c 50.000000 -C 0.010000 -e 0.000001 -b 5000 -i 80000 H:\zhangyaogong\letor40\datasets\OHSUMED\Fold3\train.txt H:\zhangyaogong\letor40\baselines\FacSVM_Rank\data\OHSUMED\model', mode 'r' at 0x00000000023DA780>
<open file 'H:\zhangyaogong\letor40\baselines\FacSVM_Rank\source_code\FacRankSVM_predit H:\zhangyaogong\letor40\datasets\OHSUMED\Fold3\vali.txt H:\zhangyaogong\letor40\baselines\FacSVM_Rank\data\OHSUMED\model H:\zhangyaogong\letor40\baselines\FacSVM_Rank\data\OHSUMED\score', mode 'r' at 0x00000000023DA780>
<open file 'H:\zhangyaogong\letor40\baselines\FacSVM_Rank\source_code\FacRankSVM_learn -c 20.000000 -C 0.010000 -e 0.000001 -b 5000 -i 90000 H:\zhangyaogong\letor40\datasets\OHSUMED\Fold3\train.txt H:\zhangyaogong\letor40\baselines\FacSVM_Rank\data\OHSUMED\model', mode 'r' at 0x00000000023DA810>
<open file 'H:\zhangyaogong\letor40\baselines\FacSVM_Rank\source_code\FacRankSVM_predit H:\zhangyaogong\letor40\datasets\OHSUMED\Fold3\vali.txt H:\zhangyaogong\letor40\baselines\FacSVM_Rank\data\OHSUMED\model H:\zhangyaogong\letor40\baselines\FacSVM_Rank\data\OHSUMED\score', mode 'r' at 0x00000000023DA810>
<open file 'H:\zhangyaogong\letor40\baselines\FacSVM_Rank\source_code\FacRankSVM_learn -c 50.000000 -C 0.010000 -e 0.000001 -b 5000 -i 90000 H:\zhangyaogong\letor40\datasets\OHSUMED\Fold3\train.txt H:\zhangyaogong\letor40\baselines\FacSVM_Rank\data\OHSUMED\model', mode 'r' at 0x00000000023DA780>
<open file 'H:\zhangyaogong\letor40\baselines\FacSVM_Rank\source_code\FacRankSVM_predit H:\zhangyaogong\letor40\datasets\OHSUMED\Fold3\vali.txt H:\zhangyaogong\letor40\baselines\FacSVM_Rank\data\OHSUMED\model H:\zhangyaogong\letor40\baselines\FacSVM_Rank\data\OHSUMED\score', mode 'r' at 0x00000000023DA780>
<open file 'H:\zhangyaogong\letor40\baselines\FacSVM_Rank\source_code\FacRankSVM_predit H:\zhangyaogong\letor40\datasets\OHSUMED\Fold3\test.txt H:\zhangyaogong\letor40\baselines\FacSVM_Rank\data\OHSUMED\Fold3\final_model H:\zhangyaogong\letor40\baselines\FacSVM_Rank\data\OHSUMED\Fold3\test_score', mode 'r' at 0x00000000023DA8A0>
<open file 'H:\zhangyaogong\letor40\baselines\FacSVM_Rank\source_code\FacRankSVM_predit H:\zhangyaogong\letor40\datasets\OHSUMED\Fold3\vali.txt H:\zhangyaogong\letor40\baselines\FacSVM_Rank\data\OHSUMED\Fold3\final_model H:\zhangyaogong\letor40\baselines\FacSVM_Rank\data\OHSUMED\Fold3\vali_score', mode 'r' at 0x00000000023DA780>
<open file 'H:\zhangyaogong\letor40\baselines\FacSVM_Rank\source_code\FacRankSVM_predit H:\zhangyaogong\letor40\datasets\OHSUMED\Fold3\train.txt H:\zhangyaogong\letor40\baselines\FacSVM_Rank\data\OHSUMED\Fold3\final_model H:\zhangyaogong\letor40\baselines\FacSVM_Rank\data\OHSUMED\Fold3\train_score', mode 'r' at 0x00000000023DA8A0>
Fold_3 finish at 0408_1113	
<open file 'H:\zhangyaogong\letor40\baselines\FacSVM_Rank\source_code\FacRankSVM_learn -c 20.000000 -C 0.010000 -e 0.000001 -b 5000 -i 10000 H:\zhangyaogong\letor40\datasets\OHSUMED\Fold4\train.txt H:\zhangyaogong\letor40\baselines\FacSVM_Rank\data\OHSUMED\model', mode 'r' at 0x00000000023DA780>
<open file 'H:\zhangyaogong\letor40\baselines\FacSVM_Rank\source_code\FacRankSVM_predit H:\zhangyaogong\letor40\datasets\OHSUMED\Fold4\vali.txt H:\zhangyaogong\letor40\baselines\FacSVM_Rank\data\OHSUMED\model H:\zhangyaogong\letor40\baselines\FacSVM_Rank\data\OHSUMED\score', mode 'r' at 0x00000000023DA780>
<open file 'H:\zhangyaogong\letor40\baselines\FacSVM_Rank\source_code\FacRankSVM_learn -c 50.000000 -C 0.010000 -e 0.000001 -b 5000 -i 10000 H:\zhangyaogong\letor40\datasets\OHSUMED\Fold4\train.txt H:\zhangyaogong\letor40\baselines\FacSVM_Rank\data\OHSUMED\model', mode 'r' at 0x00000000023DA8A0>
<open file 'H:\zhangyaogong\letor40\baselines\FacSVM_Rank\source_code\FacRankSVM_predit H:\zhangyaogong\letor40\datasets\OHSUMED\Fold4\vali.txt H:\zhangyaogong\letor40\baselines\FacSVM_Rank\data\OHSUMED\model H:\zhangyaogong\letor40\baselines\FacSVM_Rank\data\OHSUMED\score', mode 'r' at 0x00000000023DA8A0>
<open file 'H:\zhangyaogong\letor40\baselines\FacSVM_Rank\source_code\FacRankSVM_learn -c 20.000000 -C 0.010000 -e 0.000001 -b 5000 -i 20000 H:\zhangyaogong\letor40\datasets\OHSUMED\Fold4\train.txt H:\zhangyaogong\letor40\baselines\FacSVM_Rank\data\OHSUMED\model', mode 'r' at 0x00000000023DA780>
<open file 'H:\zhangyaogong\letor40\baselines\FacSVM_Rank\source_code\FacRankSVM_predit H:\zhangyaogong\letor40\datasets\OHSUMED\Fold4\vali.txt H:\zhangyaogong\letor40\baselines\FacSVM_Rank\data\OHSUMED\model H:\zhangyaogong\letor40\baselines\FacSVM_Rank\data\OHSUMED\score', mode 'r' at 0x00000000023DA780>
<open file 'H:\zhangyaogong\letor40\baselines\FacSVM_Rank\source_code\FacRankSVM_learn -c 50.000000 -C 0.010000 -e 0.000001 -b 5000 -i 20000 H:\zhangyaogong\letor40\datasets\OHSUMED\Fold4\train.txt H:\zhangyaogong\letor40\baselines\FacSVM_Rank\data\OHSUMED\model', mode 'r' at 0x00000000023DA8A0>
<open file 'H:\zhangyaogong\letor40\baselines\FacSVM_Rank\source_code\FacRankSVM_predit H:\zhangyaogong\letor40\datasets\OHSUMED\Fold4\vali.txt H:\zhangyaogong\letor40\baselines\FacSVM_Rank\data\OHSUMED\model H:\zhangyaogong\letor40\baselines\FacSVM_Rank\data\OHSUMED\score', mode 'r' at 0x00000000023DA8A0>
<open file 'H:\zhangyaogong\letor40\baselines\FacSVM_Rank\source_code\FacRankSVM_learn -c 20.000000 -C 0.010000 -e 0.000001 -b 5000 -i 30000 H:\zhangyaogong\letor40\datasets\OHSUMED\Fold4\train.txt H:\zhangyaogong\letor40\baselines\FacSVM_Rank\data\OHSUMED\model', mode 'r' at 0x00000000023DA780>
<open file 'H:\zhangyaogong\letor40\baselines\FacSVM_Rank\source_code\FacRankSVM_predit H:\zhangyaogong\letor40\datasets\OHSUMED\Fold4\vali.txt H:\zhangyaogong\letor40\baselines\FacSVM_Rank\data\OHSUMED\model H:\zhangyaogong\letor40\baselines\FacSVM_Rank\data\OHSUMED\score', mode 'r' at 0x00000000023DA780>
<open file 'H:\zhangyaogong\letor40\baselines\FacSVM_Rank\source_code\FacRankSVM_learn -c 50.000000 -C 0.010000 -e 0.000001 -b 5000 -i 30000 H:\zhangyaogong\letor40\datasets\OHSUMED\Fold4\train.txt H:\zhangyaogong\letor40\baselines\FacSVM_Rank\data\OHSUMED\model', mode 'r' at 0x00000000023DA8A0>
<open file 'H:\zhangyaogong\letor40\baselines\FacSVM_Rank\source_code\FacRankSVM_predit H:\zhangyaogong\letor40\datasets\OHSUMED\Fold4\vali.txt H:\zhangyaogong\letor40\baselines\FacSVM_Rank\data\OHSUMED\model H:\zhangyaogong\letor40\baselines\FacSVM_Rank\data\OHSUMED\score', mode 'r' at 0x00000000023DA8A0>
<open file 'H:\zhangyaogong\letor40\baselines\FacSVM_Rank\source_code\FacRankSVM_learn -c 20.000000 -C 0.010000 -e 0.000001 -b 5000 -i 40000 H:\zhangyaogong\letor40\datasets\OHSUMED\Fold4\train.txt H:\zhangyaogong\letor40\baselines\FacSVM_Rank\data\OHSUMED\model', mode 'r' at 0x00000000023DA780>
<open file 'H:\zhangyaogong\letor40\baselines\FacSVM_Rank\source_code\FacRankSVM_predit H:\zhangyaogong\letor40\datasets\OHSUMED\Fold4\vali.txt H:\zhangyaogong\letor40\baselines\FacSVM_Rank\data\OHSUMED\model H:\zhangyaogong\letor40\baselines\FacSVM_Rank\data\OHSUMED\score', mode 'r' at 0x00000000023DA780>
<open file 'H:\zhangyaogong\letor40\baselines\FacSVM_Rank\source_code\FacRankSVM_learn -c 50.000000 -C 0.010000 -e 0.000001 -b 5000 -i 40000 H:\zhangyaogong\letor40\datasets\OHSUMED\Fold4\train.txt H:\zhangyaogong\letor40\baselines\FacSVM_Rank\data\OHSUMED\model', mode 'r' at 0x00000000023DA8A0>
<open file 'H:\zhangyaogong\letor40\baselines\FacSVM_Rank\source_code\FacRankSVM_predit H:\zhangyaogong\letor40\datasets\OHSUMED\Fold4\vali.txt H:\zhangyaogong\letor40\baselines\FacSVM_Rank\data\OHSUMED\model H:\zhangyaogong\letor40\baselines\FacSVM_Rank\data\OHSUMED\score', mode 'r' at 0x00000000023DA8A0>
<open file 'H:\zhangyaogong\letor40\baselines\FacSVM_Rank\source_code\FacRankSVM_learn -c 20.000000 -C 0.010000 -e 0.000001 -b 5000 -i 50000 H:\zhangyaogong\letor40\datasets\OHSUMED\Fold4\train.txt H:\zhangyaogong\letor40\baselines\FacSVM_Rank\data\OHSUMED\model', mode 'r' at 0x00000000023DA780>
<open file 'H:\zhangyaogong\letor40\baselines\FacSVM_Rank\source_code\FacRankSVM_predit H:\zhangyaogong\letor40\datasets\OHSUMED\Fold4\vali.txt H:\zhangyaogong\letor40\baselines\FacSVM_Rank\data\OHSUMED\model H:\zhangyaogong\letor40\baselines\FacSVM_Rank\data\OHSUMED\score', mode 'r' at 0x00000000023DA780>
<open file 'H:\zhangyaogong\letor40\baselines\FacSVM_Rank\source_code\FacRankSVM_learn -c 50.000000 -C 0.010000 -e 0.000001 -b 5000 -i 50000 H:\zhangyaogong\letor40\datasets\OHSUMED\Fold4\train.txt H:\zhangyaogong\letor40\baselines\FacSVM_Rank\data\OHSUMED\model', mode 'r' at 0x00000000023DA8A0>
<open file 'H:\zhangyaogong\letor40\baselines\FacSVM_Rank\source_code\FacRankSVM_predit H:\zhangyaogong\letor40\datasets\OHSUMED\Fold4\vali.txt H:\zhangyaogong\letor40\baselines\FacSVM_Rank\data\OHSUMED\model H:\zhangyaogong\letor40\baselines\FacSVM_Rank\data\OHSUMED\score', mode 'r' at 0x00000000023DA8A0>
<open file 'H:\zhangyaogong\letor40\baselines\FacSVM_Rank\source_code\FacRankSVM_learn -c 20.000000 -C 0.010000 -e 0.000001 -b 5000 -i 60000 H:\zhangyaogong\letor40\datasets\OHSUMED\Fold4\train.txt H:\zhangyaogong\letor40\baselines\FacSVM_Rank\data\OHSUMED\model', mode 'r' at 0x00000000023DA780>
<open file 'H:\zhangyaogong\letor40\baselines\FacSVM_Rank\source_code\FacRankSVM_predit H:\zhangyaogong\letor40\datasets\OHSUMED\Fold4\vali.txt H:\zhangyaogong\letor40\baselines\FacSVM_Rank\data\OHSUMED\model H:\zhangyaogong\letor40\baselines\FacSVM_Rank\data\OHSUMED\score', mode 'r' at 0x00000000023DA780>
<open file 'H:\zhangyaogong\letor40\baselines\FacSVM_Rank\source_code\FacRankSVM_learn -c 50.000000 -C 0.010000 -e 0.000001 -b 5000 -i 60000 H:\zhangyaogong\letor40\datasets\OHSUMED\Fold4\train.txt H:\zhangyaogong\letor40\baselines\FacSVM_Rank\data\OHSUMED\model', mode 'r' at 0x00000000023DA8A0>
<open file 'H:\zhangyaogong\letor40\baselines\FacSVM_Rank\source_code\FacRankSVM_predit H:\zhangyaogong\letor40\datasets\OHSUMED\Fold4\vali.txt H:\zhangyaogong\letor40\baselines\FacSVM_Rank\data\OHSUMED\model H:\zhangyaogong\letor40\baselines\FacSVM_Rank\data\OHSUMED\score', mode 'r' at 0x00000000023DA8A0>
<open file 'H:\zhangyaogong\letor40\baselines\FacSVM_Rank\source_code\FacRankSVM_learn -c 20.000000 -C 0.010000 -e 0.000001 -b 5000 -i 70000 H:\zhangyaogong\letor40\datasets\OHSUMED\Fold4\train.txt H:\zhangyaogong\letor40\baselines\FacSVM_Rank\data\OHSUMED\model', mode 'r' at 0x00000000023DA780>
<open file 'H:\zhangyaogong\letor40\baselines\FacSVM_Rank\source_code\FacRankSVM_predit H:\zhangyaogong\letor40\datasets\OHSUMED\Fold4\vali.txt H:\zhangyaogong\letor40\baselines\FacSVM_Rank\data\OHSUMED\model H:\zhangyaogong\letor40\baselines\FacSVM_Rank\data\OHSUMED\score', mode 'r' at 0x00000000023DA780>
<open file 'H:\zhangyaogong\letor40\baselines\FacSVM_Rank\source_code\FacRankSVM_learn -c 50.000000 -C 0.010000 -e 0.000001 -b 5000 -i 70000 H:\zhangyaogong\letor40\datasets\OHSUMED\Fold4\train.txt H:\zhangyaogong\letor40\baselines\FacSVM_Rank\data\OHSUMED\model', mode 'r' at 0x00000000023DA8A0>
<open file 'H:\zhangyaogong\letor40\baselines\FacSVM_Rank\source_code\FacRankSVM_predit H:\zhangyaogong\letor40\datasets\OHSUMED\Fold4\vali.txt H:\zhangyaogong\letor40\baselines\FacSVM_Rank\data\OHSUMED\model H:\zhangyaogong\letor40\baselines\FacSVM_Rank\data\OHSUMED\score', mode 'r' at 0x00000000023DA8A0>
<open file 'H:\zhangyaogong\letor40\baselines\FacSVM_Rank\source_code\FacRankSVM_learn -c 20.000000 -C 0.010000 -e 0.000001 -b 5000 -i 80000 H:\zhangyaogong\letor40\datasets\OHSUMED\Fold4\train.txt H:\zhangyaogong\letor40\baselines\FacSVM_Rank\data\OHSUMED\model', mode 'r' at 0x00000000023DA780>
<open file 'H:\zhangyaogong\letor40\baselines\FacSVM_Rank\source_code\FacRankSVM_predit H:\zhangyaogong\letor40\datasets\OHSUMED\Fold4\vali.txt H:\zhangyaogong\letor40\baselines\FacSVM_Rank\data\OHSUMED\model H:\zhangyaogong\letor40\baselines\FacSVM_Rank\data\OHSUMED\score', mode 'r' at 0x00000000023DA780>
<open file 'H:\zhangyaogong\letor40\baselines\FacSVM_Rank\source_code\FacRankSVM_learn -c 50.000000 -C 0.010000 -e 0.000001 -b 5000 -i 80000 H:\zhangyaogong\letor40\datasets\OHSUMED\Fold4\train.txt H:\zhangyaogong\letor40\baselines\FacSVM_Rank\data\OHSUMED\model', mode 'r' at 0x00000000023DA8A0>
<open file 'H:\zhangyaogong\letor40\baselines\FacSVM_Rank\source_code\FacRankSVM_predit H:\zhangyaogong\letor40\datasets\OHSUMED\Fold4\vali.txt H:\zhangyaogong\letor40\baselines\FacSVM_Rank\data\OHSUMED\model H:\zhangyaogong\letor40\baselines\FacSVM_Rank\data\OHSUMED\score', mode 'r' at 0x00000000023DA8A0>
<open file 'H:\zhangyaogong\letor40\baselines\FacSVM_Rank\source_code\FacRankSVM_learn -c 20.000000 -C 0.010000 -e 0.000001 -b 5000 -i 90000 H:\zhangyaogong\letor40\datasets\OHSUMED\Fold4\train.txt H:\zhangyaogong\letor40\baselines\FacSVM_Rank\data\OHSUMED\model', mode 'r' at 0x00000000023DA780>
<open file 'H:\zhangyaogong\letor40\baselines\FacSVM_Rank\source_code\FacRankSVM_predit H:\zhangyaogong\letor40\datasets\OHSUMED\Fold4\vali.txt H:\zhangyaogong\letor40\baselines\FacSVM_Rank\data\OHSUMED\model H:\zhangyaogong\letor40\baselines\FacSVM_Rank\data\OHSUMED\score', mode 'r' at 0x00000000023DA780>
<open file 'H:\zhangyaogong\letor40\baselines\FacSVM_Rank\source_code\FacRankSVM_learn -c 50.000000 -C 0.010000 -e 0.000001 -b 5000 -i 90000 H:\zhangyaogong\letor40\datasets\OHSUMED\Fold4\train.txt H:\zhangyaogong\letor40\baselines\FacSVM_Rank\data\OHSUMED\model', mode 'r' at 0x00000000023DA8A0>
<open file 'H:\zhangyaogong\letor40\baselines\FacSVM_Rank\source_code\FacRankSVM_predit H:\zhangyaogong\letor40\datasets\OHSUMED\Fold4\vali.txt H:\zhangyaogong\letor40\baselines\FacSVM_Rank\data\OHSUMED\model H:\zhangyaogong\letor40\baselines\FacSVM_Rank\data\OHSUMED\score', mode 'r' at 0x00000000023DA8A0>
<open file 'H:\zhangyaogong\letor40\baselines\FacSVM_Rank\source_code\FacRankSVM_predit H:\zhangyaogong\letor40\datasets\OHSUMED\Fold4\test.txt H:\zhangyaogong\letor40\baselines\FacSVM_Rank\data\OHSUMED\Fold4\final_model H:\zhangyaogong\letor40\baselines\FacSVM_Rank\data\OHSUMED\Fold4\test_score', mode 'r' at 0x00000000023DA810>
<open file 'H:\zhangyaogong\letor40\baselines\FacSVM_Rank\source_code\FacRankSVM_predit H:\zhangyaogong\letor40\datasets\OHSUMED\Fold4\vali.txt H:\zhangyaogong\letor40\baselines\FacSVM_Rank\data\OHSUMED\Fold4\final_model H:\zhangyaogong\letor40\baselines\FacSVM_Rank\data\OHSUMED\Fold4\vali_score', mode 'r' at 0x00000000023DA8A0>
<open file 'H:\zhangyaogong\letor40\baselines\FacSVM_Rank\source_code\FacRankSVM_predit H:\zhangyaogong\letor40\datasets\OHSUMED\Fold4\train.txt H:\zhangyaogong\letor40\baselines\FacSVM_Rank\data\OHSUMED\Fold4\final_model H:\zhangyaogong\letor40\baselines\FacSVM_Rank\data\OHSUMED\Fold4\train_score', mode 'r' at 0x00000000023DA810>
Fold_4 finish at 0408_1113	
<open file 'H:\zhangyaogong\letor40\baselines\FacSVM_Rank\source_code\FacRankSVM_learn -c 20.000000 -C 0.010000 -e 0.000001 -b 5000 -i 10000 H:\zhangyaogong\letor40\datasets\OHSUMED\Fold5\train.txt H:\zhangyaogong\letor40\baselines\FacSVM_Rank\data\OHSUMED\model', mode 'r' at 0x00000000023DA8A0>
<open file 'H:\zhangyaogong\letor40\baselines\FacSVM_Rank\source_code\FacRankSVM_predit H:\zhangyaogong\letor40\datasets\OHSUMED\Fold5\vali.txt H:\zhangyaogong\letor40\baselines\FacSVM_Rank\data\OHSUMED\model H:\zhangyaogong\letor40\baselines\FacSVM_Rank\data\OHSUMED\score', mode 'r' at 0x00000000023DA8A0>
<open file 'H:\zhangyaogong\letor40\baselines\FacSVM_Rank\source_code\FacRankSVM_learn -c 50.000000 -C 0.010000 -e 0.000001 -b 5000 -i 10000 H:\zhangyaogong\letor40\datasets\OHSUMED\Fold5\train.txt H:\zhangyaogong\letor40\baselines\FacSVM_Rank\data\OHSUMED\model', mode 'r' at 0x00000000023DA810>
<open file 'H:\zhangyaogong\letor40\baselines\FacSVM_Rank\source_code\FacRankSVM_predit H:\zhangyaogong\letor40\datasets\OHSUMED\Fold5\vali.txt H:\zhangyaogong\letor40\baselines\FacSVM_Rank\data\OHSUMED\model H:\zhangyaogong\letor40\baselines\FacSVM_Rank\data\OHSUMED\score', mode 'r' at 0x00000000023DA810>
<open file 'H:\zhangyaogong\letor40\baselines\FacSVM_Rank\source_code\FacRankSVM_learn -c 20.000000 -C 0.010000 -e 0.000001 -b 5000 -i 20000 H:\zhangyaogong\letor40\datasets\OHSUMED\Fold5\train.txt H:\zhangyaogong\letor40\baselines\FacSVM_Rank\data\OHSUMED\model', mode 'r' at 0x00000000023DA8A0>
<open file 'H:\zhangyaogong\letor40\baselines\FacSVM_Rank\source_code\FacRankSVM_predit H:\zhangyaogong\letor40\datasets\OHSUMED\Fold5\vali.txt H:\zhangyaogong\letor40\baselines\FacSVM_Rank\data\OHSUMED\model H:\zhangyaogong\letor40\baselines\FacSVM_Rank\data\OHSUMED\score', mode 'r' at 0x00000000023DA8A0>
<open file 'H:\zhangyaogong\letor40\baselines\FacSVM_Rank\source_code\FacRankSVM_learn -c 50.000000 -C 0.010000 -e 0.000001 -b 5000 -i 20000 H:\zhangyaogong\letor40\datasets\OHSUMED\Fold5\train.txt H:\zhangyaogong\letor40\baselines\FacSVM_Rank\data\OHSUMED\model', mode 'r' at 0x00000000023DA810>
<open file 'H:\zhangyaogong\letor40\baselines\FacSVM_Rank\source_code\FacRankSVM_predit H:\zhangyaogong\letor40\datasets\OHSUMED\Fold5\vali.txt H:\zhangyaogong\letor40\baselines\FacSVM_Rank\data\OHSUMED\model H:\zhangyaogong\letor40\baselines\FacSVM_Rank\data\OHSUMED\score', mode 'r' at 0x00000000023DA810>
<open file 'H:\zhangyaogong\letor40\baselines\FacSVM_Rank\source_code\FacRankSVM_learn -c 20.000000 -C 0.010000 -e 0.000001 -b 5000 -i 30000 H:\zhangyaogong\letor40\datasets\OHSUMED\Fold5\train.txt H:\zhangyaogong\letor40\baselines\FacSVM_Rank\data\OHSUMED\model', mode 'r' at 0x00000000023DA8A0>
<open file 'H:\zhangyaogong\letor40\baselines\FacSVM_Rank\source_code\FacRankSVM_predit H:\zhangyaogong\letor40\datasets\OHSUMED\Fold5\vali.txt H:\zhangyaogong\letor40\baselines\FacSVM_Rank\data\OHSUMED\model H:\zhangyaogong\letor40\baselines\FacSVM_Rank\data\OHSUMED\score', mode 'r' at 0x00000000023DA8A0>
<open file 'H:\zhangyaogong\letor40\baselines\FacSVM_Rank\source_code\FacRankSVM_learn -c 50.000000 -C 0.010000 -e 0.000001 -b 5000 -i 30000 H:\zhangyaogong\letor40\datasets\OHSUMED\Fold5\train.txt H:\zhangyaogong\letor40\baselines\FacSVM_Rank\data\OHSUMED\model', mode 'r' at 0x00000000023DA810>
<open file 'H:\zhangyaogong\letor40\baselines\FacSVM_Rank\source_code\FacRankSVM_predit H:\zhangyaogong\letor40\datasets\OHSUMED\Fold5\vali.txt H:\zhangyaogong\letor40\baselines\FacSVM_Rank\data\OHSUMED\model H:\zhangyaogong\letor40\baselines\FacSVM_Rank\data\OHSUMED\score', mode 'r' at 0x00000000023DA810>
<open file 'H:\zhangyaogong\letor40\baselines\FacSVM_Rank\source_code\FacRankSVM_learn -c 20.000000 -C 0.010000 -e 0.000001 -b 5000 -i 40000 H:\zhangyaogong\letor40\datasets\OHSUMED\Fold5\train.txt H:\zhangyaogong\letor40\baselines\FacSVM_Rank\data\OHSUMED\model', mode 'r' at 0x00000000023DA8A0>
<open file 'H:\zhangyaogong\letor40\baselines\FacSVM_Rank\source_code\FacRankSVM_predit H:\zhangyaogong\letor40\datasets\OHSUMED\Fold5\vali.txt H:\zhangyaogong\letor40\baselines\FacSVM_Rank\data\OHSUMED\model H:\zhangyaogong\letor40\baselines\FacSVM_Rank\data\OHSUMED\score', mode 'r' at 0x00000000023DA8A0>
<open file 'H:\zhangyaogong\letor40\baselines\FacSVM_Rank\source_code\FacRankSVM_learn -c 50.000000 -C 0.010000 -e 0.000001 -b 5000 -i 40000 H:\zhangyaogong\letor40\datasets\OHSUMED\Fold5\train.txt H:\zhangyaogong\letor40\baselines\FacSVM_Rank\data\OHSUMED\model', mode 'r' at 0x00000000023DA810>
<open file 'H:\zhangyaogong\letor40\baselines\FacSVM_Rank\source_code\FacRankSVM_predit H:\zhangyaogong\letor40\datasets\OHSUMED\Fold5\vali.txt H:\zhangyaogong\letor40\baselines\FacSVM_Rank\data\OHSUMED\model H:\zhangyaogong\letor40\baselines\FacSVM_Rank\data\OHSUMED\score', mode 'r' at 0x00000000023DA810>
<open file 'H:\zhangyaogong\letor40\baselines\FacSVM_Rank\source_code\FacRankSVM_learn -c 20.000000 -C 0.010000 -e 0.000001 -b 5000 -i 50000 H:\zhangyaogong\letor40\datasets\OHSUMED\Fold5\train.txt H:\zhangyaogong\letor40\baselines\FacSVM_Rank\data\OHSUMED\model', mode 'r' at 0x00000000023DA8A0>
<open file 'H:\zhangyaogong\letor40\baselines\FacSVM_Rank\source_code\FacRankSVM_predit H:\zhangyaogong\letor40\datasets\OHSUMED\Fold5\vali.txt H:\zhangyaogong\letor40\baselines\FacSVM_Rank\data\OHSUMED\model H:\zhangyaogong\letor40\baselines\FacSVM_Rank\data\OHSUMED\score', mode 'r' at 0x00000000023DA8A0>
<open file 'H:\zhangyaogong\letor40\baselines\FacSVM_Rank\source_code\FacRankSVM_learn -c 50.000000 -C 0.010000 -e 0.000001 -b 5000 -i 50000 H:\zhangyaogong\letor40\datasets\OHSUMED\Fold5\train.txt H:\zhangyaogong\letor40\baselines\FacSVM_Rank\data\OHSUMED\model', mode 'r' at 0x00000000023DA810>
<open file 'H:\zhangyaogong\letor40\baselines\FacSVM_Rank\source_code\FacRankSVM_predit H:\zhangyaogong\letor40\datasets\OHSUMED\Fold5\vali.txt H:\zhangyaogong\letor40\baselines\FacSVM_Rank\data\OHSUMED\model H:\zhangyaogong\letor40\baselines\FacSVM_Rank\data\OHSUMED\score', mode 'r' at 0x00000000023DA810>
<open file 'H:\zhangyaogong\letor40\baselines\FacSVM_Rank\source_code\FacRankSVM_learn -c 20.000000 -C 0.010000 -e 0.000001 -b 5000 -i 60000 H:\zhangyaogong\letor40\datasets\OHSUMED\Fold5\train.txt H:\zhangyaogong\letor40\baselines\FacSVM_Rank\data\OHSUMED\model', mode 'r' at 0x00000000023DA8A0>
<open file 'H:\zhangyaogong\letor40\baselines\FacSVM_Rank\source_code\FacRankSVM_predit H:\zhangyaogong\letor40\datasets\OHSUMED\Fold5\vali.txt H:\zhangyaogong\letor40\baselines\FacSVM_Rank\data\OHSUMED\model H:\zhangyaogong\letor40\baselines\FacSVM_Rank\data\OHSUMED\score', mode 'r' at 0x00000000023DA8A0>
<open file 'H:\zhangyaogong\letor40\baselines\FacSVM_Rank\source_code\FacRankSVM_learn -c 50.000000 -C 0.010000 -e 0.000001 -b 5000 -i 60000 H:\zhangyaogong\letor40\datasets\OHSUMED\Fold5\train.txt H:\zhangyaogong\letor40\baselines\FacSVM_Rank\data\OHSUMED\model', mode 'r' at 0x00000000023DA810>
<open file 'H:\zhangyaogong\letor40\baselines\FacSVM_Rank\source_code\FacRankSVM_predit H:\zhangyaogong\letor40\datasets\OHSUMED\Fold5\vali.txt H:\zhangyaogong\letor40\baselines\FacSVM_Rank\data\OHSUMED\model H:\zhangyaogong\letor40\baselines\FacSVM_Rank\data\OHSUMED\score', mode 'r' at 0x00000000023DA810>
<open file 'H:\zhangyaogong\letor40\baselines\FacSVM_Rank\source_code\FacRankSVM_learn -c 20.000000 -C 0.010000 -e 0.000001 -b 5000 -i 70000 H:\zhangyaogong\letor40\datasets\OHSUMED\Fold5\train.txt H:\zhangyaogong\letor40\baselines\FacSVM_Rank\data\OHSUMED\model', mode 'r' at 0x00000000023DA8A0>
<open file 'H:\zhangyaogong\letor40\baselines\FacSVM_Rank\source_code\FacRankSVM_predit H:\zhangyaogong\letor40\datasets\OHSUMED\Fold5\vali.txt H:\zhangyaogong\letor40\baselines\FacSVM_Rank\data\OHSUMED\model H:\zhangyaogong\letor40\baselines\FacSVM_Rank\data\OHSUMED\score', mode 'r' at 0x00000000023DA8A0>
<open file 'H:\zhangyaogong\letor40\baselines\FacSVM_Rank\source_code\FacRankSVM_learn -c 50.000000 -C 0.010000 -e 0.000001 -b 5000 -i 70000 H:\zhangyaogong\letor40\datasets\OHSUMED\Fold5\train.txt H:\zhangyaogong\letor40\baselines\FacSVM_Rank\data\OHSUMED\model', mode 'r' at 0x00000000023DA810>
<open file 'H:\zhangyaogong\letor40\baselines\FacSVM_Rank\source_code\FacRankSVM_predit H:\zhangyaogong\letor40\datasets\OHSUMED\Fold5\vali.txt H:\zhangyaogong\letor40\baselines\FacSVM_Rank\data\OHSUMED\model H:\zhangyaogong\letor40\baselines\FacSVM_Rank\data\OHSUMED\score', mode 'r' at 0x00000000023DA810>
<open file 'H:\zhangyaogong\letor40\baselines\FacSVM_Rank\source_code\FacRankSVM_learn -c 20.000000 -C 0.010000 -e 0.000001 -b 5000 -i 80000 H:\zhangyaogong\letor40\datasets\OHSUMED\Fold5\train.txt H:\zhangyaogong\letor40\baselines\FacSVM_Rank\data\OHSUMED\model', mode 'r' at 0x00000000023DA8A0>
<open file 'H:\zhangyaogong\letor40\baselines\FacSVM_Rank\source_code\FacRankSVM_predit H:\zhangyaogong\letor40\datasets\OHSUMED\Fold5\vali.txt H:\zhangyaogong\letor40\baselines\FacSVM_Rank\data\OHSUMED\model H:\zhangyaogong\letor40\baselines\FacSVM_Rank\data\OHSUMED\score', mode 'r' at 0x00000000023DA8A0>
<open file 'H:\zhangyaogong\letor40\baselines\FacSVM_Rank\source_code\FacRankSVM_learn -c 50.000000 -C 0.010000 -e 0.000001 -b 5000 -i 80000 H:\zhangyaogong\letor40\datasets\OHSUMED\Fold5\train.txt H:\zhangyaogong\letor40\baselines\FacSVM_Rank\data\OHSUMED\model', mode 'r' at 0x00000000023DA810>
<open file 'H:\zhangyaogong\letor40\baselines\FacSVM_Rank\source_code\FacRankSVM_predit H:\zhangyaogong\letor40\datasets\OHSUMED\Fold5\vali.txt H:\zhangyaogong\letor40\baselines\FacSVM_Rank\data\OHSUMED\model H:\zhangyaogong\letor40\baselines\FacSVM_Rank\data\OHSUMED\score', mode 'r' at 0x00000000023DA810>
<open file 'H:\zhangyaogong\letor40\baselines\FacSVM_Rank\source_code\FacRankSVM_learn -c 20.000000 -C 0.010000 -e 0.000001 -b 5000 -i 90000 H:\zhangyaogong\letor40\datasets\OHSUMED\Fold5\train.txt H:\zhangyaogong\letor40\baselines\FacSVM_Rank\data\OHSUMED\model', mode 'r' at 0x00000000023DA8A0>
<open file 'H:\zhangyaogong\letor40\baselines\FacSVM_Rank\source_code\FacRankSVM_predit H:\zhangyaogong\letor40\datasets\OHSUMED\Fold5\vali.txt H:\zhangyaogong\letor40\baselines\FacSVM_Rank\data\OHSUMED\model H:\zhangyaogong\letor40\baselines\FacSVM_Rank\data\OHSUMED\score', mode 'r' at 0x00000000023DA8A0>
<open file 'H:\zhangyaogong\letor40\baselines\FacSVM_Rank\source_code\FacRankSVM_learn -c 50.000000 -C 0.010000 -e 0.000001 -b 5000 -i 90000 H:\zhangyaogong\letor40\datasets\OHSUMED\Fold5\train.txt H:\zhangyaogong\letor40\baselines\FacSVM_Rank\data\OHSUMED\model', mode 'r' at 0x00000000023DA810>
<open file 'H:\zhangyaogong\letor40\baselines\FacSVM_Rank\source_code\FacRankSVM_predit H:\zhangyaogong\letor40\datasets\OHSUMED\Fold5\vali.txt H:\zhangyaogong\letor40\baselines\FacSVM_Rank\data\OHSUMED\model H:\zhangyaogong\letor40\baselines\FacSVM_Rank\data\OHSUMED\score', mode 'r' at 0x00000000023DA810>
<open file 'H:\zhangyaogong\letor40\baselines\FacSVM_Rank\source_code\FacRankSVM_predit H:\zhangyaogong\letor40\datasets\OHSUMED\Fold5\test.txt H:\zhangyaogong\letor40\baselines\FacSVM_Rank\data\OHSUMED\Fold5\final_model H:\zhangyaogong\letor40\baselines\FacSVM_Rank\data\OHSUMED\Fold5\test_score', mode 'r' at 0x00000000023DA780>
<open file 'H:\zhangyaogong\letor40\baselines\FacSVM_Rank\source_code\FacRankSVM_predit H:\zhangyaogong\letor40\datasets\OHSUMED\Fold5\vali.txt H:\zhangyaogong\letor40\baselines\FacSVM_Rank\data\OHSUMED\Fold5\final_model H:\zhangyaogong\letor40\baselines\FacSVM_Rank\data\OHSUMED\Fold5\vali_score', mode 'r' at 0x00000000023DA810>
<open file 'H:\zhangyaogong\letor40\baselines\FacSVM_Rank\source_code\FacRankSVM_predit H:\zhangyaogong\letor40\datasets\OHSUMED\Fold5\train.txt H:\zhangyaogong\letor40\baselines\FacSVM_Rank\data\OHSUMED\Fold5\final_model H:\zhangyaogong\letor40\baselines\FacSVM_Rank\data\OHSUMED\Fold5\train_score', mode 'r' at 0x00000000023DA780>
Fold_5 finish at 0408_1114	

at 0408_1114 begin to write into files..	
