[03-24 19:45:40]: training starts
[03-24 19:45:40]: Fold1 starts training
[03-24 19:45:40]: ROUND 100
<open file 'G:\yaogong\letor40\baselines\AdaRank\source_code\AdaRank_CSharp.exe train -data G:\yaogong\letor40\datasets\Mq2008\Fold1\train.txt -model G:\yaogong\letor40\baselines\AdaRank\data\Mq2008\model -round 100 -measure MAP', mode 'r' at 0x0000000002415270>
<open file 'G:\yaogong\letor40\baselines\AdaRank\source_code\AdaRank_CSharp.exe test -data G:\yaogong\letor40\datasets\Mq2008\Fold1\vali.txt -model G:\yaogong\letor40\baselines\AdaRank\data\Mq2008\model -output G:\yaogong\letor40\baselines\AdaRank\data\Mq2008\score -round 1', mode 'r' at 0x0000000002415270>
<open file 'G:\yaogong\letor40\baselines\AdaRank\source_code\AdaRank_CSharp.exe test -data G:\yaogong\letor40\datasets\Mq2008\Fold1\vali.txt -model G:\yaogong\letor40\baselines\AdaRank\data\Mq2008\model -output G:\yaogong\letor40\baselines\AdaRank\data\Mq2008\score -round 11', mode 'r' at 0x0000000002415300>
<open file 'G:\yaogong\letor40\baselines\AdaRank\source_code\AdaRank_CSharp.exe test -data G:\yaogong\letor40\datasets\Mq2008\Fold1\vali.txt -model G:\yaogong\letor40\baselines\AdaRank\data\Mq2008\model -output G:\yaogong\letor40\baselines\AdaRank\data\Mq2008\score -round 21', mode 'r' at 0x0000000002415270>
<open file 'G:\yaogong\letor40\baselines\AdaRank\source_code\AdaRank_CSharp.exe test -data G:\yaogong\letor40\datasets\Mq2008\Fold1\vali.txt -model G:\yaogong\letor40\baselines\AdaRank\data\Mq2008\model -output G:\yaogong\letor40\baselines\AdaRank\data\Mq2008\score -round 31', mode 'r' at 0x0000000002415300>
<open file 'G:\yaogong\letor40\baselines\AdaRank\source_code\AdaRank_CSharp.exe test -data G:\yaogong\letor40\datasets\Mq2008\Fold1\vali.txt -model G:\yaogong\letor40\baselines\AdaRank\data\Mq2008\model -output G:\yaogong\letor40\baselines\AdaRank\data\Mq2008\score -round 41', mode 'r' at 0x0000000002415270>
<open file 'G:\yaogong\letor40\baselines\AdaRank\source_code\AdaRank_CSharp.exe test -data G:\yaogong\letor40\datasets\Mq2008\Fold1\vali.txt -model G:\yaogong\letor40\baselines\AdaRank\data\Mq2008\model -output G:\yaogong\letor40\baselines\AdaRank\data\Mq2008\score -round 51', mode 'r' at 0x0000000002415300>
<open file 'G:\yaogong\letor40\baselines\AdaRank\source_code\AdaRank_CSharp.exe test -data G:\yaogong\letor40\datasets\Mq2008\Fold1\vali.txt -model G:\yaogong\letor40\baselines\AdaRank\data\Mq2008\model -output G:\yaogong\letor40\baselines\AdaRank\data\Mq2008\score -round 61', mode 'r' at 0x0000000002415270>
<open file 'G:\yaogong\letor40\baselines\AdaRank\source_code\AdaRank_CSharp.exe test -data G:\yaogong\letor40\datasets\Mq2008\Fold1\vali.txt -model G:\yaogong\letor40\baselines\AdaRank\data\Mq2008\model -output G:\yaogong\letor40\baselines\AdaRank\data\Mq2008\score -round 71', mode 'r' at 0x0000000002415300>
<open file 'G:\yaogong\letor40\baselines\AdaRank\source_code\AdaRank_CSharp.exe test -data G:\yaogong\letor40\datasets\Mq2008\Fold1\vali.txt -model G:\yaogong\letor40\baselines\AdaRank\data\Mq2008\model -output G:\yaogong\letor40\baselines\AdaRank\data\Mq2008\score -round 81', mode 'r' at 0x0000000002415270>
<open file 'G:\yaogong\letor40\baselines\AdaRank\source_code\AdaRank_CSharp.exe test -data G:\yaogong\letor40\datasets\Mq2008\Fold1\vali.txt -model G:\yaogong\letor40\baselines\AdaRank\data\Mq2008\model -output G:\yaogong\letor40\baselines\AdaRank\data\Mq2008\score -round 91', mode 'r' at 0x0000000002415300>
<open file 'G:\yaogong\letor40\baselines\AdaRank\source_code\AdaRank_CSharp.exe train -data G:\yaogong\letor40\datasets\Mq2008\Fold1\train.txt -model G:\yaogong\letor40\baselines\AdaRank\data\Mq2008\Fold1\model -round 91 -measure MAP', mode 'r' at 0x0000000002415300>
[03-24 19:45:48]: Fold1 ends training
[03-24 19:45:48]: Fold1 starts testing
<open file 'G:\yaogong\letor40\baselines\AdaRank\source_code\AdaRank_CSharp.exe test -data G:\yaogong\letor40\datasets\Mq2008\Fold1\test.txt -model G:\yaogong\letor40\baselines\AdaRank\data\Mq2008\Fold1\model -output G:\yaogong\letor40\baselines\AdaRank\data\Mq2008\Fold1\test.score -round 91', mode 'r' at 0x0000000002415270>
<open file 'G:\yaogong\letor40\baselines\AdaRank\source_code\AdaRank_CSharp.exe test -data G:\yaogong\letor40\datasets\Mq2008\Fold1\vali.txt -model G:\yaogong\letor40\baselines\AdaRank\data\Mq2008\Fold1\model -output G:\yaogong\letor40\baselines\AdaRank\data\Mq2008\Fold1\vali.score -round 91', mode 'r' at 0x0000000002415300>
<open file 'G:\yaogong\letor40\baselines\AdaRank\source_code\AdaRank_CSharp.exe test -data G:\yaogong\letor40\datasets\Mq2008\Fold1\train.txt -model G:\yaogong\letor40\baselines\AdaRank\data\Mq2008\Fold1\model -output G:\yaogong\letor40\baselines\AdaRank\data\Mq2008\Fold1\train.score -round 91', mode 'r' at 0x0000000002415270>
[03-24 19:45:49]: Fold1 ends testing
[03-24 19:45:49]: Fold2 starts training
[03-24 19:45:49]: ROUND 100
<open file 'G:\yaogong\letor40\baselines\AdaRank\source_code\AdaRank_CSharp.exe train -data G:\yaogong\letor40\datasets\Mq2008\Fold2\train.txt -model G:\yaogong\letor40\baselines\AdaRank\data\Mq2008\model -round 100 -measure MAP', mode 'r' at 0x0000000002415300>
<open file 'G:\yaogong\letor40\baselines\AdaRank\source_code\AdaRank_CSharp.exe test -data G:\yaogong\letor40\datasets\Mq2008\Fold2\vali.txt -model G:\yaogong\letor40\baselines\AdaRank\data\Mq2008\model -output G:\yaogong\letor40\baselines\AdaRank\data\Mq2008\score -round 1', mode 'r' at 0x0000000002415300>
<open file 'G:\yaogong\letor40\baselines\AdaRank\source_code\AdaRank_CSharp.exe test -data G:\yaogong\letor40\datasets\Mq2008\Fold2\vali.txt -model G:\yaogong\letor40\baselines\AdaRank\data\Mq2008\model -output G:\yaogong\letor40\baselines\AdaRank\data\Mq2008\score -round 11', mode 'r' at 0x0000000002415270>
<open file 'G:\yaogong\letor40\baselines\AdaRank\source_code\AdaRank_CSharp.exe test -data G:\yaogong\letor40\datasets\Mq2008\Fold2\vali.txt -model G:\yaogong\letor40\baselines\AdaRank\data\Mq2008\model -output G:\yaogong\letor40\baselines\AdaRank\data\Mq2008\score -round 21', mode 'r' at 0x0000000002415300>
<open file 'G:\yaogong\letor40\baselines\AdaRank\source_code\AdaRank_CSharp.exe test -data G:\yaogong\letor40\datasets\Mq2008\Fold2\vali.txt -model G:\yaogong\letor40\baselines\AdaRank\data\Mq2008\model -output G:\yaogong\letor40\baselines\AdaRank\data\Mq2008\score -round 31', mode 'r' at 0x0000000002415270>
<open file 'G:\yaogong\letor40\baselines\AdaRank\source_code\AdaRank_CSharp.exe test -data G:\yaogong\letor40\datasets\Mq2008\Fold2\vali.txt -model G:\yaogong\letor40\baselines\AdaRank\data\Mq2008\model -output G:\yaogong\letor40\baselines\AdaRank\data\Mq2008\score -round 41', mode 'r' at 0x0000000002415300>
<open file 'G:\yaogong\letor40\baselines\AdaRank\source_code\AdaRank_CSharp.exe test -data G:\yaogong\letor40\datasets\Mq2008\Fold2\vali.txt -model G:\yaogong\letor40\baselines\AdaRank\data\Mq2008\model -output G:\yaogong\letor40\baselines\AdaRank\data\Mq2008\score -round 51', mode 'r' at 0x0000000002415270>
<open file 'G:\yaogong\letor40\baselines\AdaRank\source_code\AdaRank_CSharp.exe test -data G:\yaogong\letor40\datasets\Mq2008\Fold2\vali.txt -model G:\yaogong\letor40\baselines\AdaRank\data\Mq2008\model -output G:\yaogong\letor40\baselines\AdaRank\data\Mq2008\score -round 61', mode 'r' at 0x0000000002415300>
<open file 'G:\yaogong\letor40\baselines\AdaRank\source_code\AdaRank_CSharp.exe test -data G:\yaogong\letor40\datasets\Mq2008\Fold2\vali.txt -model G:\yaogong\letor40\baselines\AdaRank\data\Mq2008\model -output G:\yaogong\letor40\baselines\AdaRank\data\Mq2008\score -round 71', mode 'r' at 0x0000000002415270>
<open file 'G:\yaogong\letor40\baselines\AdaRank\source_code\AdaRank_CSharp.exe test -data G:\yaogong\letor40\datasets\Mq2008\Fold2\vali.txt -model G:\yaogong\letor40\baselines\AdaRank\data\Mq2008\model -output G:\yaogong\letor40\baselines\AdaRank\data\Mq2008\score -round 81', mode 'r' at 0x0000000002415300>
<open file 'G:\yaogong\letor40\baselines\AdaRank\source_code\AdaRank_CSharp.exe test -data G:\yaogong\letor40\datasets\Mq2008\Fold2\vali.txt -model G:\yaogong\letor40\baselines\AdaRank\data\Mq2008\model -output G:\yaogong\letor40\baselines\AdaRank\data\Mq2008\score -round 91', mode 'r' at 0x0000000002415270>
<open file 'G:\yaogong\letor40\baselines\AdaRank\source_code\AdaRank_CSharp.exe train -data G:\yaogong\letor40\datasets\Mq2008\Fold2\train.txt -model G:\yaogong\letor40\baselines\AdaRank\data\Mq2008\Fold2\model -round 91 -measure MAP', mode 'r' at 0x0000000002415270>
[03-24 19:45:58]: Fold2 ends training
[03-24 19:45:58]: Fold2 starts testing
<open file 'G:\yaogong\letor40\baselines\AdaRank\source_code\AdaRank_CSharp.exe test -data G:\yaogong\letor40\datasets\Mq2008\Fold2\test.txt -model G:\yaogong\letor40\baselines\AdaRank\data\Mq2008\Fold2\model -output G:\yaogong\letor40\baselines\AdaRank\data\Mq2008\Fold2\test.score -round 91', mode 'r' at 0x0000000002415300>
<open file 'G:\yaogong\letor40\baselines\AdaRank\source_code\AdaRank_CSharp.exe test -data G:\yaogong\letor40\datasets\Mq2008\Fold2\vali.txt -model G:\yaogong\letor40\baselines\AdaRank\data\Mq2008\Fold2\model -output G:\yaogong\letor40\baselines\AdaRank\data\Mq2008\Fold2\vali.score -round 91', mode 'r' at 0x0000000002415270>
<open file 'G:\yaogong\letor40\baselines\AdaRank\source_code\AdaRank_CSharp.exe test -data G:\yaogong\letor40\datasets\Mq2008\Fold2\train.txt -model G:\yaogong\letor40\baselines\AdaRank\data\Mq2008\Fold2\model -output G:\yaogong\letor40\baselines\AdaRank\data\Mq2008\Fold2\train.score -round 91', mode 'r' at 0x0000000002415300>
[03-24 19:45:59]: Fold2 ends testing
[03-24 19:45:59]: Fold3 starts training
[03-24 19:45:59]: ROUND 100
<open file 'G:\yaogong\letor40\baselines\AdaRank\source_code\AdaRank_CSharp.exe train -data G:\yaogong\letor40\datasets\Mq2008\Fold3\train.txt -model G:\yaogong\letor40\baselines\AdaRank\data\Mq2008\model -round 100 -measure MAP', mode 'r' at 0x0000000002415270>
