[03-24 19:47:34]: training starts
[03-24 19:47:34]: Fold1 starts training
[03-24 19:47:34]: ROUND 100
<open file 'G:\yaogong\letor40\baselines\AdaRank\source_code\AdaRank_CSharp.exe train -data G:\yaogong\letor40\datasets\Mq2008\Fold1\train.txt -model G:\yaogong\letor40\baselines\AdaRank\data\Mq2008\model -round 100 -measure NDCG', mode 'r' at 0x0000000002405270>
<open file 'G:\yaogong\letor40\baselines\AdaRank\source_code\AdaRank_CSharp.exe test -data G:\yaogong\letor40\datasets\Mq2008\Fold1\vali.txt -model G:\yaogong\letor40\baselines\AdaRank\data\Mq2008\model -output G:\yaogong\letor40\baselines\AdaRank\data\Mq2008\score -round 1', mode 'r' at 0x0000000002405270>
<open file 'G:\yaogong\letor40\baselines\AdaRank\source_code\AdaRank_CSharp.exe test -data G:\yaogong\letor40\datasets\Mq2008\Fold1\vali.txt -model G:\yaogong\letor40\baselines\AdaRank\data\Mq2008\model -output G:\yaogong\letor40\baselines\AdaRank\data\Mq2008\score -round 11', mode 'r' at 0x0000000002405300>
<open file 'G:\yaogong\letor40\baselines\AdaRank\source_code\AdaRank_CSharp.exe test -data G:\yaogong\letor40\datasets\Mq2008\Fold1\vali.txt -model G:\yaogong\letor40\baselines\AdaRank\data\Mq2008\model -output G:\yaogong\letor40\baselines\AdaRank\data\Mq2008\score -round 21', mode 'r' at 0x0000000002405270>
<open file 'G:\yaogong\letor40\baselines\AdaRank\source_code\AdaRank_CSharp.exe test -data G:\yaogong\letor40\datasets\Mq2008\Fold1\vali.txt -model G:\yaogong\letor40\baselines\AdaRank\data\Mq2008\model -output G:\yaogong\letor40\baselines\AdaRank\data\Mq2008\score -round 31', mode 'r' at 0x0000000002405300>
<open file 'G:\yaogong\letor40\baselines\AdaRank\source_code\AdaRank_CSharp.exe test -data G:\yaogong\letor40\datasets\Mq2008\Fold1\vali.txt -model G:\yaogong\letor40\baselines\AdaRank\data\Mq2008\model -output G:\yaogong\letor40\baselines\AdaRank\data\Mq2008\score -round 41', mode 'r' at 0x0000000002405270>
<open file 'G:\yaogong\letor40\baselines\AdaRank\source_code\AdaRank_CSharp.exe test -data G:\yaogong\letor40\datasets\Mq2008\Fold1\vali.txt -model G:\yaogong\letor40\baselines\AdaRank\data\Mq2008\model -output G:\yaogong\letor40\baselines\AdaRank\data\Mq2008\score -round 51', mode 'r' at 0x0000000002405300>
<open file 'G:\yaogong\letor40\baselines\AdaRank\source_code\AdaRank_CSharp.exe test -data G:\yaogong\letor40\datasets\Mq2008\Fold1\vali.txt -model G:\yaogong\letor40\baselines\AdaRank\data\Mq2008\model -output G:\yaogong\letor40\baselines\AdaRank\data\Mq2008\score -round 61', mode 'r' at 0x0000000002405270>
<open file 'G:\yaogong\letor40\baselines\AdaRank\source_code\AdaRank_CSharp.exe test -data G:\yaogong\letor40\datasets\Mq2008\Fold1\vali.txt -model G:\yaogong\letor40\baselines\AdaRank\data\Mq2008\model -output G:\yaogong\letor40\baselines\AdaRank\data\Mq2008\score -round 71', mode 'r' at 0x0000000002405300>
<open file 'G:\yaogong\letor40\baselines\AdaRank\source_code\AdaRank_CSharp.exe test -data G:\yaogong\letor40\datasets\Mq2008\Fold1\vali.txt -model G:\yaogong\letor40\baselines\AdaRank\data\Mq2008\model -output G:\yaogong\letor40\baselines\AdaRank\data\Mq2008\score -round 81', mode 'r' at 0x0000000002405270>
<open file 'G:\yaogong\letor40\baselines\AdaRank\source_code\AdaRank_CSharp.exe test -data G:\yaogong\letor40\datasets\Mq2008\Fold1\vali.txt -model G:\yaogong\letor40\baselines\AdaRank\data\Mq2008\model -output G:\yaogong\letor40\baselines\AdaRank\data\Mq2008\score -round 91', mode 'r' at 0x0000000002405300>
<open file 'G:\yaogong\letor40\baselines\AdaRank\source_code\AdaRank_CSharp.exe train -data G:\yaogong\letor40\datasets\Mq2008\Fold1\train.txt -model G:\yaogong\letor40\baselines\AdaRank\data\Mq2008\Fold1\model -round 91 -measure NDCG', mode 'r' at 0x0000000002405300>
[03-24 19:47:37]: Fold1 ends training
[03-24 19:47:37]: Fold1 starts testing
<open file 'G:\yaogong\letor40\baselines\AdaRank\source_code\AdaRank_CSharp.exe test -data G:\yaogong\letor40\datasets\Mq2008\Fold1\test.txt -model G:\yaogong\letor40\baselines\AdaRank\data\Mq2008\Fold1\model -output G:\yaogong\letor40\baselines\AdaRank\data\Mq2008\Fold1\test.score -round 91', mode 'r' at 0x0000000002405270>
<open file 'G:\yaogong\letor40\baselines\AdaRank\source_code\AdaRank_CSharp.exe test -data G:\yaogong\letor40\datasets\Mq2008\Fold1\vali.txt -model G:\yaogong\letor40\baselines\AdaRank\data\Mq2008\Fold1\model -output G:\yaogong\letor40\baselines\AdaRank\data\Mq2008\Fold1\vali.score -round 91', mode 'r' at 0x0000000002405300>
<open file 'G:\yaogong\letor40\baselines\AdaRank\source_code\AdaRank_CSharp.exe test -data G:\yaogong\letor40\datasets\Mq2008\Fold1\train.txt -model G:\yaogong\letor40\baselines\AdaRank\data\Mq2008\Fold1\model -output G:\yaogong\letor40\baselines\AdaRank\data\Mq2008\Fold1\train.score -round 91', mode 'r' at 0x0000000002405270>
[03-24 19:47:38]: Fold1 ends testing
[03-24 19:47:38]: Fold2 starts training
[03-24 19:47:38]: ROUND 100
<open file 'G:\yaogong\letor40\baselines\AdaRank\source_code\AdaRank_CSharp.exe train -data G:\yaogong\letor40\datasets\Mq2008\Fold2\train.txt -model G:\yaogong\letor40\baselines\AdaRank\data\Mq2008\model -round 100 -measure NDCG', mode 'r' at 0x0000000002405300>
<open file 'G:\yaogong\letor40\baselines\AdaRank\source_code\AdaRank_CSharp.exe test -data G:\yaogong\letor40\datasets\Mq2008\Fold2\vali.txt -model G:\yaogong\letor40\baselines\AdaRank\data\Mq2008\model -output G:\yaogong\letor40\baselines\AdaRank\data\Mq2008\score -round 1', mode 'r' at 0x0000000002405300>
<open file 'G:\yaogong\letor40\baselines\AdaRank\source_code\AdaRank_CSharp.exe test -data G:\yaogong\letor40\datasets\Mq2008\Fold2\vali.txt -model G:\yaogong\letor40\baselines\AdaRank\data\Mq2008\model -output G:\yaogong\letor40\baselines\AdaRank\data\Mq2008\score -round 11', mode 'r' at 0x0000000002405270>
<open file 'G:\yaogong\letor40\baselines\AdaRank\source_code\AdaRank_CSharp.exe test -data G:\yaogong\letor40\datasets\Mq2008\Fold2\vali.txt -model G:\yaogong\letor40\baselines\AdaRank\data\Mq2008\model -output G:\yaogong\letor40\baselines\AdaRank\data\Mq2008\score -round 21', mode 'r' at 0x0000000002405300>
<open file 'G:\yaogong\letor40\baselines\AdaRank\source_code\AdaRank_CSharp.exe test -data G:\yaogong\letor40\datasets\Mq2008\Fold2\vali.txt -model G:\yaogong\letor40\baselines\AdaRank\data\Mq2008\model -output G:\yaogong\letor40\baselines\AdaRank\data\Mq2008\score -round 31', mode 'r' at 0x0000000002405270>
<open file 'G:\yaogong\letor40\baselines\AdaRank\source_code\AdaRank_CSharp.exe test -data G:\yaogong\letor40\datasets\Mq2008\Fold2\vali.txt -model G:\yaogong\letor40\baselines\AdaRank\data\Mq2008\model -output G:\yaogong\letor40\baselines\AdaRank\data\Mq2008\score -round 41', mode 'r' at 0x0000000002405300>
<open file 'G:\yaogong\letor40\baselines\AdaRank\source_code\AdaRank_CSharp.exe test -data G:\yaogong\letor40\datasets\Mq2008\Fold2\vali.txt -model G:\yaogong\letor40\baselines\AdaRank\data\Mq2008\model -output G:\yaogong\letor40\baselines\AdaRank\data\Mq2008\score -round 51', mode 'r' at 0x0000000002405270>
<open file 'G:\yaogong\letor40\baselines\AdaRank\source_code\AdaRank_CSharp.exe test -data G:\yaogong\letor40\datasets\Mq2008\Fold2\vali.txt -model G:\yaogong\letor40\baselines\AdaRank\data\Mq2008\model -output G:\yaogong\letor40\baselines\AdaRank\data\Mq2008\score -round 61', mode 'r' at 0x0000000002405300>
<open file 'G:\yaogong\letor40\baselines\AdaRank\source_code\AdaRank_CSharp.exe test -data G:\yaogong\letor40\datasets\Mq2008\Fold2\vali.txt -model G:\yaogong\letor40\baselines\AdaRank\data\Mq2008\model -output G:\yaogong\letor40\baselines\AdaRank\data\Mq2008\score -round 71', mode 'r' at 0x0000000002405270>
<open file 'G:\yaogong\letor40\baselines\AdaRank\source_code\AdaRank_CSharp.exe test -data G:\yaogong\letor40\datasets\Mq2008\Fold2\vali.txt -model G:\yaogong\letor40\baselines\AdaRank\data\Mq2008\model -output G:\yaogong\letor40\baselines\AdaRank\data\Mq2008\score -round 81', mode 'r' at 0x0000000002405300>
<open file 'G:\yaogong\letor40\baselines\AdaRank\source_code\AdaRank_CSharp.exe test -data G:\yaogong\letor40\datasets\Mq2008\Fold2\vali.txt -model G:\yaogong\letor40\baselines\AdaRank\data\Mq2008\model -output G:\yaogong\letor40\baselines\AdaRank\data\Mq2008\score -round 91', mode 'r' at 0x0000000002405270>
<open file 'G:\yaogong\letor40\baselines\AdaRank\source_code\AdaRank_CSharp.exe train -data G:\yaogong\letor40\datasets\Mq2008\Fold2\train.txt -model G:\yaogong\letor40\baselines\AdaRank\data\Mq2008\Fold2\model -round 91 -measure NDCG', mode 'r' at 0x0000000002405270>
[03-24 19:47:42]: Fold2 ends training
[03-24 19:47:42]: Fold2 starts testing
<open file 'G:\yaogong\letor40\baselines\AdaRank\source_code\AdaRank_CSharp.exe test -data G:\yaogong\letor40\datasets\Mq2008\Fold2\test.txt -model G:\yaogong\letor40\baselines\AdaRank\data\Mq2008\Fold2\model -output G:\yaogong\letor40\baselines\AdaRank\data\Mq2008\Fold2\test.score -round 91', mode 'r' at 0x0000000002405300>
<open file 'G:\yaogong\letor40\baselines\AdaRank\source_code\AdaRank_CSharp.exe test -data G:\yaogong\letor40\datasets\Mq2008\Fold2\vali.txt -model G:\yaogong\letor40\baselines\AdaRank\data\Mq2008\Fold2\model -output G:\yaogong\letor40\baselines\AdaRank\data\Mq2008\Fold2\vali.score -round 91', mode 'r' at 0x0000000002405270>
<open file 'G:\yaogong\letor40\baselines\AdaRank\source_code\AdaRank_CSharp.exe test -data G:\yaogong\letor40\datasets\Mq2008\Fold2\train.txt -model G:\yaogong\letor40\baselines\AdaRank\data\Mq2008\Fold2\model -output G:\yaogong\letor40\baselines\AdaRank\data\Mq2008\Fold2\train.score -round 91', mode 'r' at 0x0000000002405300>
[03-24 19:47:43]: Fold2 ends testing
[03-24 19:47:43]: Fold3 starts training
[03-24 19:47:43]: ROUND 100
<open file 'G:\yaogong\letor40\baselines\AdaRank\source_code\AdaRank_CSharp.exe train -data G:\yaogong\letor40\datasets\Mq2008\Fold3\train.txt -model G:\yaogong\letor40\baselines\AdaRank\data\Mq2008\model -round 100 -measure NDCG', mode 'r' at 0x0000000002405270>
<open file 'G:\yaogong\letor40\baselines\AdaRank\source_code\AdaRank_CSharp.exe test -data G:\yaogong\letor40\datasets\Mq2008\Fold3\vali.txt -model G:\yaogong\letor40\baselines\AdaRank\data\Mq2008\model -output G:\yaogong\letor40\baselines\AdaRank\data\Mq2008\score -round 1', mode 'r' at 0x0000000002405270>
<open file 'G:\yaogong\letor40\baselines\AdaRank\source_code\AdaRank_CSharp.exe test -data G:\yaogong\letor40\datasets\Mq2008\Fold3\vali.txt -model G:\yaogong\letor40\baselines\AdaRank\data\Mq2008\model -output G:\yaogong\letor40\baselines\AdaRank\data\Mq2008\score -round 11', mode 'r' at 0x0000000002405300>
<open file 'G:\yaogong\letor40\baselines\AdaRank\source_code\AdaRank_CSharp.exe test -data G:\yaogong\letor40\datasets\Mq2008\Fold3\vali.txt -model G:\yaogong\letor40\baselines\AdaRank\data\Mq2008\model -output G:\yaogong\letor40\baselines\AdaRank\data\Mq2008\score -round 21', mode 'r' at 0x0000000002405270>
<open file 'G:\yaogong\letor40\baselines\AdaRank\source_code\AdaRank_CSharp.exe test -data G:\yaogong\letor40\datasets\Mq2008\Fold3\vali.txt -model G:\yaogong\letor40\baselines\AdaRank\data\Mq2008\model -output G:\yaogong\letor40\baselines\AdaRank\data\Mq2008\score -round 31', mode 'r' at 0x0000000002405300>
<open file 'G:\yaogong\letor40\baselines\AdaRank\source_code\AdaRank_CSharp.exe test -data G:\yaogong\letor40\datasets\Mq2008\Fold3\vali.txt -model G:\yaogong\letor40\baselines\AdaRank\data\Mq2008\model -output G:\yaogong\letor40\baselines\AdaRank\data\Mq2008\score -round 41', mode 'r' at 0x0000000002405270>
<open file 'G:\yaogong\letor40\baselines\AdaRank\source_code\AdaRank_CSharp.exe test -data G:\yaogong\letor40\datasets\Mq2008\Fold3\vali.txt -model G:\yaogong\letor40\baselines\AdaRank\data\Mq2008\model -output G:\yaogong\letor40\baselines\AdaRank\data\Mq2008\score -round 51', mode 'r' at 0x0000000002405300>
<open file 'G:\yaogong\letor40\baselines\AdaRank\source_code\AdaRank_CSharp.exe test -data G:\yaogong\letor40\datasets\Mq2008\Fold3\vali.txt -model G:\yaogong\letor40\baselines\AdaRank\data\Mq2008\model -output G:\yaogong\letor40\baselines\AdaRank\data\Mq2008\score -round 61', mode 'r' at 0x0000000002405270>
<open file 'G:\yaogong\letor40\baselines\AdaRank\source_code\AdaRank_CSharp.exe test -data G:\yaogong\letor40\datasets\Mq2008\Fold3\vali.txt -model G:\yaogong\letor40\baselines\AdaRank\data\Mq2008\model -output G:\yaogong\letor40\baselines\AdaRank\data\Mq2008\score -round 71', mode 'r' at 0x0000000002405300>
<open file 'G:\yaogong\letor40\baselines\AdaRank\source_code\AdaRank_CSharp.exe test -data G:\yaogong\letor40\datasets\Mq2008\Fold3\vali.txt -model G:\yaogong\letor40\baselines\AdaRank\data\Mq2008\model -output G:\yaogong\letor40\baselines\AdaRank\data\Mq2008\score -round 81', mode 'r' at 0x0000000002405270>
<open file 'G:\yaogong\letor40\baselines\AdaRank\source_code\AdaRank_CSharp.exe test -data G:\yaogong\letor40\datasets\Mq2008\Fold3\vali.txt -model G:\yaogong\letor40\baselines\AdaRank\data\Mq2008\model -output G:\yaogong\letor40\baselines\AdaRank\data\Mq2008\score -round 91', mode 'r' at 0x0000000002405300>
<open file 'G:\yaogong\letor40\baselines\AdaRank\source_code\AdaRank_CSharp.exe train -data G:\yaogong\letor40\datasets\Mq2008\Fold3\train.txt -model G:\yaogong\letor40\baselines\AdaRank\data\Mq2008\Fold3\model -round 61 -measure NDCG', mode 'r' at 0x0000000002405300>
[03-24 19:47:46]: Fold3 ends training
[03-24 19:47:46]: Fold3 starts testing
<open file 'G:\yaogong\letor40\baselines\AdaRank\source_code\AdaRank_CSharp.exe test -data G:\yaogong\letor40\datasets\Mq2008\Fold3\test.txt -model G:\yaogong\letor40\baselines\AdaRank\data\Mq2008\Fold3\model -output G:\yaogong\letor40\baselines\AdaRank\data\Mq2008\Fold3\test.score -round 61', mode 'r' at 0x0000000002405270>
<open file 'G:\yaogong\letor40\baselines\AdaRank\source_code\AdaRank_CSharp.exe test -data G:\yaogong\letor40\datasets\Mq2008\Fold3\vali.txt -model G:\yaogong\letor40\baselines\AdaRank\data\Mq2008\Fold3\model -output G:\yaogong\letor40\baselines\AdaRank\data\Mq2008\Fold3\vali.score -round 61', mode 'r' at 0x0000000002405300>
<open file 'G:\yaogong\letor40\baselines\AdaRank\source_code\AdaRank_CSharp.exe test -data G:\yaogong\letor40\datasets\Mq2008\Fold3\train.txt -model G:\yaogong\letor40\baselines\AdaRank\data\Mq2008\Fold3\model -output G:\yaogong\letor40\baselines\AdaRank\data\Mq2008\Fold3\train.score -round 61', mode 'r' at 0x0000000002405270>
[03-24 19:47:48]: Fold3 ends testing
[03-24 19:47:48]: Fold4 starts training
[03-24 19:47:48]: ROUND 100
<open file 'G:\yaogong\letor40\baselines\AdaRank\source_code\AdaRank_CSharp.exe train -data G:\yaogong\letor40\datasets\Mq2008\Fold4\train.txt -model G:\yaogong\letor40\baselines\AdaRank\data\Mq2008\model -round 100 -measure NDCG', mode 'r' at 0x0000000002405300>
<open file 'G:\yaogong\letor40\baselines\AdaRank\source_code\AdaRank_CSharp.exe test -data G:\yaogong\letor40\datasets\Mq2008\Fold4\vali.txt -model G:\yaogong\letor40\baselines\AdaRank\data\Mq2008\model -output G:\yaogong\letor40\baselines\AdaRank\data\Mq2008\score -round 1', mode 'r' at 0x0000000002405300>
<open file 'G:\yaogong\letor40\baselines\AdaRank\source_code\AdaRank_CSharp.exe test -data G:\yaogong\letor40\datasets\Mq2008\Fold4\vali.txt -model G:\yaogong\letor40\baselines\AdaRank\data\Mq2008\model -output G:\yaogong\letor40\baselines\AdaRank\data\Mq2008\score -round 11', mode 'r' at 0x0000000002405270>
<open file 'G:\yaogong\letor40\baselines\AdaRank\source_code\AdaRank_CSharp.exe test -data G:\yaogong\letor40\datasets\Mq2008\Fold4\vali.txt -model G:\yaogong\letor40\baselines\AdaRank\data\Mq2008\model -output G:\yaogong\letor40\baselines\AdaRank\data\Mq2008\score -round 21', mode 'r' at 0x0000000002405300>
<open file 'G:\yaogong\letor40\baselines\AdaRank\source_code\AdaRank_CSharp.exe test -data G:\yaogong\letor40\datasets\Mq2008\Fold4\vali.txt -model G:\yaogong\letor40\baselines\AdaRank\data\Mq2008\model -output G:\yaogong\letor40\baselines\AdaRank\data\Mq2008\score -round 31', mode 'r' at 0x0000000002405270>
<open file 'G:\yaogong\letor40\baselines\AdaRank\source_code\AdaRank_CSharp.exe test -data G:\yaogong\letor40\datasets\Mq2008\Fold4\vali.txt -model G:\yaogong\letor40\baselines\AdaRank\data\Mq2008\model -output G:\yaogong\letor40\baselines\AdaRank\data\Mq2008\score -round 41', mode 'r' at 0x0000000002405300>
<open file 'G:\yaogong\letor40\baselines\AdaRank\source_code\AdaRank_CSharp.exe test -data G:\yaogong\letor40\datasets\Mq2008\Fold4\vali.txt -model G:\yaogong\letor40\baselines\AdaRank\data\Mq2008\model -output G:\yaogong\letor40\baselines\AdaRank\data\Mq2008\score -round 51', mode 'r' at 0x0000000002405270>
<open file 'G:\yaogong\letor40\baselines\AdaRank\source_code\AdaRank_CSharp.exe test -data G:\yaogong\letor40\datasets\Mq2008\Fold4\vali.txt -model G:\yaogong\letor40\baselines\AdaRank\data\Mq2008\model -output G:\yaogong\letor40\baselines\AdaRank\data\Mq2008\score -round 61', mode 'r' at 0x0000000002405300>
<open file 'G:\yaogong\letor40\baselines\AdaRank\source_code\AdaRank_CSharp.exe test -data G:\yaogong\letor40\datasets\Mq2008\Fold4\vali.txt -model G:\yaogong\letor40\baselines\AdaRank\data\Mq2008\model -output G:\yaogong\letor40\baselines\AdaRank\data\Mq2008\score -round 71', mode 'r' at 0x0000000002405270>
<open file 'G:\yaogong\letor40\baselines\AdaRank\source_code\AdaRank_CSharp.exe test -data G:\yaogong\letor40\datasets\Mq2008\Fold4\vali.txt -model G:\yaogong\letor40\baselines\AdaRank\data\Mq2008\model -output G:\yaogong\letor40\baselines\AdaRank\data\Mq2008\score -round 81', mode 'r' at 0x0000000002405300>
<open file 'G:\yaogong\letor40\baselines\AdaRank\source_code\AdaRank_CSharp.exe test -data G:\yaogong\letor40\datasets\Mq2008\Fold4\vali.txt -model G:\yaogong\letor40\baselines\AdaRank\data\Mq2008\model -output G:\yaogong\letor40\baselines\AdaRank\data\Mq2008\score -round 91', mode 'r' at 0x0000000002405270>
<open file 'G:\yaogong\letor40\baselines\AdaRank\source_code\AdaRank_CSharp.exe train -data G:\yaogong\letor40\datasets\Mq2008\Fold4\train.txt -model G:\yaogong\letor40\baselines\AdaRank\data\Mq2008\Fold4\model -round 31 -measure NDCG', mode 'r' at 0x0000000002405270>
[03-24 19:47:52]: Fold4 ends training
[03-24 19:47:52]: Fold4 starts testing
<open file 'G:\yaogong\letor40\baselines\AdaRank\source_code\AdaRank_CSharp.exe test -data G:\yaogong\letor40\datasets\Mq2008\Fold4\test.txt -model G:\yaogong\letor40\baselines\AdaRank\data\Mq2008\Fold4\model -output G:\yaogong\letor40\baselines\AdaRank\data\Mq2008\Fold4\test.score -round 31', mode 'r' at 0x0000000002405300>
<open file 'G:\yaogong\letor40\baselines\AdaRank\source_code\AdaRank_CSharp.exe test -data G:\yaogong\letor40\datasets\Mq2008\Fold4\vali.txt -model G:\yaogong\letor40\baselines\AdaRank\data\Mq2008\Fold4\model -output G:\yaogong\letor40\baselines\AdaRank\data\Mq2008\Fold4\vali.score -round 31', mode 'r' at 0x0000000002405270>
<open file 'G:\yaogong\letor40\baselines\AdaRank\source_code\AdaRank_CSharp.exe test -data G:\yaogong\letor40\datasets\Mq2008\Fold4\train.txt -model G:\yaogong\letor40\baselines\AdaRank\data\Mq2008\Fold4\model -output G:\yaogong\letor40\baselines\AdaRank\data\Mq2008\Fold4\train.score -round 31', mode 'r' at 0x0000000002405300>
[03-24 19:47:54]: Fold4 ends testing
[03-24 19:47:54]: Fold5 starts training
[03-24 19:47:54]: ROUND 100
<open file 'G:\yaogong\letor40\baselines\AdaRank\source_code\AdaRank_CSharp.exe train -data G:\yaogong\letor40\datasets\Mq2008\Fold5\train.txt -model G:\yaogong\letor40\baselines\AdaRank\data\Mq2008\model -round 100 -measure NDCG', mode 'r' at 0x0000000002405270>
<open file 'G:\yaogong\letor40\baselines\AdaRank\source_code\AdaRank_CSharp.exe test -data G:\yaogong\letor40\datasets\Mq2008\Fold5\vali.txt -model G:\yaogong\letor40\baselines\AdaRank\data\Mq2008\model -output G:\yaogong\letor40\baselines\AdaRank\data\Mq2008\score -round 1', mode 'r' at 0x0000000002405270>
<open file 'G:\yaogong\letor40\baselines\AdaRank\source_code\AdaRank_CSharp.exe test -data G:\yaogong\letor40\datasets\Mq2008\Fold5\vali.txt -model G:\yaogong\letor40\baselines\AdaRank\data\Mq2008\model -output G:\yaogong\letor40\baselines\AdaRank\data\Mq2008\score -round 11', mode 'r' at 0x0000000002405300>
<open file 'G:\yaogong\letor40\baselines\AdaRank\source_code\AdaRank_CSharp.exe test -data G:\yaogong\letor40\datasets\Mq2008\Fold5\vali.txt -model G:\yaogong\letor40\baselines\AdaRank\data\Mq2008\model -output G:\yaogong\letor40\baselines\AdaRank\data\Mq2008\score -round 21', mode 'r' at 0x0000000002405270>
<open file 'G:\yaogong\letor40\baselines\AdaRank\source_code\AdaRank_CSharp.exe test -data G:\yaogong\letor40\datasets\Mq2008\Fold5\vali.txt -model G:\yaogong\letor40\baselines\AdaRank\data\Mq2008\model -output G:\yaogong\letor40\baselines\AdaRank\data\Mq2008\score -round 31', mode 'r' at 0x0000000002405300>
<open file 'G:\yaogong\letor40\baselines\AdaRank\source_code\AdaRank_CSharp.exe test -data G:\yaogong\letor40\datasets\Mq2008\Fold5\vali.txt -model G:\yaogong\letor40\baselines\AdaRank\data\Mq2008\model -output G:\yaogong\letor40\baselines\AdaRank\data\Mq2008\score -round 41', mode 'r' at 0x0000000002405270>
<open file 'G:\yaogong\letor40\baselines\AdaRank\source_code\AdaRank_CSharp.exe test -data G:\yaogong\letor40\datasets\Mq2008\Fold5\vali.txt -model G:\yaogong\letor40\baselines\AdaRank\data\Mq2008\model -output G:\yaogong\letor40\baselines\AdaRank\data\Mq2008\score -round 51', mode 'r' at 0x0000000002405300>
<open file 'G:\yaogong\letor40\baselines\AdaRank\source_code\AdaRank_CSharp.exe test -data G:\yaogong\letor40\datasets\Mq2008\Fold5\vali.txt -model G:\yaogong\letor40\baselines\AdaRank\data\Mq2008\model -output G:\yaogong\letor40\baselines\AdaRank\data\Mq2008\score -round 61', mode 'r' at 0x0000000002405270>
<open file 'G:\yaogong\letor40\baselines\AdaRank\source_code\AdaRank_CSharp.exe test -data G:\yaogong\letor40\datasets\Mq2008\Fold5\vali.txt -model G:\yaogong\letor40\baselines\AdaRank\data\Mq2008\model -output G:\yaogong\letor40\baselines\AdaRank\data\Mq2008\score -round 71', mode 'r' at 0x0000000002405300>
<open file 'G:\yaogong\letor40\baselines\AdaRank\source_code\AdaRank_CSharp.exe test -data G:\yaogong\letor40\datasets\Mq2008\Fold5\vali.txt -model G:\yaogong\letor40\baselines\AdaRank\data\Mq2008\model -output G:\yaogong\letor40\baselines\AdaRank\data\Mq2008\score -round 81', mode 'r' at 0x0000000002405270>
<open file 'G:\yaogong\letor40\baselines\AdaRank\source_code\AdaRank_CSharp.exe test -data G:\yaogong\letor40\datasets\Mq2008\Fold5\vali.txt -model G:\yaogong\letor40\baselines\AdaRank\data\Mq2008\model -output G:\yaogong\letor40\baselines\AdaRank\data\Mq2008\score -round 91', mode 'r' at 0x0000000002405300>
<open file 'G:\yaogong\letor40\baselines\AdaRank\source_code\AdaRank_CSharp.exe train -data G:\yaogong\letor40\datasets\Mq2008\Fold5\train.txt -model G:\yaogong\letor40\baselines\AdaRank\data\Mq2008\Fold5\model -round 41 -measure NDCG', mode 'r' at 0x0000000002405300>
[03-24 19:47:57]: Fold5 ends training
[03-24 19:47:57]: Fold5 starts testing
<open file 'G:\yaogong\letor40\baselines\AdaRank\source_code\AdaRank_CSharp.exe test -data G:\yaogong\letor40\datasets\Mq2008\Fold5\test.txt -model G:\yaogong\letor40\baselines\AdaRank\data\Mq2008\Fold5\model -output G:\yaogong\letor40\baselines\AdaRank\data\Mq2008\Fold5\test.score -round 41', mode 'r' at 0x0000000002405270>
<open file 'G:\yaogong\letor40\baselines\AdaRank\source_code\AdaRank_CSharp.exe test -data G:\yaogong\letor40\datasets\Mq2008\Fold5\vali.txt -model G:\yaogong\letor40\baselines\AdaRank\data\Mq2008\Fold5\model -output G:\yaogong\letor40\baselines\AdaRank\data\Mq2008\Fold5\vali.score -round 41', mode 'r' at 0x0000000002405300>
<open file 'G:\yaogong\letor40\baselines\AdaRank\source_code\AdaRank_CSharp.exe test -data G:\yaogong\letor40\datasets\Mq2008\Fold5\train.txt -model G:\yaogong\letor40\baselines\AdaRank\data\Mq2008\Fold5\model -output G:\yaogong\letor40\baselines\AdaRank\data\Mq2008\Fold5\train.score -round 41', mode 'r' at 0x0000000002405270>
[03-24 19:47:59]: Fold5 ends testing
[03-24 19:47:59]: begin to write results into files
[03-24 19:47:59]: writing files done
