[03-24 19:32:36]: training starts
[03-24 19:32:36]: Fold1 starts training
[03-24 19:32:36]: ROUND 100
<open file 'G:\yaogong\letor40\baselines\AdaRank\source_code\AdaRank_CSharp.exe train -data G:\yaogong\letor40\datasets\Mq2008\Fold1\train.txt -model G:\yaogong\letor40\baselines\AdaRank\data\Mq2008\model -round 100 -measure MAP', mode 'r' at 0x0000000002325270>
<open file 'G:\yaogong\letor40\baselines\AdaRank\source_code\AdaRank_CSharp.exe test -data G:\yaogong\letor40\datasets\Mq2008\Fold1\vali.txt -model G:\yaogong\letor40\baselines\AdaRank\data\Mq2008\model -output G:\yaogong\letor40\baselines\AdaRank\data\Mq2008\score -round 1', mode 'r' at 0x0000000002325270>
<open file 'G:\yaogong\letor40\baselines\AdaRank\source_code\AdaRank_CSharp.exe test -data G:\yaogong\letor40\datasets\Mq2008\Fold1\vali.txt -model G:\yaogong\letor40\baselines\AdaRank\data\Mq2008\model -output G:\yaogong\letor40\baselines\AdaRank\data\Mq2008\score -round 11', mode 'r' at 0x0000000002325300>
<open file 'G:\yaogong\letor40\baselines\AdaRank\source_code\AdaRank_CSharp.exe test -data G:\yaogong\letor40\datasets\Mq2008\Fold1\vali.txt -model G:\yaogong\letor40\baselines\AdaRank\data\Mq2008\model -output G:\yaogong\letor40\baselines\AdaRank\data\Mq2008\score -round 21', mode 'r' at 0x0000000002325270>
<open file 'G:\yaogong\letor40\baselines\AdaRank\source_code\AdaRank_CSharp.exe test -data G:\yaogong\letor40\datasets\Mq2008\Fold1\vali.txt -model G:\yaogong\letor40\baselines\AdaRank\data\Mq2008\model -output G:\yaogong\letor40\baselines\AdaRank\data\Mq2008\score -round 31', mode 'r' at 0x0000000002325300>
<open file 'G:\yaogong\letor40\baselines\AdaRank\source_code\AdaRank_CSharp.exe test -data G:\yaogong\letor40\datasets\Mq2008\Fold1\vali.txt -model G:\yaogong\letor40\baselines\AdaRank\data\Mq2008\model -output G:\yaogong\letor40\baselines\AdaRank\data\Mq2008\score -round 41', mode 'r' at 0x0000000002325270>
<open file 'G:\yaogong\letor40\baselines\AdaRank\source_code\AdaRank_CSharp.exe test -data G:\yaogong\letor40\datasets\Mq2008\Fold1\vali.txt -model G:\yaogong\letor40\baselines\AdaRank\data\Mq2008\model -output G:\yaogong\letor40\baselines\AdaRank\data\Mq2008\score -round 51', mode 'r' at 0x0000000002325300>
<open file 'G:\yaogong\letor40\baselines\AdaRank\source_code\AdaRank_CSharp.exe test -data G:\yaogong\letor40\datasets\Mq2008\Fold1\vali.txt -model G:\yaogong\letor40\baselines\AdaRank\data\Mq2008\model -output G:\yaogong\letor40\baselines\AdaRank\data\Mq2008\score -round 61', mode 'r' at 0x0000000002325270>
<open file 'G:\yaogong\letor40\baselines\AdaRank\source_code\AdaRank_CSharp.exe test -data G:\yaogong\letor40\datasets\Mq2008\Fold1\vali.txt -model G:\yaogong\letor40\baselines\AdaRank\data\Mq2008\model -output G:\yaogong\letor40\baselines\AdaRank\data\Mq2008\score -round 71', mode 'r' at 0x0000000002325300>
<open file 'G:\yaogong\letor40\baselines\AdaRank\source_code\AdaRank_CSharp.exe test -data G:\yaogong\letor40\datasets\Mq2008\Fold1\vali.txt -model G:\yaogong\letor40\baselines\AdaRank\data\Mq2008\model -output G:\yaogong\letor40\baselines\AdaRank\data\Mq2008\score -round 81', mode 'r' at 0x0000000002325270>
<open file 'G:\yaogong\letor40\baselines\AdaRank\source_code\AdaRank_CSharp.exe test -data G:\yaogong\letor40\datasets\Mq2008\Fold1\vali.txt -model G:\yaogong\letor40\baselines\AdaRank\data\Mq2008\model -output G:\yaogong\letor40\baselines\AdaRank\data\Mq2008\score -round 91', mode 'r' at 0x0000000002325300>
<open file 'G:\yaogong\letor40\baselines\AdaRank\source_code\AdaRank_CSharp.exe train -data G:\yaogong\letor40\datasets\Mq2008\Fold1\train.txt -model G:\yaogong\letor40\baselines\AdaRank\data\Mq2008\Fold1\model -round 91 -measure MAP', mode 'r' at 0x0000000002325300>
[03-24 19:32:44]: Fold1 ends training
[03-24 19:32:44]: Fold1 starts testing
<open file 'G:\yaogong\letor40\baselines\AdaRank\source_code\AdaRank_CSharp.exe test -data G:\yaogong\letor40\datasets\Mq2008\Fold1\test.txt -model G:\yaogong\letor40\baselines\AdaRank\data\Mq2008\Fold1\model -output G:\yaogong\letor40\baselines\AdaRank\data\Mq2008\Fold1\test.score -round 91', mode 'r' at 0x0000000002325270>
<open file 'G:\yaogong\letor40\baselines\AdaRank\source_code\AdaRank_CSharp.exe test -data G:\yaogong\letor40\datasets\Mq2008\Fold1\vali.txt -model G:\yaogong\letor40\baselines\AdaRank\data\Mq2008\Fold1\model -output G:\yaogong\letor40\baselines\AdaRank\data\Mq2008\Fold1\vali.score -round 91', mode 'r' at 0x0000000002325300>
<open file 'G:\yaogong\letor40\baselines\AdaRank\source_code\AdaRank_CSharp.exe test -data G:\yaogong\letor40\datasets\Mq2008\Fold1\train.txt -model G:\yaogong\letor40\baselines\AdaRank\data\Mq2008\Fold1\model -output G:\yaogong\letor40\baselines\AdaRank\data\Mq2008\Fold1\train.score -round 91', mode 'r' at 0x0000000002325270>
[03-24 19:32:46]: Fold1 ends testing
[03-24 19:32:46]: Fold2 starts training
[03-24 19:32:46]: ROUND 100
<open file 'G:\yaogong\letor40\baselines\AdaRank\source_code\AdaRank_CSharp.exe train -data G:\yaogong\letor40\datasets\Mq2008\Fold2\train.txt -model G:\yaogong\letor40\baselines\AdaRank\data\Mq2008\model -round 100 -measure MAP', mode 'r' at 0x0000000002325300>
<open file 'G:\yaogong\letor40\baselines\AdaRank\source_code\AdaRank_CSharp.exe test -data G:\yaogong\letor40\datasets\Mq2008\Fold2\vali.txt -model G:\yaogong\letor40\baselines\AdaRank\data\Mq2008\model -output G:\yaogong\letor40\baselines\AdaRank\data\Mq2008\score -round 1', mode 'r' at 0x0000000002325300>
<open file 'G:\yaogong\letor40\baselines\AdaRank\source_code\AdaRank_CSharp.exe test -data G:\yaogong\letor40\datasets\Mq2008\Fold2\vali.txt -model G:\yaogong\letor40\baselines\AdaRank\data\Mq2008\model -output G:\yaogong\letor40\baselines\AdaRank\data\Mq2008\score -round 11', mode 'r' at 0x0000000002325270>
<open file 'G:\yaogong\letor40\baselines\AdaRank\source_code\AdaRank_CSharp.exe test -data G:\yaogong\letor40\datasets\Mq2008\Fold2\vali.txt -model G:\yaogong\letor40\baselines\AdaRank\data\Mq2008\model -output G:\yaogong\letor40\baselines\AdaRank\data\Mq2008\score -round 21', mode 'r' at 0x0000000002325300>
<open file 'G:\yaogong\letor40\baselines\AdaRank\source_code\AdaRank_CSharp.exe test -data G:\yaogong\letor40\datasets\Mq2008\Fold2\vali.txt -model G:\yaogong\letor40\baselines\AdaRank\data\Mq2008\model -output G:\yaogong\letor40\baselines\AdaRank\data\Mq2008\score -round 31', mode 'r' at 0x0000000002325270>
<open file 'G:\yaogong\letor40\baselines\AdaRank\source_code\AdaRank_CSharp.exe test -data G:\yaogong\letor40\datasets\Mq2008\Fold2\vali.txt -model G:\yaogong\letor40\baselines\AdaRank\data\Mq2008\model -output G:\yaogong\letor40\baselines\AdaRank\data\Mq2008\score -round 41', mode 'r' at 0x0000000002325300>
<open file 'G:\yaogong\letor40\baselines\AdaRank\source_code\AdaRank_CSharp.exe test -data G:\yaogong\letor40\datasets\Mq2008\Fold2\vali.txt -model G:\yaogong\letor40\baselines\AdaRank\data\Mq2008\model -output G:\yaogong\letor40\baselines\AdaRank\data\Mq2008\score -round 51', mode 'r' at 0x0000000002325270>
<open file 'G:\yaogong\letor40\baselines\AdaRank\source_code\AdaRank_CSharp.exe test -data G:\yaogong\letor40\datasets\Mq2008\Fold2\vali.txt -model G:\yaogong\letor40\baselines\AdaRank\data\Mq2008\model -output G:\yaogong\letor40\baselines\AdaRank\data\Mq2008\score -round 61', mode 'r' at 0x0000000002325300>
<open file 'G:\yaogong\letor40\baselines\AdaRank\source_code\AdaRank_CSharp.exe test -data G:\yaogong\letor40\datasets\Mq2008\Fold2\vali.txt -model G:\yaogong\letor40\baselines\AdaRank\data\Mq2008\model -output G:\yaogong\letor40\baselines\AdaRank\data\Mq2008\score -round 71', mode 'r' at 0x0000000002325270>
<open file 'G:\yaogong\letor40\baselines\AdaRank\source_code\AdaRank_CSharp.exe test -data G:\yaogong\letor40\datasets\Mq2008\Fold2\vali.txt -model G:\yaogong\letor40\baselines\AdaRank\data\Mq2008\model -output G:\yaogong\letor40\baselines\AdaRank\data\Mq2008\score -round 81', mode 'r' at 0x0000000002325300>
<open file 'G:\yaogong\letor40\baselines\AdaRank\source_code\AdaRank_CSharp.exe test -data G:\yaogong\letor40\datasets\Mq2008\Fold2\vali.txt -model G:\yaogong\letor40\baselines\AdaRank\data\Mq2008\model -output G:\yaogong\letor40\baselines\AdaRank\data\Mq2008\score -round 91', mode 'r' at 0x0000000002325270>
<open file 'G:\yaogong\letor40\baselines\AdaRank\source_code\AdaRank_CSharp.exe train -data G:\yaogong\letor40\datasets\Mq2008\Fold2\train.txt -model G:\yaogong\letor40\baselines\AdaRank\data\Mq2008\Fold2\model -round 91 -measure MAP', mode 'r' at 0x0000000002325270>
[03-24 19:32:54]: Fold2 ends training
[03-24 19:32:54]: Fold2 starts testing
<open file 'G:\yaogong\letor40\baselines\AdaRank\source_code\AdaRank_CSharp.exe test -data G:\yaogong\letor40\datasets\Mq2008\Fold2\test.txt -model G:\yaogong\letor40\baselines\AdaRank\data\Mq2008\Fold2\model -output G:\yaogong\letor40\baselines\AdaRank\data\Mq2008\Fold2\test.score -round 91', mode 'r' at 0x0000000002325300>
<open file 'G:\yaogong\letor40\baselines\AdaRank\source_code\AdaRank_CSharp.exe test -data G:\yaogong\letor40\datasets\Mq2008\Fold2\vali.txt -model G:\yaogong\letor40\baselines\AdaRank\data\Mq2008\Fold2\model -output G:\yaogong\letor40\baselines\AdaRank\data\Mq2008\Fold2\vali.score -round 91', mode 'r' at 0x0000000002325270>
<open file 'G:\yaogong\letor40\baselines\AdaRank\source_code\AdaRank_CSharp.exe test -data G:\yaogong\letor40\datasets\Mq2008\Fold2\train.txt -model G:\yaogong\letor40\baselines\AdaRank\data\Mq2008\Fold2\model -output G:\yaogong\letor40\baselines\AdaRank\data\Mq2008\Fold2\train.score -round 91', mode 'r' at 0x0000000002325300>
[03-24 19:32:55]: Fold2 ends testing
[03-24 19:32:55]: Fold3 starts training
[03-24 19:32:55]: ROUND 100
<open file 'G:\yaogong\letor40\baselines\AdaRank\source_code\AdaRank_CSharp.exe train -data G:\yaogong\letor40\datasets\Mq2008\Fold3\train.txt -model G:\yaogong\letor40\baselines\AdaRank\data\Mq2008\model -round 100 -measure MAP', mode 'r' at 0x0000000002325270>
<open file 'G:\yaogong\letor40\baselines\AdaRank\source_code\AdaRank_CSharp.exe test -data G:\yaogong\letor40\datasets\Mq2008\Fold3\vali.txt -model G:\yaogong\letor40\baselines\AdaRank\data\Mq2008\model -output G:\yaogong\letor40\baselines\AdaRank\data\Mq2008\score -round 1', mode 'r' at 0x0000000002325270>
<open file 'G:\yaogong\letor40\baselines\AdaRank\source_code\AdaRank_CSharp.exe test -data G:\yaogong\letor40\datasets\Mq2008\Fold3\vali.txt -model G:\yaogong\letor40\baselines\AdaRank\data\Mq2008\model -output G:\yaogong\letor40\baselines\AdaRank\data\Mq2008\score -round 11', mode 'r' at 0x0000000002325300>
<open file 'G:\yaogong\letor40\baselines\AdaRank\source_code\AdaRank_CSharp.exe test -data G:\yaogong\letor40\datasets\Mq2008\Fold3\vali.txt -model G:\yaogong\letor40\baselines\AdaRank\data\Mq2008\model -output G:\yaogong\letor40\baselines\AdaRank\data\Mq2008\score -round 21', mode 'r' at 0x0000000002325270>
<open file 'G:\yaogong\letor40\baselines\AdaRank\source_code\AdaRank_CSharp.exe test -data G:\yaogong\letor40\datasets\Mq2008\Fold3\vali.txt -model G:\yaogong\letor40\baselines\AdaRank\data\Mq2008\model -output G:\yaogong\letor40\baselines\AdaRank\data\Mq2008\score -round 31', mode 'r' at 0x0000000002325300>
<open file 'G:\yaogong\letor40\baselines\AdaRank\source_code\AdaRank_CSharp.exe test -data G:\yaogong\letor40\datasets\Mq2008\Fold3\vali.txt -model G:\yaogong\letor40\baselines\AdaRank\data\Mq2008\model -output G:\yaogong\letor40\baselines\AdaRank\data\Mq2008\score -round 41', mode 'r' at 0x0000000002325270>
<open file 'G:\yaogong\letor40\baselines\AdaRank\source_code\AdaRank_CSharp.exe test -data G:\yaogong\letor40\datasets\Mq2008\Fold3\vali.txt -model G:\yaogong\letor40\baselines\AdaRank\data\Mq2008\model -output G:\yaogong\letor40\baselines\AdaRank\data\Mq2008\score -round 51', mode 'r' at 0x0000000002325300>
<open file 'G:\yaogong\letor40\baselines\AdaRank\source_code\AdaRank_CSharp.exe test -data G:\yaogong\letor40\datasets\Mq2008\Fold3\vali.txt -model G:\yaogong\letor40\baselines\AdaRank\data\Mq2008\model -output G:\yaogong\letor40\baselines\AdaRank\data\Mq2008\score -round 61', mode 'r' at 0x0000000002325270>
<open file 'G:\yaogong\letor40\baselines\AdaRank\source_code\AdaRank_CSharp.exe test -data G:\yaogong\letor40\datasets\Mq2008\Fold3\vali.txt -model G:\yaogong\letor40\baselines\AdaRank\data\Mq2008\model -output G:\yaogong\letor40\baselines\AdaRank\data\Mq2008\score -round 71', mode 'r' at 0x0000000002325300>
<open file 'G:\yaogong\letor40\baselines\AdaRank\source_code\AdaRank_CSharp.exe test -data G:\yaogong\letor40\datasets\Mq2008\Fold3\vali.txt -model G:\yaogong\letor40\baselines\AdaRank\data\Mq2008\model -output G:\yaogong\letor40\baselines\AdaRank\data\Mq2008\score -round 81', mode 'r' at 0x0000000002325270>
<open file 'G:\yaogong\letor40\baselines\AdaRank\source_code\AdaRank_CSharp.exe test -data G:\yaogong\letor40\datasets\Mq2008\Fold3\vali.txt -model G:\yaogong\letor40\baselines\AdaRank\data\Mq2008\model -output G:\yaogong\letor40\baselines\AdaRank\data\Mq2008\score -round 91', mode 'r' at 0x0000000002325300>
<open file 'G:\yaogong\letor40\baselines\AdaRank\source_code\AdaRank_CSharp.exe train -data G:\yaogong\letor40\datasets\Mq2008\Fold3\train.txt -model G:\yaogong\letor40\baselines\AdaRank\data\Mq2008\Fold3\model -round 51 -measure MAP', mode 'r' at 0x0000000002325300>
[03-24 19:33:02]: Fold3 ends training
[03-24 19:33:02]: Fold3 starts testing
<open file 'G:\yaogong\letor40\baselines\AdaRank\source_code\AdaRank_CSharp.exe test -data G:\yaogong\letor40\datasets\Mq2008\Fold3\test.txt -model G:\yaogong\letor40\baselines\AdaRank\data\Mq2008\Fold3\model -output G:\yaogong\letor40\baselines\AdaRank\data\Mq2008\Fold3\test.score -round 51', mode 'r' at 0x0000000002325270>
<open file 'G:\yaogong\letor40\baselines\AdaRank\source_code\AdaRank_CSharp.exe test -data G:\yaogong\letor40\datasets\Mq2008\Fold3\vali.txt -model G:\yaogong\letor40\baselines\AdaRank\data\Mq2008\Fold3\model -output G:\yaogong\letor40\baselines\AdaRank\data\Mq2008\Fold3\vali.score -round 51', mode 'r' at 0x0000000002325300>
<open file 'G:\yaogong\letor40\baselines\AdaRank\source_code\AdaRank_CSharp.exe test -data G:\yaogong\letor40\datasets\Mq2008\Fold3\train.txt -model G:\yaogong\letor40\baselines\AdaRank\data\Mq2008\Fold3\model -output G:\yaogong\letor40\baselines\AdaRank\data\Mq2008\Fold3\train.score -round 51', mode 'r' at 0x0000000002325270>
[03-24 19:33:04]: Fold3 ends testing
[03-24 19:33:04]: Fold4 starts training
[03-24 19:33:04]: ROUND 100
<open file 'G:\yaogong\letor40\baselines\AdaRank\source_code\AdaRank_CSharp.exe train -data G:\yaogong\letor40\datasets\Mq2008\Fold4\train.txt -model G:\yaogong\letor40\baselines\AdaRank\data\Mq2008\model -round 100 -measure MAP', mode 'r' at 0x0000000002325300>
<open file 'G:\yaogong\letor40\baselines\AdaRank\source_code\AdaRank_CSharp.exe test -data G:\yaogong\letor40\datasets\Mq2008\Fold4\vali.txt -model G:\yaogong\letor40\baselines\AdaRank\data\Mq2008\model -output G:\yaogong\letor40\baselines\AdaRank\data\Mq2008\score -round 1', mode 'r' at 0x0000000002325300>
<open file 'G:\yaogong\letor40\baselines\AdaRank\source_code\AdaRank_CSharp.exe test -data G:\yaogong\letor40\datasets\Mq2008\Fold4\vali.txt -model G:\yaogong\letor40\baselines\AdaRank\data\Mq2008\model -output G:\yaogong\letor40\baselines\AdaRank\data\Mq2008\score -round 11', mode 'r' at 0x0000000002325270>
<open file 'G:\yaogong\letor40\baselines\AdaRank\source_code\AdaRank_CSharp.exe test -data G:\yaogong\letor40\datasets\Mq2008\Fold4\vali.txt -model G:\yaogong\letor40\baselines\AdaRank\data\Mq2008\model -output G:\yaogong\letor40\baselines\AdaRank\data\Mq2008\score -round 21', mode 'r' at 0x0000000002325300>
<open file 'G:\yaogong\letor40\baselines\AdaRank\source_code\AdaRank_CSharp.exe test -data G:\yaogong\letor40\datasets\Mq2008\Fold4\vali.txt -model G:\yaogong\letor40\baselines\AdaRank\data\Mq2008\model -output G:\yaogong\letor40\baselines\AdaRank\data\Mq2008\score -round 31', mode 'r' at 0x0000000002325270>
<open file 'G:\yaogong\letor40\baselines\AdaRank\source_code\AdaRank_CSharp.exe test -data G:\yaogong\letor40\datasets\Mq2008\Fold4\vali.txt -model G:\yaogong\letor40\baselines\AdaRank\data\Mq2008\model -output G:\yaogong\letor40\baselines\AdaRank\data\Mq2008\score -round 41', mode 'r' at 0x0000000002325300>
<open file 'G:\yaogong\letor40\baselines\AdaRank\source_code\AdaRank_CSharp.exe test -data G:\yaogong\letor40\datasets\Mq2008\Fold4\vali.txt -model G:\yaogong\letor40\baselines\AdaRank\data\Mq2008\model -output G:\yaogong\letor40\baselines\AdaRank\data\Mq2008\score -round 51', mode 'r' at 0x0000000002325270>
<open file 'G:\yaogong\letor40\baselines\AdaRank\source_code\AdaRank_CSharp.exe test -data G:\yaogong\letor40\datasets\Mq2008\Fold4\vali.txt -model G:\yaogong\letor40\baselines\AdaRank\data\Mq2008\model -output G:\yaogong\letor40\baselines\AdaRank\data\Mq2008\score -round 61', mode 'r' at 0x0000000002325300>
<open file 'G:\yaogong\letor40\baselines\AdaRank\source_code\AdaRank_CSharp.exe test -data G:\yaogong\letor40\datasets\Mq2008\Fold4\vali.txt -model G:\yaogong\letor40\baselines\AdaRank\data\Mq2008\model -output G:\yaogong\letor40\baselines\AdaRank\data\Mq2008\score -round 71', mode 'r' at 0x0000000002325270>
<open file 'G:\yaogong\letor40\baselines\AdaRank\source_code\AdaRank_CSharp.exe test -data G:\yaogong\letor40\datasets\Mq2008\Fold4\vali.txt -model G:\yaogong\letor40\baselines\AdaRank\data\Mq2008\model -output G:\yaogong\letor40\baselines\AdaRank\data\Mq2008\score -round 81', mode 'r' at 0x0000000002325300>
<open file 'G:\yaogong\letor40\baselines\AdaRank\source_code\AdaRank_CSharp.exe test -data G:\yaogong\letor40\datasets\Mq2008\Fold4\vali.txt -model G:\yaogong\letor40\baselines\AdaRank\data\Mq2008\model -output G:\yaogong\letor40\baselines\AdaRank\data\Mq2008\score -round 91', mode 'r' at 0x0000000002325270>
<open file 'G:\yaogong\letor40\baselines\AdaRank\source_code\AdaRank_CSharp.exe train -data G:\yaogong\letor40\datasets\Mq2008\Fold4\train.txt -model G:\yaogong\letor40\baselines\AdaRank\data\Mq2008\Fold4\model -round 91 -measure MAP', mode 'r' at 0x0000000002325270>
[03-24 19:33:13]: Fold4 ends training
[03-24 19:33:13]: Fold4 starts testing
<open file 'G:\yaogong\letor40\baselines\AdaRank\source_code\AdaRank_CSharp.exe test -data G:\yaogong\letor40\datasets\Mq2008\Fold4\test.txt -model G:\yaogong\letor40\baselines\AdaRank\data\Mq2008\Fold4\model -output G:\yaogong\letor40\baselines\AdaRank\data\Mq2008\Fold4\test.score -round 91', mode 'r' at 0x0000000002325300>
<open file 'G:\yaogong\letor40\baselines\AdaRank\source_code\AdaRank_CSharp.exe test -data G:\yaogong\letor40\datasets\Mq2008\Fold4\vali.txt -model G:\yaogong\letor40\baselines\AdaRank\data\Mq2008\Fold4\model -output G:\yaogong\letor40\baselines\AdaRank\data\Mq2008\Fold4\vali.score -round 91', mode 'r' at 0x0000000002325270>
<open file 'G:\yaogong\letor40\baselines\AdaRank\source_code\AdaRank_CSharp.exe test -data G:\yaogong\letor40\datasets\Mq2008\Fold4\train.txt -model G:\yaogong\letor40\baselines\AdaRank\data\Mq2008\Fold4\model -output G:\yaogong\letor40\baselines\AdaRank\data\Mq2008\Fold4\train.score -round 91', mode 'r' at 0x0000000002325300>
[03-24 19:33:14]: Fold4 ends testing
[03-24 19:33:14]: Fold5 starts training
[03-24 19:33:14]: ROUND 100
<open file 'G:\yaogong\letor40\baselines\AdaRank\source_code\AdaRank_CSharp.exe train -data G:\yaogong\letor40\datasets\Mq2008\Fold5\train.txt -model G:\yaogong\letor40\baselines\AdaRank\data\Mq2008\model -round 100 -measure MAP', mode 'r' at 0x0000000002325270>
<open file 'G:\yaogong\letor40\baselines\AdaRank\source_code\AdaRank_CSharp.exe test -data G:\yaogong\letor40\datasets\Mq2008\Fold5\vali.txt -model G:\yaogong\letor40\baselines\AdaRank\data\Mq2008\model -output G:\yaogong\letor40\baselines\AdaRank\data\Mq2008\score -round 1', mode 'r' at 0x0000000002325270>
<open file 'G:\yaogong\letor40\baselines\AdaRank\source_code\AdaRank_CSharp.exe test -data G:\yaogong\letor40\datasets\Mq2008\Fold5\vali.txt -model G:\yaogong\letor40\baselines\AdaRank\data\Mq2008\model -output G:\yaogong\letor40\baselines\AdaRank\data\Mq2008\score -round 11', mode 'r' at 0x0000000002325300>
<open file 'G:\yaogong\letor40\baselines\AdaRank\source_code\AdaRank_CSharp.exe test -data G:\yaogong\letor40\datasets\Mq2008\Fold5\vali.txt -model G:\yaogong\letor40\baselines\AdaRank\data\Mq2008\model -output G:\yaogong\letor40\baselines\AdaRank\data\Mq2008\score -round 21', mode 'r' at 0x0000000002325270>
<open file 'G:\yaogong\letor40\baselines\AdaRank\source_code\AdaRank_CSharp.exe test -data G:\yaogong\letor40\datasets\Mq2008\Fold5\vali.txt -model G:\yaogong\letor40\baselines\AdaRank\data\Mq2008\model -output G:\yaogong\letor40\baselines\AdaRank\data\Mq2008\score -round 31', mode 'r' at 0x0000000002325300>
<open file 'G:\yaogong\letor40\baselines\AdaRank\source_code\AdaRank_CSharp.exe test -data G:\yaogong\letor40\datasets\Mq2008\Fold5\vali.txt -model G:\yaogong\letor40\baselines\AdaRank\data\Mq2008\model -output G:\yaogong\letor40\baselines\AdaRank\data\Mq2008\score -round 41', mode 'r' at 0x0000000002325270>
<open file 'G:\yaogong\letor40\baselines\AdaRank\source_code\AdaRank_CSharp.exe test -data G:\yaogong\letor40\datasets\Mq2008\Fold5\vali.txt -model G:\yaogong\letor40\baselines\AdaRank\data\Mq2008\model -output G:\yaogong\letor40\baselines\AdaRank\data\Mq2008\score -round 51', mode 'r' at 0x0000000002325300>
<open file 'G:\yaogong\letor40\baselines\AdaRank\source_code\AdaRank_CSharp.exe test -data G:\yaogong\letor40\datasets\Mq2008\Fold5\vali.txt -model G:\yaogong\letor40\baselines\AdaRank\data\Mq2008\model -output G:\yaogong\letor40\baselines\AdaRank\data\Mq2008\score -round 61', mode 'r' at 0x0000000002325270>
<open file 'G:\yaogong\letor40\baselines\AdaRank\source_code\AdaRank_CSharp.exe test -data G:\yaogong\letor40\datasets\Mq2008\Fold5\vali.txt -model G:\yaogong\letor40\baselines\AdaRank\data\Mq2008\model -output G:\yaogong\letor40\baselines\AdaRank\data\Mq2008\score -round 71', mode 'r' at 0x0000000002325300>
<open file 'G:\yaogong\letor40\baselines\AdaRank\source_code\AdaRank_CSharp.exe test -data G:\yaogong\letor40\datasets\Mq2008\Fold5\vali.txt -model G:\yaogong\letor40\baselines\AdaRank\data\Mq2008\model -output G:\yaogong\letor40\baselines\AdaRank\data\Mq2008\score -round 81', mode 'r' at 0x0000000002325270>
<open file 'G:\yaogong\letor40\baselines\AdaRank\source_code\AdaRank_CSharp.exe test -data G:\yaogong\letor40\datasets\Mq2008\Fold5\vali.txt -model G:\yaogong\letor40\baselines\AdaRank\data\Mq2008\model -output G:\yaogong\letor40\baselines\AdaRank\data\Mq2008\score -round 91', mode 'r' at 0x0000000002325300>
<open file 'G:\yaogong\letor40\baselines\AdaRank\source_code\AdaRank_CSharp.exe train -data G:\yaogong\letor40\datasets\Mq2008\Fold5\train.txt -model G:\yaogong\letor40\baselines\AdaRank\data\Mq2008\Fold5\model -round 11 -measure MAP', mode 'r' at 0x0000000002325300>
[03-24 19:33:22]: Fold5 ends training
[03-24 19:33:22]: Fold5 starts testing
<open file 'G:\yaogong\letor40\baselines\AdaRank\source_code\AdaRank_CSharp.exe test -data G:\yaogong\letor40\datasets\Mq2008\Fold5\test.txt -model G:\yaogong\letor40\baselines\AdaRank\data\Mq2008\Fold5\model -output G:\yaogong\letor40\baselines\AdaRank\data\Mq2008\Fold5\test.score -round 11', mode 'r' at 0x0000000002325270>
<open file 'G:\yaogong\letor40\baselines\AdaRank\source_code\AdaRank_CSharp.exe test -data G:\yaogong\letor40\datasets\Mq2008\Fold5\vali.txt -model G:\yaogong\letor40\baselines\AdaRank\data\Mq2008\Fold5\model -output G:\yaogong\letor40\baselines\AdaRank\data\Mq2008\Fold5\vali.score -round 11', mode 'r' at 0x0000000002325300>
<open file 'G:\yaogong\letor40\baselines\AdaRank\source_code\AdaRank_CSharp.exe test -data G:\yaogong\letor40\datasets\Mq2008\Fold5\train.txt -model G:\yaogong\letor40\baselines\AdaRank\data\Mq2008\Fold5\model -output G:\yaogong\letor40\baselines\AdaRank\data\Mq2008\Fold5\train.score -round 11', mode 'r' at 0x0000000002325270>
[03-24 19:33:23]: Fold5 ends testing
[03-24 19:33:23]: begin to write results into files
[03-24 19:33:23]: writing files done
