[03-24 19:29:08]: training starts
[03-24 19:29:08]: Fold1 starts training
[03-24 19:29:08]: ROUND 100
<open file 'G:\yaogong\letor40\baselines\AdaRank\source_code\AdaRank_CSharp.exe train -data G:\yaogong\letor40\datasets\Mq2008\Fold1\train.txt -model G:\yaogong\letor40\baselines\AdaRank\data\Mq2008\model -round 100 -measure MAP', mode 'r' at 0x0000000002316270>
<open file 'G:\yaogong\letor40\baselines\AdaRank\source_code\AdaRank_CSharp.exe test -data G:\yaogong\letor40\datasets\Mq2008\Fold1\vali.txt -model G:\yaogong\letor40\baselines\AdaRank\data\Mq2008\model -output G:\yaogong\letor40\baselines\AdaRank\data\Mq2008\score -round 1', mode 'r' at 0x0000000002316270>
<open file 'G:\yaogong\letor40\baselines\AdaRank\source_code\AdaRank_CSharp.exe test -data G:\yaogong\letor40\datasets\Mq2008\Fold1\vali.txt -model G:\yaogong\letor40\baselines\AdaRank\data\Mq2008\model -output G:\yaogong\letor40\baselines\AdaRank\data\Mq2008\score -round 11', mode 'r' at 0x0000000002316300>
<open file 'G:\yaogong\letor40\baselines\AdaRank\source_code\AdaRank_CSharp.exe test -data G:\yaogong\letor40\datasets\Mq2008\Fold1\vali.txt -model G:\yaogong\letor40\baselines\AdaRank\data\Mq2008\model -output G:\yaogong\letor40\baselines\AdaRank\data\Mq2008\score -round 21', mode 'r' at 0x0000000002316270>
<open file 'G:\yaogong\letor40\baselines\AdaRank\source_code\AdaRank_CSharp.exe test -data G:\yaogong\letor40\datasets\Mq2008\Fold1\vali.txt -model G:\yaogong\letor40\baselines\AdaRank\data\Mq2008\model -output G:\yaogong\letor40\baselines\AdaRank\data\Mq2008\score -round 31', mode 'r' at 0x0000000002316300>
<open file 'G:\yaogong\letor40\baselines\AdaRank\source_code\AdaRank_CSharp.exe test -data G:\yaogong\letor40\datasets\Mq2008\Fold1\vali.txt -model G:\yaogong\letor40\baselines\AdaRank\data\Mq2008\model -output G:\yaogong\letor40\baselines\AdaRank\data\Mq2008\score -round 41', mode 'r' at 0x0000000002316270>
<open file 'G:\yaogong\letor40\baselines\AdaRank\source_code\AdaRank_CSharp.exe test -data G:\yaogong\letor40\datasets\Mq2008\Fold1\vali.txt -model G:\yaogong\letor40\baselines\AdaRank\data\Mq2008\model -output G:\yaogong\letor40\baselines\AdaRank\data\Mq2008\score -round 51', mode 'r' at 0x0000000002316300>
<open file 'G:\yaogong\letor40\baselines\AdaRank\source_code\AdaRank_CSharp.exe test -data G:\yaogong\letor40\datasets\Mq2008\Fold1\vali.txt -model G:\yaogong\letor40\baselines\AdaRank\data\Mq2008\model -output G:\yaogong\letor40\baselines\AdaRank\data\Mq2008\score -round 61', mode 'r' at 0x0000000002316270>
<open file 'G:\yaogong\letor40\baselines\AdaRank\source_code\AdaRank_CSharp.exe test -data G:\yaogong\letor40\datasets\Mq2008\Fold1\vali.txt -model G:\yaogong\letor40\baselines\AdaRank\data\Mq2008\model -output G:\yaogong\letor40\baselines\AdaRank\data\Mq2008\score -round 71', mode 'r' at 0x0000000002316300>
<open file 'G:\yaogong\letor40\baselines\AdaRank\source_code\AdaRank_CSharp.exe test -data G:\yaogong\letor40\datasets\Mq2008\Fold1\vali.txt -model G:\yaogong\letor40\baselines\AdaRank\data\Mq2008\model -output G:\yaogong\letor40\baselines\AdaRank\data\Mq2008\score -round 81', mode 'r' at 0x0000000002316270>
<open file 'G:\yaogong\letor40\baselines\AdaRank\source_code\AdaRank_CSharp.exe test -data G:\yaogong\letor40\datasets\Mq2008\Fold1\vali.txt -model G:\yaogong\letor40\baselines\AdaRank\data\Mq2008\model -output G:\yaogong\letor40\baselines\AdaRank\data\Mq2008\score -round 91', mode 'r' at 0x0000000002316300>
<open file 'G:\yaogong\letor40\baselines\AdaRank\source_code\AdaRank_CSharp.exe train -data G:\yaogong\letor40\datasets\Mq2008\Fold1\train.txt -model G:\yaogong\letor40\baselines\AdaRank\data\Mq2008\Fold1\model -round 91 -measure MAP', mode 'r' at 0x0000000002316300>
[03-24 19:29:16]: Fold1 ends training
[03-24 19:29:16]: Fold1 starts testing
<open file 'G:\yaogong\letor40\baselines\AdaRank\source_code\AdaRank_CSharp.exe test -data G:\yaogong\letor40\datasets\Mq2008\Fold1\test.txt -model G:\yaogong\letor40\baselines\AdaRank\data\Mq2008\Fold1\model -output G:\yaogong\letor40\baselines\AdaRank\data\Mq2008\Fold1\test.score -round 91', mode 'r' at 0x0000000002316270>
<open file 'G:\yaogong\letor40\baselines\AdaRank\source_code\AdaRank_CSharp.exe test -data G:\yaogong\letor40\datasets\Mq2008\Fold1\vali.txt -model G:\yaogong\letor40\baselines\AdaRank\data\Mq2008\Fold1\model -output G:\yaogong\letor40\baselines\AdaRank\data\Mq2008\Fold1\vali.score -round 91', mode 'r' at 0x0000000002316300>
<open file 'G:\yaogong\letor40\baselines\AdaRank\source_code\AdaRank_CSharp.exe test -data G:\yaogong\letor40\datasets\Mq2008\Fold1\train.txt -model G:\yaogong\letor40\baselines\AdaRank\data\Mq2008\Fold1\model -output G:\yaogong\letor40\baselines\AdaRank\data\Mq2008\Fold1\train.score -round 91', mode 'r' at 0x0000000002316270>
[03-24 19:29:18]: Fold1 ends testing
[03-24 19:29:18]: Fold2 starts training
[03-24 19:29:18]: ROUND 100
<open file 'G:\yaogong\letor40\baselines\AdaRank\source_code\AdaRank_CSharp.exe train -data G:\yaogong\letor40\datasets\Mq2008\Fold2\train.txt -model G:\yaogong\letor40\baselines\AdaRank\data\Mq2008\model -round 100 -measure MAP', mode 'r' at 0x0000000002316300>
<open file 'G:\yaogong\letor40\baselines\AdaRank\source_code\AdaRank_CSharp.exe test -data G:\yaogong\letor40\datasets\Mq2008\Fold2\vali.txt -model G:\yaogong\letor40\baselines\AdaRank\data\Mq2008\model -output G:\yaogong\letor40\baselines\AdaRank\data\Mq2008\score -round 1', mode 'r' at 0x0000000002316300>
<open file 'G:\yaogong\letor40\baselines\AdaRank\source_code\AdaRank_CSharp.exe test -data G:\yaogong\letor40\datasets\Mq2008\Fold2\vali.txt -model G:\yaogong\letor40\baselines\AdaRank\data\Mq2008\model -output G:\yaogong\letor40\baselines\AdaRank\data\Mq2008\score -round 11', mode 'r' at 0x0000000002316270>
<open file 'G:\yaogong\letor40\baselines\AdaRank\source_code\AdaRank_CSharp.exe test -data G:\yaogong\letor40\datasets\Mq2008\Fold2\vali.txt -model G:\yaogong\letor40\baselines\AdaRank\data\Mq2008\model -output G:\yaogong\letor40\baselines\AdaRank\data\Mq2008\score -round 21', mode 'r' at 0x0000000002316300>
<open file 'G:\yaogong\letor40\baselines\AdaRank\source_code\AdaRank_CSharp.exe test -data G:\yaogong\letor40\datasets\Mq2008\Fold2\vali.txt -model G:\yaogong\letor40\baselines\AdaRank\data\Mq2008\model -output G:\yaogong\letor40\baselines\AdaRank\data\Mq2008\score -round 31', mode 'r' at 0x0000000002316270>
<open file 'G:\yaogong\letor40\baselines\AdaRank\source_code\AdaRank_CSharp.exe test -data G:\yaogong\letor40\datasets\Mq2008\Fold2\vali.txt -model G:\yaogong\letor40\baselines\AdaRank\data\Mq2008\model -output G:\yaogong\letor40\baselines\AdaRank\data\Mq2008\score -round 41', mode 'r' at 0x0000000002316300>
<open file 'G:\yaogong\letor40\baselines\AdaRank\source_code\AdaRank_CSharp.exe test -data G:\yaogong\letor40\datasets\Mq2008\Fold2\vali.txt -model G:\yaogong\letor40\baselines\AdaRank\data\Mq2008\model -output G:\yaogong\letor40\baselines\AdaRank\data\Mq2008\score -round 51', mode 'r' at 0x0000000002316270>
<open file 'G:\yaogong\letor40\baselines\AdaRank\source_code\AdaRank_CSharp.exe test -data G:\yaogong\letor40\datasets\Mq2008\Fold2\vali.txt -model G:\yaogong\letor40\baselines\AdaRank\data\Mq2008\model -output G:\yaogong\letor40\baselines\AdaRank\data\Mq2008\score -round 61', mode 'r' at 0x0000000002316300>
<open file 'G:\yaogong\letor40\baselines\AdaRank\source_code\AdaRank_CSharp.exe test -data G:\yaogong\letor40\datasets\Mq2008\Fold2\vali.txt -model G:\yaogong\letor40\baselines\AdaRank\data\Mq2008\model -output G:\yaogong\letor40\baselines\AdaRank\data\Mq2008\score -round 71', mode 'r' at 0x0000000002316270>
<open file 'G:\yaogong\letor40\baselines\AdaRank\source_code\AdaRank_CSharp.exe test -data G:\yaogong\letor40\datasets\Mq2008\Fold2\vali.txt -model G:\yaogong\letor40\baselines\AdaRank\data\Mq2008\model -output G:\yaogong\letor40\baselines\AdaRank\data\Mq2008\score -round 81', mode 'r' at 0x0000000002316300>
<open file 'G:\yaogong\letor40\baselines\AdaRank\source_code\AdaRank_CSharp.exe test -data G:\yaogong\letor40\datasets\Mq2008\Fold2\vali.txt -model G:\yaogong\letor40\baselines\AdaRank\data\Mq2008\model -output G:\yaogong\letor40\baselines\AdaRank\data\Mq2008\score -round 91', mode 'r' at 0x0000000002316270>
<open file 'G:\yaogong\letor40\baselines\AdaRank\source_code\AdaRank_CSharp.exe train -data G:\yaogong\letor40\datasets\Mq2008\Fold2\train.txt -model G:\yaogong\letor40\baselines\AdaRank\data\Mq2008\Fold2\model -round 91 -measure MAP', mode 'r' at 0x0000000002316270>
[03-24 19:29:27]: Fold2 ends training
[03-24 19:29:27]: Fold2 starts testing
<open file 'G:\yaogong\letor40\baselines\AdaRank\source_code\AdaRank_CSharp.exe test -data G:\yaogong\letor40\datasets\Mq2008\Fold2\test.txt -model G:\yaogong\letor40\baselines\AdaRank\data\Mq2008\Fold2\model -output G:\yaogong\letor40\baselines\AdaRank\data\Mq2008\Fold2\test.score -round 91', mode 'r' at 0x0000000002316300>
<open file 'G:\yaogong\letor40\baselines\AdaRank\source_code\AdaRank_CSharp.exe test -data G:\yaogong\letor40\datasets\Mq2008\Fold2\vali.txt -model G:\yaogong\letor40\baselines\AdaRank\data\Mq2008\Fold2\model -output G:\yaogong\letor40\baselines\AdaRank\data\Mq2008\Fold2\vali.score -round 91', mode 'r' at 0x0000000002316270>
<open file 'G:\yaogong\letor40\baselines\AdaRank\source_code\AdaRank_CSharp.exe test -data G:\yaogong\letor40\datasets\Mq2008\Fold2\train.txt -model G:\yaogong\letor40\baselines\AdaRank\data\Mq2008\Fold2\model -output G:\yaogong\letor40\baselines\AdaRank\data\Mq2008\Fold2\train.score -round 91', mode 'r' at 0x0000000002316300>
[03-24 19:29:29]: Fold2 ends testing
[03-24 19:29:29]: Fold3 starts training
[03-24 19:29:29]: ROUND 100
<open file 'G:\yaogong\letor40\baselines\AdaRank\source_code\AdaRank_CSharp.exe train -data G:\yaogong\letor40\datasets\Mq2008\Fold3\train.txt -model G:\yaogong\letor40\baselines\AdaRank\data\Mq2008\model -round 100 -measure MAP', mode 'r' at 0x0000000002316270>
<open file 'G:\yaogong\letor40\baselines\AdaRank\source_code\AdaRank_CSharp.exe test -data G:\yaogong\letor40\datasets\Mq2008\Fold3\vali.txt -model G:\yaogong\letor40\baselines\AdaRank\data\Mq2008\model -output G:\yaogong\letor40\baselines\AdaRank\data\Mq2008\score -round 1', mode 'r' at 0x0000000002316270>
<open file 'G:\yaogong\letor40\baselines\AdaRank\source_code\AdaRank_CSharp.exe test -data G:\yaogong\letor40\datasets\Mq2008\Fold3\vali.txt -model G:\yaogong\letor40\baselines\AdaRank\data\Mq2008\model -output G:\yaogong\letor40\baselines\AdaRank\data\Mq2008\score -round 11', mode 'r' at 0x0000000002316300>
<open file 'G:\yaogong\letor40\baselines\AdaRank\source_code\AdaRank_CSharp.exe test -data G:\yaogong\letor40\datasets\Mq2008\Fold3\vali.txt -model G:\yaogong\letor40\baselines\AdaRank\data\Mq2008\model -output G:\yaogong\letor40\baselines\AdaRank\data\Mq2008\score -round 21', mode 'r' at 0x0000000002316270>
<open file 'G:\yaogong\letor40\baselines\AdaRank\source_code\AdaRank_CSharp.exe test -data G:\yaogong\letor40\datasets\Mq2008\Fold3\vali.txt -model G:\yaogong\letor40\baselines\AdaRank\data\Mq2008\model -output G:\yaogong\letor40\baselines\AdaRank\data\Mq2008\score -round 31', mode 'r' at 0x0000000002316300>
<open file 'G:\yaogong\letor40\baselines\AdaRank\source_code\AdaRank_CSharp.exe test -data G:\yaogong\letor40\datasets\Mq2008\Fold3\vali.txt -model G:\yaogong\letor40\baselines\AdaRank\data\Mq2008\model -output G:\yaogong\letor40\baselines\AdaRank\data\Mq2008\score -round 41', mode 'r' at 0x0000000002316270>
<open file 'G:\yaogong\letor40\baselines\AdaRank\source_code\AdaRank_CSharp.exe test -data G:\yaogong\letor40\datasets\Mq2008\Fold3\vali.txt -model G:\yaogong\letor40\baselines\AdaRank\data\Mq2008\model -output G:\yaogong\letor40\baselines\AdaRank\data\Mq2008\score -round 51', mode 'r' at 0x0000000002316300>
<open file 'G:\yaogong\letor40\baselines\AdaRank\source_code\AdaRank_CSharp.exe test -data G:\yaogong\letor40\datasets\Mq2008\Fold3\vali.txt -model G:\yaogong\letor40\baselines\AdaRank\data\Mq2008\model -output G:\yaogong\letor40\baselines\AdaRank\data\Mq2008\score -round 61', mode 'r' at 0x0000000002316270>
<open file 'G:\yaogong\letor40\baselines\AdaRank\source_code\AdaRank_CSharp.exe test -data G:\yaogong\letor40\datasets\Mq2008\Fold3\vali.txt -model G:\yaogong\letor40\baselines\AdaRank\data\Mq2008\model -output G:\yaogong\letor40\baselines\AdaRank\data\Mq2008\score -round 71', mode 'r' at 0x0000000002316300>
<open file 'G:\yaogong\letor40\baselines\AdaRank\source_code\AdaRank_CSharp.exe test -data G:\yaogong\letor40\datasets\Mq2008\Fold3\vali.txt -model G:\yaogong\letor40\baselines\AdaRank\data\Mq2008\model -output G:\yaogong\letor40\baselines\AdaRank\data\Mq2008\score -round 81', mode 'r' at 0x0000000002316270>
<open file 'G:\yaogong\letor40\baselines\AdaRank\source_code\AdaRank_CSharp.exe test -data G:\yaogong\letor40\datasets\Mq2008\Fold3\vali.txt -model G:\yaogong\letor40\baselines\AdaRank\data\Mq2008\model -output G:\yaogong\letor40\baselines\AdaRank\data\Mq2008\score -round 91', mode 'r' at 0x0000000002316300>
<open file 'G:\yaogong\letor40\baselines\AdaRank\source_code\AdaRank_CSharp.exe train -data G:\yaogong\letor40\datasets\Mq2008\Fold3\train.txt -model G:\yaogong\letor40\baselines\AdaRank\data\Mq2008\Fold3\model -round 51 -measure MAP', mode 'r' at 0x0000000002316300>
[03-24 19:29:36]: Fold3 ends training
[03-24 19:29:36]: Fold3 starts testing
<open file 'G:\yaogong\letor40\baselines\AdaRank\source_code\AdaRank_CSharp.exe test -data G:\yaogong\letor40\datasets\Mq2008\Fold3\test.txt -model G:\yaogong\letor40\baselines\AdaRank\data\Mq2008\Fold3\model -output G:\yaogong\letor40\baselines\AdaRank\data\Mq2008\Fold3\test.score -round 51', mode 'r' at 0x0000000002316270>
<open file 'G:\yaogong\letor40\baselines\AdaRank\source_code\AdaRank_CSharp.exe test -data G:\yaogong\letor40\datasets\Mq2008\Fold3\vali.txt -model G:\yaogong\letor40\baselines\AdaRank\data\Mq2008\Fold3\model -output G:\yaogong\letor40\baselines\AdaRank\data\Mq2008\Fold3\vali.score -round 51', mode 'r' at 0x0000000002316300>
<open file 'G:\yaogong\letor40\baselines\AdaRank\source_code\AdaRank_CSharp.exe test -data G:\yaogong\letor40\datasets\Mq2008\Fold3\train.txt -model G:\yaogong\letor40\baselines\AdaRank\data\Mq2008\Fold3\model -output G:\yaogong\letor40\baselines\AdaRank\data\Mq2008\Fold3\train.score -round 51', mode 'r' at 0x0000000002316270>
[03-24 19:29:37]: Fold3 ends testing
[03-24 19:29:37]: Fold4 starts training
[03-24 19:29:37]: ROUND 100
<open file 'G:\yaogong\letor40\baselines\AdaRank\source_code\AdaRank_CSharp.exe train -data G:\yaogong\letor40\datasets\Mq2008\Fold4\train.txt -model G:\yaogong\letor40\baselines\AdaRank\data\Mq2008\model -round 100 -measure MAP', mode 'r' at 0x0000000002316300>
<open file 'G:\yaogong\letor40\baselines\AdaRank\source_code\AdaRank_CSharp.exe test -data G:\yaogong\letor40\datasets\Mq2008\Fold4\vali.txt -model G:\yaogong\letor40\baselines\AdaRank\data\Mq2008\model -output G:\yaogong\letor40\baselines\AdaRank\data\Mq2008\score -round 1', mode 'r' at 0x0000000002316300>
<open file 'G:\yaogong\letor40\baselines\AdaRank\source_code\AdaRank_CSharp.exe test -data G:\yaogong\letor40\datasets\Mq2008\Fold4\vali.txt -model G:\yaogong\letor40\baselines\AdaRank\data\Mq2008\model -output G:\yaogong\letor40\baselines\AdaRank\data\Mq2008\score -round 11', mode 'r' at 0x0000000002316270>
<open file 'G:\yaogong\letor40\baselines\AdaRank\source_code\AdaRank_CSharp.exe test -data G:\yaogong\letor40\datasets\Mq2008\Fold4\vali.txt -model G:\yaogong\letor40\baselines\AdaRank\data\Mq2008\model -output G:\yaogong\letor40\baselines\AdaRank\data\Mq2008\score -round 21', mode 'r' at 0x0000000002316300>
<open file 'G:\yaogong\letor40\baselines\AdaRank\source_code\AdaRank_CSharp.exe test -data G:\yaogong\letor40\datasets\Mq2008\Fold4\vali.txt -model G:\yaogong\letor40\baselines\AdaRank\data\Mq2008\model -output G:\yaogong\letor40\baselines\AdaRank\data\Mq2008\score -round 31', mode 'r' at 0x0000000002316270>
<open file 'G:\yaogong\letor40\baselines\AdaRank\source_code\AdaRank_CSharp.exe test -data G:\yaogong\letor40\datasets\Mq2008\Fold4\vali.txt -model G:\yaogong\letor40\baselines\AdaRank\data\Mq2008\model -output G:\yaogong\letor40\baselines\AdaRank\data\Mq2008\score -round 41', mode 'r' at 0x0000000002316300>
<open file 'G:\yaogong\letor40\baselines\AdaRank\source_code\AdaRank_CSharp.exe test -data G:\yaogong\letor40\datasets\Mq2008\Fold4\vali.txt -model G:\yaogong\letor40\baselines\AdaRank\data\Mq2008\model -output G:\yaogong\letor40\baselines\AdaRank\data\Mq2008\score -round 51', mode 'r' at 0x0000000002316270>
<open file 'G:\yaogong\letor40\baselines\AdaRank\source_code\AdaRank_CSharp.exe test -data G:\yaogong\letor40\datasets\Mq2008\Fold4\vali.txt -model G:\yaogong\letor40\baselines\AdaRank\data\Mq2008\model -output G:\yaogong\letor40\baselines\AdaRank\data\Mq2008\score -round 61', mode 'r' at 0x0000000002316300>
<open file 'G:\yaogong\letor40\baselines\AdaRank\source_code\AdaRank_CSharp.exe test -data G:\yaogong\letor40\datasets\Mq2008\Fold4\vali.txt -model G:\yaogong\letor40\baselines\AdaRank\data\Mq2008\model -output G:\yaogong\letor40\baselines\AdaRank\data\Mq2008\score -round 71', mode 'r' at 0x0000000002316270>
<open file 'G:\yaogong\letor40\baselines\AdaRank\source_code\AdaRank_CSharp.exe test -data G:\yaogong\letor40\datasets\Mq2008\Fold4\vali.txt -model G:\yaogong\letor40\baselines\AdaRank\data\Mq2008\model -output G:\yaogong\letor40\baselines\AdaRank\data\Mq2008\score -round 81', mode 'r' at 0x0000000002316300>
<open file 'G:\yaogong\letor40\baselines\AdaRank\source_code\AdaRank_CSharp.exe test -data G:\yaogong\letor40\datasets\Mq2008\Fold4\vali.txt -model G:\yaogong\letor40\baselines\AdaRank\data\Mq2008\model -output G:\yaogong\letor40\baselines\AdaRank\data\Mq2008\score -round 91', mode 'r' at 0x0000000002316270>
<open file 'G:\yaogong\letor40\baselines\AdaRank\source_code\AdaRank_CSharp.exe train -data G:\yaogong\letor40\datasets\Mq2008\Fold4\train.txt -model G:\yaogong\letor40\baselines\AdaRank\data\Mq2008\Fold4\model -round 91 -measure MAP', mode 'r' at 0x0000000002316270>
[03-24 19:29:47]: Fold4 ends training
[03-24 19:29:47]: Fold4 starts testing
<open file 'G:\yaogong\letor40\baselines\AdaRank\source_code\AdaRank_CSharp.exe test -data G:\yaogong\letor40\datasets\Mq2008\Fold4\test.txt -model G:\yaogong\letor40\baselines\AdaRank\data\Mq2008\Fold4\model -output G:\yaogong\letor40\baselines\AdaRank\data\Mq2008\Fold4\test.score -round 91', mode 'r' at 0x0000000002316300>
<open file 'G:\yaogong\letor40\baselines\AdaRank\source_code\AdaRank_CSharp.exe test -data G:\yaogong\letor40\datasets\Mq2008\Fold4\vali.txt -model G:\yaogong\letor40\baselines\AdaRank\data\Mq2008\Fold4\model -output G:\yaogong\letor40\baselines\AdaRank\data\Mq2008\Fold4\vali.score -round 91', mode 'r' at 0x0000000002316270>
<open file 'G:\yaogong\letor40\baselines\AdaRank\source_code\AdaRank_CSharp.exe test -data G:\yaogong\letor40\datasets\Mq2008\Fold4\train.txt -model G:\yaogong\letor40\baselines\AdaRank\data\Mq2008\Fold4\model -output G:\yaogong\letor40\baselines\AdaRank\data\Mq2008\Fold4\train.score -round 91', mode 'r' at 0x0000000002316300>
[03-24 19:29:48]: Fold4 ends testing
[03-24 19:29:48]: Fold5 starts training
[03-24 19:29:48]: ROUND 100
<open file 'G:\yaogong\letor40\baselines\AdaRank\source_code\AdaRank_CSharp.exe train -data G:\yaogong\letor40\datasets\Mq2008\Fold5\train.txt -model G:\yaogong\letor40\baselines\AdaRank\data\Mq2008\model -round 100 -measure MAP', mode 'r' at 0x0000000002316270>
<open file 'G:\yaogong\letor40\baselines\AdaRank\source_code\AdaRank_CSharp.exe test -data G:\yaogong\letor40\datasets\Mq2008\Fold5\vali.txt -model G:\yaogong\letor40\baselines\AdaRank\data\Mq2008\model -output G:\yaogong\letor40\baselines\AdaRank\data\Mq2008\score -round 1', mode 'r' at 0x0000000002316270>
<open file 'G:\yaogong\letor40\baselines\AdaRank\source_code\AdaRank_CSharp.exe test -data G:\yaogong\letor40\datasets\Mq2008\Fold5\vali.txt -model G:\yaogong\letor40\baselines\AdaRank\data\Mq2008\model -output G:\yaogong\letor40\baselines\AdaRank\data\Mq2008\score -round 11', mode 'r' at 0x0000000002316300>
<open file 'G:\yaogong\letor40\baselines\AdaRank\source_code\AdaRank_CSharp.exe test -data G:\yaogong\letor40\datasets\Mq2008\Fold5\vali.txt -model G:\yaogong\letor40\baselines\AdaRank\data\Mq2008\model -output G:\yaogong\letor40\baselines\AdaRank\data\Mq2008\score -round 21', mode 'r' at 0x0000000002316270>
<open file 'G:\yaogong\letor40\baselines\AdaRank\source_code\AdaRank_CSharp.exe test -data G:\yaogong\letor40\datasets\Mq2008\Fold5\vali.txt -model G:\yaogong\letor40\baselines\AdaRank\data\Mq2008\model -output G:\yaogong\letor40\baselines\AdaRank\data\Mq2008\score -round 31', mode 'r' at 0x0000000002316300>
<open file 'G:\yaogong\letor40\baselines\AdaRank\source_code\AdaRank_CSharp.exe test -data G:\yaogong\letor40\datasets\Mq2008\Fold5\vali.txt -model G:\yaogong\letor40\baselines\AdaRank\data\Mq2008\model -output G:\yaogong\letor40\baselines\AdaRank\data\Mq2008\score -round 41', mode 'r' at 0x0000000002316270>
<open file 'G:\yaogong\letor40\baselines\AdaRank\source_code\AdaRank_CSharp.exe test -data G:\yaogong\letor40\datasets\Mq2008\Fold5\vali.txt -model G:\yaogong\letor40\baselines\AdaRank\data\Mq2008\model -output G:\yaogong\letor40\baselines\AdaRank\data\Mq2008\score -round 51', mode 'r' at 0x0000000002316300>
<open file 'G:\yaogong\letor40\baselines\AdaRank\source_code\AdaRank_CSharp.exe test -data G:\yaogong\letor40\datasets\Mq2008\Fold5\vali.txt -model G:\yaogong\letor40\baselines\AdaRank\data\Mq2008\model -output G:\yaogong\letor40\baselines\AdaRank\data\Mq2008\score -round 61', mode 'r' at 0x0000000002316270>
<open file 'G:\yaogong\letor40\baselines\AdaRank\source_code\AdaRank_CSharp.exe test -data G:\yaogong\letor40\datasets\Mq2008\Fold5\vali.txt -model G:\yaogong\letor40\baselines\AdaRank\data\Mq2008\model -output G:\yaogong\letor40\baselines\AdaRank\data\Mq2008\score -round 71', mode 'r' at 0x0000000002316300>
<open file 'G:\yaogong\letor40\baselines\AdaRank\source_code\AdaRank_CSharp.exe test -data G:\yaogong\letor40\datasets\Mq2008\Fold5\vali.txt -model G:\yaogong\letor40\baselines\AdaRank\data\Mq2008\model -output G:\yaogong\letor40\baselines\AdaRank\data\Mq2008\score -round 81', mode 'r' at 0x0000000002316270>
<open file 'G:\yaogong\letor40\baselines\AdaRank\source_code\AdaRank_CSharp.exe test -data G:\yaogong\letor40\datasets\Mq2008\Fold5\vali.txt -model G:\yaogong\letor40\baselines\AdaRank\data\Mq2008\model -output G:\yaogong\letor40\baselines\AdaRank\data\Mq2008\score -round 91', mode 'r' at 0x0000000002316300>
<open file 'G:\yaogong\letor40\baselines\AdaRank\source_code\AdaRank_CSharp.exe train -data G:\yaogong\letor40\datasets\Mq2008\Fold5\train.txt -model G:\yaogong\letor40\baselines\AdaRank\data\Mq2008\Fold5\model -round 11 -measure MAP', mode 'r' at 0x0000000002316300>
[03-24 19:29:56]: Fold5 ends training
[03-24 19:29:56]: Fold5 starts testing
<open file 'G:\yaogong\letor40\baselines\AdaRank\source_code\AdaRank_CSharp.exe test -data G:\yaogong\letor40\datasets\Mq2008\Fold5\test.txt -model G:\yaogong\letor40\baselines\AdaRank\data\Mq2008\Fold5\model -output G:\yaogong\letor40\baselines\AdaRank\data\Mq2008\Fold5\test.score -round 11', mode 'r' at 0x0000000002316270>
<open file 'G:\yaogong\letor40\baselines\AdaRank\source_code\AdaRank_CSharp.exe test -data G:\yaogong\letor40\datasets\Mq2008\Fold5\vali.txt -model G:\yaogong\letor40\baselines\AdaRank\data\Mq2008\Fold5\model -output G:\yaogong\letor40\baselines\AdaRank\data\Mq2008\Fold5\vali.score -round 11', mode 'r' at 0x0000000002316300>
<open file 'G:\yaogong\letor40\baselines\AdaRank\source_code\AdaRank_CSharp.exe test -data G:\yaogong\letor40\datasets\Mq2008\Fold5\train.txt -model G:\yaogong\letor40\baselines\AdaRank\data\Mq2008\Fold5\model -output G:\yaogong\letor40\baselines\AdaRank\data\Mq2008\Fold5\train.score -round 11', mode 'r' at 0x0000000002316270>
[03-24 19:29:57]: Fold5 ends testing
[03-24 19:29:57]: begin to write results into files
