[03-25 15:34:49]: training starts
[03-25 15:34:49]: Fold1 starts training
[03-25 15:34:49]: ROUND 500
<open file 'H:\zhangyaogong\letor40\baselines\AdaRank\source_code\AdaRank_CSharp.exe train -data H:\zhangyaogong\letor40\datasets\Mq2008\Fold1\train.txt -model H:\zhangyaogong\letor40\baselines\AdaRank\data\Mq2008\model -round 500 -measure NDCG', mode 'r' at 0x00000000024129C0>
<open file 'H:\zhangyaogong\letor40\baselines\AdaRank\source_code\AdaRank_CSharp.exe test -data H:\zhangyaogong\letor40\datasets\Mq2008\Fold1\vali.txt -model H:\zhangyaogong\letor40\baselines\AdaRank\data\Mq2008\model -output H:\zhangyaogong\letor40\baselines\AdaRank\data\Mq2008\score -round 1', mode 'r' at 0x00000000024129C0>
<open file 'H:\zhangyaogong\letor40\baselines\AdaRank\source_code\AdaRank_CSharp.exe train -data H:\zhangyaogong\letor40\datasets\Mq2008\Fold1\train.txt -model H:\zhangyaogong\letor40\baselines\AdaRank\data\Mq2008\Fold1\model -round 1 -measure NDCG', mode 'r' at 0x00000000024129C0>
<open file 'H:\zhangyaogong\letor40\baselines\AdaRank\source_code\AdaRank_CSharp.exe test -data H:\zhangyaogong\letor40\datasets\Mq2008\Fold1\vali.txt -model H:\zhangyaogong\letor40\baselines\AdaRank\data\Mq2008\model -output H:\zhangyaogong\letor40\baselines\AdaRank\data\Mq2008\score -round 51', mode 'r' at 0x0000000002412A50>
<open file 'H:\zhangyaogong\letor40\baselines\AdaRank\source_code\AdaRank_CSharp.exe train -data H:\zhangyaogong\letor40\datasets\Mq2008\Fold1\train.txt -model H:\zhangyaogong\letor40\baselines\AdaRank\data\Mq2008\Fold1\model -round 51 -measure NDCG', mode 'r' at 0x0000000002412A50>
<open file 'H:\zhangyaogong\letor40\baselines\AdaRank\source_code\AdaRank_CSharp.exe test -data H:\zhangyaogong\letor40\datasets\Mq2008\Fold1\vali.txt -model H:\zhangyaogong\letor40\baselines\AdaRank\data\Mq2008\model -output H:\zhangyaogong\letor40\baselines\AdaRank\data\Mq2008\score -round 101', mode 'r' at 0x00000000024129C0>
<open file 'H:\zhangyaogong\letor40\baselines\AdaRank\source_code\AdaRank_CSharp.exe train -data H:\zhangyaogong\letor40\datasets\Mq2008\Fold1\train.txt -model H:\zhangyaogong\letor40\baselines\AdaRank\data\Mq2008\Fold1\model -round 101 -measure NDCG', mode 'r' at 0x00000000024129C0>
<open file 'H:\zhangyaogong\letor40\baselines\AdaRank\source_code\AdaRank_CSharp.exe test -data H:\zhangyaogong\letor40\datasets\Mq2008\Fold1\vali.txt -model H:\zhangyaogong\letor40\baselines\AdaRank\data\Mq2008\model -output H:\zhangyaogong\letor40\baselines\AdaRank\data\Mq2008\score -round 151', mode 'r' at 0x0000000002412A50>
<open file 'H:\zhangyaogong\letor40\baselines\AdaRank\source_code\AdaRank_CSharp.exe train -data H:\zhangyaogong\letor40\datasets\Mq2008\Fold1\train.txt -model H:\zhangyaogong\letor40\baselines\AdaRank\data\Mq2008\Fold1\model -round 151 -measure NDCG', mode 'r' at 0x0000000002412A50>
<open file 'H:\zhangyaogong\letor40\baselines\AdaRank\source_code\AdaRank_CSharp.exe test -data H:\zhangyaogong\letor40\datasets\Mq2008\Fold1\vali.txt -model H:\zhangyaogong\letor40\baselines\AdaRank\data\Mq2008\model -output H:\zhangyaogong\letor40\baselines\AdaRank\data\Mq2008\score -round 201', mode 'r' at 0x00000000024129C0>
<open file 'H:\zhangyaogong\letor40\baselines\AdaRank\source_code\AdaRank_CSharp.exe train -data H:\zhangyaogong\letor40\datasets\Mq2008\Fold1\train.txt -model H:\zhangyaogong\letor40\baselines\AdaRank\data\Mq2008\Fold1\model -round 201 -measure NDCG', mode 'r' at 0x00000000024129C0>
<open file 'H:\zhangyaogong\letor40\baselines\AdaRank\source_code\AdaRank_CSharp.exe test -data H:\zhangyaogong\letor40\datasets\Mq2008\Fold1\vali.txt -model H:\zhangyaogong\letor40\baselines\AdaRank\data\Mq2008\model -output H:\zhangyaogong\letor40\baselines\AdaRank\data\Mq2008\score -round 251', mode 'r' at 0x0000000002412A50>
<open file 'H:\zhangyaogong\letor40\baselines\AdaRank\source_code\AdaRank_CSharp.exe train -data H:\zhangyaogong\letor40\datasets\Mq2008\Fold1\train.txt -model H:\zhangyaogong\letor40\baselines\AdaRank\data\Mq2008\Fold1\model -round 201 -measure NDCG', mode 'r' at 0x0000000002412A50>
<open file 'H:\zhangyaogong\letor40\baselines\AdaRank\source_code\AdaRank_CSharp.exe test -data H:\zhangyaogong\letor40\datasets\Mq2008\Fold1\vali.txt -model H:\zhangyaogong\letor40\baselines\AdaRank\data\Mq2008\model -output H:\zhangyaogong\letor40\baselines\AdaRank\data\Mq2008\score -round 301', mode 'r' at 0x00000000024129C0>
<open file 'H:\zhangyaogong\letor40\baselines\AdaRank\source_code\AdaRank_CSharp.exe train -data H:\zhangyaogong\letor40\datasets\Mq2008\Fold1\train.txt -model H:\zhangyaogong\letor40\baselines\AdaRank\data\Mq2008\Fold1\model -round 201 -measure NDCG', mode 'r' at 0x00000000024129C0>
<open file 'H:\zhangyaogong\letor40\baselines\AdaRank\source_code\AdaRank_CSharp.exe test -data H:\zhangyaogong\letor40\datasets\Mq2008\Fold1\vali.txt -model H:\zhangyaogong\letor40\baselines\AdaRank\data\Mq2008\model -output H:\zhangyaogong\letor40\baselines\AdaRank\data\Mq2008\score -round 351', mode 'r' at 0x0000000002412A50>
<open file 'H:\zhangyaogong\letor40\baselines\AdaRank\source_code\AdaRank_CSharp.exe train -data H:\zhangyaogong\letor40\datasets\Mq2008\Fold1\train.txt -model H:\zhangyaogong\letor40\baselines\AdaRank\data\Mq2008\Fold1\model -round 201 -measure NDCG', mode 'r' at 0x0000000002412A50>
<open file 'H:\zhangyaogong\letor40\baselines\AdaRank\source_code\AdaRank_CSharp.exe test -data H:\zhangyaogong\letor40\datasets\Mq2008\Fold1\vali.txt -model H:\zhangyaogong\letor40\baselines\AdaRank\data\Mq2008\model -output H:\zhangyaogong\letor40\baselines\AdaRank\data\Mq2008\score -round 401', mode 'r' at 0x00000000024129C0>
<open file 'H:\zhangyaogong\letor40\baselines\AdaRank\source_code\AdaRank_CSharp.exe train -data H:\zhangyaogong\letor40\datasets\Mq2008\Fold1\train.txt -model H:\zhangyaogong\letor40\baselines\AdaRank\data\Mq2008\Fold1\model -round 201 -measure NDCG', mode 'r' at 0x00000000024129C0>
<open file 'H:\zhangyaogong\letor40\baselines\AdaRank\source_code\AdaRank_CSharp.exe test -data H:\zhangyaogong\letor40\datasets\Mq2008\Fold1\vali.txt -model H:\zhangyaogong\letor40\baselines\AdaRank\data\Mq2008\model -output H:\zhangyaogong\letor40\baselines\AdaRank\data\Mq2008\score -round 451', mode 'r' at 0x0000000002412A50>
<open file 'H:\zhangyaogong\letor40\baselines\AdaRank\source_code\AdaRank_CSharp.exe train -data H:\zhangyaogong\letor40\datasets\Mq2008\Fold1\train.txt -model H:\zhangyaogong\letor40\baselines\AdaRank\data\Mq2008\Fold1\model -round 201 -measure NDCG', mode 'r' at 0x0000000002412A50>
[03-25 15:34:53]: Fold1 ends training
[03-25 15:34:53]: Fold1 starts testing
<open file 'H:\zhangyaogong\letor40\baselines\AdaRank\source_code\AdaRank_CSharp.exe test -data H:\zhangyaogong\letor40\datasets\Mq2008\Fold1\test.txt -model H:\zhangyaogong\letor40\baselines\AdaRank\data\Mq2008\Fold1\model -output H:\zhangyaogong\letor40\baselines\AdaRank\data\Mq2008\Fold1\test.score -round 201', mode 'r' at 0x00000000024129C0>
<open file 'H:\zhangyaogong\letor40\baselines\AdaRank\source_code\AdaRank_CSharp.exe test -data H:\zhangyaogong\letor40\datasets\Mq2008\Fold1\vali.txt -model H:\zhangyaogong\letor40\baselines\AdaRank\data\Mq2008\Fold1\model -output H:\zhangyaogong\letor40\baselines\AdaRank\data\Mq2008\Fold1\vali.score -round 201', mode 'r' at 0x0000000002412A50>
<open file 'H:\zhangyaogong\letor40\baselines\AdaRank\source_code\AdaRank_CSharp.exe test -data H:\zhangyaogong\letor40\datasets\Mq2008\Fold1\train.txt -model H:\zhangyaogong\letor40\baselines\AdaRank\data\Mq2008\Fold1\model -output H:\zhangyaogong\letor40\baselines\AdaRank\data\Mq2008\Fold1\train.score -round 201', mode 'r' at 0x00000000024129C0>
[03-25 15:34:55]: Fold1 ends testing
[03-25 15:34:55]: Fold2 starts training
[03-25 15:34:55]: ROUND 500
<open file 'H:\zhangyaogong\letor40\baselines\AdaRank\source_code\AdaRank_CSharp.exe train -data H:\zhangyaogong\letor40\datasets\Mq2008\Fold2\train.txt -model H:\zhangyaogong\letor40\baselines\AdaRank\data\Mq2008\model -round 500 -measure NDCG', mode 'r' at 0x0000000002412A50>
<open file 'H:\zhangyaogong\letor40\baselines\AdaRank\source_code\AdaRank_CSharp.exe test -data H:\zhangyaogong\letor40\datasets\Mq2008\Fold2\vali.txt -model H:\zhangyaogong\letor40\baselines\AdaRank\data\Mq2008\model -output H:\zhangyaogong\letor40\baselines\AdaRank\data\Mq2008\score -round 1', mode 'r' at 0x0000000002412A50>
<open file 'H:\zhangyaogong\letor40\baselines\AdaRank\source_code\AdaRank_CSharp.exe train -data H:\zhangyaogong\letor40\datasets\Mq2008\Fold2\train.txt -model H:\zhangyaogong\letor40\baselines\AdaRank\data\Mq2008\Fold2\model -round 1 -measure NDCG', mode 'r' at 0x0000000002412A50>
<open file 'H:\zhangyaogong\letor40\baselines\AdaRank\source_code\AdaRank_CSharp.exe test -data H:\zhangyaogong\letor40\datasets\Mq2008\Fold2\vali.txt -model H:\zhangyaogong\letor40\baselines\AdaRank\data\Mq2008\model -output H:\zhangyaogong\letor40\baselines\AdaRank\data\Mq2008\score -round 51', mode 'r' at 0x00000000024129C0>
<open file 'H:\zhangyaogong\letor40\baselines\AdaRank\source_code\AdaRank_CSharp.exe train -data H:\zhangyaogong\letor40\datasets\Mq2008\Fold2\train.txt -model H:\zhangyaogong\letor40\baselines\AdaRank\data\Mq2008\Fold2\model -round 51 -measure NDCG', mode 'r' at 0x00000000024129C0>
<open file 'H:\zhangyaogong\letor40\baselines\AdaRank\source_code\AdaRank_CSharp.exe test -data H:\zhangyaogong\letor40\datasets\Mq2008\Fold2\vali.txt -model H:\zhangyaogong\letor40\baselines\AdaRank\data\Mq2008\model -output H:\zhangyaogong\letor40\baselines\AdaRank\data\Mq2008\score -round 101', mode 'r' at 0x0000000002412A50>
<open file 'H:\zhangyaogong\letor40\baselines\AdaRank\source_code\AdaRank_CSharp.exe train -data H:\zhangyaogong\letor40\datasets\Mq2008\Fold2\train.txt -model H:\zhangyaogong\letor40\baselines\AdaRank\data\Mq2008\Fold2\model -round 101 -measure NDCG', mode 'r' at 0x0000000002412A50>
<open file 'H:\zhangyaogong\letor40\baselines\AdaRank\source_code\AdaRank_CSharp.exe test -data H:\zhangyaogong\letor40\datasets\Mq2008\Fold2\vali.txt -model H:\zhangyaogong\letor40\baselines\AdaRank\data\Mq2008\model -output H:\zhangyaogong\letor40\baselines\AdaRank\data\Mq2008\score -round 151', mode 'r' at 0x00000000024129C0>
<open file 'H:\zhangyaogong\letor40\baselines\AdaRank\source_code\AdaRank_CSharp.exe train -data H:\zhangyaogong\letor40\datasets\Mq2008\Fold2\train.txt -model H:\zhangyaogong\letor40\baselines\AdaRank\data\Mq2008\Fold2\model -round 151 -measure NDCG', mode 'r' at 0x00000000024129C0>
<open file 'H:\zhangyaogong\letor40\baselines\AdaRank\source_code\AdaRank_CSharp.exe test -data H:\zhangyaogong\letor40\datasets\Mq2008\Fold2\vali.txt -model H:\zhangyaogong\letor40\baselines\AdaRank\data\Mq2008\model -output H:\zhangyaogong\letor40\baselines\AdaRank\data\Mq2008\score -round 201', mode 'r' at 0x0000000002412A50>
<open file 'H:\zhangyaogong\letor40\baselines\AdaRank\source_code\AdaRank_CSharp.exe train -data H:\zhangyaogong\letor40\datasets\Mq2008\Fold2\train.txt -model H:\zhangyaogong\letor40\baselines\AdaRank\data\Mq2008\Fold2\model -round 201 -measure NDCG', mode 'r' at 0x0000000002412A50>
<open file 'H:\zhangyaogong\letor40\baselines\AdaRank\source_code\AdaRank_CSharp.exe test -data H:\zhangyaogong\letor40\datasets\Mq2008\Fold2\vali.txt -model H:\zhangyaogong\letor40\baselines\AdaRank\data\Mq2008\model -output H:\zhangyaogong\letor40\baselines\AdaRank\data\Mq2008\score -round 251', mode 'r' at 0x00000000024129C0>
<open file 'H:\zhangyaogong\letor40\baselines\AdaRank\source_code\AdaRank_CSharp.exe train -data H:\zhangyaogong\letor40\datasets\Mq2008\Fold2\train.txt -model H:\zhangyaogong\letor40\baselines\AdaRank\data\Mq2008\Fold2\model -round 201 -measure NDCG', mode 'r' at 0x00000000024129C0>
<open file 'H:\zhangyaogong\letor40\baselines\AdaRank\source_code\AdaRank_CSharp.exe test -data H:\zhangyaogong\letor40\datasets\Mq2008\Fold2\vali.txt -model H:\zhangyaogong\letor40\baselines\AdaRank\data\Mq2008\model -output H:\zhangyaogong\letor40\baselines\AdaRank\data\Mq2008\score -round 301', mode 'r' at 0x0000000002412A50>
<open file 'H:\zhangyaogong\letor40\baselines\AdaRank\source_code\AdaRank_CSharp.exe train -data H:\zhangyaogong\letor40\datasets\Mq2008\Fold2\train.txt -model H:\zhangyaogong\letor40\baselines\AdaRank\data\Mq2008\Fold2\model -round 301 -measure NDCG', mode 'r' at 0x0000000002412A50>
<open file 'H:\zhangyaogong\letor40\baselines\AdaRank\source_code\AdaRank_CSharp.exe test -data H:\zhangyaogong\letor40\datasets\Mq2008\Fold2\vali.txt -model H:\zhangyaogong\letor40\baselines\AdaRank\data\Mq2008\model -output H:\zhangyaogong\letor40\baselines\AdaRank\data\Mq2008\score -round 351', mode 'r' at 0x00000000024129C0>
<open file 'H:\zhangyaogong\letor40\baselines\AdaRank\source_code\AdaRank_CSharp.exe train -data H:\zhangyaogong\letor40\datasets\Mq2008\Fold2\train.txt -model H:\zhangyaogong\letor40\baselines\AdaRank\data\Mq2008\Fold2\model -round 301 -measure NDCG', mode 'r' at 0x00000000024129C0>
<open file 'H:\zhangyaogong\letor40\baselines\AdaRank\source_code\AdaRank_CSharp.exe test -data H:\zhangyaogong\letor40\datasets\Mq2008\Fold2\vali.txt -model H:\zhangyaogong\letor40\baselines\AdaRank\data\Mq2008\model -output H:\zhangyaogong\letor40\baselines\AdaRank\data\Mq2008\score -round 401', mode 'r' at 0x0000000002412A50>
<open file 'H:\zhangyaogong\letor40\baselines\AdaRank\source_code\AdaRank_CSharp.exe train -data H:\zhangyaogong\letor40\datasets\Mq2008\Fold2\train.txt -model H:\zhangyaogong\letor40\baselines\AdaRank\data\Mq2008\Fold2\model -round 301 -measure NDCG', mode 'r' at 0x0000000002412A50>
<open file 'H:\zhangyaogong\letor40\baselines\AdaRank\source_code\AdaRank_CSharp.exe test -data H:\zhangyaogong\letor40\datasets\Mq2008\Fold2\vali.txt -model H:\zhangyaogong\letor40\baselines\AdaRank\data\Mq2008\model -output H:\zhangyaogong\letor40\baselines\AdaRank\data\Mq2008\score -round 451', mode 'r' at 0x00000000024129C0>
<open file 'H:\zhangyaogong\letor40\baselines\AdaRank\source_code\AdaRank_CSharp.exe train -data H:\zhangyaogong\letor40\datasets\Mq2008\Fold2\train.txt -model H:\zhangyaogong\letor40\baselines\AdaRank\data\Mq2008\Fold2\model -round 301 -measure NDCG', mode 'r' at 0x00000000024129C0>
[03-25 15:34:58]: Fold2 ends training
[03-25 15:34:58]: Fold2 starts testing
<open file 'H:\zhangyaogong\letor40\baselines\AdaRank\source_code\AdaRank_CSharp.exe test -data H:\zhangyaogong\letor40\datasets\Mq2008\Fold2\test.txt -model H:\zhangyaogong\letor40\baselines\AdaRank\data\Mq2008\Fold2\model -output H:\zhangyaogong\letor40\baselines\AdaRank\data\Mq2008\Fold2\test.score -round 301', mode 'r' at 0x0000000002412A50>
<open file 'H:\zhangyaogong\letor40\baselines\AdaRank\source_code\AdaRank_CSharp.exe test -data H:\zhangyaogong\letor40\datasets\Mq2008\Fold2\vali.txt -model H:\zhangyaogong\letor40\baselines\AdaRank\data\Mq2008\Fold2\model -output H:\zhangyaogong\letor40\baselines\AdaRank\data\Mq2008\Fold2\vali.score -round 301', mode 'r' at 0x00000000024129C0>
<open file 'H:\zhangyaogong\letor40\baselines\AdaRank\source_code\AdaRank_CSharp.exe test -data H:\zhangyaogong\letor40\datasets\Mq2008\Fold2\train.txt -model H:\zhangyaogong\letor40\baselines\AdaRank\data\Mq2008\Fold2\model -output H:\zhangyaogong\letor40\baselines\AdaRank\data\Mq2008\Fold2\train.score -round 301', mode 'r' at 0x0000000002412A50>
[03-25 15:35:00]: Fold2 ends testing
[03-25 15:35:00]: Fold3 starts training
[03-25 15:35:00]: ROUND 500
<open file 'H:\zhangyaogong\letor40\baselines\AdaRank\source_code\AdaRank_CSharp.exe train -data H:\zhangyaogong\letor40\datasets\Mq2008\Fold3\train.txt -model H:\zhangyaogong\letor40\baselines\AdaRank\data\Mq2008\model -round 500 -measure NDCG', mode 'r' at 0x00000000024129C0>
<open file 'H:\zhangyaogong\letor40\baselines\AdaRank\source_code\AdaRank_CSharp.exe test -data H:\zhangyaogong\letor40\datasets\Mq2008\Fold3\vali.txt -model H:\zhangyaogong\letor40\baselines\AdaRank\data\Mq2008\model -output H:\zhangyaogong\letor40\baselines\AdaRank\data\Mq2008\score -round 1', mode 'r' at 0x00000000024129C0>
<open file 'H:\zhangyaogong\letor40\baselines\AdaRank\source_code\AdaRank_CSharp.exe train -data H:\zhangyaogong\letor40\datasets\Mq2008\Fold3\train.txt -model H:\zhangyaogong\letor40\baselines\AdaRank\data\Mq2008\Fold3\model -round 1 -measure NDCG', mode 'r' at 0x00000000024129C0>
<open file 'H:\zhangyaogong\letor40\baselines\AdaRank\source_code\AdaRank_CSharp.exe test -data H:\zhangyaogong\letor40\datasets\Mq2008\Fold3\vali.txt -model H:\zhangyaogong\letor40\baselines\AdaRank\data\Mq2008\model -output H:\zhangyaogong\letor40\baselines\AdaRank\data\Mq2008\score -round 51', mode 'r' at 0x0000000002412A50>
<open file 'H:\zhangyaogong\letor40\baselines\AdaRank\source_code\AdaRank_CSharp.exe train -data H:\zhangyaogong\letor40\datasets\Mq2008\Fold3\train.txt -model H:\zhangyaogong\letor40\baselines\AdaRank\data\Mq2008\Fold3\model -round 51 -measure NDCG', mode 'r' at 0x0000000002412A50>
<open file 'H:\zhangyaogong\letor40\baselines\AdaRank\source_code\AdaRank_CSharp.exe test -data H:\zhangyaogong\letor40\datasets\Mq2008\Fold3\vali.txt -model H:\zhangyaogong\letor40\baselines\AdaRank\data\Mq2008\model -output H:\zhangyaogong\letor40\baselines\AdaRank\data\Mq2008\score -round 101', mode 'r' at 0x00000000024129C0>
<open file 'H:\zhangyaogong\letor40\baselines\AdaRank\source_code\AdaRank_CSharp.exe train -data H:\zhangyaogong\letor40\datasets\Mq2008\Fold3\train.txt -model H:\zhangyaogong\letor40\baselines\AdaRank\data\Mq2008\Fold3\model -round 51 -measure NDCG', mode 'r' at 0x00000000024129C0>
<open file 'H:\zhangyaogong\letor40\baselines\AdaRank\source_code\AdaRank_CSharp.exe test -data H:\zhangyaogong\letor40\datasets\Mq2008\Fold3\vali.txt -model H:\zhangyaogong\letor40\baselines\AdaRank\data\Mq2008\model -output H:\zhangyaogong\letor40\baselines\AdaRank\data\Mq2008\score -round 151', mode 'r' at 0x0000000002412A50>
<open file 'H:\zhangyaogong\letor40\baselines\AdaRank\source_code\AdaRank_CSharp.exe train -data H:\zhangyaogong\letor40\datasets\Mq2008\Fold3\train.txt -model H:\zhangyaogong\letor40\baselines\AdaRank\data\Mq2008\Fold3\model -round 151 -measure NDCG', mode 'r' at 0x0000000002412A50>
<open file 'H:\zhangyaogong\letor40\baselines\AdaRank\source_code\AdaRank_CSharp.exe test -data H:\zhangyaogong\letor40\datasets\Mq2008\Fold3\vali.txt -model H:\zhangyaogong\letor40\baselines\AdaRank\data\Mq2008\model -output H:\zhangyaogong\letor40\baselines\AdaRank\data\Mq2008\score -round 201', mode 'r' at 0x00000000024129C0>
<open file 'H:\zhangyaogong\letor40\baselines\AdaRank\source_code\AdaRank_CSharp.exe train -data H:\zhangyaogong\letor40\datasets\Mq2008\Fold3\train.txt -model H:\zhangyaogong\letor40\baselines\AdaRank\data\Mq2008\Fold3\model -round 201 -measure NDCG', mode 'r' at 0x00000000024129C0>
<open file 'H:\zhangyaogong\letor40\baselines\AdaRank\source_code\AdaRank_CSharp.exe test -data H:\zhangyaogong\letor40\datasets\Mq2008\Fold3\vali.txt -model H:\zhangyaogong\letor40\baselines\AdaRank\data\Mq2008\model -output H:\zhangyaogong\letor40\baselines\AdaRank\data\Mq2008\score -round 251', mode 'r' at 0x0000000002412A50>
<open file 'H:\zhangyaogong\letor40\baselines\AdaRank\source_code\AdaRank_CSharp.exe train -data H:\zhangyaogong\letor40\datasets\Mq2008\Fold3\train.txt -model H:\zhangyaogong\letor40\baselines\AdaRank\data\Mq2008\Fold3\model -round 251 -measure NDCG', mode 'r' at 0x0000000002412A50>
<open file 'H:\zhangyaogong\letor40\baselines\AdaRank\source_code\AdaRank_CSharp.exe test -data H:\zhangyaogong\letor40\datasets\Mq2008\Fold3\vali.txt -model H:\zhangyaogong\letor40\baselines\AdaRank\data\Mq2008\model -output H:\zhangyaogong\letor40\baselines\AdaRank\data\Mq2008\score -round 301', mode 'r' at 0x00000000024129C0>
<open file 'H:\zhangyaogong\letor40\baselines\AdaRank\source_code\AdaRank_CSharp.exe train -data H:\zhangyaogong\letor40\datasets\Mq2008\Fold3\train.txt -model H:\zhangyaogong\letor40\baselines\AdaRank\data\Mq2008\Fold3\model -round 251 -measure NDCG', mode 'r' at 0x00000000024129C0>
<open file 'H:\zhangyaogong\letor40\baselines\AdaRank\source_code\AdaRank_CSharp.exe test -data H:\zhangyaogong\letor40\datasets\Mq2008\Fold3\vali.txt -model H:\zhangyaogong\letor40\baselines\AdaRank\data\Mq2008\model -output H:\zhangyaogong\letor40\baselines\AdaRank\data\Mq2008\score -round 351', mode 'r' at 0x0000000002412A50>
<open file 'H:\zhangyaogong\letor40\baselines\AdaRank\source_code\AdaRank_CSharp.exe train -data H:\zhangyaogong\letor40\datasets\Mq2008\Fold3\train.txt -model H:\zhangyaogong\letor40\baselines\AdaRank\data\Mq2008\Fold3\model -round 251 -measure NDCG', mode 'r' at 0x0000000002412A50>
<open file 'H:\zhangyaogong\letor40\baselines\AdaRank\source_code\AdaRank_CSharp.exe test -data H:\zhangyaogong\letor40\datasets\Mq2008\Fold3\vali.txt -model H:\zhangyaogong\letor40\baselines\AdaRank\data\Mq2008\model -output H:\zhangyaogong\letor40\baselines\AdaRank\data\Mq2008\score -round 401', mode 'r' at 0x00000000024129C0>
<open file 'H:\zhangyaogong\letor40\baselines\AdaRank\source_code\AdaRank_CSharp.exe train -data H:\zhangyaogong\letor40\datasets\Mq2008\Fold3\train.txt -model H:\zhangyaogong\letor40\baselines\AdaRank\data\Mq2008\Fold3\model -round 251 -measure NDCG', mode 'r' at 0x00000000024129C0>
<open file 'H:\zhangyaogong\letor40\baselines\AdaRank\source_code\AdaRank_CSharp.exe test -data H:\zhangyaogong\letor40\datasets\Mq2008\Fold3\vali.txt -model H:\zhangyaogong\letor40\baselines\AdaRank\data\Mq2008\model -output H:\zhangyaogong\letor40\baselines\AdaRank\data\Mq2008\score -round 451', mode 'r' at 0x0000000002412A50>
<open file 'H:\zhangyaogong\letor40\baselines\AdaRank\source_code\AdaRank_CSharp.exe train -data H:\zhangyaogong\letor40\datasets\Mq2008\Fold3\train.txt -model H:\zhangyaogong\letor40\baselines\AdaRank\data\Mq2008\Fold3\model -round 251 -measure NDCG', mode 'r' at 0x0000000002412A50>
[03-25 15:35:04]: Fold3 ends training
[03-25 15:35:04]: Fold3 starts testing
<open file 'H:\zhangyaogong\letor40\baselines\AdaRank\source_code\AdaRank_CSharp.exe test -data H:\zhangyaogong\letor40\datasets\Mq2008\Fold3\test.txt -model H:\zhangyaogong\letor40\baselines\AdaRank\data\Mq2008\Fold3\model -output H:\zhangyaogong\letor40\baselines\AdaRank\data\Mq2008\Fold3\test.score -round 251', mode 'r' at 0x00000000024129C0>
<open file 'H:\zhangyaogong\letor40\baselines\AdaRank\source_code\AdaRank_CSharp.exe test -data H:\zhangyaogong\letor40\datasets\Mq2008\Fold3\vali.txt -model H:\zhangyaogong\letor40\baselines\AdaRank\data\Mq2008\Fold3\model -output H:\zhangyaogong\letor40\baselines\AdaRank\data\Mq2008\Fold3\vali.score -round 251', mode 'r' at 0x0000000002412A50>
<open file 'H:\zhangyaogong\letor40\baselines\AdaRank\source_code\AdaRank_CSharp.exe test -data H:\zhangyaogong\letor40\datasets\Mq2008\Fold3\train.txt -model H:\zhangyaogong\letor40\baselines\AdaRank\data\Mq2008\Fold3\model -output H:\zhangyaogong\letor40\baselines\AdaRank\data\Mq2008\Fold3\train.score -round 251', mode 'r' at 0x00000000024129C0>
[03-25 15:35:06]: Fold3 ends testing
[03-25 15:35:06]: Fold4 starts training
[03-25 15:35:06]: ROUND 500
<open file 'H:\zhangyaogong\letor40\baselines\AdaRank\source_code\AdaRank_CSharp.exe train -data H:\zhangyaogong\letor40\datasets\Mq2008\Fold4\train.txt -model H:\zhangyaogong\letor40\baselines\AdaRank\data\Mq2008\model -round 500 -measure NDCG', mode 'r' at 0x0000000002412A50>
<open file 'H:\zhangyaogong\letor40\baselines\AdaRank\source_code\AdaRank_CSharp.exe test -data H:\zhangyaogong\letor40\datasets\Mq2008\Fold4\vali.txt -model H:\zhangyaogong\letor40\baselines\AdaRank\data\Mq2008\model -output H:\zhangyaogong\letor40\baselines\AdaRank\data\Mq2008\score -round 1', mode 'r' at 0x0000000002412A50>
<open file 'H:\zhangyaogong\letor40\baselines\AdaRank\source_code\AdaRank_CSharp.exe train -data H:\zhangyaogong\letor40\datasets\Mq2008\Fold4\train.txt -model H:\zhangyaogong\letor40\baselines\AdaRank\data\Mq2008\Fold4\model -round 1 -measure NDCG', mode 'r' at 0x0000000002412A50>
<open file 'H:\zhangyaogong\letor40\baselines\AdaRank\source_code\AdaRank_CSharp.exe test -data H:\zhangyaogong\letor40\datasets\Mq2008\Fold4\vali.txt -model H:\zhangyaogong\letor40\baselines\AdaRank\data\Mq2008\model -output H:\zhangyaogong\letor40\baselines\AdaRank\data\Mq2008\score -round 51', mode 'r' at 0x00000000024129C0>
<open file 'H:\zhangyaogong\letor40\baselines\AdaRank\source_code\AdaRank_CSharp.exe train -data H:\zhangyaogong\letor40\datasets\Mq2008\Fold4\train.txt -model H:\zhangyaogong\letor40\baselines\AdaRank\data\Mq2008\Fold4\model -round 1 -measure NDCG', mode 'r' at 0x00000000024129C0>
<open file 'H:\zhangyaogong\letor40\baselines\AdaRank\source_code\AdaRank_CSharp.exe test -data H:\zhangyaogong\letor40\datasets\Mq2008\Fold4\vali.txt -model H:\zhangyaogong\letor40\baselines\AdaRank\data\Mq2008\model -output H:\zhangyaogong\letor40\baselines\AdaRank\data\Mq2008\score -round 101', mode 'r' at 0x0000000002412A50>
<open file 'H:\zhangyaogong\letor40\baselines\AdaRank\source_code\AdaRank_CSharp.exe train -data H:\zhangyaogong\letor40\datasets\Mq2008\Fold4\train.txt -model H:\zhangyaogong\letor40\baselines\AdaRank\data\Mq2008\Fold4\model -round 101 -measure NDCG', mode 'r' at 0x0000000002412A50>
<open file 'H:\zhangyaogong\letor40\baselines\AdaRank\source_code\AdaRank_CSharp.exe test -data H:\zhangyaogong\letor40\datasets\Mq2008\Fold4\vali.txt -model H:\zhangyaogong\letor40\baselines\AdaRank\data\Mq2008\model -output H:\zhangyaogong\letor40\baselines\AdaRank\data\Mq2008\score -round 151', mode 'r' at 0x00000000024129C0>
<open file 'H:\zhangyaogong\letor40\baselines\AdaRank\source_code\AdaRank_CSharp.exe train -data H:\zhangyaogong\letor40\datasets\Mq2008\Fold4\train.txt -model H:\zhangyaogong\letor40\baselines\AdaRank\data\Mq2008\Fold4\model -round 101 -measure NDCG', mode 'r' at 0x00000000024129C0>
<open file 'H:\zhangyaogong\letor40\baselines\AdaRank\source_code\AdaRank_CSharp.exe test -data H:\zhangyaogong\letor40\datasets\Mq2008\Fold4\vali.txt -model H:\zhangyaogong\letor40\baselines\AdaRank\data\Mq2008\model -output H:\zhangyaogong\letor40\baselines\AdaRank\data\Mq2008\score -round 201', mode 'r' at 0x0000000002412A50>
<open file 'H:\zhangyaogong\letor40\baselines\AdaRank\source_code\AdaRank_CSharp.exe train -data H:\zhangyaogong\letor40\datasets\Mq2008\Fold4\train.txt -model H:\zhangyaogong\letor40\baselines\AdaRank\data\Mq2008\Fold4\model -round 101 -measure NDCG', mode 'r' at 0x0000000002412A50>
<open file 'H:\zhangyaogong\letor40\baselines\AdaRank\source_code\AdaRank_CSharp.exe test -data H:\zhangyaogong\letor40\datasets\Mq2008\Fold4\vali.txt -model H:\zhangyaogong\letor40\baselines\AdaRank\data\Mq2008\model -output H:\zhangyaogong\letor40\baselines\AdaRank\data\Mq2008\score -round 251', mode 'r' at 0x00000000024129C0>
<open file 'H:\zhangyaogong\letor40\baselines\AdaRank\source_code\AdaRank_CSharp.exe train -data H:\zhangyaogong\letor40\datasets\Mq2008\Fold4\train.txt -model H:\zhangyaogong\letor40\baselines\AdaRank\data\Mq2008\Fold4\model -round 101 -measure NDCG', mode 'r' at 0x00000000024129C0>
<open file 'H:\zhangyaogong\letor40\baselines\AdaRank\source_code\AdaRank_CSharp.exe test -data H:\zhangyaogong\letor40\datasets\Mq2008\Fold4\vali.txt -model H:\zhangyaogong\letor40\baselines\AdaRank\data\Mq2008\model -output H:\zhangyaogong\letor40\baselines\AdaRank\data\Mq2008\score -round 301', mode 'r' at 0x0000000002412A50>
<open file 'H:\zhangyaogong\letor40\baselines\AdaRank\source_code\AdaRank_CSharp.exe train -data H:\zhangyaogong\letor40\datasets\Mq2008\Fold4\train.txt -model H:\zhangyaogong\letor40\baselines\AdaRank\data\Mq2008\Fold4\model -round 101 -measure NDCG', mode 'r' at 0x0000000002412A50>
<open file 'H:\zhangyaogong\letor40\baselines\AdaRank\source_code\AdaRank_CSharp.exe test -data H:\zhangyaogong\letor40\datasets\Mq2008\Fold4\vali.txt -model H:\zhangyaogong\letor40\baselines\AdaRank\data\Mq2008\model -output H:\zhangyaogong\letor40\baselines\AdaRank\data\Mq2008\score -round 351', mode 'r' at 0x00000000024129C0>
<open file 'H:\zhangyaogong\letor40\baselines\AdaRank\source_code\AdaRank_CSharp.exe train -data H:\zhangyaogong\letor40\datasets\Mq2008\Fold4\train.txt -model H:\zhangyaogong\letor40\baselines\AdaRank\data\Mq2008\Fold4\model -round 101 -measure NDCG', mode 'r' at 0x00000000024129C0>
<open file 'H:\zhangyaogong\letor40\baselines\AdaRank\source_code\AdaRank_CSharp.exe test -data H:\zhangyaogong\letor40\datasets\Mq2008\Fold4\vali.txt -model H:\zhangyaogong\letor40\baselines\AdaRank\data\Mq2008\model -output H:\zhangyaogong\letor40\baselines\AdaRank\data\Mq2008\score -round 401', mode 'r' at 0x0000000002412A50>
<open file 'H:\zhangyaogong\letor40\baselines\AdaRank\source_code\AdaRank_CSharp.exe train -data H:\zhangyaogong\letor40\datasets\Mq2008\Fold4\train.txt -model H:\zhangyaogong\letor40\baselines\AdaRank\data\Mq2008\Fold4\model -round 101 -measure NDCG', mode 'r' at 0x0000000002412A50>
<open file 'H:\zhangyaogong\letor40\baselines\AdaRank\source_code\AdaRank_CSharp.exe test -data H:\zhangyaogong\letor40\datasets\Mq2008\Fold4\vali.txt -model H:\zhangyaogong\letor40\baselines\AdaRank\data\Mq2008\model -output H:\zhangyaogong\letor40\baselines\AdaRank\data\Mq2008\score -round 451', mode 'r' at 0x00000000024129C0>
<open file 'H:\zhangyaogong\letor40\baselines\AdaRank\source_code\AdaRank_CSharp.exe train -data H:\zhangyaogong\letor40\datasets\Mq2008\Fold4\train.txt -model H:\zhangyaogong\letor40\baselines\AdaRank\data\Mq2008\Fold4\model -round 101 -measure NDCG', mode 'r' at 0x00000000024129C0>
[03-25 15:35:10]: Fold4 ends training
[03-25 15:35:10]: Fold4 starts testing
<open file 'H:\zhangyaogong\letor40\baselines\AdaRank\source_code\AdaRank_CSharp.exe test -data H:\zhangyaogong\letor40\datasets\Mq2008\Fold4\test.txt -model H:\zhangyaogong\letor40\baselines\AdaRank\data\Mq2008\Fold4\model -output H:\zhangyaogong\letor40\baselines\AdaRank\data\Mq2008\Fold4\test.score -round 101', mode 'r' at 0x0000000002412A50>
<open file 'H:\zhangyaogong\letor40\baselines\AdaRank\source_code\AdaRank_CSharp.exe test -data H:\zhangyaogong\letor40\datasets\Mq2008\Fold4\vali.txt -model H:\zhangyaogong\letor40\baselines\AdaRank\data\Mq2008\Fold4\model -output H:\zhangyaogong\letor40\baselines\AdaRank\data\Mq2008\Fold4\vali.score -round 101', mode 'r' at 0x00000000024129C0>
<open file 'H:\zhangyaogong\letor40\baselines\AdaRank\source_code\AdaRank_CSharp.exe test -data H:\zhangyaogong\letor40\datasets\Mq2008\Fold4\train.txt -model H:\zhangyaogong\letor40\baselines\AdaRank\data\Mq2008\Fold4\model -output H:\zhangyaogong\letor40\baselines\AdaRank\data\Mq2008\Fold4\train.score -round 101', mode 'r' at 0x0000000002412A50>
[03-25 15:35:12]: Fold4 ends testing
[03-25 15:35:12]: Fold5 starts training
[03-25 15:35:12]: ROUND 500
<open file 'H:\zhangyaogong\letor40\baselines\AdaRank\source_code\AdaRank_CSharp.exe train -data H:\zhangyaogong\letor40\datasets\Mq2008\Fold5\train.txt -model H:\zhangyaogong\letor40\baselines\AdaRank\data\Mq2008\model -round 500 -measure NDCG', mode 'r' at 0x00000000024129C0>
<open file 'H:\zhangyaogong\letor40\baselines\AdaRank\source_code\AdaRank_CSharp.exe test -data H:\zhangyaogong\letor40\datasets\Mq2008\Fold5\vali.txt -model H:\zhangyaogong\letor40\baselines\AdaRank\data\Mq2008\model -output H:\zhangyaogong\letor40\baselines\AdaRank\data\Mq2008\score -round 1', mode 'r' at 0x00000000024129C0>
<open file 'H:\zhangyaogong\letor40\baselines\AdaRank\source_code\AdaRank_CSharp.exe train -data H:\zhangyaogong\letor40\datasets\Mq2008\Fold5\train.txt -model H:\zhangyaogong\letor40\baselines\AdaRank\data\Mq2008\Fold5\model -round 1 -measure NDCG', mode 'r' at 0x00000000024129C0>
<open file 'H:\zhangyaogong\letor40\baselines\AdaRank\source_code\AdaRank_CSharp.exe test -data H:\zhangyaogong\letor40\datasets\Mq2008\Fold5\vali.txt -model H:\zhangyaogong\letor40\baselines\AdaRank\data\Mq2008\model -output H:\zhangyaogong\letor40\baselines\AdaRank\data\Mq2008\score -round 51', mode 'r' at 0x0000000002412A50>
<open file 'H:\zhangyaogong\letor40\baselines\AdaRank\source_code\AdaRank_CSharp.exe train -data H:\zhangyaogong\letor40\datasets\Mq2008\Fold5\train.txt -model H:\zhangyaogong\letor40\baselines\AdaRank\data\Mq2008\Fold5\model -round 51 -measure NDCG', mode 'r' at 0x0000000002412A50>
<open file 'H:\zhangyaogong\letor40\baselines\AdaRank\source_code\AdaRank_CSharp.exe test -data H:\zhangyaogong\letor40\datasets\Mq2008\Fold5\vali.txt -model H:\zhangyaogong\letor40\baselines\AdaRank\data\Mq2008\model -output H:\zhangyaogong\letor40\baselines\AdaRank\data\Mq2008\score -round 101', mode 'r' at 0x00000000024129C0>
<open file 'H:\zhangyaogong\letor40\baselines\AdaRank\source_code\AdaRank_CSharp.exe train -data H:\zhangyaogong\letor40\datasets\Mq2008\Fold5\train.txt -model H:\zhangyaogong\letor40\baselines\AdaRank\data\Mq2008\Fold5\model -round 51 -measure NDCG', mode 'r' at 0x00000000024129C0>
<open file 'H:\zhangyaogong\letor40\baselines\AdaRank\source_code\AdaRank_CSharp.exe test -data H:\zhangyaogong\letor40\datasets\Mq2008\Fold5\vali.txt -model H:\zhangyaogong\letor40\baselines\AdaRank\data\Mq2008\model -output H:\zhangyaogong\letor40\baselines\AdaRank\data\Mq2008\score -round 151', mode 'r' at 0x0000000002412A50>
<open file 'H:\zhangyaogong\letor40\baselines\AdaRank\source_code\AdaRank_CSharp.exe train -data H:\zhangyaogong\letor40\datasets\Mq2008\Fold5\train.txt -model H:\zhangyaogong\letor40\baselines\AdaRank\data\Mq2008\Fold5\model -round 51 -measure NDCG', mode 'r' at 0x0000000002412A50>
<open file 'H:\zhangyaogong\letor40\baselines\AdaRank\source_code\AdaRank_CSharp.exe test -data H:\zhangyaogong\letor40\datasets\Mq2008\Fold5\vali.txt -model H:\zhangyaogong\letor40\baselines\AdaRank\data\Mq2008\model -output H:\zhangyaogong\letor40\baselines\AdaRank\data\Mq2008\score -round 201', mode 'r' at 0x00000000024129C0>
<open file 'H:\zhangyaogong\letor40\baselines\AdaRank\source_code\AdaRank_CSharp.exe train -data H:\zhangyaogong\letor40\datasets\Mq2008\Fold5\train.txt -model H:\zhangyaogong\letor40\baselines\AdaRank\data\Mq2008\Fold5\model -round 51 -measure NDCG', mode 'r' at 0x00000000024129C0>
<open file 'H:\zhangyaogong\letor40\baselines\AdaRank\source_code\AdaRank_CSharp.exe test -data H:\zhangyaogong\letor40\datasets\Mq2008\Fold5\vali.txt -model H:\zhangyaogong\letor40\baselines\AdaRank\data\Mq2008\model -output H:\zhangyaogong\letor40\baselines\AdaRank\data\Mq2008\score -round 251', mode 'r' at 0x0000000002412A50>
<open file 'H:\zhangyaogong\letor40\baselines\AdaRank\source_code\AdaRank_CSharp.exe train -data H:\zhangyaogong\letor40\datasets\Mq2008\Fold5\train.txt -model H:\zhangyaogong\letor40\baselines\AdaRank\data\Mq2008\Fold5\model -round 51 -measure NDCG', mode 'r' at 0x0000000002412A50>
<open file 'H:\zhangyaogong\letor40\baselines\AdaRank\source_code\AdaRank_CSharp.exe test -data H:\zhangyaogong\letor40\datasets\Mq2008\Fold5\vali.txt -model H:\zhangyaogong\letor40\baselines\AdaRank\data\Mq2008\model -output H:\zhangyaogong\letor40\baselines\AdaRank\data\Mq2008\score -round 301', mode 'r' at 0x00000000024129C0>
<open file 'H:\zhangyaogong\letor40\baselines\AdaRank\source_code\AdaRank_CSharp.exe train -data H:\zhangyaogong\letor40\datasets\Mq2008\Fold5\train.txt -model H:\zhangyaogong\letor40\baselines\AdaRank\data\Mq2008\Fold5\model -round 51 -measure NDCG', mode 'r' at 0x00000000024129C0>
<open file 'H:\zhangyaogong\letor40\baselines\AdaRank\source_code\AdaRank_CSharp.exe test -data H:\zhangyaogong\letor40\datasets\Mq2008\Fold5\vali.txt -model H:\zhangyaogong\letor40\baselines\AdaRank\data\Mq2008\model -output H:\zhangyaogong\letor40\baselines\AdaRank\data\Mq2008\score -round 351', mode 'r' at 0x0000000002412A50>
<open file 'H:\zhangyaogong\letor40\baselines\AdaRank\source_code\AdaRank_CSharp.exe train -data H:\zhangyaogong\letor40\datasets\Mq2008\Fold5\train.txt -model H:\zhangyaogong\letor40\baselines\AdaRank\data\Mq2008\Fold5\model -round 51 -measure NDCG', mode 'r' at 0x0000000002412A50>
<open file 'H:\zhangyaogong\letor40\baselines\AdaRank\source_code\AdaRank_CSharp.exe test -data H:\zhangyaogong\letor40\datasets\Mq2008\Fold5\vali.txt -model H:\zhangyaogong\letor40\baselines\AdaRank\data\Mq2008\model -output H:\zhangyaogong\letor40\baselines\AdaRank\data\Mq2008\score -round 401', mode 'r' at 0x00000000024129C0>
<open file 'H:\zhangyaogong\letor40\baselines\AdaRank\source_code\AdaRank_CSharp.exe train -data H:\zhangyaogong\letor40\datasets\Mq2008\Fold5\train.txt -model H:\zhangyaogong\letor40\baselines\AdaRank\data\Mq2008\Fold5\model -round 51 -measure NDCG', mode 'r' at 0x00000000024129C0>
<open file 'H:\zhangyaogong\letor40\baselines\AdaRank\source_code\AdaRank_CSharp.exe test -data H:\zhangyaogong\letor40\datasets\Mq2008\Fold5\vali.txt -model H:\zhangyaogong\letor40\baselines\AdaRank\data\Mq2008\model -output H:\zhangyaogong\letor40\baselines\AdaRank\data\Mq2008\score -round 451', mode 'r' at 0x0000000002412A50>
<open file 'H:\zhangyaogong\letor40\baselines\AdaRank\source_code\AdaRank_CSharp.exe train -data H:\zhangyaogong\letor40\datasets\Mq2008\Fold5\train.txt -model H:\zhangyaogong\letor40\baselines\AdaRank\data\Mq2008\Fold5\model -round 51 -measure NDCG', mode 'r' at 0x0000000002412A50>
[03-25 15:35:16]: Fold5 ends training
[03-25 15:35:16]: Fold5 starts testing
<open file 'H:\zhangyaogong\letor40\baselines\AdaRank\source_code\AdaRank_CSharp.exe test -data H:\zhangyaogong\letor40\datasets\Mq2008\Fold5\test.txt -model H:\zhangyaogong\letor40\baselines\AdaRank\data\Mq2008\Fold5\model -output H:\zhangyaogong\letor40\baselines\AdaRank\data\Mq2008\Fold5\test.score -round 51', mode 'r' at 0x00000000024129C0>
<open file 'H:\zhangyaogong\letor40\baselines\AdaRank\source_code\AdaRank_CSharp.exe test -data H:\zhangyaogong\letor40\datasets\Mq2008\Fold5\vali.txt -model H:\zhangyaogong\letor40\baselines\AdaRank\data\Mq2008\Fold5\model -output H:\zhangyaogong\letor40\baselines\AdaRank\data\Mq2008\Fold5\vali.score -round 51', mode 'r' at 0x0000000002412A50>
<open file 'H:\zhangyaogong\letor40\baselines\AdaRank\source_code\AdaRank_CSharp.exe test -data H:\zhangyaogong\letor40\datasets\Mq2008\Fold5\train.txt -model H:\zhangyaogong\letor40\baselines\AdaRank\data\Mq2008\Fold5\model -output H:\zhangyaogong\letor40\baselines\AdaRank\data\Mq2008\Fold5\train.score -round 51', mode 'r' at 0x00000000024129C0>
[03-25 15:35:18]: Fold5 ends testing
[03-25 15:35:18]: begin to write results into files
[03-25 15:35:18]: writing files done
