[03-25 18:28:19]: training starts
[03-25 18:28:19]: Fold1 starts training
[03-25 18:28:19]: ROUND 200
<open file 'H:\zhangyaogong\letor40\baselines\AdaRank\source_code\AdaRank_CSharp.exe train -data H:\zhangyaogong\letor40\datasets\Mq2008\Fold1\train.txt -model H:\zhangyaogong\letor40\baselines\AdaRank\data\Mq2008\model -round 200 -measure MAP', mode 'r' at 0x00000000023C26F0>
<open file 'H:\zhangyaogong\letor40\baselines\AdaRank\source_code\AdaRank_CSharp.exe test -data H:\zhangyaogong\letor40\datasets\Mq2008\Fold1\vali.txt -model H:\zhangyaogong\letor40\baselines\AdaRank\data\Mq2008\model -output H:\zhangyaogong\letor40\baselines\AdaRank\data\Mq2008\score -round 1', mode 'r' at 0x00000000023C26F0>
<open file 'H:\zhangyaogong\letor40\baselines\AdaRank\source_code\AdaRank_CSharp.exe train -data H:\zhangyaogong\letor40\datasets\Mq2008\Fold1\train.txt -model H:\zhangyaogong\letor40\baselines\AdaRank\data\Mq2008\Fold1\model -round 1 -measure MAP', mode 'r' at 0x00000000023C26F0>
<open file 'H:\zhangyaogong\letor40\baselines\AdaRank\source_code\AdaRank_CSharp.exe test -data H:\zhangyaogong\letor40\datasets\Mq2008\Fold1\vali.txt -model H:\zhangyaogong\letor40\baselines\AdaRank\data\Mq2008\model -output H:\zhangyaogong\letor40\baselines\AdaRank\data\Mq2008\score -round 41', mode 'r' at 0x00000000023C2780>
<open file 'H:\zhangyaogong\letor40\baselines\AdaRank\source_code\AdaRank_CSharp.exe train -data H:\zhangyaogong\letor40\datasets\Mq2008\Fold1\train.txt -model H:\zhangyaogong\letor40\baselines\AdaRank\data\Mq2008\Fold1\model -round 1 -measure MAP', mode 'r' at 0x00000000023C2780>
<open file 'H:\zhangyaogong\letor40\baselines\AdaRank\source_code\AdaRank_CSharp.exe test -data H:\zhangyaogong\letor40\datasets\Mq2008\Fold1\vali.txt -model H:\zhangyaogong\letor40\baselines\AdaRank\data\Mq2008\model -output H:\zhangyaogong\letor40\baselines\AdaRank\data\Mq2008\score -round 81', mode 'r' at 0x00000000023C26F0>
<open file 'H:\zhangyaogong\letor40\baselines\AdaRank\source_code\AdaRank_CSharp.exe train -data H:\zhangyaogong\letor40\datasets\Mq2008\Fold1\train.txt -model H:\zhangyaogong\letor40\baselines\AdaRank\data\Mq2008\Fold1\model -round 81 -measure MAP', mode 'r' at 0x00000000023C26F0>
<open file 'H:\zhangyaogong\letor40\baselines\AdaRank\source_code\AdaRank_CSharp.exe test -data H:\zhangyaogong\letor40\datasets\Mq2008\Fold1\vali.txt -model H:\zhangyaogong\letor40\baselines\AdaRank\data\Mq2008\model -output H:\zhangyaogong\letor40\baselines\AdaRank\data\Mq2008\score -round 121', mode 'r' at 0x00000000023C2780>
<open file 'H:\zhangyaogong\letor40\baselines\AdaRank\source_code\AdaRank_CSharp.exe train -data H:\zhangyaogong\letor40\datasets\Mq2008\Fold1\train.txt -model H:\zhangyaogong\letor40\baselines\AdaRank\data\Mq2008\Fold1\model -round 121 -measure MAP', mode 'r' at 0x00000000023C2780>
<open file 'H:\zhangyaogong\letor40\baselines\AdaRank\source_code\AdaRank_CSharp.exe test -data H:\zhangyaogong\letor40\datasets\Mq2008\Fold1\vali.txt -model H:\zhangyaogong\letor40\baselines\AdaRank\data\Mq2008\model -output H:\zhangyaogong\letor40\baselines\AdaRank\data\Mq2008\score -round 161', mode 'r' at 0x00000000023C26F0>
<open file 'H:\zhangyaogong\letor40\baselines\AdaRank\source_code\AdaRank_CSharp.exe train -data H:\zhangyaogong\letor40\datasets\Mq2008\Fold1\train.txt -model H:\zhangyaogong\letor40\baselines\AdaRank\data\Mq2008\Fold1\model -round 161 -measure MAP', mode 'r' at 0x00000000023C26F0>
[03-25 18:28:39]: Fold1 ends training
[03-25 18:28:39]: Fold1 starts testing
<open file 'H:\zhangyaogong\letor40\baselines\AdaRank\source_code\AdaRank_CSharp.exe test -data H:\zhangyaogong\letor40\datasets\Mq2008\Fold1\test.txt -model H:\zhangyaogong\letor40\baselines\AdaRank\data\Mq2008\Fold1\model -output H:\zhangyaogong\letor40\baselines\AdaRank\data\Mq2008\Fold1\test.score -round 161', mode 'r' at 0x00000000023C2780>
<open file 'H:\zhangyaogong\letor40\baselines\AdaRank\source_code\AdaRank_CSharp.exe test -data H:\zhangyaogong\letor40\datasets\Mq2008\Fold1\vali.txt -model H:\zhangyaogong\letor40\baselines\AdaRank\data\Mq2008\Fold1\model -output H:\zhangyaogong\letor40\baselines\AdaRank\data\Mq2008\Fold1\vali.score -round 161', mode 'r' at 0x00000000023C26F0>
<open file 'H:\zhangyaogong\letor40\baselines\AdaRank\source_code\AdaRank_CSharp.exe test -data H:\zhangyaogong\letor40\datasets\Mq2008\Fold1\train.txt -model H:\zhangyaogong\letor40\baselines\AdaRank\data\Mq2008\Fold1\model -output H:\zhangyaogong\letor40\baselines\AdaRank\data\Mq2008\Fold1\train.score -round 161', mode 'r' at 0x00000000023C2780>
[03-25 18:28:41]: Fold1 ends testing
[03-25 18:28:41]: Fold2 starts training
[03-25 18:28:41]: ROUND 200
<open file 'H:\zhangyaogong\letor40\baselines\AdaRank\source_code\AdaRank_CSharp.exe train -data H:\zhangyaogong\letor40\datasets\Mq2008\Fold2\train.txt -model H:\zhangyaogong\letor40\baselines\AdaRank\data\Mq2008\model -round 200 -measure MAP', mode 'r' at 0x00000000023C26F0>
<open file 'H:\zhangyaogong\letor40\baselines\AdaRank\source_code\AdaRank_CSharp.exe test -data H:\zhangyaogong\letor40\datasets\Mq2008\Fold2\vali.txt -model H:\zhangyaogong\letor40\baselines\AdaRank\data\Mq2008\model -output H:\zhangyaogong\letor40\baselines\AdaRank\data\Mq2008\score -round 1', mode 'r' at 0x00000000023C26F0>
<open file 'H:\zhangyaogong\letor40\baselines\AdaRank\source_code\AdaRank_CSharp.exe train -data H:\zhangyaogong\letor40\datasets\Mq2008\Fold2\train.txt -model H:\zhangyaogong\letor40\baselines\AdaRank\data\Mq2008\Fold2\model -round 1 -measure MAP', mode 'r' at 0x00000000023C26F0>
<open file 'H:\zhangyaogong\letor40\baselines\AdaRank\source_code\AdaRank_CSharp.exe test -data H:\zhangyaogong\letor40\datasets\Mq2008\Fold2\vali.txt -model H:\zhangyaogong\letor40\baselines\AdaRank\data\Mq2008\model -output H:\zhangyaogong\letor40\baselines\AdaRank\data\Mq2008\score -round 41', mode 'r' at 0x00000000023C2780>
<open file 'H:\zhangyaogong\letor40\baselines\AdaRank\source_code\AdaRank_CSharp.exe train -data H:\zhangyaogong\letor40\datasets\Mq2008\Fold2\train.txt -model H:\zhangyaogong\letor40\baselines\AdaRank\data\Mq2008\Fold2\model -round 41 -measure MAP', mode 'r' at 0x00000000023C2780>
<open file 'H:\zhangyaogong\letor40\baselines\AdaRank\source_code\AdaRank_CSharp.exe test -data H:\zhangyaogong\letor40\datasets\Mq2008\Fold2\vali.txt -model H:\zhangyaogong\letor40\baselines\AdaRank\data\Mq2008\model -output H:\zhangyaogong\letor40\baselines\AdaRank\data\Mq2008\score -round 81', mode 'r' at 0x00000000023C26F0>
<open file 'H:\zhangyaogong\letor40\baselines\AdaRank\source_code\AdaRank_CSharp.exe train -data H:\zhangyaogong\letor40\datasets\Mq2008\Fold2\train.txt -model H:\zhangyaogong\letor40\baselines\AdaRank\data\Mq2008\Fold2\model -round 81 -measure MAP', mode 'r' at 0x00000000023C26F0>
<open file 'H:\zhangyaogong\letor40\baselines\AdaRank\source_code\AdaRank_CSharp.exe test -data H:\zhangyaogong\letor40\datasets\Mq2008\Fold2\vali.txt -model H:\zhangyaogong\letor40\baselines\AdaRank\data\Mq2008\model -output H:\zhangyaogong\letor40\baselines\AdaRank\data\Mq2008\score -round 121', mode 'r' at 0x00000000023C2780>
<open file 'H:\zhangyaogong\letor40\baselines\AdaRank\source_code\AdaRank_CSharp.exe train -data H:\zhangyaogong\letor40\datasets\Mq2008\Fold2\train.txt -model H:\zhangyaogong\letor40\baselines\AdaRank\data\Mq2008\Fold2\model -round 121 -measure MAP', mode 'r' at 0x00000000023C2780>
<open file 'H:\zhangyaogong\letor40\baselines\AdaRank\source_code\AdaRank_CSharp.exe test -data H:\zhangyaogong\letor40\datasets\Mq2008\Fold2\vali.txt -model H:\zhangyaogong\letor40\baselines\AdaRank\data\Mq2008\model -output H:\zhangyaogong\letor40\baselines\AdaRank\data\Mq2008\score -round 161', mode 'r' at 0x00000000023C26F0>
<open file 'H:\zhangyaogong\letor40\baselines\AdaRank\source_code\AdaRank_CSharp.exe train -data H:\zhangyaogong\letor40\datasets\Mq2008\Fold2\train.txt -model H:\zhangyaogong\letor40\baselines\AdaRank\data\Mq2008\Fold2\model -round 161 -measure MAP', mode 'r' at 0x00000000023C26F0>
[03-25 18:29:03]: Fold2 ends training
[03-25 18:29:03]: Fold2 starts testing
<open file 'H:\zhangyaogong\letor40\baselines\AdaRank\source_code\AdaRank_CSharp.exe test -data H:\zhangyaogong\letor40\datasets\Mq2008\Fold2\test.txt -model H:\zhangyaogong\letor40\baselines\AdaRank\data\Mq2008\Fold2\model -output H:\zhangyaogong\letor40\baselines\AdaRank\data\Mq2008\Fold2\test.score -round 161', mode 'r' at 0x00000000023C2780>
<open file 'H:\zhangyaogong\letor40\baselines\AdaRank\source_code\AdaRank_CSharp.exe test -data H:\zhangyaogong\letor40\datasets\Mq2008\Fold2\vali.txt -model H:\zhangyaogong\letor40\baselines\AdaRank\data\Mq2008\Fold2\model -output H:\zhangyaogong\letor40\baselines\AdaRank\data\Mq2008\Fold2\vali.score -round 161', mode 'r' at 0x00000000023C26F0>
<open file 'H:\zhangyaogong\letor40\baselines\AdaRank\source_code\AdaRank_CSharp.exe test -data H:\zhangyaogong\letor40\datasets\Mq2008\Fold2\train.txt -model H:\zhangyaogong\letor40\baselines\AdaRank\data\Mq2008\Fold2\model -output H:\zhangyaogong\letor40\baselines\AdaRank\data\Mq2008\Fold2\train.score -round 161', mode 'r' at 0x00000000023C2780>
[03-25 18:29:05]: Fold2 ends testing
[03-25 18:29:05]: Fold3 starts training
[03-25 18:29:05]: ROUND 200
<open file 'H:\zhangyaogong\letor40\baselines\AdaRank\source_code\AdaRank_CSharp.exe train -data H:\zhangyaogong\letor40\datasets\Mq2008\Fold3\train.txt -model H:\zhangyaogong\letor40\baselines\AdaRank\data\Mq2008\model -round 200 -measure MAP', mode 'r' at 0x00000000023C26F0>
<open file 'H:\zhangyaogong\letor40\baselines\AdaRank\source_code\AdaRank_CSharp.exe test -data H:\zhangyaogong\letor40\datasets\Mq2008\Fold3\vali.txt -model H:\zhangyaogong\letor40\baselines\AdaRank\data\Mq2008\model -output H:\zhangyaogong\letor40\baselines\AdaRank\data\Mq2008\score -round 1', mode 'r' at 0x00000000023C26F0>
<open file 'H:\zhangyaogong\letor40\baselines\AdaRank\source_code\AdaRank_CSharp.exe train -data H:\zhangyaogong\letor40\datasets\Mq2008\Fold3\train.txt -model H:\zhangyaogong\letor40\baselines\AdaRank\data\Mq2008\Fold3\model -round 1 -measure MAP', mode 'r' at 0x00000000023C26F0>
<open file 'H:\zhangyaogong\letor40\baselines\AdaRank\source_code\AdaRank_CSharp.exe test -data H:\zhangyaogong\letor40\datasets\Mq2008\Fold3\vali.txt -model H:\zhangyaogong\letor40\baselines\AdaRank\data\Mq2008\model -output H:\zhangyaogong\letor40\baselines\AdaRank\data\Mq2008\score -round 41', mode 'r' at 0x00000000023C2780>
<open file 'H:\zhangyaogong\letor40\baselines\AdaRank\source_code\AdaRank_CSharp.exe train -data H:\zhangyaogong\letor40\datasets\Mq2008\Fold3\train.txt -model H:\zhangyaogong\letor40\baselines\AdaRank\data\Mq2008\Fold3\model -round 41 -measure MAP', mode 'r' at 0x00000000023C2780>
<open file 'H:\zhangyaogong\letor40\baselines\AdaRank\source_code\AdaRank_CSharp.exe test -data H:\zhangyaogong\letor40\datasets\Mq2008\Fold3\vali.txt -model H:\zhangyaogong\letor40\baselines\AdaRank\data\Mq2008\model -output H:\zhangyaogong\letor40\baselines\AdaRank\data\Mq2008\score -round 81', mode 'r' at 0x00000000023C26F0>
<open file 'H:\zhangyaogong\letor40\baselines\AdaRank\source_code\AdaRank_CSharp.exe train -data H:\zhangyaogong\letor40\datasets\Mq2008\Fold3\train.txt -model H:\zhangyaogong\letor40\baselines\AdaRank\data\Mq2008\Fold3\model -round 81 -measure MAP', mode 'r' at 0x00000000023C26F0>
<open file 'H:\zhangyaogong\letor40\baselines\AdaRank\source_code\AdaRank_CSharp.exe test -data H:\zhangyaogong\letor40\datasets\Mq2008\Fold3\vali.txt -model H:\zhangyaogong\letor40\baselines\AdaRank\data\Mq2008\model -output H:\zhangyaogong\letor40\baselines\AdaRank\data\Mq2008\score -round 121', mode 'r' at 0x00000000023C2780>
<open file 'H:\zhangyaogong\letor40\baselines\AdaRank\source_code\AdaRank_CSharp.exe train -data H:\zhangyaogong\letor40\datasets\Mq2008\Fold3\train.txt -model H:\zhangyaogong\letor40\baselines\AdaRank\data\Mq2008\Fold3\model -round 121 -measure MAP', mode 'r' at 0x00000000023C2780>
<open file 'H:\zhangyaogong\letor40\baselines\AdaRank\source_code\AdaRank_CSharp.exe test -data H:\zhangyaogong\letor40\datasets\Mq2008\Fold3\vali.txt -model H:\zhangyaogong\letor40\baselines\AdaRank\data\Mq2008\model -output H:\zhangyaogong\letor40\baselines\AdaRank\data\Mq2008\score -round 161', mode 'r' at 0x00000000023C26F0>
<open file 'H:\zhangyaogong\letor40\baselines\AdaRank\source_code\AdaRank_CSharp.exe train -data H:\zhangyaogong\letor40\datasets\Mq2008\Fold3\train.txt -model H:\zhangyaogong\letor40\baselines\AdaRank\data\Mq2008\Fold3\model -round 121 -measure MAP', mode 'r' at 0x00000000023C26F0>
[03-25 18:29:25]: Fold3 ends training
[03-25 18:29:25]: Fold3 starts testing
<open file 'H:\zhangyaogong\letor40\baselines\AdaRank\source_code\AdaRank_CSharp.exe test -data H:\zhangyaogong\letor40\datasets\Mq2008\Fold3\test.txt -model H:\zhangyaogong\letor40\baselines\AdaRank\data\Mq2008\Fold3\model -output H:\zhangyaogong\letor40\baselines\AdaRank\data\Mq2008\Fold3\test.score -round 121', mode 'r' at 0x00000000023C2780>
<open file 'H:\zhangyaogong\letor40\baselines\AdaRank\source_code\AdaRank_CSharp.exe test -data H:\zhangyaogong\letor40\datasets\Mq2008\Fold3\vali.txt -model H:\zhangyaogong\letor40\baselines\AdaRank\data\Mq2008\Fold3\model -output H:\zhangyaogong\letor40\baselines\AdaRank\data\Mq2008\Fold3\vali.score -round 121', mode 'r' at 0x00000000023C26F0>
<open file 'H:\zhangyaogong\letor40\baselines\AdaRank\source_code\AdaRank_CSharp.exe test -data H:\zhangyaogong\letor40\datasets\Mq2008\Fold3\train.txt -model H:\zhangyaogong\letor40\baselines\AdaRank\data\Mq2008\Fold3\model -output H:\zhangyaogong\letor40\baselines\AdaRank\data\Mq2008\Fold3\train.score -round 121', mode 'r' at 0x00000000023C2780>
[03-25 18:29:27]: Fold3 ends testing
[03-25 18:29:27]: Fold4 starts training
[03-25 18:29:27]: ROUND 200
<open file 'H:\zhangyaogong\letor40\baselines\AdaRank\source_code\AdaRank_CSharp.exe train -data H:\zhangyaogong\letor40\datasets\Mq2008\Fold4\train.txt -model H:\zhangyaogong\letor40\baselines\AdaRank\data\Mq2008\model -round 200 -measure MAP', mode 'r' at 0x0000000001E0EF60>
<open file 'H:\zhangyaogong\letor40\baselines\AdaRank\source_code\AdaRank_CSharp.exe test -data H:\zhangyaogong\letor40\datasets\Mq2008\Fold4\vali.txt -model H:\zhangyaogong\letor40\baselines\AdaRank\data\Mq2008\model -output H:\zhangyaogong\letor40\baselines\AdaRank\data\Mq2008\score -round 1', mode 'r' at 0x0000000001E0EF60>
<open file 'H:\zhangyaogong\letor40\baselines\AdaRank\source_code\AdaRank_CSharp.exe train -data H:\zhangyaogong\letor40\datasets\Mq2008\Fold4\train.txt -model H:\zhangyaogong\letor40\baselines\AdaRank\data\Mq2008\Fold4\model -round 1 -measure MAP', mode 'r' at 0x00000000023C26F0>
<open file 'H:\zhangyaogong\letor40\baselines\AdaRank\source_code\AdaRank_CSharp.exe test -data H:\zhangyaogong\letor40\datasets\Mq2008\Fold4\vali.txt -model H:\zhangyaogong\letor40\baselines\AdaRank\data\Mq2008\model -output H:\zhangyaogong\letor40\baselines\AdaRank\data\Mq2008\score -round 41', mode 'r' at 0x0000000001E0EF60>
<open file 'H:\zhangyaogong\letor40\baselines\AdaRank\source_code\AdaRank_CSharp.exe train -data H:\zhangyaogong\letor40\datasets\Mq2008\Fold4\train.txt -model H:\zhangyaogong\letor40\baselines\AdaRank\data\Mq2008\Fold4\model -round 1 -measure MAP', mode 'r' at 0x00000000023C26F0>
<open file 'H:\zhangyaogong\letor40\baselines\AdaRank\source_code\AdaRank_CSharp.exe test -data H:\zhangyaogong\letor40\datasets\Mq2008\Fold4\vali.txt -model H:\zhangyaogong\letor40\baselines\AdaRank\data\Mq2008\model -output H:\zhangyaogong\letor40\baselines\AdaRank\data\Mq2008\score -round 81', mode 'r' at 0x0000000001E0EF60>
<open file 'H:\zhangyaogong\letor40\baselines\AdaRank\source_code\AdaRank_CSharp.exe train -data H:\zhangyaogong\letor40\datasets\Mq2008\Fold4\train.txt -model H:\zhangyaogong\letor40\baselines\AdaRank\data\Mq2008\Fold4\model -round 81 -measure MAP', mode 'r' at 0x00000000023C26F0>
<open file 'H:\zhangyaogong\letor40\baselines\AdaRank\source_code\AdaRank_CSharp.exe test -data H:\zhangyaogong\letor40\datasets\Mq2008\Fold4\vali.txt -model H:\zhangyaogong\letor40\baselines\AdaRank\data\Mq2008\model -output H:\zhangyaogong\letor40\baselines\AdaRank\data\Mq2008\score -round 121', mode 'r' at 0x0000000001E0EF60>
<open file 'H:\zhangyaogong\letor40\baselines\AdaRank\source_code\AdaRank_CSharp.exe train -data H:\zhangyaogong\letor40\datasets\Mq2008\Fold4\train.txt -model H:\zhangyaogong\letor40\baselines\AdaRank\data\Mq2008\Fold4\model -round 121 -measure MAP', mode 'r' at 0x00000000023C26F0>
<open file 'H:\zhangyaogong\letor40\baselines\AdaRank\source_code\AdaRank_CSharp.exe test -data H:\zhangyaogong\letor40\datasets\Mq2008\Fold4\vali.txt -model H:\zhangyaogong\letor40\baselines\AdaRank\data\Mq2008\model -output H:\zhangyaogong\letor40\baselines\AdaRank\data\Mq2008\score -round 161', mode 'r' at 0x0000000001E0EF60>
<open file 'H:\zhangyaogong\letor40\baselines\AdaRank\source_code\AdaRank_CSharp.exe train -data H:\zhangyaogong\letor40\datasets\Mq2008\Fold4\train.txt -model H:\zhangyaogong\letor40\baselines\AdaRank\data\Mq2008\Fold4\model -round 161 -measure MAP', mode 'r' at 0x00000000023C26F0>
[03-25 18:29:49]: Fold4 ends training
[03-25 18:29:49]: Fold4 starts testing
<open file 'H:\zhangyaogong\letor40\baselines\AdaRank\source_code\AdaRank_CSharp.exe test -data H:\zhangyaogong\letor40\datasets\Mq2008\Fold4\test.txt -model H:\zhangyaogong\letor40\baselines\AdaRank\data\Mq2008\Fold4\model -output H:\zhangyaogong\letor40\baselines\AdaRank\data\Mq2008\Fold4\test.score -round 161', mode 'r' at 0x0000000001E0EF60>
<open file 'H:\zhangyaogong\letor40\baselines\AdaRank\source_code\AdaRank_CSharp.exe test -data H:\zhangyaogong\letor40\datasets\Mq2008\Fold4\vali.txt -model H:\zhangyaogong\letor40\baselines\AdaRank\data\Mq2008\Fold4\model -output H:\zhangyaogong\letor40\baselines\AdaRank\data\Mq2008\Fold4\vali.score -round 161', mode 'r' at 0x0000000001E0EF60>
<open file 'H:\zhangyaogong\letor40\baselines\AdaRank\source_code\AdaRank_CSharp.exe test -data H:\zhangyaogong\letor40\datasets\Mq2008\Fold4\train.txt -model H:\zhangyaogong\letor40\baselines\AdaRank\data\Mq2008\Fold4\model -output H:\zhangyaogong\letor40\baselines\AdaRank\data\Mq2008\Fold4\train.score -round 161', mode 'r' at 0x0000000001E0EF60>
[03-25 18:29:51]: Fold4 ends testing
[03-25 18:29:51]: Fold5 starts training
[03-25 18:29:51]: ROUND 200
<open file 'H:\zhangyaogong\letor40\baselines\AdaRank\source_code\AdaRank_CSharp.exe train -data H:\zhangyaogong\letor40\datasets\Mq2008\Fold5\train.txt -model H:\zhangyaogong\letor40\baselines\AdaRank\data\Mq2008\model -round 200 -measure MAP', mode 'r' at 0x0000000001E0EF60>
<open file 'H:\zhangyaogong\letor40\baselines\AdaRank\source_code\AdaRank_CSharp.exe test -data H:\zhangyaogong\letor40\datasets\Mq2008\Fold5\vali.txt -model H:\zhangyaogong\letor40\baselines\AdaRank\data\Mq2008\model -output H:\zhangyaogong\letor40\baselines\AdaRank\data\Mq2008\score -round 1', mode 'r' at 0x0000000001E0EF60>
<open file 'H:\zhangyaogong\letor40\baselines\AdaRank\source_code\AdaRank_CSharp.exe train -data H:\zhangyaogong\letor40\datasets\Mq2008\Fold5\train.txt -model H:\zhangyaogong\letor40\baselines\AdaRank\data\Mq2008\Fold5\model -round 1 -measure MAP', mode 'r' at 0x00000000023C26F0>
<open file 'H:\zhangyaogong\letor40\baselines\AdaRank\source_code\AdaRank_CSharp.exe test -data H:\zhangyaogong\letor40\datasets\Mq2008\Fold5\vali.txt -model H:\zhangyaogong\letor40\baselines\AdaRank\data\Mq2008\model -output H:\zhangyaogong\letor40\baselines\AdaRank\data\Mq2008\score -round 41', mode 'r' at 0x0000000001E0EF60>
<open file 'H:\zhangyaogong\letor40\baselines\AdaRank\source_code\AdaRank_CSharp.exe train -data H:\zhangyaogong\letor40\datasets\Mq2008\Fold5\train.txt -model H:\zhangyaogong\letor40\baselines\AdaRank\data\Mq2008\Fold5\model -round 41 -measure MAP', mode 'r' at 0x00000000023C26F0>
<open file 'H:\zhangyaogong\letor40\baselines\AdaRank\source_code\AdaRank_CSharp.exe test -data H:\zhangyaogong\letor40\datasets\Mq2008\Fold5\vali.txt -model H:\zhangyaogong\letor40\baselines\AdaRank\data\Mq2008\model -output H:\zhangyaogong\letor40\baselines\AdaRank\data\Mq2008\score -round 81', mode 'r' at 0x0000000001E0EF60>
<open file 'H:\zhangyaogong\letor40\baselines\AdaRank\source_code\AdaRank_CSharp.exe train -data H:\zhangyaogong\letor40\datasets\Mq2008\Fold5\train.txt -model H:\zhangyaogong\letor40\baselines\AdaRank\data\Mq2008\Fold5\model -round 41 -measure MAP', mode 'r' at 0x00000000023C26F0>
<open file 'H:\zhangyaogong\letor40\baselines\AdaRank\source_code\AdaRank_CSharp.exe test -data H:\zhangyaogong\letor40\datasets\Mq2008\Fold5\vali.txt -model H:\zhangyaogong\letor40\baselines\AdaRank\data\Mq2008\model -output H:\zhangyaogong\letor40\baselines\AdaRank\data\Mq2008\score -round 121', mode 'r' at 0x0000000001E0EF60>
<open file 'H:\zhangyaogong\letor40\baselines\AdaRank\source_code\AdaRank_CSharp.exe train -data H:\zhangyaogong\letor40\datasets\Mq2008\Fold5\train.txt -model H:\zhangyaogong\letor40\baselines\AdaRank\data\Mq2008\Fold5\model -round 41 -measure MAP', mode 'r' at 0x00000000023C26F0>
<open file 'H:\zhangyaogong\letor40\baselines\AdaRank\source_code\AdaRank_CSharp.exe test -data H:\zhangyaogong\letor40\datasets\Mq2008\Fold5\vali.txt -model H:\zhangyaogong\letor40\baselines\AdaRank\data\Mq2008\model -output H:\zhangyaogong\letor40\baselines\AdaRank\data\Mq2008\score -round 161', mode 'r' at 0x0000000001E0EF60>
<open file 'H:\zhangyaogong\letor40\baselines\AdaRank\source_code\AdaRank_CSharp.exe train -data H:\zhangyaogong\letor40\datasets\Mq2008\Fold5\train.txt -model H:\zhangyaogong\letor40\baselines\AdaRank\data\Mq2008\Fold5\model -round 41 -measure MAP', mode 'r' at 0x00000000023C26F0>
[03-25 18:30:09]: Fold5 ends training
[03-25 18:30:09]: Fold5 starts testing
<open file 'H:\zhangyaogong\letor40\baselines\AdaRank\source_code\AdaRank_CSharp.exe test -data H:\zhangyaogong\letor40\datasets\Mq2008\Fold5\test.txt -model H:\zhangyaogong\letor40\baselines\AdaRank\data\Mq2008\Fold5\model -output H:\zhangyaogong\letor40\baselines\AdaRank\data\Mq2008\Fold5\test.score -round 41', mode 'r' at 0x0000000001E0EF60>
<open file 'H:\zhangyaogong\letor40\baselines\AdaRank\source_code\AdaRank_CSharp.exe test -data H:\zhangyaogong\letor40\datasets\Mq2008\Fold5\vali.txt -model H:\zhangyaogong\letor40\baselines\AdaRank\data\Mq2008\Fold5\model -output H:\zhangyaogong\letor40\baselines\AdaRank\data\Mq2008\Fold5\vali.score -round 41', mode 'r' at 0x0000000001E0EF60>
<open file 'H:\zhangyaogong\letor40\baselines\AdaRank\source_code\AdaRank_CSharp.exe test -data H:\zhangyaogong\letor40\datasets\Mq2008\Fold5\train.txt -model H:\zhangyaogong\letor40\baselines\AdaRank\data\Mq2008\Fold5\model -output H:\zhangyaogong\letor40\baselines\AdaRank\data\Mq2008\Fold5\train.score -round 41', mode 'r' at 0x0000000001E0EF60>
[03-25 18:30:10]: Fold5 ends testing
[03-25 18:30:10]: begin to write results into files
[03-25 18:30:10]: writing files done
