[03-25 18:33:48]: training starts
[03-25 18:33:48]: Fold1 starts training
[03-25 18:33:48]: ROUND 200
<open file 'H:\zhangyaogong\letor40\baselines\AdaRank\source_code\AdaRank_CSharp.exe train -data H:\zhangyaogong\letor40\datasets\Mq2008\Fold1\train.txt -model H:\zhangyaogong\letor40\baselines\AdaRank\data\Mq2008\model -round 200 -measure NDCG', mode 'r' at 0x00000000023326F0>
<open file 'H:\zhangyaogong\letor40\baselines\AdaRank\source_code\AdaRank_CSharp.exe test -data H:\zhangyaogong\letor40\datasets\Mq2008\Fold1\vali.txt -model H:\zhangyaogong\letor40\baselines\AdaRank\data\Mq2008\model -output H:\zhangyaogong\letor40\baselines\AdaRank\data\Mq2008\score -round 1', mode 'r' at 0x00000000023326F0>
<open file 'H:\zhangyaogong\letor40\baselines\AdaRank\source_code\AdaRank_CSharp.exe train -data H:\zhangyaogong\letor40\datasets\Mq2008\Fold1\train.txt -model H:\zhangyaogong\letor40\baselines\AdaRank\data\Mq2008\Fold1\model -round 1 -measure NDCG', mode 'r' at 0x00000000023326F0>
<open file 'H:\zhangyaogong\letor40\baselines\AdaRank\source_code\AdaRank_CSharp.exe test -data H:\zhangyaogong\letor40\datasets\Mq2008\Fold1\vali.txt -model H:\zhangyaogong\letor40\baselines\AdaRank\data\Mq2008\model -output H:\zhangyaogong\letor40\baselines\AdaRank\data\Mq2008\score -round 41', mode 'r' at 0x0000000002332780>
<open file 'H:\zhangyaogong\letor40\baselines\AdaRank\source_code\AdaRank_CSharp.exe train -data H:\zhangyaogong\letor40\datasets\Mq2008\Fold1\train.txt -model H:\zhangyaogong\letor40\baselines\AdaRank\data\Mq2008\Fold1\model -round 41 -measure NDCG', mode 'r' at 0x0000000002332780>
<open file 'H:\zhangyaogong\letor40\baselines\AdaRank\source_code\AdaRank_CSharp.exe test -data H:\zhangyaogong\letor40\datasets\Mq2008\Fold1\vali.txt -model H:\zhangyaogong\letor40\baselines\AdaRank\data\Mq2008\model -output H:\zhangyaogong\letor40\baselines\AdaRank\data\Mq2008\score -round 81', mode 'r' at 0x00000000023326F0>
<open file 'H:\zhangyaogong\letor40\baselines\AdaRank\source_code\AdaRank_CSharp.exe train -data H:\zhangyaogong\letor40\datasets\Mq2008\Fold1\train.txt -model H:\zhangyaogong\letor40\baselines\AdaRank\data\Mq2008\Fold1\model -round 41 -measure NDCG', mode 'r' at 0x00000000023326F0>
<open file 'H:\zhangyaogong\letor40\baselines\AdaRank\source_code\AdaRank_CSharp.exe test -data H:\zhangyaogong\letor40\datasets\Mq2008\Fold1\vali.txt -model H:\zhangyaogong\letor40\baselines\AdaRank\data\Mq2008\model -output H:\zhangyaogong\letor40\baselines\AdaRank\data\Mq2008\score -round 121', mode 'r' at 0x0000000002332780>
<open file 'H:\zhangyaogong\letor40\baselines\AdaRank\source_code\AdaRank_CSharp.exe train -data H:\zhangyaogong\letor40\datasets\Mq2008\Fold1\train.txt -model H:\zhangyaogong\letor40\baselines\AdaRank\data\Mq2008\Fold1\model -round 41 -measure NDCG', mode 'r' at 0x0000000002332780>
<open file 'H:\zhangyaogong\letor40\baselines\AdaRank\source_code\AdaRank_CSharp.exe test -data H:\zhangyaogong\letor40\datasets\Mq2008\Fold1\vali.txt -model H:\zhangyaogong\letor40\baselines\AdaRank\data\Mq2008\model -output H:\zhangyaogong\letor40\baselines\AdaRank\data\Mq2008\score -round 161', mode 'r' at 0x00000000023326F0>
<open file 'H:\zhangyaogong\letor40\baselines\AdaRank\source_code\AdaRank_CSharp.exe train -data H:\zhangyaogong\letor40\datasets\Mq2008\Fold1\train.txt -model H:\zhangyaogong\letor40\baselines\AdaRank\data\Mq2008\Fold1\model -round 161 -measure NDCG', mode 'r' at 0x00000000023326F0>
[03-25 18:33:50]: Fold1 ends training
[03-25 18:33:50]: Fold1 starts testing
<open file 'H:\zhangyaogong\letor40\baselines\AdaRank\source_code\AdaRank_CSharp.exe test -data H:\zhangyaogong\letor40\datasets\Mq2008\Fold1\test.txt -model H:\zhangyaogong\letor40\baselines\AdaRank\data\Mq2008\Fold1\model -output H:\zhangyaogong\letor40\baselines\AdaRank\data\Mq2008\Fold1\test.score -round 161', mode 'r' at 0x0000000002332780>
<open file 'H:\zhangyaogong\letor40\baselines\AdaRank\source_code\AdaRank_CSharp.exe test -data H:\zhangyaogong\letor40\datasets\Mq2008\Fold1\vali.txt -model H:\zhangyaogong\letor40\baselines\AdaRank\data\Mq2008\Fold1\model -output H:\zhangyaogong\letor40\baselines\AdaRank\data\Mq2008\Fold1\vali.score -round 161', mode 'r' at 0x00000000023326F0>
<open file 'H:\zhangyaogong\letor40\baselines\AdaRank\source_code\AdaRank_CSharp.exe test -data H:\zhangyaogong\letor40\datasets\Mq2008\Fold1\train.txt -model H:\zhangyaogong\letor40\baselines\AdaRank\data\Mq2008\Fold1\model -output H:\zhangyaogong\letor40\baselines\AdaRank\data\Mq2008\Fold1\train.score -round 161', mode 'r' at 0x0000000002332780>
[03-25 18:33:52]: Fold1 ends testing
[03-25 18:33:52]: Fold2 starts training
[03-25 18:33:52]: ROUND 200
<open file 'H:\zhangyaogong\letor40\baselines\AdaRank\source_code\AdaRank_CSharp.exe train -data H:\zhangyaogong\letor40\datasets\Mq2008\Fold2\train.txt -model H:\zhangyaogong\letor40\baselines\AdaRank\data\Mq2008\model -round 200 -measure NDCG', mode 'r' at 0x00000000023326F0>
<open file 'H:\zhangyaogong\letor40\baselines\AdaRank\source_code\AdaRank_CSharp.exe test -data H:\zhangyaogong\letor40\datasets\Mq2008\Fold2\vali.txt -model H:\zhangyaogong\letor40\baselines\AdaRank\data\Mq2008\model -output H:\zhangyaogong\letor40\baselines\AdaRank\data\Mq2008\score -round 1', mode 'r' at 0x00000000023326F0>
<open file 'H:\zhangyaogong\letor40\baselines\AdaRank\source_code\AdaRank_CSharp.exe train -data H:\zhangyaogong\letor40\datasets\Mq2008\Fold2\train.txt -model H:\zhangyaogong\letor40\baselines\AdaRank\data\Mq2008\Fold2\model -round 1 -measure NDCG', mode 'r' at 0x00000000023326F0>
<open file 'H:\zhangyaogong\letor40\baselines\AdaRank\source_code\AdaRank_CSharp.exe test -data H:\zhangyaogong\letor40\datasets\Mq2008\Fold2\vali.txt -model H:\zhangyaogong\letor40\baselines\AdaRank\data\Mq2008\model -output H:\zhangyaogong\letor40\baselines\AdaRank\data\Mq2008\score -round 41', mode 'r' at 0x0000000002332780>
<open file 'H:\zhangyaogong\letor40\baselines\AdaRank\source_code\AdaRank_CSharp.exe train -data H:\zhangyaogong\letor40\datasets\Mq2008\Fold2\train.txt -model H:\zhangyaogong\letor40\baselines\AdaRank\data\Mq2008\Fold2\model -round 41 -measure NDCG', mode 'r' at 0x0000000002332780>
<open file 'H:\zhangyaogong\letor40\baselines\AdaRank\source_code\AdaRank_CSharp.exe test -data H:\zhangyaogong\letor40\datasets\Mq2008\Fold2\vali.txt -model H:\zhangyaogong\letor40\baselines\AdaRank\data\Mq2008\model -output H:\zhangyaogong\letor40\baselines\AdaRank\data\Mq2008\score -round 81', mode 'r' at 0x00000000023326F0>
<open file 'H:\zhangyaogong\letor40\baselines\AdaRank\source_code\AdaRank_CSharp.exe train -data H:\zhangyaogong\letor40\datasets\Mq2008\Fold2\train.txt -model H:\zhangyaogong\letor40\baselines\AdaRank\data\Mq2008\Fold2\model -round 81 -measure NDCG', mode 'r' at 0x00000000023326F0>
<open file 'H:\zhangyaogong\letor40\baselines\AdaRank\source_code\AdaRank_CSharp.exe test -data H:\zhangyaogong\letor40\datasets\Mq2008\Fold2\vali.txt -model H:\zhangyaogong\letor40\baselines\AdaRank\data\Mq2008\model -output H:\zhangyaogong\letor40\baselines\AdaRank\data\Mq2008\score -round 121', mode 'r' at 0x0000000002332780>
<open file 'H:\zhangyaogong\letor40\baselines\AdaRank\source_code\AdaRank_CSharp.exe train -data H:\zhangyaogong\letor40\datasets\Mq2008\Fold2\train.txt -model H:\zhangyaogong\letor40\baselines\AdaRank\data\Mq2008\Fold2\model -round 121 -measure NDCG', mode 'r' at 0x0000000002332780>
<open file 'H:\zhangyaogong\letor40\baselines\AdaRank\source_code\AdaRank_CSharp.exe test -data H:\zhangyaogong\letor40\datasets\Mq2008\Fold2\vali.txt -model H:\zhangyaogong\letor40\baselines\AdaRank\data\Mq2008\model -output H:\zhangyaogong\letor40\baselines\AdaRank\data\Mq2008\score -round 161', mode 'r' at 0x00000000023326F0>
<open file 'H:\zhangyaogong\letor40\baselines\AdaRank\source_code\AdaRank_CSharp.exe train -data H:\zhangyaogong\letor40\datasets\Mq2008\Fold2\train.txt -model H:\zhangyaogong\letor40\baselines\AdaRank\data\Mq2008\Fold2\model -round 161 -measure NDCG', mode 'r' at 0x00000000023326F0>
[03-25 18:33:54]: Fold2 ends training
[03-25 18:33:54]: Fold2 starts testing
<open file 'H:\zhangyaogong\letor40\baselines\AdaRank\source_code\AdaRank_CSharp.exe test -data H:\zhangyaogong\letor40\datasets\Mq2008\Fold2\test.txt -model H:\zhangyaogong\letor40\baselines\AdaRank\data\Mq2008\Fold2\model -output H:\zhangyaogong\letor40\baselines\AdaRank\data\Mq2008\Fold2\test.score -round 161', mode 'r' at 0x0000000002332780>
<open file 'H:\zhangyaogong\letor40\baselines\AdaRank\source_code\AdaRank_CSharp.exe test -data H:\zhangyaogong\letor40\datasets\Mq2008\Fold2\vali.txt -model H:\zhangyaogong\letor40\baselines\AdaRank\data\Mq2008\Fold2\model -output H:\zhangyaogong\letor40\baselines\AdaRank\data\Mq2008\Fold2\vali.score -round 161', mode 'r' at 0x00000000023326F0>
<open file 'H:\zhangyaogong\letor40\baselines\AdaRank\source_code\AdaRank_CSharp.exe test -data H:\zhangyaogong\letor40\datasets\Mq2008\Fold2\train.txt -model H:\zhangyaogong\letor40\baselines\AdaRank\data\Mq2008\Fold2\model -output H:\zhangyaogong\letor40\baselines\AdaRank\data\Mq2008\Fold2\train.score -round 161', mode 'r' at 0x0000000002332780>
[03-25 18:33:57]: Fold2 ends testing
[03-25 18:33:57]: Fold3 starts training
[03-25 18:33:57]: ROUND 200
<open file 'H:\zhangyaogong\letor40\baselines\AdaRank\source_code\AdaRank_CSharp.exe train -data H:\zhangyaogong\letor40\datasets\Mq2008\Fold3\train.txt -model H:\zhangyaogong\letor40\baselines\AdaRank\data\Mq2008\model -round 200 -measure NDCG', mode 'r' at 0x00000000023326F0>
<open file 'H:\zhangyaogong\letor40\baselines\AdaRank\source_code\AdaRank_CSharp.exe test -data H:\zhangyaogong\letor40\datasets\Mq2008\Fold3\vali.txt -model H:\zhangyaogong\letor40\baselines\AdaRank\data\Mq2008\model -output H:\zhangyaogong\letor40\baselines\AdaRank\data\Mq2008\score -round 1', mode 'r' at 0x00000000023326F0>
<open file 'H:\zhangyaogong\letor40\baselines\AdaRank\source_code\AdaRank_CSharp.exe train -data H:\zhangyaogong\letor40\datasets\Mq2008\Fold3\train.txt -model H:\zhangyaogong\letor40\baselines\AdaRank\data\Mq2008\Fold3\model -round 1 -measure NDCG', mode 'r' at 0x00000000023326F0>
<open file 'H:\zhangyaogong\letor40\baselines\AdaRank\source_code\AdaRank_CSharp.exe test -data H:\zhangyaogong\letor40\datasets\Mq2008\Fold3\vali.txt -model H:\zhangyaogong\letor40\baselines\AdaRank\data\Mq2008\model -output H:\zhangyaogong\letor40\baselines\AdaRank\data\Mq2008\score -round 41', mode 'r' at 0x0000000002332780>
<open file 'H:\zhangyaogong\letor40\baselines\AdaRank\source_code\AdaRank_CSharp.exe train -data H:\zhangyaogong\letor40\datasets\Mq2008\Fold3\train.txt -model H:\zhangyaogong\letor40\baselines\AdaRank\data\Mq2008\Fold3\model -round 41 -measure NDCG', mode 'r' at 0x0000000002332780>
<open file 'H:\zhangyaogong\letor40\baselines\AdaRank\source_code\AdaRank_CSharp.exe test -data H:\zhangyaogong\letor40\datasets\Mq2008\Fold3\vali.txt -model H:\zhangyaogong\letor40\baselines\AdaRank\data\Mq2008\model -output H:\zhangyaogong\letor40\baselines\AdaRank\data\Mq2008\score -round 81', mode 'r' at 0x00000000023326F0>
<open file 'H:\zhangyaogong\letor40\baselines\AdaRank\source_code\AdaRank_CSharp.exe train -data H:\zhangyaogong\letor40\datasets\Mq2008\Fold3\train.txt -model H:\zhangyaogong\letor40\baselines\AdaRank\data\Mq2008\Fold3\model -round 81 -measure NDCG', mode 'r' at 0x00000000023326F0>
<open file 'H:\zhangyaogong\letor40\baselines\AdaRank\source_code\AdaRank_CSharp.exe test -data H:\zhangyaogong\letor40\datasets\Mq2008\Fold3\vali.txt -model H:\zhangyaogong\letor40\baselines\AdaRank\data\Mq2008\model -output H:\zhangyaogong\letor40\baselines\AdaRank\data\Mq2008\score -round 121', mode 'r' at 0x0000000002332780>
<open file 'H:\zhangyaogong\letor40\baselines\AdaRank\source_code\AdaRank_CSharp.exe train -data H:\zhangyaogong\letor40\datasets\Mq2008\Fold3\train.txt -model H:\zhangyaogong\letor40\baselines\AdaRank\data\Mq2008\Fold3\model -round 81 -measure NDCG', mode 'r' at 0x0000000002332780>
<open file 'H:\zhangyaogong\letor40\baselines\AdaRank\source_code\AdaRank_CSharp.exe test -data H:\zhangyaogong\letor40\datasets\Mq2008\Fold3\vali.txt -model H:\zhangyaogong\letor40\baselines\AdaRank\data\Mq2008\model -output H:\zhangyaogong\letor40\baselines\AdaRank\data\Mq2008\score -round 161', mode 'r' at 0x00000000023326F0>
<open file 'H:\zhangyaogong\letor40\baselines\AdaRank\source_code\AdaRank_CSharp.exe train -data H:\zhangyaogong\letor40\datasets\Mq2008\Fold3\train.txt -model H:\zhangyaogong\letor40\baselines\AdaRank\data\Mq2008\Fold3\model -round 161 -measure NDCG', mode 'r' at 0x00000000023326F0>
[03-25 18:33:59]: Fold3 ends training
[03-25 18:33:59]: Fold3 starts testing
<open file 'H:\zhangyaogong\letor40\baselines\AdaRank\source_code\AdaRank_CSharp.exe test -data H:\zhangyaogong\letor40\datasets\Mq2008\Fold3\test.txt -model H:\zhangyaogong\letor40\baselines\AdaRank\data\Mq2008\Fold3\model -output H:\zhangyaogong\letor40\baselines\AdaRank\data\Mq2008\Fold3\test.score -round 161', mode 'r' at 0x0000000002332780>
<open file 'H:\zhangyaogong\letor40\baselines\AdaRank\source_code\AdaRank_CSharp.exe test -data H:\zhangyaogong\letor40\datasets\Mq2008\Fold3\vali.txt -model H:\zhangyaogong\letor40\baselines\AdaRank\data\Mq2008\Fold3\model -output H:\zhangyaogong\letor40\baselines\AdaRank\data\Mq2008\Fold3\vali.score -round 161', mode 'r' at 0x00000000023326F0>
<open file 'H:\zhangyaogong\letor40\baselines\AdaRank\source_code\AdaRank_CSharp.exe test -data H:\zhangyaogong\letor40\datasets\Mq2008\Fold3\train.txt -model H:\zhangyaogong\letor40\baselines\AdaRank\data\Mq2008\Fold3\model -output H:\zhangyaogong\letor40\baselines\AdaRank\data\Mq2008\Fold3\train.score -round 161', mode 'r' at 0x0000000002332780>
[03-25 18:34:01]: Fold3 ends testing
[03-25 18:34:01]: Fold4 starts training
[03-25 18:34:01]: ROUND 200
<open file 'H:\zhangyaogong\letor40\baselines\AdaRank\source_code\AdaRank_CSharp.exe train -data H:\zhangyaogong\letor40\datasets\Mq2008\Fold4\train.txt -model H:\zhangyaogong\letor40\baselines\AdaRank\data\Mq2008\model -round 200 -measure NDCG', mode 'r' at 0x0000000001D7EF60>
<open file 'H:\zhangyaogong\letor40\baselines\AdaRank\source_code\AdaRank_CSharp.exe test -data H:\zhangyaogong\letor40\datasets\Mq2008\Fold4\vali.txt -model H:\zhangyaogong\letor40\baselines\AdaRank\data\Mq2008\model -output H:\zhangyaogong\letor40\baselines\AdaRank\data\Mq2008\score -round 1', mode 'r' at 0x0000000001D7EF60>
<open file 'H:\zhangyaogong\letor40\baselines\AdaRank\source_code\AdaRank_CSharp.exe train -data H:\zhangyaogong\letor40\datasets\Mq2008\Fold4\train.txt -model H:\zhangyaogong\letor40\baselines\AdaRank\data\Mq2008\Fold4\model -round 1 -measure NDCG', mode 'r' at 0x00000000023326F0>
<open file 'H:\zhangyaogong\letor40\baselines\AdaRank\source_code\AdaRank_CSharp.exe test -data H:\zhangyaogong\letor40\datasets\Mq2008\Fold4\vali.txt -model H:\zhangyaogong\letor40\baselines\AdaRank\data\Mq2008\model -output H:\zhangyaogong\letor40\baselines\AdaRank\data\Mq2008\score -round 41', mode 'r' at 0x0000000001D7EF60>
<open file 'H:\zhangyaogong\letor40\baselines\AdaRank\source_code\AdaRank_CSharp.exe train -data H:\zhangyaogong\letor40\datasets\Mq2008\Fold4\train.txt -model H:\zhangyaogong\letor40\baselines\AdaRank\data\Mq2008\Fold4\model -round 41 -measure NDCG', mode 'r' at 0x00000000023326F0>
<open file 'H:\zhangyaogong\letor40\baselines\AdaRank\source_code\AdaRank_CSharp.exe test -data H:\zhangyaogong\letor40\datasets\Mq2008\Fold4\vali.txt -model H:\zhangyaogong\letor40\baselines\AdaRank\data\Mq2008\model -output H:\zhangyaogong\letor40\baselines\AdaRank\data\Mq2008\score -round 81', mode 'r' at 0x0000000001D7EF60>
<open file 'H:\zhangyaogong\letor40\baselines\AdaRank\source_code\AdaRank_CSharp.exe train -data H:\zhangyaogong\letor40\datasets\Mq2008\Fold4\train.txt -model H:\zhangyaogong\letor40\baselines\AdaRank\data\Mq2008\Fold4\model -round 81 -measure NDCG', mode 'r' at 0x00000000023326F0>
<open file 'H:\zhangyaogong\letor40\baselines\AdaRank\source_code\AdaRank_CSharp.exe test -data H:\zhangyaogong\letor40\datasets\Mq2008\Fold4\vali.txt -model H:\zhangyaogong\letor40\baselines\AdaRank\data\Mq2008\model -output H:\zhangyaogong\letor40\baselines\AdaRank\data\Mq2008\score -round 121', mode 'r' at 0x0000000001D7EF60>
<open file 'H:\zhangyaogong\letor40\baselines\AdaRank\source_code\AdaRank_CSharp.exe train -data H:\zhangyaogong\letor40\datasets\Mq2008\Fold4\train.txt -model H:\zhangyaogong\letor40\baselines\AdaRank\data\Mq2008\Fold4\model -round 81 -measure NDCG', mode 'r' at 0x00000000023326F0>
<open file 'H:\zhangyaogong\letor40\baselines\AdaRank\source_code\AdaRank_CSharp.exe test -data H:\zhangyaogong\letor40\datasets\Mq2008\Fold4\vali.txt -model H:\zhangyaogong\letor40\baselines\AdaRank\data\Mq2008\model -output H:\zhangyaogong\letor40\baselines\AdaRank\data\Mq2008\score -round 161', mode 'r' at 0x0000000001D7EF60>
<open file 'H:\zhangyaogong\letor40\baselines\AdaRank\source_code\AdaRank_CSharp.exe train -data H:\zhangyaogong\letor40\datasets\Mq2008\Fold4\train.txt -model H:\zhangyaogong\letor40\baselines\AdaRank\data\Mq2008\Fold4\model -round 81 -measure NDCG', mode 'r' at 0x00000000023326F0>
[03-25 18:34:04]: Fold4 ends training
[03-25 18:34:04]: Fold4 starts testing
<open file 'H:\zhangyaogong\letor40\baselines\AdaRank\source_code\AdaRank_CSharp.exe test -data H:\zhangyaogong\letor40\datasets\Mq2008\Fold4\test.txt -model H:\zhangyaogong\letor40\baselines\AdaRank\data\Mq2008\Fold4\model -output H:\zhangyaogong\letor40\baselines\AdaRank\data\Mq2008\Fold4\test.score -round 81', mode 'r' at 0x0000000001D7EF60>
<open file 'H:\zhangyaogong\letor40\baselines\AdaRank\source_code\AdaRank_CSharp.exe test -data H:\zhangyaogong\letor40\datasets\Mq2008\Fold4\vali.txt -model H:\zhangyaogong\letor40\baselines\AdaRank\data\Mq2008\Fold4\model -output H:\zhangyaogong\letor40\baselines\AdaRank\data\Mq2008\Fold4\vali.score -round 81', mode 'r' at 0x0000000001D7EF60>
<open file 'H:\zhangyaogong\letor40\baselines\AdaRank\source_code\AdaRank_CSharp.exe test -data H:\zhangyaogong\letor40\datasets\Mq2008\Fold4\train.txt -model H:\zhangyaogong\letor40\baselines\AdaRank\data\Mq2008\Fold4\model -output H:\zhangyaogong\letor40\baselines\AdaRank\data\Mq2008\Fold4\train.score -round 81', mode 'r' at 0x0000000001D7EF60>
[03-25 18:34:06]: Fold4 ends testing
[03-25 18:34:06]: Fold5 starts training
[03-25 18:34:06]: ROUND 200
<open file 'H:\zhangyaogong\letor40\baselines\AdaRank\source_code\AdaRank_CSharp.exe train -data H:\zhangyaogong\letor40\datasets\Mq2008\Fold5\train.txt -model H:\zhangyaogong\letor40\baselines\AdaRank\data\Mq2008\model -round 200 -measure NDCG', mode 'r' at 0x0000000001D7EF60>
<open file 'H:\zhangyaogong\letor40\baselines\AdaRank\source_code\AdaRank_CSharp.exe test -data H:\zhangyaogong\letor40\datasets\Mq2008\Fold5\vali.txt -model H:\zhangyaogong\letor40\baselines\AdaRank\data\Mq2008\model -output H:\zhangyaogong\letor40\baselines\AdaRank\data\Mq2008\score -round 1', mode 'r' at 0x0000000001D7EF60>
<open file 'H:\zhangyaogong\letor40\baselines\AdaRank\source_code\AdaRank_CSharp.exe train -data H:\zhangyaogong\letor40\datasets\Mq2008\Fold5\train.txt -model H:\zhangyaogong\letor40\baselines\AdaRank\data\Mq2008\Fold5\model -round 1 -measure NDCG', mode 'r' at 0x00000000023326F0>
<open file 'H:\zhangyaogong\letor40\baselines\AdaRank\source_code\AdaRank_CSharp.exe test -data H:\zhangyaogong\letor40\datasets\Mq2008\Fold5\vali.txt -model H:\zhangyaogong\letor40\baselines\AdaRank\data\Mq2008\model -output H:\zhangyaogong\letor40\baselines\AdaRank\data\Mq2008\score -round 41', mode 'r' at 0x0000000001D7EF60>
<open file 'H:\zhangyaogong\letor40\baselines\AdaRank\source_code\AdaRank_CSharp.exe train -data H:\zhangyaogong\letor40\datasets\Mq2008\Fold5\train.txt -model H:\zhangyaogong\letor40\baselines\AdaRank\data\Mq2008\Fold5\model -round 41 -measure NDCG', mode 'r' at 0x00000000023326F0>
<open file 'H:\zhangyaogong\letor40\baselines\AdaRank\source_code\AdaRank_CSharp.exe test -data H:\zhangyaogong\letor40\datasets\Mq2008\Fold5\vali.txt -model H:\zhangyaogong\letor40\baselines\AdaRank\data\Mq2008\model -output H:\zhangyaogong\letor40\baselines\AdaRank\data\Mq2008\score -round 81', mode 'r' at 0x0000000001D7EF60>
<open file 'H:\zhangyaogong\letor40\baselines\AdaRank\source_code\AdaRank_CSharp.exe train -data H:\zhangyaogong\letor40\datasets\Mq2008\Fold5\train.txt -model H:\zhangyaogong\letor40\baselines\AdaRank\data\Mq2008\Fold5\model -round 41 -measure NDCG', mode 'r' at 0x00000000023326F0>
<open file 'H:\zhangyaogong\letor40\baselines\AdaRank\source_code\AdaRank_CSharp.exe test -data H:\zhangyaogong\letor40\datasets\Mq2008\Fold5\vali.txt -model H:\zhangyaogong\letor40\baselines\AdaRank\data\Mq2008\model -output H:\zhangyaogong\letor40\baselines\AdaRank\data\Mq2008\score -round 121', mode 'r' at 0x0000000001D7EF60>
<open file 'H:\zhangyaogong\letor40\baselines\AdaRank\source_code\AdaRank_CSharp.exe train -data H:\zhangyaogong\letor40\datasets\Mq2008\Fold5\train.txt -model H:\zhangyaogong\letor40\baselines\AdaRank\data\Mq2008\Fold5\model -round 41 -measure NDCG', mode 'r' at 0x00000000023326F0>
<open file 'H:\zhangyaogong\letor40\baselines\AdaRank\source_code\AdaRank_CSharp.exe test -data H:\zhangyaogong\letor40\datasets\Mq2008\Fold5\vali.txt -model H:\zhangyaogong\letor40\baselines\AdaRank\data\Mq2008\model -output H:\zhangyaogong\letor40\baselines\AdaRank\data\Mq2008\score -round 161', mode 'r' at 0x0000000001D7EF60>
<open file 'H:\zhangyaogong\letor40\baselines\AdaRank\source_code\AdaRank_CSharp.exe train -data H:\zhangyaogong\letor40\datasets\Mq2008\Fold5\train.txt -model H:\zhangyaogong\letor40\baselines\AdaRank\data\Mq2008\Fold5\model -round 161 -measure NDCG', mode 'r' at 0x00000000023326F0>
[03-25 18:34:08]: Fold5 ends training
[03-25 18:34:08]: Fold5 starts testing
<open file 'H:\zhangyaogong\letor40\baselines\AdaRank\source_code\AdaRank_CSharp.exe test -data H:\zhangyaogong\letor40\datasets\Mq2008\Fold5\test.txt -model H:\zhangyaogong\letor40\baselines\AdaRank\data\Mq2008\Fold5\model -output H:\zhangyaogong\letor40\baselines\AdaRank\data\Mq2008\Fold5\test.score -round 161', mode 'r' at 0x0000000001D7EF60>
<open file 'H:\zhangyaogong\letor40\baselines\AdaRank\source_code\AdaRank_CSharp.exe test -data H:\zhangyaogong\letor40\datasets\Mq2008\Fold5\vali.txt -model H:\zhangyaogong\letor40\baselines\AdaRank\data\Mq2008\Fold5\model -output H:\zhangyaogong\letor40\baselines\AdaRank\data\Mq2008\Fold5\vali.score -round 161', mode 'r' at 0x0000000001D7EF60>
<open file 'H:\zhangyaogong\letor40\baselines\AdaRank\source_code\AdaRank_CSharp.exe test -data H:\zhangyaogong\letor40\datasets\Mq2008\Fold5\train.txt -model H:\zhangyaogong\letor40\baselines\AdaRank\data\Mq2008\Fold5\model -output H:\zhangyaogong\letor40\baselines\AdaRank\data\Mq2008\Fold5\train.score -round 161', mode 'r' at 0x0000000001D7EF60>
[03-25 18:34:10]: Fold5 ends testing
[03-25 18:34:10]: begin to write results into files
[03-25 18:34:10]: writing files done
