pars
round	threshold

<open file 'java -jar H:\zhangyaogong\letor40\baselines\RankBoost\source_code\RankLib-v2.1\bin\RankLib.jar -train H:\zhangyaogong\letor40\datasets\Mq2007\Fold1\train.txt -ranker 2 -save H:\zhangyaogong\letor40\baselines\RankBoost\data\model -round 1 -tc 255', mode 'r' at 0x000000000239B5D0>
<open file 'java -jar H:\zhangyaogong\letor40\baselines\RankBoost\source_code\RankLib-v2.1\bin\RankLib.jar -load H:\zhangyaogong\letor40\baselines\RankBoost\data\model -rank H:\zhangyaogong\letor40\datasets\Mq2007\Fold1\vali.txt -score H:\zhangyaogong\letor40\baselines\RankBoost\data\score', mode 'r' at 0x000000000239B5D0>
<open file 'java -jar H:\zhangyaogong\letor40\baselines\RankBoost\source_code\RankLib-v2.1\bin\RankLib.jar -train H:\zhangyaogong\letor40\datasets\Mq2007\Fold1\train.txt -ranker 2 -save H:\zhangyaogong\letor40\baselines\RankBoost\data\model -round 21 -tc 255', mode 'r' at 0x000000000239B660>
<open file 'java -jar H:\zhangyaogong\letor40\baselines\RankBoost\source_code\RankLib-v2.1\bin\RankLib.jar -load H:\zhangyaogong\letor40\baselines\RankBoost\data\model -rank H:\zhangyaogong\letor40\datasets\Mq2007\Fold1\vali.txt -score H:\zhangyaogong\letor40\baselines\RankBoost\data\score', mode 'r' at 0x000000000239B660>
<open file 'java -jar H:\zhangyaogong\letor40\baselines\RankBoost\source_code\RankLib-v2.1\bin\RankLib.jar -train H:\zhangyaogong\letor40\datasets\Mq2007\Fold1\train.txt -ranker 2 -save H:\zhangyaogong\letor40\baselines\RankBoost\data\model -round 41 -tc 255', mode 'r' at 0x000000000239B6F0>
<open file 'java -jar H:\zhangyaogong\letor40\baselines\RankBoost\source_code\RankLib-v2.1\bin\RankLib.jar -load H:\zhangyaogong\letor40\baselines\RankBoost\data\model -rank H:\zhangyaogong\letor40\datasets\Mq2007\Fold1\vali.txt -score H:\zhangyaogong\letor40\baselines\RankBoost\data\score', mode 'r' at 0x000000000239B6F0>
<open file 'java -jar H:\zhangyaogong\letor40\baselines\RankBoost\source_code\RankLib-v2.1\bin\RankLib.jar -train H:\zhangyaogong\letor40\datasets\Mq2007\Fold1\train.txt -ranker 2 -save H:\zhangyaogong\letor40\baselines\RankBoost\data\model -round 61 -tc 255', mode 'r' at 0x000000000239B660>
<open file 'java -jar H:\zhangyaogong\letor40\baselines\RankBoost\source_code\RankLib-v2.1\bin\RankLib.jar -load H:\zhangyaogong\letor40\baselines\RankBoost\data\model -rank H:\zhangyaogong\letor40\datasets\Mq2007\Fold1\vali.txt -score H:\zhangyaogong\letor40\baselines\RankBoost\data\score', mode 'r' at 0x000000000239B660>
<open file 'java -jar H:\zhangyaogong\letor40\baselines\RankBoost\source_code\RankLib-v2.1\bin\RankLib.jar -train H:\zhangyaogong\letor40\datasets\Mq2007\Fold1\train.txt -ranker 2 -save H:\zhangyaogong\letor40\baselines\RankBoost\data\model -round 81 -tc 255', mode 'r' at 0x000000000239B6F0>
<open file 'java -jar H:\zhangyaogong\letor40\baselines\RankBoost\source_code\RankLib-v2.1\bin\RankLib.jar -load H:\zhangyaogong\letor40\baselines\RankBoost\data\model -rank H:\zhangyaogong\letor40\datasets\Mq2007\Fold1\vali.txt -score H:\zhangyaogong\letor40\baselines\RankBoost\data\score', mode 'r' at 0x000000000239B6F0>
<open file 'java -jar H:\zhangyaogong\letor40\baselines\RankBoost\source_code\RankLib-v2.1\bin\RankLib.jar -train H:\zhangyaogong\letor40\datasets\Mq2007\Fold1\train.txt -ranker 2 -save H:\zhangyaogong\letor40\baselines\RankBoost\data\model -round 101 -tc 255', mode 'r' at 0x000000000239B660>
<open file 'java -jar H:\zhangyaogong\letor40\baselines\RankBoost\source_code\RankLib-v2.1\bin\RankLib.jar -load H:\zhangyaogong\letor40\baselines\RankBoost\data\model -rank H:\zhangyaogong\letor40\datasets\Mq2007\Fold1\vali.txt -score H:\zhangyaogong\letor40\baselines\RankBoost\data\score', mode 'r' at 0x000000000239B660>
<open file 'java -jar H:\zhangyaogong\letor40\baselines\RankBoost\source_code\RankLib-v2.1\bin\RankLib.jar -train H:\zhangyaogong\letor40\datasets\Mq2007\Fold1\train.txt -ranker 2 -save H:\zhangyaogong\letor40\baselines\RankBoost\data\model -round 121 -tc 255', mode 'r' at 0x0000000001CEEE40>
<open file 'java -jar H:\zhangyaogong\letor40\baselines\RankBoost\source_code\RankLib-v2.1\bin\RankLib.jar -load H:\zhangyaogong\letor40\baselines\RankBoost\data\model -rank H:\zhangyaogong\letor40\datasets\Mq2007\Fold1\vali.txt -score H:\zhangyaogong\letor40\baselines\RankBoost\data\score', mode 'r' at 0x0000000001CEEE40>
<open file 'java -jar H:\zhangyaogong\letor40\baselines\RankBoost\source_code\RankLib-v2.1\bin\RankLib.jar -train H:\zhangyaogong\letor40\datasets\Mq2007\Fold1\train.txt -ranker 2 -save H:\zhangyaogong\letor40\baselines\RankBoost\data\model -round 141 -tc 255', mode 'r' at 0x0000000001CEEE40>
<open file 'java -jar H:\zhangyaogong\letor40\baselines\RankBoost\source_code\RankLib-v2.1\bin\RankLib.jar -load H:\zhangyaogong\letor40\baselines\RankBoost\data\model -rank H:\zhangyaogong\letor40\datasets\Mq2007\Fold1\vali.txt -score H:\zhangyaogong\letor40\baselines\RankBoost\data\score', mode 'r' at 0x0000000001CEEE40>
<open file 'java -jar H:\zhangyaogong\letor40\baselines\RankBoost\source_code\RankLib-v2.1\bin\RankLib.jar -train H:\zhangyaogong\letor40\datasets\Mq2007\Fold1\train.txt -ranker 2 -save H:\zhangyaogong\letor40\baselines\RankBoost\data\model -round 161 -tc 255', mode 'r' at 0x0000000001CEEE40>
<open file 'java -jar H:\zhangyaogong\letor40\baselines\RankBoost\source_code\RankLib-v2.1\bin\RankLib.jar -load H:\zhangyaogong\letor40\baselines\RankBoost\data\model -rank H:\zhangyaogong\letor40\datasets\Mq2007\Fold1\vali.txt -score H:\zhangyaogong\letor40\baselines\RankBoost\data\score', mode 'r' at 0x0000000001CEEE40>
<open file 'java -jar H:\zhangyaogong\letor40\baselines\RankBoost\source_code\RankLib-v2.1\bin\RankLib.jar -train H:\zhangyaogong\letor40\datasets\Mq2007\Fold1\train.txt -ranker 2 -save H:\zhangyaogong\letor40\baselines\RankBoost\data\model -round 181 -tc 255', mode 'r' at 0x0000000001CEEE40>
<open file 'java -jar H:\zhangyaogong\letor40\baselines\RankBoost\source_code\RankLib-v2.1\bin\RankLib.jar -load H:\zhangyaogong\letor40\baselines\RankBoost\data\model -rank H:\zhangyaogong\letor40\datasets\Mq2007\Fold1\vali.txt -score H:\zhangyaogong\letor40\baselines\RankBoost\data\score', mode 'r' at 0x0000000001CEEE40>
<open file 'java -jar H:\zhangyaogong\letor40\baselines\RankBoost\source_code\RankLib-v2.1\bin\RankLib.jar -train H:\zhangyaogong\letor40\datasets\Mq2007\Fold1\train.txt -ranker 2 -save H:\zhangyaogong\letor40\baselines\RankBoost\data\model -round 201 -tc 255', mode 'r' at 0x0000000001CEEE40>
<open file 'java -jar H:\zhangyaogong\letor40\baselines\RankBoost\source_code\RankLib-v2.1\bin\RankLib.jar -load H:\zhangyaogong\letor40\baselines\RankBoost\data\model -rank H:\zhangyaogong\letor40\datasets\Mq2007\Fold1\vali.txt -score H:\zhangyaogong\letor40\baselines\RankBoost\data\score', mode 'r' at 0x0000000001CEEE40>
<open file 'java -jar H:\zhangyaogong\letor40\baselines\RankBoost\source_code\RankLib-v2.1\bin\RankLib.jar -train H:\zhangyaogong\letor40\datasets\Mq2007\Fold1\train.txt -ranker 2 -save H:\zhangyaogong\letor40\baselines\RankBoost\data\model -round 221 -tc 255', mode 'r' at 0x0000000001CEEE40>
<open file 'java -jar H:\zhangyaogong\letor40\baselines\RankBoost\source_code\RankLib-v2.1\bin\RankLib.jar -load H:\zhangyaogong\letor40\baselines\RankBoost\data\model -rank H:\zhangyaogong\letor40\datasets\Mq2007\Fold1\vali.txt -score H:\zhangyaogong\letor40\baselines\RankBoost\data\score', mode 'r' at 0x0000000001CEEE40>
<open file 'java -jar H:\zhangyaogong\letor40\baselines\RankBoost\source_code\RankLib-v2.1\bin\RankLib.jar -train H:\zhangyaogong\letor40\datasets\Mq2007\Fold1\train.txt -ranker 2 -save H:\zhangyaogong\letor40\baselines\RankBoost\data\model -round 241 -tc 255', mode 'r' at 0x0000000001CEEE40>
<open file 'java -jar H:\zhangyaogong\letor40\baselines\RankBoost\source_code\RankLib-v2.1\bin\RankLib.jar -load H:\zhangyaogong\letor40\baselines\RankBoost\data\model -rank H:\zhangyaogong\letor40\datasets\Mq2007\Fold1\vali.txt -score H:\zhangyaogong\letor40\baselines\RankBoost\data\score', mode 'r' at 0x0000000001CEEE40>
<open file 'java -jar H:\zhangyaogong\letor40\baselines\RankBoost\source_code\RankLib-v2.1\bin\RankLib.jar -train H:\zhangyaogong\letor40\datasets\Mq2007\Fold1\train.txt -ranker 2 -save H:\zhangyaogong\letor40\baselines\RankBoost\data\model -round 261 -tc 255', mode 'r' at 0x0000000001CEEE40>
<open file 'java -jar H:\zhangyaogong\letor40\baselines\RankBoost\source_code\RankLib-v2.1\bin\RankLib.jar -load H:\zhangyaogong\letor40\baselines\RankBoost\data\model -rank H:\zhangyaogong\letor40\datasets\Mq2007\Fold1\vali.txt -score H:\zhangyaogong\letor40\baselines\RankBoost\data\score', mode 'r' at 0x0000000001CEEE40>
<open file 'java -jar H:\zhangyaogong\letor40\baselines\RankBoost\source_code\RankLib-v2.1\bin\RankLib.jar -train H:\zhangyaogong\letor40\datasets\Mq2007\Fold1\train.txt -ranker 2 -save H:\zhangyaogong\letor40\baselines\RankBoost\data\model -round 281 -tc 255', mode 'r' at 0x0000000001CEEE40>
