pars
c

<open file 'H:\zhangyaogong\letor40\baselines\svm_rank\source_code\svm_rank_learn -c 0.000100 -e 0.001 -l 1 H:\zhangyaogong\letor40\datasets\Mq2008\Fold1\train.txt H:\zhangyaogong\letor40\baselines\svm_rank\data\Mq2008\model', mode 'r' at 0x000000000236A6F0>
H:\zhangyaogong\letor40\baselines\svm_rank\source_code\svm_rank_learn -c 0.000100 -e 0.001 -l 1 H:\zhangyaogong\letor40\datasets\Mq2008\Fold1\train.txt H:\zhangyaogong\letor40\baselines\svm_rank\data\Mq2008\model
<open file 'H:\zhangyaogong\letor40\baselines\svm_rank\source_code\svm_rank_classify H:\zhangyaogong\letor40\datasets\Mq2008\Fold1\vali.txt H:\zhangyaogong\letor40\baselines\svm_rank\data\Mq2008\model H:\zhangyaogong\letor40\baselines\svm_rank\data\Mq2008\score', mode 'r' at 0x000000000236A6F0>
<open file 'H:\zhangyaogong\letor40\baselines\svm_rank\source_code\svm_rank_learn -c 0.001000 -e 0.001 -l 1 H:\zhangyaogong\letor40\datasets\Mq2008\Fold1\train.txt H:\zhangyaogong\letor40\baselines\svm_rank\data\Mq2008\model', mode 'r' at 0x000000000236A780>
H:\zhangyaogong\letor40\baselines\svm_rank\source_code\svm_rank_learn -c 0.001000 -e 0.001 -l 1 H:\zhangyaogong\letor40\datasets\Mq2008\Fold1\train.txt H:\zhangyaogong\letor40\baselines\svm_rank\data\Mq2008\model
<open file 'H:\zhangyaogong\letor40\baselines\svm_rank\source_code\svm_rank_classify H:\zhangyaogong\letor40\datasets\Mq2008\Fold1\vali.txt H:\zhangyaogong\letor40\baselines\svm_rank\data\Mq2008\model H:\zhangyaogong\letor40\baselines\svm_rank\data\Mq2008\score', mode 'r' at 0x000000000236A780>
<open file 'H:\zhangyaogong\letor40\baselines\svm_rank\source_code\svm_rank_learn -c 0.010000 -e 0.001 -l 1 H:\zhangyaogong\letor40\datasets\Mq2008\Fold1\train.txt H:\zhangyaogong\letor40\baselines\svm_rank\data\Mq2008\model', mode 'r' at 0x000000000236A6F0>
H:\zhangyaogong\letor40\baselines\svm_rank\source_code\svm_rank_learn -c 0.010000 -e 0.001 -l 1 H:\zhangyaogong\letor40\datasets\Mq2008\Fold1\train.txt H:\zhangyaogong\letor40\baselines\svm_rank\data\Mq2008\model
<open file 'H:\zhangyaogong\letor40\baselines\svm_rank\source_code\svm_rank_classify H:\zhangyaogong\letor40\datasets\Mq2008\Fold1\vali.txt H:\zhangyaogong\letor40\baselines\svm_rank\data\Mq2008\model H:\zhangyaogong\letor40\baselines\svm_rank\data\Mq2008\score', mode 'r' at 0x000000000236A6F0>
<open file 'H:\zhangyaogong\letor40\baselines\svm_rank\source_code\svm_rank_learn -c 0.100000 -e 0.001 -l 1 H:\zhangyaogong\letor40\datasets\Mq2008\Fold1\train.txt H:\zhangyaogong\letor40\baselines\svm_rank\data\Mq2008\model', mode 'r' at 0x000000000236A780>
H:\zhangyaogong\letor40\baselines\svm_rank\source_code\svm_rank_learn -c 0.100000 -e 0.001 -l 1 H:\zhangyaogong\letor40\datasets\Mq2008\Fold1\train.txt H:\zhangyaogong\letor40\baselines\svm_rank\data\Mq2008\model
<open file 'H:\zhangyaogong\letor40\baselines\svm_rank\source_code\svm_rank_classify H:\zhangyaogong\letor40\datasets\Mq2008\Fold1\vali.txt H:\zhangyaogong\letor40\baselines\svm_rank\data\Mq2008\model H:\zhangyaogong\letor40\baselines\svm_rank\data\Mq2008\score', mode 'r' at 0x000000000236A780>
<open file 'H:\zhangyaogong\letor40\baselines\svm_rank\source_code\svm_rank_learn -c 1.000000 -e 0.001 -l 1 H:\zhangyaogong\letor40\datasets\Mq2008\Fold1\train.txt H:\zhangyaogong\letor40\baselines\svm_rank\data\Mq2008\model', mode 'r' at 0x000000000236A6F0>
H:\zhangyaogong\letor40\baselines\svm_rank\source_code\svm_rank_learn -c 1.000000 -e 0.001 -l 1 H:\zhangyaogong\letor40\datasets\Mq2008\Fold1\train.txt H:\zhangyaogong\letor40\baselines\svm_rank\data\Mq2008\model
<open file 'H:\zhangyaogong\letor40\baselines\svm_rank\source_code\svm_rank_classify H:\zhangyaogong\letor40\datasets\Mq2008\Fold1\vali.txt H:\zhangyaogong\letor40\baselines\svm_rank\data\Mq2008\model H:\zhangyaogong\letor40\baselines\svm_rank\data\Mq2008\score', mode 'r' at 0x000000000236A6F0>
<open file 'H:\zhangyaogong\letor40\baselines\svm_rank\source_code\svm_rank_learn -c 10.000000 -e 0.001 -l 1 H:\zhangyaogong\letor40\datasets\Mq2008\Fold1\train.txt H:\zhangyaogong\letor40\baselines\svm_rank\data\Mq2008\model', mode 'r' at 0x000000000236A780>
H:\zhangyaogong\letor40\baselines\svm_rank\source_code\svm_rank_learn -c 10.000000 -e 0.001 -l 1 H:\zhangyaogong\letor40\datasets\Mq2008\Fold1\train.txt H:\zhangyaogong\letor40\baselines\svm_rank\data\Mq2008\model
<open file 'H:\zhangyaogong\letor40\baselines\svm_rank\source_code\svm_rank_classify H:\zhangyaogong\letor40\datasets\Mq2008\Fold1\vali.txt H:\zhangyaogong\letor40\baselines\svm_rank\data\Mq2008\model H:\zhangyaogong\letor40\baselines\svm_rank\data\Mq2008\score', mode 'r' at 0x000000000236A780>
<open file 'H:\zhangyaogong\letor40\baselines\svm_rank\source_code\svm_rank_learn -c 100.000000 -e 0.001 -l 1 H:\zhangyaogong\letor40\datasets\Mq2008\Fold1\train.txt H:\zhangyaogong\letor40\baselines\svm_rank\data\Mq2008\model', mode 'r' at 0x000000000236A6F0>
H:\zhangyaogong\letor40\baselines\svm_rank\source_code\svm_rank_learn -c 100.000000 -e 0.001 -l 1 H:\zhangyaogong\letor40\datasets\Mq2008\Fold1\train.txt H:\zhangyaogong\letor40\baselines\svm_rank\data\Mq2008\model
<open file 'H:\zhangyaogong\letor40\baselines\svm_rank\source_code\svm_rank_classify H:\zhangyaogong\letor40\datasets\Mq2008\Fold1\vali.txt H:\zhangyaogong\letor40\baselines\svm_rank\data\Mq2008\model H:\zhangyaogong\letor40\baselines\svm_rank\data\Mq2008\score', mode 'r' at 0x000000000236A6F0>
<open file 'H:\zhangyaogong\letor40\baselines\svm_rank\source_code\svm_rank_classify H:\zhangyaogong\letor40\datasets\Mq2008\Fold1\test.txt H:\zhangyaogong\letor40\baselines\svm_rank\data\Mq2008\Mq2008\Fold1\final_model H:\zhangyaogong\letor40\baselines\svm_rank\data\Mq2008\Mq2008\Fold1\test_score', mode 'r' at 0x000000000236A6F0>
<open file 'H:\zhangyaogong\letor40\baselines\svm_rank\source_code\svm_rank_classify H:\zhangyaogong\letor40\datasets\Mq2008\Fold1\vali.txt H:\zhangyaogong\letor40\baselines\svm_rank\data\Mq2008\Mq2008\Fold1\final_model H:\zhangyaogong\letor40\baselines\svm_rank\data\Mq2008\Mq2008\Fold1\vali_score', mode 'r' at 0x000000000236A810>
<open file 'H:\zhangyaogong\letor40\baselines\svm_rank\source_code\svm_rank_classify H:\zhangyaogong\letor40\datasets\Mq2008\Fold1\train.txt H:\zhangyaogong\letor40\baselines\svm_rank\data\Mq2008\Mq2008\Fold1\final_model H:\zhangyaogong\letor40\baselines\svm_rank\data\Mq2008\Mq2008\Fold1\train_score', mode 'r' at 0x000000000236A6F0>
Fold_1 finish at 0325_2359	
<open file 'H:\zhangyaogong\letor40\baselines\svm_rank\source_code\svm_rank_learn -c 0.000100 -e 0.001 -l 1 H:\zhangyaogong\letor40\datasets\Mq2008\Fold2\train.txt H:\zhangyaogong\letor40\baselines\svm_rank\data\Mq2008\model', mode 'r' at 0x000000000236A810>
H:\zhangyaogong\letor40\baselines\svm_rank\source_code\svm_rank_learn -c 0.000100 -e 0.001 -l 1 H:\zhangyaogong\letor40\datasets\Mq2008\Fold2\train.txt H:\zhangyaogong\letor40\baselines\svm_rank\data\Mq2008\model
<open file 'H:\zhangyaogong\letor40\baselines\svm_rank\source_code\svm_rank_classify H:\zhangyaogong\letor40\datasets\Mq2008\Fold2\vali.txt H:\zhangyaogong\letor40\baselines\svm_rank\data\Mq2008\model H:\zhangyaogong\letor40\baselines\svm_rank\data\Mq2008\score', mode 'r' at 0x000000000236A810>
<open file 'H:\zhangyaogong\letor40\baselines\svm_rank\source_code\svm_rank_learn -c 0.001000 -e 0.001 -l 1 H:\zhangyaogong\letor40\datasets\Mq2008\Fold2\train.txt H:\zhangyaogong\letor40\baselines\svm_rank\data\Mq2008\model', mode 'r' at 0x000000000236A6F0>
H:\zhangyaogong\letor40\baselines\svm_rank\source_code\svm_rank_learn -c 0.001000 -e 0.001 -l 1 H:\zhangyaogong\letor40\datasets\Mq2008\Fold2\train.txt H:\zhangyaogong\letor40\baselines\svm_rank\data\Mq2008\model
<open file 'H:\zhangyaogong\letor40\baselines\svm_rank\source_code\svm_rank_classify H:\zhangyaogong\letor40\datasets\Mq2008\Fold2\vali.txt H:\zhangyaogong\letor40\baselines\svm_rank\data\Mq2008\model H:\zhangyaogong\letor40\baselines\svm_rank\data\Mq2008\score', mode 'r' at 0x000000000236A6F0>
<open file 'H:\zhangyaogong\letor40\baselines\svm_rank\source_code\svm_rank_learn -c 0.010000 -e 0.001 -l 1 H:\zhangyaogong\letor40\datasets\Mq2008\Fold2\train.txt H:\zhangyaogong\letor40\baselines\svm_rank\data\Mq2008\model', mode 'r' at 0x000000000236A810>
H:\zhangyaogong\letor40\baselines\svm_rank\source_code\svm_rank_learn -c 0.010000 -e 0.001 -l 1 H:\zhangyaogong\letor40\datasets\Mq2008\Fold2\train.txt H:\zhangyaogong\letor40\baselines\svm_rank\data\Mq2008\model
<open file 'H:\zhangyaogong\letor40\baselines\svm_rank\source_code\svm_rank_classify H:\zhangyaogong\letor40\datasets\Mq2008\Fold2\vali.txt H:\zhangyaogong\letor40\baselines\svm_rank\data\Mq2008\model H:\zhangyaogong\letor40\baselines\svm_rank\data\Mq2008\score', mode 'r' at 0x000000000236A810>
<open file 'H:\zhangyaogong\letor40\baselines\svm_rank\source_code\svm_rank_learn -c 0.100000 -e 0.001 -l 1 H:\zhangyaogong\letor40\datasets\Mq2008\Fold2\train.txt H:\zhangyaogong\letor40\baselines\svm_rank\data\Mq2008\model', mode 'r' at 0x000000000236A6F0>
H:\zhangyaogong\letor40\baselines\svm_rank\source_code\svm_rank_learn -c 0.100000 -e 0.001 -l 1 H:\zhangyaogong\letor40\datasets\Mq2008\Fold2\train.txt H:\zhangyaogong\letor40\baselines\svm_rank\data\Mq2008\model
<open file 'H:\zhangyaogong\letor40\baselines\svm_rank\source_code\svm_rank_classify H:\zhangyaogong\letor40\datasets\Mq2008\Fold2\vali.txt H:\zhangyaogong\letor40\baselines\svm_rank\data\Mq2008\model H:\zhangyaogong\letor40\baselines\svm_rank\data\Mq2008\score', mode 'r' at 0x000000000236A6F0>
<open file 'H:\zhangyaogong\letor40\baselines\svm_rank\source_code\svm_rank_learn -c 1.000000 -e 0.001 -l 1 H:\zhangyaogong\letor40\datasets\Mq2008\Fold2\train.txt H:\zhangyaogong\letor40\baselines\svm_rank\data\Mq2008\model', mode 'r' at 0x000000000236A810>
H:\zhangyaogong\letor40\baselines\svm_rank\source_code\svm_rank_learn -c 1.000000 -e 0.001 -l 1 H:\zhangyaogong\letor40\datasets\Mq2008\Fold2\train.txt H:\zhangyaogong\letor40\baselines\svm_rank\data\Mq2008\model
<open file 'H:\zhangyaogong\letor40\baselines\svm_rank\source_code\svm_rank_classify H:\zhangyaogong\letor40\datasets\Mq2008\Fold2\vali.txt H:\zhangyaogong\letor40\baselines\svm_rank\data\Mq2008\model H:\zhangyaogong\letor40\baselines\svm_rank\data\Mq2008\score', mode 'r' at 0x000000000236A810>
<open file 'H:\zhangyaogong\letor40\baselines\svm_rank\source_code\svm_rank_learn -c 10.000000 -e 0.001 -l 1 H:\zhangyaogong\letor40\datasets\Mq2008\Fold2\train.txt H:\zhangyaogong\letor40\baselines\svm_rank\data\Mq2008\model', mode 'r' at 0x000000000236A6F0>
H:\zhangyaogong\letor40\baselines\svm_rank\source_code\svm_rank_learn -c 10.000000 -e 0.001 -l 1 H:\zhangyaogong\letor40\datasets\Mq2008\Fold2\train.txt H:\zhangyaogong\letor40\baselines\svm_rank\data\Mq2008\model
<open file 'H:\zhangyaogong\letor40\baselines\svm_rank\source_code\svm_rank_classify H:\zhangyaogong\letor40\datasets\Mq2008\Fold2\vali.txt H:\zhangyaogong\letor40\baselines\svm_rank\data\Mq2008\model H:\zhangyaogong\letor40\baselines\svm_rank\data\Mq2008\score', mode 'r' at 0x000000000236A6F0>
<open file 'H:\zhangyaogong\letor40\baselines\svm_rank\source_code\svm_rank_learn -c 100.000000 -e 0.001 -l 1 H:\zhangyaogong\letor40\datasets\Mq2008\Fold2\train.txt H:\zhangyaogong\letor40\baselines\svm_rank\data\Mq2008\model', mode 'r' at 0x000000000236A810>
H:\zhangyaogong\letor40\baselines\svm_rank\source_code\svm_rank_learn -c 100.000000 -e 0.001 -l 1 H:\zhangyaogong\letor40\datasets\Mq2008\Fold2\train.txt H:\zhangyaogong\letor40\baselines\svm_rank\data\Mq2008\model
<open file 'H:\zhangyaogong\letor40\baselines\svm_rank\source_code\svm_rank_classify H:\zhangyaogong\letor40\datasets\Mq2008\Fold2\vali.txt H:\zhangyaogong\letor40\baselines\svm_rank\data\Mq2008\model H:\zhangyaogong\letor40\baselines\svm_rank\data\Mq2008\score', mode 'r' at 0x000000000236A810>
<open file 'H:\zhangyaogong\letor40\baselines\svm_rank\source_code\svm_rank_classify H:\zhangyaogong\letor40\datasets\Mq2008\Fold2\test.txt H:\zhangyaogong\letor40\baselines\svm_rank\data\Mq2008\Mq2008\Fold2\final_model H:\zhangyaogong\letor40\baselines\svm_rank\data\Mq2008\Mq2008\Fold2\test_score', mode 'r' at 0x000000000236A780>
<open file 'H:\zhangyaogong\letor40\baselines\svm_rank\source_code\svm_rank_classify H:\zhangyaogong\letor40\datasets\Mq2008\Fold2\vali.txt H:\zhangyaogong\letor40\baselines\svm_rank\data\Mq2008\Mq2008\Fold2\final_model H:\zhangyaogong\letor40\baselines\svm_rank\data\Mq2008\Mq2008\Fold2\vali_score', mode 'r' at 0x000000000236A810>
<open file 'H:\zhangyaogong\letor40\baselines\svm_rank\source_code\svm_rank_classify H:\zhangyaogong\letor40\datasets\Mq2008\Fold2\train.txt H:\zhangyaogong\letor40\baselines\svm_rank\data\Mq2008\Mq2008\Fold2\final_model H:\zhangyaogong\letor40\baselines\svm_rank\data\Mq2008\Mq2008\Fold2\train_score', mode 'r' at 0x000000000236A780>
Fold_2 finish at 0325_2359	
<open file 'H:\zhangyaogong\letor40\baselines\svm_rank\source_code\svm_rank_learn -c 0.000100 -e 0.001 -l 1 H:\zhangyaogong\letor40\datasets\Mq2008\Fold3\train.txt H:\zhangyaogong\letor40\baselines\svm_rank\data\Mq2008\model', mode 'r' at 0x000000000236A810>
H:\zhangyaogong\letor40\baselines\svm_rank\source_code\svm_rank_learn -c 0.000100 -e 0.001 -l 1 H:\zhangyaogong\letor40\datasets\Mq2008\Fold3\train.txt H:\zhangyaogong\letor40\baselines\svm_rank\data\Mq2008\model
<open file 'H:\zhangyaogong\letor40\baselines\svm_rank\source_code\svm_rank_classify H:\zhangyaogong\letor40\datasets\Mq2008\Fold3\vali.txt H:\zhangyaogong\letor40\baselines\svm_rank\data\Mq2008\model H:\zhangyaogong\letor40\baselines\svm_rank\data\Mq2008\score', mode 'r' at 0x000000000236A810>
<open file 'H:\zhangyaogong\letor40\baselines\svm_rank\source_code\svm_rank_learn -c 0.001000 -e 0.001 -l 1 H:\zhangyaogong\letor40\datasets\Mq2008\Fold3\train.txt H:\zhangyaogong\letor40\baselines\svm_rank\data\Mq2008\model', mode 'r' at 0x000000000236A780>
H:\zhangyaogong\letor40\baselines\svm_rank\source_code\svm_rank_learn -c 0.001000 -e 0.001 -l 1 H:\zhangyaogong\letor40\datasets\Mq2008\Fold3\train.txt H:\zhangyaogong\letor40\baselines\svm_rank\data\Mq2008\model
<open file 'H:\zhangyaogong\letor40\baselines\svm_rank\source_code\svm_rank_classify H:\zhangyaogong\letor40\datasets\Mq2008\Fold3\vali.txt H:\zhangyaogong\letor40\baselines\svm_rank\data\Mq2008\model H:\zhangyaogong\letor40\baselines\svm_rank\data\Mq2008\score', mode 'r' at 0x000000000236A780>
<open file 'H:\zhangyaogong\letor40\baselines\svm_rank\source_code\svm_rank_learn -c 0.010000 -e 0.001 -l 1 H:\zhangyaogong\letor40\datasets\Mq2008\Fold3\train.txt H:\zhangyaogong\letor40\baselines\svm_rank\data\Mq2008\model', mode 'r' at 0x000000000236A810>
H:\zhangyaogong\letor40\baselines\svm_rank\source_code\svm_rank_learn -c 0.010000 -e 0.001 -l 1 H:\zhangyaogong\letor40\datasets\Mq2008\Fold3\train.txt H:\zhangyaogong\letor40\baselines\svm_rank\data\Mq2008\model
<open file 'H:\zhangyaogong\letor40\baselines\svm_rank\source_code\svm_rank_classify H:\zhangyaogong\letor40\datasets\Mq2008\Fold3\vali.txt H:\zhangyaogong\letor40\baselines\svm_rank\data\Mq2008\model H:\zhangyaogong\letor40\baselines\svm_rank\data\Mq2008\score', mode 'r' at 0x000000000236A810>
<open file 'H:\zhangyaogong\letor40\baselines\svm_rank\source_code\svm_rank_learn -c 0.100000 -e 0.001 -l 1 H:\zhangyaogong\letor40\datasets\Mq2008\Fold3\train.txt H:\zhangyaogong\letor40\baselines\svm_rank\data\Mq2008\model', mode 'r' at 0x000000000236A780>
H:\zhangyaogong\letor40\baselines\svm_rank\source_code\svm_rank_learn -c 0.100000 -e 0.001 -l 1 H:\zhangyaogong\letor40\datasets\Mq2008\Fold3\train.txt H:\zhangyaogong\letor40\baselines\svm_rank\data\Mq2008\model
<open file 'H:\zhangyaogong\letor40\baselines\svm_rank\source_code\svm_rank_classify H:\zhangyaogong\letor40\datasets\Mq2008\Fold3\vali.txt H:\zhangyaogong\letor40\baselines\svm_rank\data\Mq2008\model H:\zhangyaogong\letor40\baselines\svm_rank\data\Mq2008\score', mode 'r' at 0x000000000236A780>
<open file 'H:\zhangyaogong\letor40\baselines\svm_rank\source_code\svm_rank_learn -c 1.000000 -e 0.001 -l 1 H:\zhangyaogong\letor40\datasets\Mq2008\Fold3\train.txt H:\zhangyaogong\letor40\baselines\svm_rank\data\Mq2008\model', mode 'r' at 0x000000000236A810>
H:\zhangyaogong\letor40\baselines\svm_rank\source_code\svm_rank_learn -c 1.000000 -e 0.001 -l 1 H:\zhangyaogong\letor40\datasets\Mq2008\Fold3\train.txt H:\zhangyaogong\letor40\baselines\svm_rank\data\Mq2008\model
<open file 'H:\zhangyaogong\letor40\baselines\svm_rank\source_code\svm_rank_classify H:\zhangyaogong\letor40\datasets\Mq2008\Fold3\vali.txt H:\zhangyaogong\letor40\baselines\svm_rank\data\Mq2008\model H:\zhangyaogong\letor40\baselines\svm_rank\data\Mq2008\score', mode 'r' at 0x000000000236A810>
<open file 'H:\zhangyaogong\letor40\baselines\svm_rank\source_code\svm_rank_learn -c 10.000000 -e 0.001 -l 1 H:\zhangyaogong\letor40\datasets\Mq2008\Fold3\train.txt H:\zhangyaogong\letor40\baselines\svm_rank\data\Mq2008\model', mode 'r' at 0x000000000236A780>
H:\zhangyaogong\letor40\baselines\svm_rank\source_code\svm_rank_learn -c 10.000000 -e 0.001 -l 1 H:\zhangyaogong\letor40\datasets\Mq2008\Fold3\train.txt H:\zhangyaogong\letor40\baselines\svm_rank\data\Mq2008\model
<open file 'H:\zhangyaogong\letor40\baselines\svm_rank\source_code\svm_rank_classify H:\zhangyaogong\letor40\datasets\Mq2008\Fold3\vali.txt H:\zhangyaogong\letor40\baselines\svm_rank\data\Mq2008\model H:\zhangyaogong\letor40\baselines\svm_rank\data\Mq2008\score', mode 'r' at 0x000000000236A780>
<open file 'H:\zhangyaogong\letor40\baselines\svm_rank\source_code\svm_rank_learn -c 100.000000 -e 0.001 -l 1 H:\zhangyaogong\letor40\datasets\Mq2008\Fold3\train.txt H:\zhangyaogong\letor40\baselines\svm_rank\data\Mq2008\model', mode 'r' at 0x000000000236A810>
H:\zhangyaogong\letor40\baselines\svm_rank\source_code\svm_rank_learn -c 100.000000 -e 0.001 -l 1 H:\zhangyaogong\letor40\datasets\Mq2008\Fold3\train.txt H:\zhangyaogong\letor40\baselines\svm_rank\data\Mq2008\model
<open file 'H:\zhangyaogong\letor40\baselines\svm_rank\source_code\svm_rank_classify H:\zhangyaogong\letor40\datasets\Mq2008\Fold3\vali.txt H:\zhangyaogong\letor40\baselines\svm_rank\data\Mq2008\model H:\zhangyaogong\letor40\baselines\svm_rank\data\Mq2008\score', mode 'r' at 0x000000000236A810>
<open file 'H:\zhangyaogong\letor40\baselines\svm_rank\source_code\svm_rank_classify H:\zhangyaogong\letor40\datasets\Mq2008\Fold3\test.txt H:\zhangyaogong\letor40\baselines\svm_rank\data\Mq2008\Mq2008\Fold3\final_model H:\zhangyaogong\letor40\baselines\svm_rank\data\Mq2008\Mq2008\Fold3\test_score', mode 'r' at 0x000000000236A6F0>
<open file 'H:\zhangyaogong\letor40\baselines\svm_rank\source_code\svm_rank_classify H:\zhangyaogong\letor40\datasets\Mq2008\Fold3\vali.txt H:\zhangyaogong\letor40\baselines\svm_rank\data\Mq2008\Mq2008\Fold3\final_model H:\zhangyaogong\letor40\baselines\svm_rank\data\Mq2008\Mq2008\Fold3\vali_score', mode 'r' at 0x000000000236A810>
<open file 'H:\zhangyaogong\letor40\baselines\svm_rank\source_code\svm_rank_classify H:\zhangyaogong\letor40\datasets\Mq2008\Fold3\train.txt H:\zhangyaogong\letor40\baselines\svm_rank\data\Mq2008\Mq2008\Fold3\final_model H:\zhangyaogong\letor40\baselines\svm_rank\data\Mq2008\Mq2008\Fold3\train_score', mode 'r' at 0x000000000236A6F0>
Fold_3 finish at 0325_2359	
<open file 'H:\zhangyaogong\letor40\baselines\svm_rank\source_code\svm_rank_learn -c 0.000100 -e 0.001 -l 1 H:\zhangyaogong\letor40\datasets\Mq2008\Fold4\train.txt H:\zhangyaogong\letor40\baselines\svm_rank\data\Mq2008\model', mode 'r' at 0x000000000236A810>
H:\zhangyaogong\letor40\baselines\svm_rank\source_code\svm_rank_learn -c 0.000100 -e 0.001 -l 1 H:\zhangyaogong\letor40\datasets\Mq2008\Fold4\train.txt H:\zhangyaogong\letor40\baselines\svm_rank\data\Mq2008\model
<open file 'H:\zhangyaogong\letor40\baselines\svm_rank\source_code\svm_rank_classify H:\zhangyaogong\letor40\datasets\Mq2008\Fold4\vali.txt H:\zhangyaogong\letor40\baselines\svm_rank\data\Mq2008\model H:\zhangyaogong\letor40\baselines\svm_rank\data\Mq2008\score', mode 'r' at 0x000000000236A810>
<open file 'H:\zhangyaogong\letor40\baselines\svm_rank\source_code\svm_rank_learn -c 0.001000 -e 0.001 -l 1 H:\zhangyaogong\letor40\datasets\Mq2008\Fold4\train.txt H:\zhangyaogong\letor40\baselines\svm_rank\data\Mq2008\model', mode 'r' at 0x000000000236A6F0>
H:\zhangyaogong\letor40\baselines\svm_rank\source_code\svm_rank_learn -c 0.001000 -e 0.001 -l 1 H:\zhangyaogong\letor40\datasets\Mq2008\Fold4\train.txt H:\zhangyaogong\letor40\baselines\svm_rank\data\Mq2008\model
<open file 'H:\zhangyaogong\letor40\baselines\svm_rank\source_code\svm_rank_classify H:\zhangyaogong\letor40\datasets\Mq2008\Fold4\vali.txt H:\zhangyaogong\letor40\baselines\svm_rank\data\Mq2008\model H:\zhangyaogong\letor40\baselines\svm_rank\data\Mq2008\score', mode 'r' at 0x000000000236A6F0>
<open file 'H:\zhangyaogong\letor40\baselines\svm_rank\source_code\svm_rank_learn -c 0.010000 -e 0.001 -l 1 H:\zhangyaogong\letor40\datasets\Mq2008\Fold4\train.txt H:\zhangyaogong\letor40\baselines\svm_rank\data\Mq2008\model', mode 'r' at 0x000000000236A810>
H:\zhangyaogong\letor40\baselines\svm_rank\source_code\svm_rank_learn -c 0.010000 -e 0.001 -l 1 H:\zhangyaogong\letor40\datasets\Mq2008\Fold4\train.txt H:\zhangyaogong\letor40\baselines\svm_rank\data\Mq2008\model
<open file 'H:\zhangyaogong\letor40\baselines\svm_rank\source_code\svm_rank_classify H:\zhangyaogong\letor40\datasets\Mq2008\Fold4\vali.txt H:\zhangyaogong\letor40\baselines\svm_rank\data\Mq2008\model H:\zhangyaogong\letor40\baselines\svm_rank\data\Mq2008\score', mode 'r' at 0x000000000236A810>
<open file 'H:\zhangyaogong\letor40\baselines\svm_rank\source_code\svm_rank_learn -c 0.100000 -e 0.001 -l 1 H:\zhangyaogong\letor40\datasets\Mq2008\Fold4\train.txt H:\zhangyaogong\letor40\baselines\svm_rank\data\Mq2008\model', mode 'r' at 0x000000000236A6F0>
H:\zhangyaogong\letor40\baselines\svm_rank\source_code\svm_rank_learn -c 0.100000 -e 0.001 -l 1 H:\zhangyaogong\letor40\datasets\Mq2008\Fold4\train.txt H:\zhangyaogong\letor40\baselines\svm_rank\data\Mq2008\model
<open file 'H:\zhangyaogong\letor40\baselines\svm_rank\source_code\svm_rank_classify H:\zhangyaogong\letor40\datasets\Mq2008\Fold4\vali.txt H:\zhangyaogong\letor40\baselines\svm_rank\data\Mq2008\model H:\zhangyaogong\letor40\baselines\svm_rank\data\Mq2008\score', mode 'r' at 0x000000000236A6F0>
<open file 'H:\zhangyaogong\letor40\baselines\svm_rank\source_code\svm_rank_learn -c 1.000000 -e 0.001 -l 1 H:\zhangyaogong\letor40\datasets\Mq2008\Fold4\train.txt H:\zhangyaogong\letor40\baselines\svm_rank\data\Mq2008\model', mode 'r' at 0x000000000236A810>
H:\zhangyaogong\letor40\baselines\svm_rank\source_code\svm_rank_learn -c 1.000000 -e 0.001 -l 1 H:\zhangyaogong\letor40\datasets\Mq2008\Fold4\train.txt H:\zhangyaogong\letor40\baselines\svm_rank\data\Mq2008\model
<open file 'H:\zhangyaogong\letor40\baselines\svm_rank\source_code\svm_rank_classify H:\zhangyaogong\letor40\datasets\Mq2008\Fold4\vali.txt H:\zhangyaogong\letor40\baselines\svm_rank\data\Mq2008\model H:\zhangyaogong\letor40\baselines\svm_rank\data\Mq2008\score', mode 'r' at 0x000000000236A810>
<open file 'H:\zhangyaogong\letor40\baselines\svm_rank\source_code\svm_rank_learn -c 10.000000 -e 0.001 -l 1 H:\zhangyaogong\letor40\datasets\Mq2008\Fold4\train.txt H:\zhangyaogong\letor40\baselines\svm_rank\data\Mq2008\model', mode 'r' at 0x000000000236A6F0>
H:\zhangyaogong\letor40\baselines\svm_rank\source_code\svm_rank_learn -c 10.000000 -e 0.001 -l 1 H:\zhangyaogong\letor40\datasets\Mq2008\Fold4\train.txt H:\zhangyaogong\letor40\baselines\svm_rank\data\Mq2008\model
<open file 'H:\zhangyaogong\letor40\baselines\svm_rank\source_code\svm_rank_classify H:\zhangyaogong\letor40\datasets\Mq2008\Fold4\vali.txt H:\zhangyaogong\letor40\baselines\svm_rank\data\Mq2008\model H:\zhangyaogong\letor40\baselines\svm_rank\data\Mq2008\score', mode 'r' at 0x000000000236A6F0>
<open file 'H:\zhangyaogong\letor40\baselines\svm_rank\source_code\svm_rank_learn -c 100.000000 -e 0.001 -l 1 H:\zhangyaogong\letor40\datasets\Mq2008\Fold4\train.txt H:\zhangyaogong\letor40\baselines\svm_rank\data\Mq2008\model', mode 'r' at 0x000000000236A810>
H:\zhangyaogong\letor40\baselines\svm_rank\source_code\svm_rank_learn -c 100.000000 -e 0.001 -l 1 H:\zhangyaogong\letor40\datasets\Mq2008\Fold4\train.txt H:\zhangyaogong\letor40\baselines\svm_rank\data\Mq2008\model
<open file 'H:\zhangyaogong\letor40\baselines\svm_rank\source_code\svm_rank_classify H:\zhangyaogong\letor40\datasets\Mq2008\Fold4\vali.txt H:\zhangyaogong\letor40\baselines\svm_rank\data\Mq2008\model H:\zhangyaogong\letor40\baselines\svm_rank\data\Mq2008\score', mode 'r' at 0x000000000236A810>
<open file 'H:\zhangyaogong\letor40\baselines\svm_rank\source_code\svm_rank_classify H:\zhangyaogong\letor40\datasets\Mq2008\Fold4\test.txt H:\zhangyaogong\letor40\baselines\svm_rank\data\Mq2008\Mq2008\Fold4\final_model H:\zhangyaogong\letor40\baselines\svm_rank\data\Mq2008\Mq2008\Fold4\test_score', mode 'r' at 0x000000000236A780>
<open file 'H:\zhangyaogong\letor40\baselines\svm_rank\source_code\svm_rank_classify H:\zhangyaogong\letor40\datasets\Mq2008\Fold4\vali.txt H:\zhangyaogong\letor40\baselines\svm_rank\data\Mq2008\Mq2008\Fold4\final_model H:\zhangyaogong\letor40\baselines\svm_rank\data\Mq2008\Mq2008\Fold4\vali_score', mode 'r' at 0x000000000236A810>
<open file 'H:\zhangyaogong\letor40\baselines\svm_rank\source_code\svm_rank_classify H:\zhangyaogong\letor40\datasets\Mq2008\Fold4\train.txt H:\zhangyaogong\letor40\baselines\svm_rank\data\Mq2008\Mq2008\Fold4\final_model H:\zhangyaogong\letor40\baselines\svm_rank\data\Mq2008\Mq2008\Fold4\train_score', mode 'r' at 0x000000000236A780>
Fold_4 finish at 0326_0000	
<open file 'H:\zhangyaogong\letor40\baselines\svm_rank\source_code\svm_rank_learn -c 0.000100 -e 0.001 -l 1 H:\zhangyaogong\letor40\datasets\Mq2008\Fold5\train.txt H:\zhangyaogong\letor40\baselines\svm_rank\data\Mq2008\model', mode 'r' at 0x000000000236A810>
H:\zhangyaogong\letor40\baselines\svm_rank\source_code\svm_rank_learn -c 0.000100 -e 0.001 -l 1 H:\zhangyaogong\letor40\datasets\Mq2008\Fold5\train.txt H:\zhangyaogong\letor40\baselines\svm_rank\data\Mq2008\model
<open file 'H:\zhangyaogong\letor40\baselines\svm_rank\source_code\svm_rank_classify H:\zhangyaogong\letor40\datasets\Mq2008\Fold5\vali.txt H:\zhangyaogong\letor40\baselines\svm_rank\data\Mq2008\model H:\zhangyaogong\letor40\baselines\svm_rank\data\Mq2008\score', mode 'r' at 0x000000000236A810>
<open file 'H:\zhangyaogong\letor40\baselines\svm_rank\source_code\svm_rank_learn -c 0.001000 -e 0.001 -l 1 H:\zhangyaogong\letor40\datasets\Mq2008\Fold5\train.txt H:\zhangyaogong\letor40\baselines\svm_rank\data\Mq2008\model', mode 'r' at 0x000000000236A780>
H:\zhangyaogong\letor40\baselines\svm_rank\source_code\svm_rank_learn -c 0.001000 -e 0.001 -l 1 H:\zhangyaogong\letor40\datasets\Mq2008\Fold5\train.txt H:\zhangyaogong\letor40\baselines\svm_rank\data\Mq2008\model
<open file 'H:\zhangyaogong\letor40\baselines\svm_rank\source_code\svm_rank_classify H:\zhangyaogong\letor40\datasets\Mq2008\Fold5\vali.txt H:\zhangyaogong\letor40\baselines\svm_rank\data\Mq2008\model H:\zhangyaogong\letor40\baselines\svm_rank\data\Mq2008\score', mode 'r' at 0x000000000236A780>
<open file 'H:\zhangyaogong\letor40\baselines\svm_rank\source_code\svm_rank_learn -c 0.010000 -e 0.001 -l 1 H:\zhangyaogong\letor40\datasets\Mq2008\Fold5\train.txt H:\zhangyaogong\letor40\baselines\svm_rank\data\Mq2008\model', mode 'r' at 0x000000000236A810>
H:\zhangyaogong\letor40\baselines\svm_rank\source_code\svm_rank_learn -c 0.010000 -e 0.001 -l 1 H:\zhangyaogong\letor40\datasets\Mq2008\Fold5\train.txt H:\zhangyaogong\letor40\baselines\svm_rank\data\Mq2008\model
<open file 'H:\zhangyaogong\letor40\baselines\svm_rank\source_code\svm_rank_classify H:\zhangyaogong\letor40\datasets\Mq2008\Fold5\vali.txt H:\zhangyaogong\letor40\baselines\svm_rank\data\Mq2008\model H:\zhangyaogong\letor40\baselines\svm_rank\data\Mq2008\score', mode 'r' at 0x000000000236A810>
<open file 'H:\zhangyaogong\letor40\baselines\svm_rank\source_code\svm_rank_learn -c 0.100000 -e 0.001 -l 1 H:\zhangyaogong\letor40\datasets\Mq2008\Fold5\train.txt H:\zhangyaogong\letor40\baselines\svm_rank\data\Mq2008\model', mode 'r' at 0x000000000236A780>
H:\zhangyaogong\letor40\baselines\svm_rank\source_code\svm_rank_learn -c 0.100000 -e 0.001 -l 1 H:\zhangyaogong\letor40\datasets\Mq2008\Fold5\train.txt H:\zhangyaogong\letor40\baselines\svm_rank\data\Mq2008\model
<open file 'H:\zhangyaogong\letor40\baselines\svm_rank\source_code\svm_rank_classify H:\zhangyaogong\letor40\datasets\Mq2008\Fold5\vali.txt H:\zhangyaogong\letor40\baselines\svm_rank\data\Mq2008\model H:\zhangyaogong\letor40\baselines\svm_rank\data\Mq2008\score', mode 'r' at 0x000000000236A780>
<open file 'H:\zhangyaogong\letor40\baselines\svm_rank\source_code\svm_rank_learn -c 1.000000 -e 0.001 -l 1 H:\zhangyaogong\letor40\datasets\Mq2008\Fold5\train.txt H:\zhangyaogong\letor40\baselines\svm_rank\data\Mq2008\model', mode 'r' at 0x000000000236A810>
H:\zhangyaogong\letor40\baselines\svm_rank\source_code\svm_rank_learn -c 1.000000 -e 0.001 -l 1 H:\zhangyaogong\letor40\datasets\Mq2008\Fold5\train.txt H:\zhangyaogong\letor40\baselines\svm_rank\data\Mq2008\model
<open file 'H:\zhangyaogong\letor40\baselines\svm_rank\source_code\svm_rank_classify H:\zhangyaogong\letor40\datasets\Mq2008\Fold5\vali.txt H:\zhangyaogong\letor40\baselines\svm_rank\data\Mq2008\model H:\zhangyaogong\letor40\baselines\svm_rank\data\Mq2008\score', mode 'r' at 0x000000000236A810>
<open file 'H:\zhangyaogong\letor40\baselines\svm_rank\source_code\svm_rank_learn -c 10.000000 -e 0.001 -l 1 H:\zhangyaogong\letor40\datasets\Mq2008\Fold5\train.txt H:\zhangyaogong\letor40\baselines\svm_rank\data\Mq2008\model', mode 'r' at 0x000000000236A780>
H:\zhangyaogong\letor40\baselines\svm_rank\source_code\svm_rank_learn -c 10.000000 -e 0.001 -l 1 H:\zhangyaogong\letor40\datasets\Mq2008\Fold5\train.txt H:\zhangyaogong\letor40\baselines\svm_rank\data\Mq2008\model
<open file 'H:\zhangyaogong\letor40\baselines\svm_rank\source_code\svm_rank_classify H:\zhangyaogong\letor40\datasets\Mq2008\Fold5\vali.txt H:\zhangyaogong\letor40\baselines\svm_rank\data\Mq2008\model H:\zhangyaogong\letor40\baselines\svm_rank\data\Mq2008\score', mode 'r' at 0x000000000236A780>
<open file 'H:\zhangyaogong\letor40\baselines\svm_rank\source_code\svm_rank_learn -c 100.000000 -e 0.001 -l 1 H:\zhangyaogong\letor40\datasets\Mq2008\Fold5\train.txt H:\zhangyaogong\letor40\baselines\svm_rank\data\Mq2008\model', mode 'r' at 0x000000000236A810>
H:\zhangyaogong\letor40\baselines\svm_rank\source_code\svm_rank_learn -c 100.000000 -e 0.001 -l 1 H:\zhangyaogong\letor40\datasets\Mq2008\Fold5\train.txt H:\zhangyaogong\letor40\baselines\svm_rank\data\Mq2008\model
<open file 'H:\zhangyaogong\letor40\baselines\svm_rank\source_code\svm_rank_classify H:\zhangyaogong\letor40\datasets\Mq2008\Fold5\vali.txt H:\zhangyaogong\letor40\baselines\svm_rank\data\Mq2008\model H:\zhangyaogong\letor40\baselines\svm_rank\data\Mq2008\score', mode 'r' at 0x000000000236A810>
<open file 'H:\zhangyaogong\letor40\baselines\svm_rank\source_code\svm_rank_classify H:\zhangyaogong\letor40\datasets\Mq2008\Fold5\test.txt H:\zhangyaogong\letor40\baselines\svm_rank\data\Mq2008\Mq2008\Fold5\final_model H:\zhangyaogong\letor40\baselines\svm_rank\data\Mq2008\Mq2008\Fold5\test_score', mode 'r' at 0x000000000236A6F0>
<open file 'H:\zhangyaogong\letor40\baselines\svm_rank\source_code\svm_rank_classify H:\zhangyaogong\letor40\datasets\Mq2008\Fold5\vali.txt H:\zhangyaogong\letor40\baselines\svm_rank\data\Mq2008\Mq2008\Fold5\final_model H:\zhangyaogong\letor40\baselines\svm_rank\data\Mq2008\Mq2008\Fold5\vali_score', mode 'r' at 0x000000000236A810>
<open file 'H:\zhangyaogong\letor40\baselines\svm_rank\source_code\svm_rank_classify H:\zhangyaogong\letor40\datasets\Mq2008\Fold5\train.txt H:\zhangyaogong\letor40\baselines\svm_rank\data\Mq2008\Mq2008\Fold5\final_model H:\zhangyaogong\letor40\baselines\svm_rank\data\Mq2008\Mq2008\Fold5\train_score', mode 'r' at 0x000000000236A6F0>
Fold_5 finish at 0326_0000	

at 0326_0000 begin to write into files..	
