[03-26 09:34:50]: training starts
[03-26 09:34:50]: Fold1 starts training
[03-26 09:34:50]: ROUND 200
<open file 'H:\zhangyaogong\letor40\baselines\AdaRank\source_code\AdaRank_CSharp.exe train -data H:\zhangyaogong\letor40\datasets\OHSUMED\Fold1\train.txt -model H:\zhangyaogong\letor40\baselines\AdaRank\data\OHSUMED\model -round 200 -measure NDCG', mode 'r' at 0x00000000023826F0>
<open file 'H:\zhangyaogong\letor40\baselines\AdaRank\source_code\AdaRank_CSharp.exe test -data H:\zhangyaogong\letor40\datasets\OHSUMED\Fold1\vali.txt -model H:\zhangyaogong\letor40\baselines\AdaRank\data\OHSUMED\model -output H:\zhangyaogong\letor40\baselines\AdaRank\data\OHSUMED\score -round 1', mode 'r' at 0x00000000023826F0>
<open file 'H:\zhangyaogong\letor40\baselines\AdaRank\source_code\AdaRank_CSharp.exe train -data H:\zhangyaogong\letor40\datasets\OHSUMED\Fold1\train.txt -model H:\zhangyaogong\letor40\baselines\AdaRank\data\OHSUMED\Fold1\model -round 1 -measure NDCG', mode 'r' at 0x00000000023826F0>
<open file 'H:\zhangyaogong\letor40\baselines\AdaRank\source_code\AdaRank_CSharp.exe test -data H:\zhangyaogong\letor40\datasets\OHSUMED\Fold1\vali.txt -model H:\zhangyaogong\letor40\baselines\AdaRank\data\OHSUMED\model -output H:\zhangyaogong\letor40\baselines\AdaRank\data\OHSUMED\score -round 41', mode 'r' at 0x0000000002382780>
<open file 'H:\zhangyaogong\letor40\baselines\AdaRank\source_code\AdaRank_CSharp.exe train -data H:\zhangyaogong\letor40\datasets\OHSUMED\Fold1\train.txt -model H:\zhangyaogong\letor40\baselines\AdaRank\data\OHSUMED\Fold1\model -round 41 -measure NDCG', mode 'r' at 0x0000000002382780>
<open file 'H:\zhangyaogong\letor40\baselines\AdaRank\source_code\AdaRank_CSharp.exe test -data H:\zhangyaogong\letor40\datasets\OHSUMED\Fold1\vali.txt -model H:\zhangyaogong\letor40\baselines\AdaRank\data\OHSUMED\model -output H:\zhangyaogong\letor40\baselines\AdaRank\data\OHSUMED\score -round 81', mode 'r' at 0x00000000023826F0>
<open file 'H:\zhangyaogong\letor40\baselines\AdaRank\source_code\AdaRank_CSharp.exe train -data H:\zhangyaogong\letor40\datasets\OHSUMED\Fold1\train.txt -model H:\zhangyaogong\letor40\baselines\AdaRank\data\OHSUMED\Fold1\model -round 41 -measure NDCG', mode 'r' at 0x00000000023826F0>
<open file 'H:\zhangyaogong\letor40\baselines\AdaRank\source_code\AdaRank_CSharp.exe test -data H:\zhangyaogong\letor40\datasets\OHSUMED\Fold1\vali.txt -model H:\zhangyaogong\letor40\baselines\AdaRank\data\OHSUMED\model -output H:\zhangyaogong\letor40\baselines\AdaRank\data\OHSUMED\score -round 121', mode 'r' at 0x0000000002382780>
<open file 'H:\zhangyaogong\letor40\baselines\AdaRank\source_code\AdaRank_CSharp.exe train -data H:\zhangyaogong\letor40\datasets\OHSUMED\Fold1\train.txt -model H:\zhangyaogong\letor40\baselines\AdaRank\data\OHSUMED\Fold1\model -round 41 -measure NDCG', mode 'r' at 0x0000000002382780>
<open file 'H:\zhangyaogong\letor40\baselines\AdaRank\source_code\AdaRank_CSharp.exe test -data H:\zhangyaogong\letor40\datasets\OHSUMED\Fold1\vali.txt -model H:\zhangyaogong\letor40\baselines\AdaRank\data\OHSUMED\model -output H:\zhangyaogong\letor40\baselines\AdaRank\data\OHSUMED\score -round 161', mode 'r' at 0x00000000023826F0>
<open file 'H:\zhangyaogong\letor40\baselines\AdaRank\source_code\AdaRank_CSharp.exe train -data H:\zhangyaogong\letor40\datasets\OHSUMED\Fold1\train.txt -model H:\zhangyaogong\letor40\baselines\AdaRank\data\OHSUMED\Fold1\model -round 41 -measure NDCG', mode 'r' at 0x00000000023826F0>
[03-26 09:34:52]: Fold1 ends training
[03-26 09:34:52]: Fold1 starts testing
<open file 'H:\zhangyaogong\letor40\baselines\AdaRank\source_code\AdaRank_CSharp.exe test -data H:\zhangyaogong\letor40\datasets\OHSUMED\Fold1\test.txt -model H:\zhangyaogong\letor40\baselines\AdaRank\data\OHSUMED\Fold1\model -output H:\zhangyaogong\letor40\baselines\AdaRank\data\OHSUMED\Fold1\test.score -round 41', mode 'r' at 0x0000000002382780>
<open file 'H:\zhangyaogong\letor40\baselines\AdaRank\source_code\AdaRank_CSharp.exe test -data H:\zhangyaogong\letor40\datasets\OHSUMED\Fold1\vali.txt -model H:\zhangyaogong\letor40\baselines\AdaRank\data\OHSUMED\Fold1\model -output H:\zhangyaogong\letor40\baselines\AdaRank\data\OHSUMED\Fold1\vali.score -round 41', mode 'r' at 0x00000000023826F0>
<open file 'H:\zhangyaogong\letor40\baselines\AdaRank\source_code\AdaRank_CSharp.exe test -data H:\zhangyaogong\letor40\datasets\OHSUMED\Fold1\train.txt -model H:\zhangyaogong\letor40\baselines\AdaRank\data\OHSUMED\Fold1\model -output H:\zhangyaogong\letor40\baselines\AdaRank\data\OHSUMED\Fold1\train.score -round 41', mode 'r' at 0x0000000002382780>
[03-26 09:34:53]: Fold1 ends testing
[03-26 09:34:53]: Fold2 starts training
[03-26 09:34:53]: ROUND 200
<open file 'H:\zhangyaogong\letor40\baselines\AdaRank\source_code\AdaRank_CSharp.exe train -data H:\zhangyaogong\letor40\datasets\OHSUMED\Fold2\train.txt -model H:\zhangyaogong\letor40\baselines\AdaRank\data\OHSUMED\model -round 200 -measure NDCG', mode 'r' at 0x00000000023826F0>
<open file 'H:\zhangyaogong\letor40\baselines\AdaRank\source_code\AdaRank_CSharp.exe test -data H:\zhangyaogong\letor40\datasets\OHSUMED\Fold2\vali.txt -model H:\zhangyaogong\letor40\baselines\AdaRank\data\OHSUMED\model -output H:\zhangyaogong\letor40\baselines\AdaRank\data\OHSUMED\score -round 1', mode 'r' at 0x00000000023826F0>
<open file 'H:\zhangyaogong\letor40\baselines\AdaRank\source_code\AdaRank_CSharp.exe train -data H:\zhangyaogong\letor40\datasets\OHSUMED\Fold2\train.txt -model H:\zhangyaogong\letor40\baselines\AdaRank\data\OHSUMED\Fold2\model -round 1 -measure NDCG', mode 'r' at 0x00000000023826F0>
<open file 'H:\zhangyaogong\letor40\baselines\AdaRank\source_code\AdaRank_CSharp.exe test -data H:\zhangyaogong\letor40\datasets\OHSUMED\Fold2\vali.txt -model H:\zhangyaogong\letor40\baselines\AdaRank\data\OHSUMED\model -output H:\zhangyaogong\letor40\baselines\AdaRank\data\OHSUMED\score -round 41', mode 'r' at 0x0000000002382780>
<open file 'H:\zhangyaogong\letor40\baselines\AdaRank\source_code\AdaRank_CSharp.exe train -data H:\zhangyaogong\letor40\datasets\OHSUMED\Fold2\train.txt -model H:\zhangyaogong\letor40\baselines\AdaRank\data\OHSUMED\Fold2\model -round 1 -measure NDCG', mode 'r' at 0x0000000002382780>
<open file 'H:\zhangyaogong\letor40\baselines\AdaRank\source_code\AdaRank_CSharp.exe test -data H:\zhangyaogong\letor40\datasets\OHSUMED\Fold2\vali.txt -model H:\zhangyaogong\letor40\baselines\AdaRank\data\OHSUMED\model -output H:\zhangyaogong\letor40\baselines\AdaRank\data\OHSUMED\score -round 81', mode 'r' at 0x00000000023826F0>
<open file 'H:\zhangyaogong\letor40\baselines\AdaRank\source_code\AdaRank_CSharp.exe train -data H:\zhangyaogong\letor40\datasets\OHSUMED\Fold2\train.txt -model H:\zhangyaogong\letor40\baselines\AdaRank\data\OHSUMED\Fold2\model -round 1 -measure NDCG', mode 'r' at 0x00000000023826F0>
<open file 'H:\zhangyaogong\letor40\baselines\AdaRank\source_code\AdaRank_CSharp.exe test -data H:\zhangyaogong\letor40\datasets\OHSUMED\Fold2\vali.txt -model H:\zhangyaogong\letor40\baselines\AdaRank\data\OHSUMED\model -output H:\zhangyaogong\letor40\baselines\AdaRank\data\OHSUMED\score -round 121', mode 'r' at 0x0000000002382780>
<open file 'H:\zhangyaogong\letor40\baselines\AdaRank\source_code\AdaRank_CSharp.exe train -data H:\zhangyaogong\letor40\datasets\OHSUMED\Fold2\train.txt -model H:\zhangyaogong\letor40\baselines\AdaRank\data\OHSUMED\Fold2\model -round 1 -measure NDCG', mode 'r' at 0x0000000002382780>
<open file 'H:\zhangyaogong\letor40\baselines\AdaRank\source_code\AdaRank_CSharp.exe test -data H:\zhangyaogong\letor40\datasets\OHSUMED\Fold2\vali.txt -model H:\zhangyaogong\letor40\baselines\AdaRank\data\OHSUMED\model -output H:\zhangyaogong\letor40\baselines\AdaRank\data\OHSUMED\score -round 161', mode 'r' at 0x00000000023826F0>
<open file 'H:\zhangyaogong\letor40\baselines\AdaRank\source_code\AdaRank_CSharp.exe train -data H:\zhangyaogong\letor40\datasets\OHSUMED\Fold2\train.txt -model H:\zhangyaogong\letor40\baselines\AdaRank\data\OHSUMED\Fold2\model -round 1 -measure NDCG', mode 'r' at 0x00000000023826F0>
[03-26 09:34:55]: Fold2 ends training
[03-26 09:34:55]: Fold2 starts testing
<open file 'H:\zhangyaogong\letor40\baselines\AdaRank\source_code\AdaRank_CSharp.exe test -data H:\zhangyaogong\letor40\datasets\OHSUMED\Fold2\test.txt -model H:\zhangyaogong\letor40\baselines\AdaRank\data\OHSUMED\Fold2\model -output H:\zhangyaogong\letor40\baselines\AdaRank\data\OHSUMED\Fold2\test.score -round 1', mode 'r' at 0x0000000002382780>
<open file 'H:\zhangyaogong\letor40\baselines\AdaRank\source_code\AdaRank_CSharp.exe test -data H:\zhangyaogong\letor40\datasets\OHSUMED\Fold2\vali.txt -model H:\zhangyaogong\letor40\baselines\AdaRank\data\OHSUMED\Fold2\model -output H:\zhangyaogong\letor40\baselines\AdaRank\data\OHSUMED\Fold2\vali.score -round 1', mode 'r' at 0x00000000023826F0>
<open file 'H:\zhangyaogong\letor40\baselines\AdaRank\source_code\AdaRank_CSharp.exe test -data H:\zhangyaogong\letor40\datasets\OHSUMED\Fold2\train.txt -model H:\zhangyaogong\letor40\baselines\AdaRank\data\OHSUMED\Fold2\model -output H:\zhangyaogong\letor40\baselines\AdaRank\data\OHSUMED\Fold2\train.score -round 1', mode 'r' at 0x0000000002382780>
[03-26 09:34:56]: Fold2 ends testing
[03-26 09:34:56]: Fold3 starts training
[03-26 09:34:56]: ROUND 200
<open file 'H:\zhangyaogong\letor40\baselines\AdaRank\source_code\AdaRank_CSharp.exe train -data H:\zhangyaogong\letor40\datasets\OHSUMED\Fold3\train.txt -model H:\zhangyaogong\letor40\baselines\AdaRank\data\OHSUMED\model -round 200 -measure NDCG', mode 'r' at 0x00000000023826F0>
<open file 'H:\zhangyaogong\letor40\baselines\AdaRank\source_code\AdaRank_CSharp.exe test -data H:\zhangyaogong\letor40\datasets\OHSUMED\Fold3\vali.txt -model H:\zhangyaogong\letor40\baselines\AdaRank\data\OHSUMED\model -output H:\zhangyaogong\letor40\baselines\AdaRank\data\OHSUMED\score -round 1', mode 'r' at 0x00000000023826F0>
<open file 'H:\zhangyaogong\letor40\baselines\AdaRank\source_code\AdaRank_CSharp.exe train -data H:\zhangyaogong\letor40\datasets\OHSUMED\Fold3\train.txt -model H:\zhangyaogong\letor40\baselines\AdaRank\data\OHSUMED\Fold3\model -round 1 -measure NDCG', mode 'r' at 0x00000000023826F0>
<open file 'H:\zhangyaogong\letor40\baselines\AdaRank\source_code\AdaRank_CSharp.exe test -data H:\zhangyaogong\letor40\datasets\OHSUMED\Fold3\vali.txt -model H:\zhangyaogong\letor40\baselines\AdaRank\data\OHSUMED\model -output H:\zhangyaogong\letor40\baselines\AdaRank\data\OHSUMED\score -round 41', mode 'r' at 0x0000000002382780>
<open file 'H:\zhangyaogong\letor40\baselines\AdaRank\source_code\AdaRank_CSharp.exe train -data H:\zhangyaogong\letor40\datasets\OHSUMED\Fold3\train.txt -model H:\zhangyaogong\letor40\baselines\AdaRank\data\OHSUMED\Fold3\model -round 41 -measure NDCG', mode 'r' at 0x0000000002382780>
<open file 'H:\zhangyaogong\letor40\baselines\AdaRank\source_code\AdaRank_CSharp.exe test -data H:\zhangyaogong\letor40\datasets\OHSUMED\Fold3\vali.txt -model H:\zhangyaogong\letor40\baselines\AdaRank\data\OHSUMED\model -output H:\zhangyaogong\letor40\baselines\AdaRank\data\OHSUMED\score -round 81', mode 'r' at 0x00000000023826F0>
<open file 'H:\zhangyaogong\letor40\baselines\AdaRank\source_code\AdaRank_CSharp.exe train -data H:\zhangyaogong\letor40\datasets\OHSUMED\Fold3\train.txt -model H:\zhangyaogong\letor40\baselines\AdaRank\data\OHSUMED\Fold3\model -round 81 -measure NDCG', mode 'r' at 0x00000000023826F0>
<open file 'H:\zhangyaogong\letor40\baselines\AdaRank\source_code\AdaRank_CSharp.exe test -data H:\zhangyaogong\letor40\datasets\OHSUMED\Fold3\vali.txt -model H:\zhangyaogong\letor40\baselines\AdaRank\data\OHSUMED\model -output H:\zhangyaogong\letor40\baselines\AdaRank\data\OHSUMED\score -round 121', mode 'r' at 0x0000000002382780>
<open file 'H:\zhangyaogong\letor40\baselines\AdaRank\source_code\AdaRank_CSharp.exe train -data H:\zhangyaogong\letor40\datasets\OHSUMED\Fold3\train.txt -model H:\zhangyaogong\letor40\baselines\AdaRank\data\OHSUMED\Fold3\model -round 121 -measure NDCG', mode 'r' at 0x0000000002382780>
<open file 'H:\zhangyaogong\letor40\baselines\AdaRank\source_code\AdaRank_CSharp.exe test -data H:\zhangyaogong\letor40\datasets\OHSUMED\Fold3\vali.txt -model H:\zhangyaogong\letor40\baselines\AdaRank\data\OHSUMED\model -output H:\zhangyaogong\letor40\baselines\AdaRank\data\OHSUMED\score -round 161', mode 'r' at 0x00000000023826F0>
<open file 'H:\zhangyaogong\letor40\baselines\AdaRank\source_code\AdaRank_CSharp.exe train -data H:\zhangyaogong\letor40\datasets\OHSUMED\Fold3\train.txt -model H:\zhangyaogong\letor40\baselines\AdaRank\data\OHSUMED\Fold3\model -round 161 -measure NDCG', mode 'r' at 0x00000000023826F0>
[03-26 09:34:58]: Fold3 ends training
[03-26 09:34:58]: Fold3 starts testing
<open file 'H:\zhangyaogong\letor40\baselines\AdaRank\source_code\AdaRank_CSharp.exe test -data H:\zhangyaogong\letor40\datasets\OHSUMED\Fold3\test.txt -model H:\zhangyaogong\letor40\baselines\AdaRank\data\OHSUMED\Fold3\model -output H:\zhangyaogong\letor40\baselines\AdaRank\data\OHSUMED\Fold3\test.score -round 161', mode 'r' at 0x0000000002382780>
<open file 'H:\zhangyaogong\letor40\baselines\AdaRank\source_code\AdaRank_CSharp.exe test -data H:\zhangyaogong\letor40\datasets\OHSUMED\Fold3\vali.txt -model H:\zhangyaogong\letor40\baselines\AdaRank\data\OHSUMED\Fold3\model -output H:\zhangyaogong\letor40\baselines\AdaRank\data\OHSUMED\Fold3\vali.score -round 161', mode 'r' at 0x00000000023826F0>
<open file 'H:\zhangyaogong\letor40\baselines\AdaRank\source_code\AdaRank_CSharp.exe test -data H:\zhangyaogong\letor40\datasets\OHSUMED\Fold3\train.txt -model H:\zhangyaogong\letor40\baselines\AdaRank\data\OHSUMED\Fold3\model -output H:\zhangyaogong\letor40\baselines\AdaRank\data\OHSUMED\Fold3\train.score -round 161', mode 'r' at 0x0000000002382780>
[03-26 09:35:00]: Fold3 ends testing
[03-26 09:35:00]: Fold4 starts training
[03-26 09:35:00]: ROUND 200
<open file 'H:\zhangyaogong\letor40\baselines\AdaRank\source_code\AdaRank_CSharp.exe train -data H:\zhangyaogong\letor40\datasets\OHSUMED\Fold4\train.txt -model H:\zhangyaogong\letor40\baselines\AdaRank\data\OHSUMED\model -round 200 -measure NDCG', mode 'r' at 0x0000000001D1EF60>
<open file 'H:\zhangyaogong\letor40\baselines\AdaRank\source_code\AdaRank_CSharp.exe test -data H:\zhangyaogong\letor40\datasets\OHSUMED\Fold4\vali.txt -model H:\zhangyaogong\letor40\baselines\AdaRank\data\OHSUMED\model -output H:\zhangyaogong\letor40\baselines\AdaRank\data\OHSUMED\score -round 1', mode 'r' at 0x0000000001D1EF60>
<open file 'H:\zhangyaogong\letor40\baselines\AdaRank\source_code\AdaRank_CSharp.exe train -data H:\zhangyaogong\letor40\datasets\OHSUMED\Fold4\train.txt -model H:\zhangyaogong\letor40\baselines\AdaRank\data\OHSUMED\Fold4\model -round 1 -measure NDCG', mode 'r' at 0x00000000023826F0>
<open file 'H:\zhangyaogong\letor40\baselines\AdaRank\source_code\AdaRank_CSharp.exe test -data H:\zhangyaogong\letor40\datasets\OHSUMED\Fold4\vali.txt -model H:\zhangyaogong\letor40\baselines\AdaRank\data\OHSUMED\model -output H:\zhangyaogong\letor40\baselines\AdaRank\data\OHSUMED\score -round 41', mode 'r' at 0x0000000001D1EF60>
<open file 'H:\zhangyaogong\letor40\baselines\AdaRank\source_code\AdaRank_CSharp.exe train -data H:\zhangyaogong\letor40\datasets\OHSUMED\Fold4\train.txt -model H:\zhangyaogong\letor40\baselines\AdaRank\data\OHSUMED\Fold4\model -round 41 -measure NDCG', mode 'r' at 0x00000000023826F0>
<open file 'H:\zhangyaogong\letor40\baselines\AdaRank\source_code\AdaRank_CSharp.exe test -data H:\zhangyaogong\letor40\datasets\OHSUMED\Fold4\vali.txt -model H:\zhangyaogong\letor40\baselines\AdaRank\data\OHSUMED\model -output H:\zhangyaogong\letor40\baselines\AdaRank\data\OHSUMED\score -round 81', mode 'r' at 0x0000000001D1EF60>
<open file 'H:\zhangyaogong\letor40\baselines\AdaRank\source_code\AdaRank_CSharp.exe train -data H:\zhangyaogong\letor40\datasets\OHSUMED\Fold4\train.txt -model H:\zhangyaogong\letor40\baselines\AdaRank\data\OHSUMED\Fold4\model -round 41 -measure NDCG', mode 'r' at 0x00000000023826F0>
<open file 'H:\zhangyaogong\letor40\baselines\AdaRank\source_code\AdaRank_CSharp.exe test -data H:\zhangyaogong\letor40\datasets\OHSUMED\Fold4\vali.txt -model H:\zhangyaogong\letor40\baselines\AdaRank\data\OHSUMED\model -output H:\zhangyaogong\letor40\baselines\AdaRank\data\OHSUMED\score -round 121', mode 'r' at 0x0000000001D1EF60>
<open file 'H:\zhangyaogong\letor40\baselines\AdaRank\source_code\AdaRank_CSharp.exe train -data H:\zhangyaogong\letor40\datasets\OHSUMED\Fold4\train.txt -model H:\zhangyaogong\letor40\baselines\AdaRank\data\OHSUMED\Fold4\model -round 121 -measure NDCG', mode 'r' at 0x00000000023826F0>
<open file 'H:\zhangyaogong\letor40\baselines\AdaRank\source_code\AdaRank_CSharp.exe test -data H:\zhangyaogong\letor40\datasets\OHSUMED\Fold4\vali.txt -model H:\zhangyaogong\letor40\baselines\AdaRank\data\OHSUMED\model -output H:\zhangyaogong\letor40\baselines\AdaRank\data\OHSUMED\score -round 161', mode 'r' at 0x0000000001D1EF60>
<open file 'H:\zhangyaogong\letor40\baselines\AdaRank\source_code\AdaRank_CSharp.exe train -data H:\zhangyaogong\letor40\datasets\OHSUMED\Fold4\train.txt -model H:\zhangyaogong\letor40\baselines\AdaRank\data\OHSUMED\Fold4\model -round 161 -measure NDCG', mode 'r' at 0x00000000023826F0>
[03-26 09:35:02]: Fold4 ends training
[03-26 09:35:02]: Fold4 starts testing
<open file 'H:\zhangyaogong\letor40\baselines\AdaRank\source_code\AdaRank_CSharp.exe test -data H:\zhangyaogong\letor40\datasets\OHSUMED\Fold4\test.txt -model H:\zhangyaogong\letor40\baselines\AdaRank\data\OHSUMED\Fold4\model -output H:\zhangyaogong\letor40\baselines\AdaRank\data\OHSUMED\Fold4\test.score -round 161', mode 'r' at 0x0000000001D1EF60>
<open file 'H:\zhangyaogong\letor40\baselines\AdaRank\source_code\AdaRank_CSharp.exe test -data H:\zhangyaogong\letor40\datasets\OHSUMED\Fold4\vali.txt -model H:\zhangyaogong\letor40\baselines\AdaRank\data\OHSUMED\Fold4\model -output H:\zhangyaogong\letor40\baselines\AdaRank\data\OHSUMED\Fold4\vali.score -round 161', mode 'r' at 0x0000000001D1EF60>
<open file 'H:\zhangyaogong\letor40\baselines\AdaRank\source_code\AdaRank_CSharp.exe test -data H:\zhangyaogong\letor40\datasets\OHSUMED\Fold4\train.txt -model H:\zhangyaogong\letor40\baselines\AdaRank\data\OHSUMED\Fold4\model -output H:\zhangyaogong\letor40\baselines\AdaRank\data\OHSUMED\Fold4\train.score -round 161', mode 'r' at 0x0000000001D1EF60>
[03-26 09:35:04]: Fold4 ends testing
[03-26 09:35:04]: Fold5 starts training
[03-26 09:35:04]: ROUND 200
<open file 'H:\zhangyaogong\letor40\baselines\AdaRank\source_code\AdaRank_CSharp.exe train -data H:\zhangyaogong\letor40\datasets\OHSUMED\Fold5\train.txt -model H:\zhangyaogong\letor40\baselines\AdaRank\data\OHSUMED\model -round 200 -measure NDCG', mode 'r' at 0x0000000001D1EF60>
<open file 'H:\zhangyaogong\letor40\baselines\AdaRank\source_code\AdaRank_CSharp.exe test -data H:\zhangyaogong\letor40\datasets\OHSUMED\Fold5\vali.txt -model H:\zhangyaogong\letor40\baselines\AdaRank\data\OHSUMED\model -output H:\zhangyaogong\letor40\baselines\AdaRank\data\OHSUMED\score -round 1', mode 'r' at 0x0000000001D1EF60>
<open file 'H:\zhangyaogong\letor40\baselines\AdaRank\source_code\AdaRank_CSharp.exe train -data H:\zhangyaogong\letor40\datasets\OHSUMED\Fold5\train.txt -model H:\zhangyaogong\letor40\baselines\AdaRank\data\OHSUMED\Fold5\model -round 1 -measure NDCG', mode 'r' at 0x00000000023826F0>
<open file 'H:\zhangyaogong\letor40\baselines\AdaRank\source_code\AdaRank_CSharp.exe test -data H:\zhangyaogong\letor40\datasets\OHSUMED\Fold5\vali.txt -model H:\zhangyaogong\letor40\baselines\AdaRank\data\OHSUMED\model -output H:\zhangyaogong\letor40\baselines\AdaRank\data\OHSUMED\score -round 41', mode 'r' at 0x0000000001D1EF60>
<open file 'H:\zhangyaogong\letor40\baselines\AdaRank\source_code\AdaRank_CSharp.exe train -data H:\zhangyaogong\letor40\datasets\OHSUMED\Fold5\train.txt -model H:\zhangyaogong\letor40\baselines\AdaRank\data\OHSUMED\Fold5\model -round 41 -measure NDCG', mode 'r' at 0x00000000023826F0>
<open file 'H:\zhangyaogong\letor40\baselines\AdaRank\source_code\AdaRank_CSharp.exe test -data H:\zhangyaogong\letor40\datasets\OHSUMED\Fold5\vali.txt -model H:\zhangyaogong\letor40\baselines\AdaRank\data\OHSUMED\model -output H:\zhangyaogong\letor40\baselines\AdaRank\data\OHSUMED\score -round 81', mode 'r' at 0x0000000001D1EF60>
<open file 'H:\zhangyaogong\letor40\baselines\AdaRank\source_code\AdaRank_CSharp.exe train -data H:\zhangyaogong\letor40\datasets\OHSUMED\Fold5\train.txt -model H:\zhangyaogong\letor40\baselines\AdaRank\data\OHSUMED\Fold5\model -round 41 -measure NDCG', mode 'r' at 0x00000000023826F0>
<open file 'H:\zhangyaogong\letor40\baselines\AdaRank\source_code\AdaRank_CSharp.exe test -data H:\zhangyaogong\letor40\datasets\OHSUMED\Fold5\vali.txt -model H:\zhangyaogong\letor40\baselines\AdaRank\data\OHSUMED\model -output H:\zhangyaogong\letor40\baselines\AdaRank\data\OHSUMED\score -round 121', mode 'r' at 0x0000000001D1EF60>
<open file 'H:\zhangyaogong\letor40\baselines\AdaRank\source_code\AdaRank_CSharp.exe train -data H:\zhangyaogong\letor40\datasets\OHSUMED\Fold5\train.txt -model H:\zhangyaogong\letor40\baselines\AdaRank\data\OHSUMED\Fold5\model -round 41 -measure NDCG', mode 'r' at 0x00000000023826F0>
<open file 'H:\zhangyaogong\letor40\baselines\AdaRank\source_code\AdaRank_CSharp.exe test -data H:\zhangyaogong\letor40\datasets\OHSUMED\Fold5\vali.txt -model H:\zhangyaogong\letor40\baselines\AdaRank\data\OHSUMED\model -output H:\zhangyaogong\letor40\baselines\AdaRank\data\OHSUMED\score -round 161', mode 'r' at 0x0000000001D1EF60>
<open file 'H:\zhangyaogong\letor40\baselines\AdaRank\source_code\AdaRank_CSharp.exe train -data H:\zhangyaogong\letor40\datasets\OHSUMED\Fold5\train.txt -model H:\zhangyaogong\letor40\baselines\AdaRank\data\OHSUMED\Fold5\model -round 161 -measure NDCG', mode 'r' at 0x00000000023826F0>
[03-26 09:35:06]: Fold5 ends training
[03-26 09:35:06]: Fold5 starts testing
<open file 'H:\zhangyaogong\letor40\baselines\AdaRank\source_code\AdaRank_CSharp.exe test -data H:\zhangyaogong\letor40\datasets\OHSUMED\Fold5\test.txt -model H:\zhangyaogong\letor40\baselines\AdaRank\data\OHSUMED\Fold5\model -output H:\zhangyaogong\letor40\baselines\AdaRank\data\OHSUMED\Fold5\test.score -round 161', mode 'r' at 0x0000000001D1EF60>
<open file 'H:\zhangyaogong\letor40\baselines\AdaRank\source_code\AdaRank_CSharp.exe test -data H:\zhangyaogong\letor40\datasets\OHSUMED\Fold5\vali.txt -model H:\zhangyaogong\letor40\baselines\AdaRank\data\OHSUMED\Fold5\model -output H:\zhangyaogong\letor40\baselines\AdaRank\data\OHSUMED\Fold5\vali.score -round 161', mode 'r' at 0x0000000001D1EF60>
<open file 'H:\zhangyaogong\letor40\baselines\AdaRank\source_code\AdaRank_CSharp.exe test -data H:\zhangyaogong\letor40\datasets\OHSUMED\Fold5\train.txt -model H:\zhangyaogong\letor40\baselines\AdaRank\data\OHSUMED\Fold5\model -output H:\zhangyaogong\letor40\baselines\AdaRank\data\OHSUMED\Fold5\train.score -round 161', mode 'r' at 0x0000000001D1EF60>
[03-26 09:35:07]: Fold5 ends testing
[03-26 09:35:07]: begin to write results into files
[03-26 09:35:07]: writing files done
