[03-26 09:48:07]: training starts
[03-26 09:48:07]: Fold1 starts training
[03-26 09:48:07]: ROUND 200
<open file 'H:\zhangyaogong\letor40\baselines\AdaRank\source_code\AdaRank_CSharp.exe train -data H:\zhangyaogong\letor40\datasets\OHSUMED\Fold1\train.txt -model H:\zhangyaogong\letor40\baselines\AdaRank\data\OHSUMED\model -round 200 -measure MAP', mode 'r' at 0x00000000023526F0>
<open file 'H:\zhangyaogong\letor40\baselines\AdaRank\source_code\AdaRank_CSharp.exe test -data H:\zhangyaogong\letor40\datasets\OHSUMED\Fold1\vali.txt -model H:\zhangyaogong\letor40\baselines\AdaRank\data\OHSUMED\model -output H:\zhangyaogong\letor40\baselines\AdaRank\data\OHSUMED\score -round 1', mode 'r' at 0x00000000023526F0>
<open file 'H:\zhangyaogong\letor40\baselines\AdaRank\source_code\AdaRank_CSharp.exe train -data H:\zhangyaogong\letor40\datasets\OHSUMED\Fold1\train.txt -model H:\zhangyaogong\letor40\baselines\AdaRank\data\OHSUMED\Fold1\model -round 1 -measure MAP', mode 'r' at 0x00000000023526F0>
<open file 'H:\zhangyaogong\letor40\baselines\AdaRank\source_code\AdaRank_CSharp.exe test -data H:\zhangyaogong\letor40\datasets\OHSUMED\Fold1\vali.txt -model H:\zhangyaogong\letor40\baselines\AdaRank\data\OHSUMED\model -output H:\zhangyaogong\letor40\baselines\AdaRank\data\OHSUMED\score -round 41', mode 'r' at 0x0000000002352780>
<open file 'H:\zhangyaogong\letor40\baselines\AdaRank\source_code\AdaRank_CSharp.exe train -data H:\zhangyaogong\letor40\datasets\OHSUMED\Fold1\train.txt -model H:\zhangyaogong\letor40\baselines\AdaRank\data\OHSUMED\Fold1\model -round 1 -measure MAP', mode 'r' at 0x0000000002352780>
<open file 'H:\zhangyaogong\letor40\baselines\AdaRank\source_code\AdaRank_CSharp.exe test -data H:\zhangyaogong\letor40\datasets\OHSUMED\Fold1\vali.txt -model H:\zhangyaogong\letor40\baselines\AdaRank\data\OHSUMED\model -output H:\zhangyaogong\letor40\baselines\AdaRank\data\OHSUMED\score -round 81', mode 'r' at 0x00000000023526F0>
<open file 'H:\zhangyaogong\letor40\baselines\AdaRank\source_code\AdaRank_CSharp.exe train -data H:\zhangyaogong\letor40\datasets\OHSUMED\Fold1\train.txt -model H:\zhangyaogong\letor40\baselines\AdaRank\data\OHSUMED\Fold1\model -round 81 -measure MAP', mode 'r' at 0x00000000023526F0>
<open file 'H:\zhangyaogong\letor40\baselines\AdaRank\source_code\AdaRank_CSharp.exe test -data H:\zhangyaogong\letor40\datasets\OHSUMED\Fold1\vali.txt -model H:\zhangyaogong\letor40\baselines\AdaRank\data\OHSUMED\model -output H:\zhangyaogong\letor40\baselines\AdaRank\data\OHSUMED\score -round 121', mode 'r' at 0x0000000002352780>
<open file 'H:\zhangyaogong\letor40\baselines\AdaRank\source_code\AdaRank_CSharp.exe train -data H:\zhangyaogong\letor40\datasets\OHSUMED\Fold1\train.txt -model H:\zhangyaogong\letor40\baselines\AdaRank\data\OHSUMED\Fold1\model -round 121 -measure MAP', mode 'r' at 0x0000000002352780>
<open file 'H:\zhangyaogong\letor40\baselines\AdaRank\source_code\AdaRank_CSharp.exe test -data H:\zhangyaogong\letor40\datasets\OHSUMED\Fold1\vali.txt -model H:\zhangyaogong\letor40\baselines\AdaRank\data\OHSUMED\model -output H:\zhangyaogong\letor40\baselines\AdaRank\data\OHSUMED\score -round 161', mode 'r' at 0x00000000023526F0>
<open file 'H:\zhangyaogong\letor40\baselines\AdaRank\source_code\AdaRank_CSharp.exe train -data H:\zhangyaogong\letor40\datasets\OHSUMED\Fold1\train.txt -model H:\zhangyaogong\letor40\baselines\AdaRank\data\OHSUMED\Fold1\model -round 161 -measure MAP', mode 'r' at 0x00000000023526F0>
[03-26 09:48:26]: Fold1 ends training
[03-26 09:48:26]: Fold1 starts testing
<open file 'H:\zhangyaogong\letor40\baselines\AdaRank\source_code\AdaRank_CSharp.exe test -data H:\zhangyaogong\letor40\datasets\OHSUMED\Fold1\test.txt -model H:\zhangyaogong\letor40\baselines\AdaRank\data\OHSUMED\Fold1\model -output H:\zhangyaogong\letor40\baselines\AdaRank\data\OHSUMED\Fold1\test.score -round 161', mode 'r' at 0x0000000002352780>
<open file 'H:\zhangyaogong\letor40\baselines\AdaRank\source_code\AdaRank_CSharp.exe test -data H:\zhangyaogong\letor40\datasets\OHSUMED\Fold1\vali.txt -model H:\zhangyaogong\letor40\baselines\AdaRank\data\OHSUMED\Fold1\model -output H:\zhangyaogong\letor40\baselines\AdaRank\data\OHSUMED\Fold1\vali.score -round 161', mode 'r' at 0x00000000023526F0>
<open file 'H:\zhangyaogong\letor40\baselines\AdaRank\source_code\AdaRank_CSharp.exe test -data H:\zhangyaogong\letor40\datasets\OHSUMED\Fold1\train.txt -model H:\zhangyaogong\letor40\baselines\AdaRank\data\OHSUMED\Fold1\model -output H:\zhangyaogong\letor40\baselines\AdaRank\data\OHSUMED\Fold1\train.score -round 161', mode 'r' at 0x0000000002352780>
[03-26 09:48:28]: Fold1 ends testing
[03-26 09:48:28]: Fold2 starts training
[03-26 09:48:28]: ROUND 200
<open file 'H:\zhangyaogong\letor40\baselines\AdaRank\source_code\AdaRank_CSharp.exe train -data H:\zhangyaogong\letor40\datasets\OHSUMED\Fold2\train.txt -model H:\zhangyaogong\letor40\baselines\AdaRank\data\OHSUMED\model -round 200 -measure MAP', mode 'r' at 0x00000000023526F0>
<open file 'H:\zhangyaogong\letor40\baselines\AdaRank\source_code\AdaRank_CSharp.exe test -data H:\zhangyaogong\letor40\datasets\OHSUMED\Fold2\vali.txt -model H:\zhangyaogong\letor40\baselines\AdaRank\data\OHSUMED\model -output H:\zhangyaogong\letor40\baselines\AdaRank\data\OHSUMED\score -round 1', mode 'r' at 0x00000000023526F0>
<open file 'H:\zhangyaogong\letor40\baselines\AdaRank\source_code\AdaRank_CSharp.exe train -data H:\zhangyaogong\letor40\datasets\OHSUMED\Fold2\train.txt -model H:\zhangyaogong\letor40\baselines\AdaRank\data\OHSUMED\Fold2\model -round 1 -measure MAP', mode 'r' at 0x00000000023526F0>
<open file 'H:\zhangyaogong\letor40\baselines\AdaRank\source_code\AdaRank_CSharp.exe test -data H:\zhangyaogong\letor40\datasets\OHSUMED\Fold2\vali.txt -model H:\zhangyaogong\letor40\baselines\AdaRank\data\OHSUMED\model -output H:\zhangyaogong\letor40\baselines\AdaRank\data\OHSUMED\score -round 41', mode 'r' at 0x0000000002352780>
<open file 'H:\zhangyaogong\letor40\baselines\AdaRank\source_code\AdaRank_CSharp.exe train -data H:\zhangyaogong\letor40\datasets\OHSUMED\Fold2\train.txt -model H:\zhangyaogong\letor40\baselines\AdaRank\data\OHSUMED\Fold2\model -round 1 -measure MAP', mode 'r' at 0x0000000002352780>
<open file 'H:\zhangyaogong\letor40\baselines\AdaRank\source_code\AdaRank_CSharp.exe test -data H:\zhangyaogong\letor40\datasets\OHSUMED\Fold2\vali.txt -model H:\zhangyaogong\letor40\baselines\AdaRank\data\OHSUMED\model -output H:\zhangyaogong\letor40\baselines\AdaRank\data\OHSUMED\score -round 81', mode 'r' at 0x00000000023526F0>
<open file 'H:\zhangyaogong\letor40\baselines\AdaRank\source_code\AdaRank_CSharp.exe train -data H:\zhangyaogong\letor40\datasets\OHSUMED\Fold2\train.txt -model H:\zhangyaogong\letor40\baselines\AdaRank\data\OHSUMED\Fold2\model -round 81 -measure MAP', mode 'r' at 0x00000000023526F0>
<open file 'H:\zhangyaogong\letor40\baselines\AdaRank\source_code\AdaRank_CSharp.exe test -data H:\zhangyaogong\letor40\datasets\OHSUMED\Fold2\vali.txt -model H:\zhangyaogong\letor40\baselines\AdaRank\data\OHSUMED\model -output H:\zhangyaogong\letor40\baselines\AdaRank\data\OHSUMED\score -round 121', mode 'r' at 0x0000000002352780>
<open file 'H:\zhangyaogong\letor40\baselines\AdaRank\source_code\AdaRank_CSharp.exe train -data H:\zhangyaogong\letor40\datasets\OHSUMED\Fold2\train.txt -model H:\zhangyaogong\letor40\baselines\AdaRank\data\OHSUMED\Fold2\model -round 81 -measure MAP', mode 'r' at 0x0000000002352780>
<open file 'H:\zhangyaogong\letor40\baselines\AdaRank\source_code\AdaRank_CSharp.exe test -data H:\zhangyaogong\letor40\datasets\OHSUMED\Fold2\vali.txt -model H:\zhangyaogong\letor40\baselines\AdaRank\data\OHSUMED\model -output H:\zhangyaogong\letor40\baselines\AdaRank\data\OHSUMED\score -round 161', mode 'r' at 0x00000000023526F0>
<open file 'H:\zhangyaogong\letor40\baselines\AdaRank\source_code\AdaRank_CSharp.exe train -data H:\zhangyaogong\letor40\datasets\OHSUMED\Fold2\train.txt -model H:\zhangyaogong\letor40\baselines\AdaRank\data\OHSUMED\Fold2\model -round 81 -measure MAP', mode 'r' at 0x00000000023526F0>
[03-26 09:48:46]: Fold2 ends training
[03-26 09:48:46]: Fold2 starts testing
<open file 'H:\zhangyaogong\letor40\baselines\AdaRank\source_code\AdaRank_CSharp.exe test -data H:\zhangyaogong\letor40\datasets\OHSUMED\Fold2\test.txt -model H:\zhangyaogong\letor40\baselines\AdaRank\data\OHSUMED\Fold2\model -output H:\zhangyaogong\letor40\baselines\AdaRank\data\OHSUMED\Fold2\test.score -round 81', mode 'r' at 0x0000000002352780>
<open file 'H:\zhangyaogong\letor40\baselines\AdaRank\source_code\AdaRank_CSharp.exe test -data H:\zhangyaogong\letor40\datasets\OHSUMED\Fold2\vali.txt -model H:\zhangyaogong\letor40\baselines\AdaRank\data\OHSUMED\Fold2\model -output H:\zhangyaogong\letor40\baselines\AdaRank\data\OHSUMED\Fold2\vali.score -round 81', mode 'r' at 0x00000000023526F0>
<open file 'H:\zhangyaogong\letor40\baselines\AdaRank\source_code\AdaRank_CSharp.exe test -data H:\zhangyaogong\letor40\datasets\OHSUMED\Fold2\train.txt -model H:\zhangyaogong\letor40\baselines\AdaRank\data\OHSUMED\Fold2\model -output H:\zhangyaogong\letor40\baselines\AdaRank\data\OHSUMED\Fold2\train.score -round 81', mode 'r' at 0x0000000002352780>
[03-26 09:48:47]: Fold2 ends testing
[03-26 09:48:47]: Fold3 starts training
[03-26 09:48:47]: ROUND 200
<open file 'H:\zhangyaogong\letor40\baselines\AdaRank\source_code\AdaRank_CSharp.exe train -data H:\zhangyaogong\letor40\datasets\OHSUMED\Fold3\train.txt -model H:\zhangyaogong\letor40\baselines\AdaRank\data\OHSUMED\model -round 200 -measure MAP', mode 'r' at 0x00000000023526F0>
<open file 'H:\zhangyaogong\letor40\baselines\AdaRank\source_code\AdaRank_CSharp.exe test -data H:\zhangyaogong\letor40\datasets\OHSUMED\Fold3\vali.txt -model H:\zhangyaogong\letor40\baselines\AdaRank\data\OHSUMED\model -output H:\zhangyaogong\letor40\baselines\AdaRank\data\OHSUMED\score -round 1', mode 'r' at 0x00000000023526F0>
<open file 'H:\zhangyaogong\letor40\baselines\AdaRank\source_code\AdaRank_CSharp.exe train -data H:\zhangyaogong\letor40\datasets\OHSUMED\Fold3\train.txt -model H:\zhangyaogong\letor40\baselines\AdaRank\data\OHSUMED\Fold3\model -round 1 -measure MAP', mode 'r' at 0x00000000023526F0>
<open file 'H:\zhangyaogong\letor40\baselines\AdaRank\source_code\AdaRank_CSharp.exe test -data H:\zhangyaogong\letor40\datasets\OHSUMED\Fold3\vali.txt -model H:\zhangyaogong\letor40\baselines\AdaRank\data\OHSUMED\model -output H:\zhangyaogong\letor40\baselines\AdaRank\data\OHSUMED\score -round 41', mode 'r' at 0x0000000002352780>
<open file 'H:\zhangyaogong\letor40\baselines\AdaRank\source_code\AdaRank_CSharp.exe train -data H:\zhangyaogong\letor40\datasets\OHSUMED\Fold3\train.txt -model H:\zhangyaogong\letor40\baselines\AdaRank\data\OHSUMED\Fold3\model -round 41 -measure MAP', mode 'r' at 0x0000000002352780>
<open file 'H:\zhangyaogong\letor40\baselines\AdaRank\source_code\AdaRank_CSharp.exe test -data H:\zhangyaogong\letor40\datasets\OHSUMED\Fold3\vali.txt -model H:\zhangyaogong\letor40\baselines\AdaRank\data\OHSUMED\model -output H:\zhangyaogong\letor40\baselines\AdaRank\data\OHSUMED\score -round 81', mode 'r' at 0x00000000023526F0>
<open file 'H:\zhangyaogong\letor40\baselines\AdaRank\source_code\AdaRank_CSharp.exe train -data H:\zhangyaogong\letor40\datasets\OHSUMED\Fold3\train.txt -model H:\zhangyaogong\letor40\baselines\AdaRank\data\OHSUMED\Fold3\model -round 81 -measure MAP', mode 'r' at 0x00000000023526F0>
<open file 'H:\zhangyaogong\letor40\baselines\AdaRank\source_code\AdaRank_CSharp.exe test -data H:\zhangyaogong\letor40\datasets\OHSUMED\Fold3\vali.txt -model H:\zhangyaogong\letor40\baselines\AdaRank\data\OHSUMED\model -output H:\zhangyaogong\letor40\baselines\AdaRank\data\OHSUMED\score -round 121', mode 'r' at 0x0000000002352780>
<open file 'H:\zhangyaogong\letor40\baselines\AdaRank\source_code\AdaRank_CSharp.exe train -data H:\zhangyaogong\letor40\datasets\OHSUMED\Fold3\train.txt -model H:\zhangyaogong\letor40\baselines\AdaRank\data\OHSUMED\Fold3\model -round 121 -measure MAP', mode 'r' at 0x0000000002352780>
<open file 'H:\zhangyaogong\letor40\baselines\AdaRank\source_code\AdaRank_CSharp.exe test -data H:\zhangyaogong\letor40\datasets\OHSUMED\Fold3\vali.txt -model H:\zhangyaogong\letor40\baselines\AdaRank\data\OHSUMED\model -output H:\zhangyaogong\letor40\baselines\AdaRank\data\OHSUMED\score -round 161', mode 'r' at 0x00000000023526F0>
<open file 'H:\zhangyaogong\letor40\baselines\AdaRank\source_code\AdaRank_CSharp.exe train -data H:\zhangyaogong\letor40\datasets\OHSUMED\Fold3\train.txt -model H:\zhangyaogong\letor40\baselines\AdaRank\data\OHSUMED\Fold3\model -round 161 -measure MAP', mode 'r' at 0x00000000023526F0>
[03-26 09:49:09]: Fold3 ends training
[03-26 09:49:09]: Fold3 starts testing
<open file 'H:\zhangyaogong\letor40\baselines\AdaRank\source_code\AdaRank_CSharp.exe test -data H:\zhangyaogong\letor40\datasets\OHSUMED\Fold3\test.txt -model H:\zhangyaogong\letor40\baselines\AdaRank\data\OHSUMED\Fold3\model -output H:\zhangyaogong\letor40\baselines\AdaRank\data\OHSUMED\Fold3\test.score -round 161', mode 'r' at 0x0000000002352780>
<open file 'H:\zhangyaogong\letor40\baselines\AdaRank\source_code\AdaRank_CSharp.exe test -data H:\zhangyaogong\letor40\datasets\OHSUMED\Fold3\vali.txt -model H:\zhangyaogong\letor40\baselines\AdaRank\data\OHSUMED\Fold3\model -output H:\zhangyaogong\letor40\baselines\AdaRank\data\OHSUMED\Fold3\vali.score -round 161', mode 'r' at 0x00000000023526F0>
<open file 'H:\zhangyaogong\letor40\baselines\AdaRank\source_code\AdaRank_CSharp.exe test -data H:\zhangyaogong\letor40\datasets\OHSUMED\Fold3\train.txt -model H:\zhangyaogong\letor40\baselines\AdaRank\data\OHSUMED\Fold3\model -output H:\zhangyaogong\letor40\baselines\AdaRank\data\OHSUMED\Fold3\train.score -round 161', mode 'r' at 0x0000000002352780>
[03-26 09:49:11]: Fold3 ends testing
[03-26 09:49:11]: Fold4 starts training
[03-26 09:49:11]: ROUND 200
<open file 'H:\zhangyaogong\letor40\baselines\AdaRank\source_code\AdaRank_CSharp.exe train -data H:\zhangyaogong\letor40\datasets\OHSUMED\Fold4\train.txt -model H:\zhangyaogong\letor40\baselines\AdaRank\data\OHSUMED\model -round 200 -measure MAP', mode 'r' at 0x0000000001D9EF60>
<open file 'H:\zhangyaogong\letor40\baselines\AdaRank\source_code\AdaRank_CSharp.exe test -data H:\zhangyaogong\letor40\datasets\OHSUMED\Fold4\vali.txt -model H:\zhangyaogong\letor40\baselines\AdaRank\data\OHSUMED\model -output H:\zhangyaogong\letor40\baselines\AdaRank\data\OHSUMED\score -round 1', mode 'r' at 0x0000000001D9EF60>
<open file 'H:\zhangyaogong\letor40\baselines\AdaRank\source_code\AdaRank_CSharp.exe train -data H:\zhangyaogong\letor40\datasets\OHSUMED\Fold4\train.txt -model H:\zhangyaogong\letor40\baselines\AdaRank\data\OHSUMED\Fold4\model -round 1 -measure MAP', mode 'r' at 0x00000000023526F0>
<open file 'H:\zhangyaogong\letor40\baselines\AdaRank\source_code\AdaRank_CSharp.exe test -data H:\zhangyaogong\letor40\datasets\OHSUMED\Fold4\vali.txt -model H:\zhangyaogong\letor40\baselines\AdaRank\data\OHSUMED\model -output H:\zhangyaogong\letor40\baselines\AdaRank\data\OHSUMED\score -round 41', mode 'r' at 0x0000000001D9EF60>
<open file 'H:\zhangyaogong\letor40\baselines\AdaRank\source_code\AdaRank_CSharp.exe train -data H:\zhangyaogong\letor40\datasets\OHSUMED\Fold4\train.txt -model H:\zhangyaogong\letor40\baselines\AdaRank\data\OHSUMED\Fold4\model -round 41 -measure MAP', mode 'r' at 0x00000000023526F0>
<open file 'H:\zhangyaogong\letor40\baselines\AdaRank\source_code\AdaRank_CSharp.exe test -data H:\zhangyaogong\letor40\datasets\OHSUMED\Fold4\vali.txt -model H:\zhangyaogong\letor40\baselines\AdaRank\data\OHSUMED\model -output H:\zhangyaogong\letor40\baselines\AdaRank\data\OHSUMED\score -round 81', mode 'r' at 0x0000000001D9EF60>
<open file 'H:\zhangyaogong\letor40\baselines\AdaRank\source_code\AdaRank_CSharp.exe train -data H:\zhangyaogong\letor40\datasets\OHSUMED\Fold4\train.txt -model H:\zhangyaogong\letor40\baselines\AdaRank\data\OHSUMED\Fold4\model -round 81 -measure MAP', mode 'r' at 0x00000000023526F0>
<open file 'H:\zhangyaogong\letor40\baselines\AdaRank\source_code\AdaRank_CSharp.exe test -data H:\zhangyaogong\letor40\datasets\OHSUMED\Fold4\vali.txt -model H:\zhangyaogong\letor40\baselines\AdaRank\data\OHSUMED\model -output H:\zhangyaogong\letor40\baselines\AdaRank\data\OHSUMED\score -round 121', mode 'r' at 0x0000000001D9EF60>
<open file 'H:\zhangyaogong\letor40\baselines\AdaRank\source_code\AdaRank_CSharp.exe train -data H:\zhangyaogong\letor40\datasets\OHSUMED\Fold4\train.txt -model H:\zhangyaogong\letor40\baselines\AdaRank\data\OHSUMED\Fold4\model -round 121 -measure MAP', mode 'r' at 0x00000000023526F0>
<open file 'H:\zhangyaogong\letor40\baselines\AdaRank\source_code\AdaRank_CSharp.exe test -data H:\zhangyaogong\letor40\datasets\OHSUMED\Fold4\vali.txt -model H:\zhangyaogong\letor40\baselines\AdaRank\data\OHSUMED\model -output H:\zhangyaogong\letor40\baselines\AdaRank\data\OHSUMED\score -round 161', mode 'r' at 0x0000000001D9EF60>
<open file 'H:\zhangyaogong\letor40\baselines\AdaRank\source_code\AdaRank_CSharp.exe train -data H:\zhangyaogong\letor40\datasets\OHSUMED\Fold4\train.txt -model H:\zhangyaogong\letor40\baselines\AdaRank\data\OHSUMED\Fold4\model -round 161 -measure MAP', mode 'r' at 0x00000000023526F0>
[03-26 09:49:33]: Fold4 ends training
[03-26 09:49:33]: Fold4 starts testing
<open file 'H:\zhangyaogong\letor40\baselines\AdaRank\source_code\AdaRank_CSharp.exe test -data H:\zhangyaogong\letor40\datasets\OHSUMED\Fold4\test.txt -model H:\zhangyaogong\letor40\baselines\AdaRank\data\OHSUMED\Fold4\model -output H:\zhangyaogong\letor40\baselines\AdaRank\data\OHSUMED\Fold4\test.score -round 161', mode 'r' at 0x0000000001D9EF60>
<open file 'H:\zhangyaogong\letor40\baselines\AdaRank\source_code\AdaRank_CSharp.exe test -data H:\zhangyaogong\letor40\datasets\OHSUMED\Fold4\vali.txt -model H:\zhangyaogong\letor40\baselines\AdaRank\data\OHSUMED\Fold4\model -output H:\zhangyaogong\letor40\baselines\AdaRank\data\OHSUMED\Fold4\vali.score -round 161', mode 'r' at 0x0000000001D9EF60>
<open file 'H:\zhangyaogong\letor40\baselines\AdaRank\source_code\AdaRank_CSharp.exe test -data H:\zhangyaogong\letor40\datasets\OHSUMED\Fold4\train.txt -model H:\zhangyaogong\letor40\baselines\AdaRank\data\OHSUMED\Fold4\model -output H:\zhangyaogong\letor40\baselines\AdaRank\data\OHSUMED\Fold4\train.score -round 161', mode 'r' at 0x0000000001D9EF60>
[03-26 09:49:34]: Fold4 ends testing
[03-26 09:49:34]: Fold5 starts training
[03-26 09:49:34]: ROUND 200
<open file 'H:\zhangyaogong\letor40\baselines\AdaRank\source_code\AdaRank_CSharp.exe train -data H:\zhangyaogong\letor40\datasets\OHSUMED\Fold5\train.txt -model H:\zhangyaogong\letor40\baselines\AdaRank\data\OHSUMED\model -round 200 -measure MAP', mode 'r' at 0x0000000001D9EF60>
<open file 'H:\zhangyaogong\letor40\baselines\AdaRank\source_code\AdaRank_CSharp.exe test -data H:\zhangyaogong\letor40\datasets\OHSUMED\Fold5\vali.txt -model H:\zhangyaogong\letor40\baselines\AdaRank\data\OHSUMED\model -output H:\zhangyaogong\letor40\baselines\AdaRank\data\OHSUMED\score -round 1', mode 'r' at 0x0000000001D9EF60>
<open file 'H:\zhangyaogong\letor40\baselines\AdaRank\source_code\AdaRank_CSharp.exe train -data H:\zhangyaogong\letor40\datasets\OHSUMED\Fold5\train.txt -model H:\zhangyaogong\letor40\baselines\AdaRank\data\OHSUMED\Fold5\model -round 1 -measure MAP', mode 'r' at 0x00000000023526F0>
<open file 'H:\zhangyaogong\letor40\baselines\AdaRank\source_code\AdaRank_CSharp.exe test -data H:\zhangyaogong\letor40\datasets\OHSUMED\Fold5\vali.txt -model H:\zhangyaogong\letor40\baselines\AdaRank\data\OHSUMED\model -output H:\zhangyaogong\letor40\baselines\AdaRank\data\OHSUMED\score -round 41', mode 'r' at 0x0000000001D9EF60>
<open file 'H:\zhangyaogong\letor40\baselines\AdaRank\source_code\AdaRank_CSharp.exe train -data H:\zhangyaogong\letor40\datasets\OHSUMED\Fold5\train.txt -model H:\zhangyaogong\letor40\baselines\AdaRank\data\OHSUMED\Fold5\model -round 41 -measure MAP', mode 'r' at 0x00000000023526F0>
<open file 'H:\zhangyaogong\letor40\baselines\AdaRank\source_code\AdaRank_CSharp.exe test -data H:\zhangyaogong\letor40\datasets\OHSUMED\Fold5\vali.txt -model H:\zhangyaogong\letor40\baselines\AdaRank\data\OHSUMED\model -output H:\zhangyaogong\letor40\baselines\AdaRank\data\OHSUMED\score -round 81', mode 'r' at 0x0000000001D9EF60>
<open file 'H:\zhangyaogong\letor40\baselines\AdaRank\source_code\AdaRank_CSharp.exe train -data H:\zhangyaogong\letor40\datasets\OHSUMED\Fold5\train.txt -model H:\zhangyaogong\letor40\baselines\AdaRank\data\OHSUMED\Fold5\model -round 41 -measure MAP', mode 'r' at 0x00000000023526F0>
<open file 'H:\zhangyaogong\letor40\baselines\AdaRank\source_code\AdaRank_CSharp.exe test -data H:\zhangyaogong\letor40\datasets\OHSUMED\Fold5\vali.txt -model H:\zhangyaogong\letor40\baselines\AdaRank\data\OHSUMED\model -output H:\zhangyaogong\letor40\baselines\AdaRank\data\OHSUMED\score -round 121', mode 'r' at 0x0000000001D9EF60>
<open file 'H:\zhangyaogong\letor40\baselines\AdaRank\source_code\AdaRank_CSharp.exe train -data H:\zhangyaogong\letor40\datasets\OHSUMED\Fold5\train.txt -model H:\zhangyaogong\letor40\baselines\AdaRank\data\OHSUMED\Fold5\model -round 121 -measure MAP', mode 'r' at 0x00000000023526F0>
<open file 'H:\zhangyaogong\letor40\baselines\AdaRank\source_code\AdaRank_CSharp.exe test -data H:\zhangyaogong\letor40\datasets\OHSUMED\Fold5\vali.txt -model H:\zhangyaogong\letor40\baselines\AdaRank\data\OHSUMED\model -output H:\zhangyaogong\letor40\baselines\AdaRank\data\OHSUMED\score -round 161', mode 'r' at 0x0000000001D9EF60>
<open file 'H:\zhangyaogong\letor40\baselines\AdaRank\source_code\AdaRank_CSharp.exe train -data H:\zhangyaogong\letor40\datasets\OHSUMED\Fold5\train.txt -model H:\zhangyaogong\letor40\baselines\AdaRank\data\OHSUMED\Fold5\model -round 161 -measure MAP', mode 'r' at 0x00000000023526F0>
[03-26 09:49:54]: Fold5 ends training
[03-26 09:49:54]: Fold5 starts testing
<open file 'H:\zhangyaogong\letor40\baselines\AdaRank\source_code\AdaRank_CSharp.exe test -data H:\zhangyaogong\letor40\datasets\OHSUMED\Fold5\test.txt -model H:\zhangyaogong\letor40\baselines\AdaRank\data\OHSUMED\Fold5\model -output H:\zhangyaogong\letor40\baselines\AdaRank\data\OHSUMED\Fold5\test.score -round 161', mode 'r' at 0x0000000001D9EF60>
<open file 'H:\zhangyaogong\letor40\baselines\AdaRank\source_code\AdaRank_CSharp.exe test -data H:\zhangyaogong\letor40\datasets\OHSUMED\Fold5\vali.txt -model H:\zhangyaogong\letor40\baselines\AdaRank\data\OHSUMED\Fold5\model -output H:\zhangyaogong\letor40\baselines\AdaRank\data\OHSUMED\Fold5\vali.score -round 161', mode 'r' at 0x0000000001D9EF60>
<open file 'H:\zhangyaogong\letor40\baselines\AdaRank\source_code\AdaRank_CSharp.exe test -data H:\zhangyaogong\letor40\datasets\OHSUMED\Fold5\train.txt -model H:\zhangyaogong\letor40\baselines\AdaRank\data\OHSUMED\Fold5\model -output H:\zhangyaogong\letor40\baselines\AdaRank\data\OHSUMED\Fold5\train.score -round 161', mode 'r' at 0x0000000001D9EF60>
[03-26 09:49:56]: Fold5 ends testing
[03-26 09:49:56]: begin to write results into files
[03-26 09:49:56]: writing files done
