[03-25 18:40:02]: training starts
[03-25 18:40:02]: Fold1 starts training
[03-25 18:40:02]: ROUND 200
<open file 'H:\zhangyaogong\letor40\baselines\AdaRank\source_code\AdaRank_CSharp.exe train -data H:\zhangyaogong\letor40\datasets\Mq2007\Fold1\train.txt -model H:\zhangyaogong\letor40\baselines\AdaRank\data\Mq2007\model -round 200 -measure MAP', mode 'r' at 0x00000000023626F0>
<open file 'H:\zhangyaogong\letor40\baselines\AdaRank\source_code\AdaRank_CSharp.exe test -data H:\zhangyaogong\letor40\datasets\Mq2007\Fold1\vali.txt -model H:\zhangyaogong\letor40\baselines\AdaRank\data\Mq2007\model -output H:\zhangyaogong\letor40\baselines\AdaRank\data\Mq2007\score -round 1', mode 'r' at 0x00000000023626F0>
<open file 'H:\zhangyaogong\letor40\baselines\AdaRank\source_code\AdaRank_CSharp.exe train -data H:\zhangyaogong\letor40\datasets\Mq2007\Fold1\train.txt -model H:\zhangyaogong\letor40\baselines\AdaRank\data\Mq2007\Fold1\model -round 1 -measure MAP', mode 'r' at 0x00000000023626F0>
<open file 'H:\zhangyaogong\letor40\baselines\AdaRank\source_code\AdaRank_CSharp.exe test -data H:\zhangyaogong\letor40\datasets\Mq2007\Fold1\vali.txt -model H:\zhangyaogong\letor40\baselines\AdaRank\data\Mq2007\model -output H:\zhangyaogong\letor40\baselines\AdaRank\data\Mq2007\score -round 41', mode 'r' at 0x0000000002362780>
<open file 'H:\zhangyaogong\letor40\baselines\AdaRank\source_code\AdaRank_CSharp.exe train -data H:\zhangyaogong\letor40\datasets\Mq2007\Fold1\train.txt -model H:\zhangyaogong\letor40\baselines\AdaRank\data\Mq2007\Fold1\model -round 1 -measure MAP', mode 'r' at 0x0000000002362780>
<open file 'H:\zhangyaogong\letor40\baselines\AdaRank\source_code\AdaRank_CSharp.exe test -data H:\zhangyaogong\letor40\datasets\Mq2007\Fold1\vali.txt -model H:\zhangyaogong\letor40\baselines\AdaRank\data\Mq2007\model -output H:\zhangyaogong\letor40\baselines\AdaRank\data\Mq2007\score -round 81', mode 'r' at 0x00000000023626F0>
<open file 'H:\zhangyaogong\letor40\baselines\AdaRank\source_code\AdaRank_CSharp.exe train -data H:\zhangyaogong\letor40\datasets\Mq2007\Fold1\train.txt -model H:\zhangyaogong\letor40\baselines\AdaRank\data\Mq2007\Fold1\model -round 81 -measure MAP', mode 'r' at 0x00000000023626F0>
<open file 'H:\zhangyaogong\letor40\baselines\AdaRank\source_code\AdaRank_CSharp.exe test -data H:\zhangyaogong\letor40\datasets\Mq2007\Fold1\vali.txt -model H:\zhangyaogong\letor40\baselines\AdaRank\data\Mq2007\model -output H:\zhangyaogong\letor40\baselines\AdaRank\data\Mq2007\score -round 121', mode 'r' at 0x0000000002362780>
<open file 'H:\zhangyaogong\letor40\baselines\AdaRank\source_code\AdaRank_CSharp.exe train -data H:\zhangyaogong\letor40\datasets\Mq2007\Fold1\train.txt -model H:\zhangyaogong\letor40\baselines\AdaRank\data\Mq2007\Fold1\model -round 121 -measure MAP', mode 'r' at 0x0000000002362780>
<open file 'H:\zhangyaogong\letor40\baselines\AdaRank\source_code\AdaRank_CSharp.exe test -data H:\zhangyaogong\letor40\datasets\Mq2007\Fold1\vali.txt -model H:\zhangyaogong\letor40\baselines\AdaRank\data\Mq2007\model -output H:\zhangyaogong\letor40\baselines\AdaRank\data\Mq2007\score -round 161', mode 'r' at 0x00000000023626F0>
<open file 'H:\zhangyaogong\letor40\baselines\AdaRank\source_code\AdaRank_CSharp.exe train -data H:\zhangyaogong\letor40\datasets\Mq2007\Fold1\train.txt -model H:\zhangyaogong\letor40\baselines\AdaRank\data\Mq2007\Fold1\model -round 161 -measure MAP', mode 'r' at 0x00000000023626F0>
[03-25 18:41:28]: Fold1 ends training
[03-25 18:41:28]: Fold1 starts testing
<open file 'H:\zhangyaogong\letor40\baselines\AdaRank\source_code\AdaRank_CSharp.exe test -data H:\zhangyaogong\letor40\datasets\Mq2007\Fold1\test.txt -model H:\zhangyaogong\letor40\baselines\AdaRank\data\Mq2007\Fold1\model -output H:\zhangyaogong\letor40\baselines\AdaRank\data\Mq2007\Fold1\test.score -round 161', mode 'r' at 0x0000000002362780>
<open file 'H:\zhangyaogong\letor40\baselines\AdaRank\source_code\AdaRank_CSharp.exe test -data H:\zhangyaogong\letor40\datasets\Mq2007\Fold1\vali.txt -model H:\zhangyaogong\letor40\baselines\AdaRank\data\Mq2007\Fold1\model -output H:\zhangyaogong\letor40\baselines\AdaRank\data\Mq2007\Fold1\vali.score -round 161', mode 'r' at 0x0000000001DAEF60>
<open file 'H:\zhangyaogong\letor40\baselines\AdaRank\source_code\AdaRank_CSharp.exe test -data H:\zhangyaogong\letor40\datasets\Mq2007\Fold1\train.txt -model H:\zhangyaogong\letor40\baselines\AdaRank\data\Mq2007\Fold1\model -output H:\zhangyaogong\letor40\baselines\AdaRank\data\Mq2007\Fold1\train.score -round 161', mode 'r' at 0x0000000001DAEF60>
[03-25 18:41:36]: Fold1 ends testing
[03-25 18:41:36]: Fold2 starts training
[03-25 18:41:36]: ROUND 200
<open file 'H:\zhangyaogong\letor40\baselines\AdaRank\source_code\AdaRank_CSharp.exe train -data H:\zhangyaogong\letor40\datasets\Mq2007\Fold2\train.txt -model H:\zhangyaogong\letor40\baselines\AdaRank\data\Mq2007\model -round 200 -measure MAP', mode 'r' at 0x0000000001DAEF60>
<open file 'H:\zhangyaogong\letor40\baselines\AdaRank\source_code\AdaRank_CSharp.exe test -data H:\zhangyaogong\letor40\datasets\Mq2007\Fold2\vali.txt -model H:\zhangyaogong\letor40\baselines\AdaRank\data\Mq2007\model -output H:\zhangyaogong\letor40\baselines\AdaRank\data\Mq2007\score -round 1', mode 'r' at 0x0000000001DAEF60>
<open file 'H:\zhangyaogong\letor40\baselines\AdaRank\source_code\AdaRank_CSharp.exe train -data H:\zhangyaogong\letor40\datasets\Mq2007\Fold2\train.txt -model H:\zhangyaogong\letor40\baselines\AdaRank\data\Mq2007\Fold2\model -round 1 -measure MAP', mode 'r' at 0x00000000023626F0>
<open file 'H:\zhangyaogong\letor40\baselines\AdaRank\source_code\AdaRank_CSharp.exe test -data H:\zhangyaogong\letor40\datasets\Mq2007\Fold2\vali.txt -model H:\zhangyaogong\letor40\baselines\AdaRank\data\Mq2007\model -output H:\zhangyaogong\letor40\baselines\AdaRank\data\Mq2007\score -round 41', mode 'r' at 0x0000000001DAEF60>
<open file 'H:\zhangyaogong\letor40\baselines\AdaRank\source_code\AdaRank_CSharp.exe train -data H:\zhangyaogong\letor40\datasets\Mq2007\Fold2\train.txt -model H:\zhangyaogong\letor40\baselines\AdaRank\data\Mq2007\Fold2\model -round 41 -measure MAP', mode 'r' at 0x00000000023626F0>
<open file 'H:\zhangyaogong\letor40\baselines\AdaRank\source_code\AdaRank_CSharp.exe test -data H:\zhangyaogong\letor40\datasets\Mq2007\Fold2\vali.txt -model H:\zhangyaogong\letor40\baselines\AdaRank\data\Mq2007\model -output H:\zhangyaogong\letor40\baselines\AdaRank\data\Mq2007\score -round 81', mode 'r' at 0x0000000001DAEF60>
<open file 'H:\zhangyaogong\letor40\baselines\AdaRank\source_code\AdaRank_CSharp.exe train -data H:\zhangyaogong\letor40\datasets\Mq2007\Fold2\train.txt -model H:\zhangyaogong\letor40\baselines\AdaRank\data\Mq2007\Fold2\model -round 81 -measure MAP', mode 'r' at 0x00000000023626F0>
<open file 'H:\zhangyaogong\letor40\baselines\AdaRank\source_code\AdaRank_CSharp.exe test -data H:\zhangyaogong\letor40\datasets\Mq2007\Fold2\vali.txt -model H:\zhangyaogong\letor40\baselines\AdaRank\data\Mq2007\model -output H:\zhangyaogong\letor40\baselines\AdaRank\data\Mq2007\score -round 121', mode 'r' at 0x0000000001DAEF60>
<open file 'H:\zhangyaogong\letor40\baselines\AdaRank\source_code\AdaRank_CSharp.exe train -data H:\zhangyaogong\letor40\datasets\Mq2007\Fold2\train.txt -model H:\zhangyaogong\letor40\baselines\AdaRank\data\Mq2007\Fold2\model -round 121 -measure MAP', mode 'r' at 0x00000000023626F0>
<open file 'H:\zhangyaogong\letor40\baselines\AdaRank\source_code\AdaRank_CSharp.exe test -data H:\zhangyaogong\letor40\datasets\Mq2007\Fold2\vali.txt -model H:\zhangyaogong\letor40\baselines\AdaRank\data\Mq2007\model -output H:\zhangyaogong\letor40\baselines\AdaRank\data\Mq2007\score -round 161', mode 'r' at 0x0000000001DAEF60>
<open file 'H:\zhangyaogong\letor40\baselines\AdaRank\source_code\AdaRank_CSharp.exe train -data H:\zhangyaogong\letor40\datasets\Mq2007\Fold2\train.txt -model H:\zhangyaogong\letor40\baselines\AdaRank\data\Mq2007\Fold2\model -round 161 -measure MAP', mode 'r' at 0x00000000023626F0>
[03-25 18:43:00]: Fold2 ends training
[03-25 18:43:00]: Fold2 starts testing
<open file 'H:\zhangyaogong\letor40\baselines\AdaRank\source_code\AdaRank_CSharp.exe test -data H:\zhangyaogong\letor40\datasets\Mq2007\Fold2\test.txt -model H:\zhangyaogong\letor40\baselines\AdaRank\data\Mq2007\Fold2\model -output H:\zhangyaogong\letor40\baselines\AdaRank\data\Mq2007\Fold2\test.score -round 161', mode 'r' at 0x0000000001DAEF60>
<open file 'H:\zhangyaogong\letor40\baselines\AdaRank\source_code\AdaRank_CSharp.exe test -data H:\zhangyaogong\letor40\datasets\Mq2007\Fold2\vali.txt -model H:\zhangyaogong\letor40\baselines\AdaRank\data\Mq2007\Fold2\model -output H:\zhangyaogong\letor40\baselines\AdaRank\data\Mq2007\Fold2\vali.score -round 161', mode 'r' at 0x0000000001DAEF60>
<open file 'H:\zhangyaogong\letor40\baselines\AdaRank\source_code\AdaRank_CSharp.exe test -data H:\zhangyaogong\letor40\datasets\Mq2007\Fold2\train.txt -model H:\zhangyaogong\letor40\baselines\AdaRank\data\Mq2007\Fold2\model -output H:\zhangyaogong\letor40\baselines\AdaRank\data\Mq2007\Fold2\train.score -round 161', mode 'r' at 0x0000000001DAEF60>
[03-25 18:43:07]: Fold2 ends testing
[03-25 18:43:07]: Fold3 starts training
[03-25 18:43:07]: ROUND 200
<open file 'H:\zhangyaogong\letor40\baselines\AdaRank\source_code\AdaRank_CSharp.exe train -data H:\zhangyaogong\letor40\datasets\Mq2007\Fold3\train.txt -model H:\zhangyaogong\letor40\baselines\AdaRank\data\Mq2007\model -round 200 -measure MAP', mode 'r' at 0x0000000001DAEF60>
<open file 'H:\zhangyaogong\letor40\baselines\AdaRank\source_code\AdaRank_CSharp.exe test -data H:\zhangyaogong\letor40\datasets\Mq2007\Fold3\vali.txt -model H:\zhangyaogong\letor40\baselines\AdaRank\data\Mq2007\model -output H:\zhangyaogong\letor40\baselines\AdaRank\data\Mq2007\score -round 1', mode 'r' at 0x0000000001DAEF60>
<open file 'H:\zhangyaogong\letor40\baselines\AdaRank\source_code\AdaRank_CSharp.exe train -data H:\zhangyaogong\letor40\datasets\Mq2007\Fold3\train.txt -model H:\zhangyaogong\letor40\baselines\AdaRank\data\Mq2007\Fold3\model -round 1 -measure MAP', mode 'r' at 0x00000000023626F0>
<open file 'H:\zhangyaogong\letor40\baselines\AdaRank\source_code\AdaRank_CSharp.exe test -data H:\zhangyaogong\letor40\datasets\Mq2007\Fold3\vali.txt -model H:\zhangyaogong\letor40\baselines\AdaRank\data\Mq2007\model -output H:\zhangyaogong\letor40\baselines\AdaRank\data\Mq2007\score -round 41', mode 'r' at 0x0000000001DAEF60>
<open file 'H:\zhangyaogong\letor40\baselines\AdaRank\source_code\AdaRank_CSharp.exe train -data H:\zhangyaogong\letor40\datasets\Mq2007\Fold3\train.txt -model H:\zhangyaogong\letor40\baselines\AdaRank\data\Mq2007\Fold3\model -round 41 -measure MAP', mode 'r' at 0x00000000023626F0>
<open file 'H:\zhangyaogong\letor40\baselines\AdaRank\source_code\AdaRank_CSharp.exe test -data H:\zhangyaogong\letor40\datasets\Mq2007\Fold3\vali.txt -model H:\zhangyaogong\letor40\baselines\AdaRank\data\Mq2007\model -output H:\zhangyaogong\letor40\baselines\AdaRank\data\Mq2007\score -round 81', mode 'r' at 0x0000000001DAEF60>
<open file 'H:\zhangyaogong\letor40\baselines\AdaRank\source_code\AdaRank_CSharp.exe train -data H:\zhangyaogong\letor40\datasets\Mq2007\Fold3\train.txt -model H:\zhangyaogong\letor40\baselines\AdaRank\data\Mq2007\Fold3\model -round 81 -measure MAP', mode 'r' at 0x00000000023626F0>
<open file 'H:\zhangyaogong\letor40\baselines\AdaRank\source_code\AdaRank_CSharp.exe test -data H:\zhangyaogong\letor40\datasets\Mq2007\Fold3\vali.txt -model H:\zhangyaogong\letor40\baselines\AdaRank\data\Mq2007\model -output H:\zhangyaogong\letor40\baselines\AdaRank\data\Mq2007\score -round 121', mode 'r' at 0x0000000001DAEF60>
<open file 'H:\zhangyaogong\letor40\baselines\AdaRank\source_code\AdaRank_CSharp.exe train -data H:\zhangyaogong\letor40\datasets\Mq2007\Fold3\train.txt -model H:\zhangyaogong\letor40\baselines\AdaRank\data\Mq2007\Fold3\model -round 121 -measure MAP', mode 'r' at 0x00000000023626F0>
<open file 'H:\zhangyaogong\letor40\baselines\AdaRank\source_code\AdaRank_CSharp.exe test -data H:\zhangyaogong\letor40\datasets\Mq2007\Fold3\vali.txt -model H:\zhangyaogong\letor40\baselines\AdaRank\data\Mq2007\model -output H:\zhangyaogong\letor40\baselines\AdaRank\data\Mq2007\score -round 161', mode 'r' at 0x0000000001DAEF60>
<open file 'H:\zhangyaogong\letor40\baselines\AdaRank\source_code\AdaRank_CSharp.exe train -data H:\zhangyaogong\letor40\datasets\Mq2007\Fold3\train.txt -model H:\zhangyaogong\letor40\baselines\AdaRank\data\Mq2007\Fold3\model -round 121 -measure MAP', mode 'r' at 0x00000000023626F0>
[03-25 18:44:26]: Fold3 ends training
[03-25 18:44:26]: Fold3 starts testing
<open file 'H:\zhangyaogong\letor40\baselines\AdaRank\source_code\AdaRank_CSharp.exe test -data H:\zhangyaogong\letor40\datasets\Mq2007\Fold3\test.txt -model H:\zhangyaogong\letor40\baselines\AdaRank\data\Mq2007\Fold3\model -output H:\zhangyaogong\letor40\baselines\AdaRank\data\Mq2007\Fold3\test.score -round 121', mode 'r' at 0x0000000001DAEF60>
<open file 'H:\zhangyaogong\letor40\baselines\AdaRank\source_code\AdaRank_CSharp.exe test -data H:\zhangyaogong\letor40\datasets\Mq2007\Fold3\vali.txt -model H:\zhangyaogong\letor40\baselines\AdaRank\data\Mq2007\Fold3\model -output H:\zhangyaogong\letor40\baselines\AdaRank\data\Mq2007\Fold3\vali.score -round 121', mode 'r' at 0x0000000001DAEF60>
<open file 'H:\zhangyaogong\letor40\baselines\AdaRank\source_code\AdaRank_CSharp.exe test -data H:\zhangyaogong\letor40\datasets\Mq2007\Fold3\train.txt -model H:\zhangyaogong\letor40\baselines\AdaRank\data\Mq2007\Fold3\model -output H:\zhangyaogong\letor40\baselines\AdaRank\data\Mq2007\Fold3\train.score -round 121', mode 'r' at 0x0000000001DAEF60>
[03-25 18:44:34]: Fold3 ends testing
[03-25 18:44:34]: Fold4 starts training
[03-25 18:44:34]: ROUND 200
<open file 'H:\zhangyaogong\letor40\baselines\AdaRank\source_code\AdaRank_CSharp.exe train -data H:\zhangyaogong\letor40\datasets\Mq2007\Fold4\train.txt -model H:\zhangyaogong\letor40\baselines\AdaRank\data\Mq2007\model -round 200 -measure MAP', mode 'r' at 0x0000000001DAEF60>
<open file 'H:\zhangyaogong\letor40\baselines\AdaRank\source_code\AdaRank_CSharp.exe test -data H:\zhangyaogong\letor40\datasets\Mq2007\Fold4\vali.txt -model H:\zhangyaogong\letor40\baselines\AdaRank\data\Mq2007\model -output H:\zhangyaogong\letor40\baselines\AdaRank\data\Mq2007\score -round 1', mode 'r' at 0x0000000001DAEF60>
<open file 'H:\zhangyaogong\letor40\baselines\AdaRank\source_code\AdaRank_CSharp.exe train -data H:\zhangyaogong\letor40\datasets\Mq2007\Fold4\train.txt -model H:\zhangyaogong\letor40\baselines\AdaRank\data\Mq2007\Fold4\model -round 1 -measure MAP', mode 'r' at 0x00000000023626F0>
<open file 'H:\zhangyaogong\letor40\baselines\AdaRank\source_code\AdaRank_CSharp.exe test -data H:\zhangyaogong\letor40\datasets\Mq2007\Fold4\vali.txt -model H:\zhangyaogong\letor40\baselines\AdaRank\data\Mq2007\model -output H:\zhangyaogong\letor40\baselines\AdaRank\data\Mq2007\score -round 41', mode 'r' at 0x0000000001DAEF60>
<open file 'H:\zhangyaogong\letor40\baselines\AdaRank\source_code\AdaRank_CSharp.exe train -data H:\zhangyaogong\letor40\datasets\Mq2007\Fold4\train.txt -model H:\zhangyaogong\letor40\baselines\AdaRank\data\Mq2007\Fold4\model -round 41 -measure MAP', mode 'r' at 0x00000000023626F0>
<open file 'H:\zhangyaogong\letor40\baselines\AdaRank\source_code\AdaRank_CSharp.exe test -data H:\zhangyaogong\letor40\datasets\Mq2007\Fold4\vali.txt -model H:\zhangyaogong\letor40\baselines\AdaRank\data\Mq2007\model -output H:\zhangyaogong\letor40\baselines\AdaRank\data\Mq2007\score -round 81', mode 'r' at 0x0000000001DAEF60>
<open file 'H:\zhangyaogong\letor40\baselines\AdaRank\source_code\AdaRank_CSharp.exe train -data H:\zhangyaogong\letor40\datasets\Mq2007\Fold4\train.txt -model H:\zhangyaogong\letor40\baselines\AdaRank\data\Mq2007\Fold4\model -round 81 -measure MAP', mode 'r' at 0x00000000023626F0>
<open file 'H:\zhangyaogong\letor40\baselines\AdaRank\source_code\AdaRank_CSharp.exe test -data H:\zhangyaogong\letor40\datasets\Mq2007\Fold4\vali.txt -model H:\zhangyaogong\letor40\baselines\AdaRank\data\Mq2007\model -output H:\zhangyaogong\letor40\baselines\AdaRank\data\Mq2007\score -round 121', mode 'r' at 0x0000000001DAEF60>
<open file 'H:\zhangyaogong\letor40\baselines\AdaRank\source_code\AdaRank_CSharp.exe train -data H:\zhangyaogong\letor40\datasets\Mq2007\Fold4\train.txt -model H:\zhangyaogong\letor40\baselines\AdaRank\data\Mq2007\Fold4\model -round 121 -measure MAP', mode 'r' at 0x00000000023626F0>
<open file 'H:\zhangyaogong\letor40\baselines\AdaRank\source_code\AdaRank_CSharp.exe test -data H:\zhangyaogong\letor40\datasets\Mq2007\Fold4\vali.txt -model H:\zhangyaogong\letor40\baselines\AdaRank\data\Mq2007\model -output H:\zhangyaogong\letor40\baselines\AdaRank\data\Mq2007\score -round 161', mode 'r' at 0x0000000001DAEF60>
<open file 'H:\zhangyaogong\letor40\baselines\AdaRank\source_code\AdaRank_CSharp.exe train -data H:\zhangyaogong\letor40\datasets\Mq2007\Fold4\train.txt -model H:\zhangyaogong\letor40\baselines\AdaRank\data\Mq2007\Fold4\model -round 161 -measure MAP', mode 'r' at 0x00000000023626F0>
[03-25 18:45:55]: Fold4 ends training
[03-25 18:45:55]: Fold4 starts testing
<open file 'H:\zhangyaogong\letor40\baselines\AdaRank\source_code\AdaRank_CSharp.exe test -data H:\zhangyaogong\letor40\datasets\Mq2007\Fold4\test.txt -model H:\zhangyaogong\letor40\baselines\AdaRank\data\Mq2007\Fold4\model -output H:\zhangyaogong\letor40\baselines\AdaRank\data\Mq2007\Fold4\test.score -round 161', mode 'r' at 0x0000000001DAEF60>
<open file 'H:\zhangyaogong\letor40\baselines\AdaRank\source_code\AdaRank_CSharp.exe test -data H:\zhangyaogong\letor40\datasets\Mq2007\Fold4\vali.txt -model H:\zhangyaogong\letor40\baselines\AdaRank\data\Mq2007\Fold4\model -output H:\zhangyaogong\letor40\baselines\AdaRank\data\Mq2007\Fold4\vali.score -round 161', mode 'r' at 0x0000000001DAEF60>
<open file 'H:\zhangyaogong\letor40\baselines\AdaRank\source_code\AdaRank_CSharp.exe test -data H:\zhangyaogong\letor40\datasets\Mq2007\Fold4\train.txt -model H:\zhangyaogong\letor40\baselines\AdaRank\data\Mq2007\Fold4\model -output H:\zhangyaogong\letor40\baselines\AdaRank\data\Mq2007\Fold4\train.score -round 161', mode 'r' at 0x0000000001DAEF60>
[03-25 18:46:02]: Fold4 ends testing
[03-25 18:46:02]: Fold5 starts training
[03-25 18:46:02]: ROUND 200
<open file 'H:\zhangyaogong\letor40\baselines\AdaRank\source_code\AdaRank_CSharp.exe train -data H:\zhangyaogong\letor40\datasets\Mq2007\Fold5\train.txt -model H:\zhangyaogong\letor40\baselines\AdaRank\data\Mq2007\model -round 200 -measure MAP', mode 'r' at 0x0000000001DAEF60>
<open file 'H:\zhangyaogong\letor40\baselines\AdaRank\source_code\AdaRank_CSharp.exe test -data H:\zhangyaogong\letor40\datasets\Mq2007\Fold5\vali.txt -model H:\zhangyaogong\letor40\baselines\AdaRank\data\Mq2007\model -output H:\zhangyaogong\letor40\baselines\AdaRank\data\Mq2007\score -round 1', mode 'r' at 0x0000000001DAEF60>
<open file 'H:\zhangyaogong\letor40\baselines\AdaRank\source_code\AdaRank_CSharp.exe train -data H:\zhangyaogong\letor40\datasets\Mq2007\Fold5\train.txt -model H:\zhangyaogong\letor40\baselines\AdaRank\data\Mq2007\Fold5\model -round 1 -measure MAP', mode 'r' at 0x00000000023626F0>
<open file 'H:\zhangyaogong\letor40\baselines\AdaRank\source_code\AdaRank_CSharp.exe test -data H:\zhangyaogong\letor40\datasets\Mq2007\Fold5\vali.txt -model H:\zhangyaogong\letor40\baselines\AdaRank\data\Mq2007\model -output H:\zhangyaogong\letor40\baselines\AdaRank\data\Mq2007\score -round 41', mode 'r' at 0x0000000001DAEF60>
<open file 'H:\zhangyaogong\letor40\baselines\AdaRank\source_code\AdaRank_CSharp.exe train -data H:\zhangyaogong\letor40\datasets\Mq2007\Fold5\train.txt -model H:\zhangyaogong\letor40\baselines\AdaRank\data\Mq2007\Fold5\model -round 1 -measure MAP', mode 'r' at 0x00000000023626F0>
<open file 'H:\zhangyaogong\letor40\baselines\AdaRank\source_code\AdaRank_CSharp.exe test -data H:\zhangyaogong\letor40\datasets\Mq2007\Fold5\vali.txt -model H:\zhangyaogong\letor40\baselines\AdaRank\data\Mq2007\model -output H:\zhangyaogong\letor40\baselines\AdaRank\data\Mq2007\score -round 81', mode 'r' at 0x0000000001DAEF60>
<open file 'H:\zhangyaogong\letor40\baselines\AdaRank\source_code\AdaRank_CSharp.exe train -data H:\zhangyaogong\letor40\datasets\Mq2007\Fold5\train.txt -model H:\zhangyaogong\letor40\baselines\AdaRank\data\Mq2007\Fold5\model -round 81 -measure MAP', mode 'r' at 0x00000000023626F0>
<open file 'H:\zhangyaogong\letor40\baselines\AdaRank\source_code\AdaRank_CSharp.exe test -data H:\zhangyaogong\letor40\datasets\Mq2007\Fold5\vali.txt -model H:\zhangyaogong\letor40\baselines\AdaRank\data\Mq2007\model -output H:\zhangyaogong\letor40\baselines\AdaRank\data\Mq2007\score -round 121', mode 'r' at 0x0000000001DAEF60>
<open file 'H:\zhangyaogong\letor40\baselines\AdaRank\source_code\AdaRank_CSharp.exe train -data H:\zhangyaogong\letor40\datasets\Mq2007\Fold5\train.txt -model H:\zhangyaogong\letor40\baselines\AdaRank\data\Mq2007\Fold5\model -round 121 -measure MAP', mode 'r' at 0x00000000023626F0>
<open file 'H:\zhangyaogong\letor40\baselines\AdaRank\source_code\AdaRank_CSharp.exe test -data H:\zhangyaogong\letor40\datasets\Mq2007\Fold5\vali.txt -model H:\zhangyaogong\letor40\baselines\AdaRank\data\Mq2007\model -output H:\zhangyaogong\letor40\baselines\AdaRank\data\Mq2007\score -round 161', mode 'r' at 0x0000000001DAEF60>
<open file 'H:\zhangyaogong\letor40\baselines\AdaRank\source_code\AdaRank_CSharp.exe train -data H:\zhangyaogong\letor40\datasets\Mq2007\Fold5\train.txt -model H:\zhangyaogong\letor40\baselines\AdaRank\data\Mq2007\Fold5\model -round 161 -measure MAP', mode 'r' at 0x00000000023626F0>
[03-25 18:47:20]: Fold5 ends training
[03-25 18:47:20]: Fold5 starts testing
<open file 'H:\zhangyaogong\letor40\baselines\AdaRank\source_code\AdaRank_CSharp.exe test -data H:\zhangyaogong\letor40\datasets\Mq2007\Fold5\test.txt -model H:\zhangyaogong\letor40\baselines\AdaRank\data\Mq2007\Fold5\model -output H:\zhangyaogong\letor40\baselines\AdaRank\data\Mq2007\Fold5\test.score -round 161', mode 'r' at 0x0000000001DAEF60>
<open file 'H:\zhangyaogong\letor40\baselines\AdaRank\source_code\AdaRank_CSharp.exe test -data H:\zhangyaogong\letor40\datasets\Mq2007\Fold5\vali.txt -model H:\zhangyaogong\letor40\baselines\AdaRank\data\Mq2007\Fold5\model -output H:\zhangyaogong\letor40\baselines\AdaRank\data\Mq2007\Fold5\vali.score -round 161', mode 'r' at 0x0000000001DAEF60>
<open file 'H:\zhangyaogong\letor40\baselines\AdaRank\source_code\AdaRank_CSharp.exe test -data H:\zhangyaogong\letor40\datasets\Mq2007\Fold5\train.txt -model H:\zhangyaogong\letor40\baselines\AdaRank\data\Mq2007\Fold5\model -output H:\zhangyaogong\letor40\baselines\AdaRank\data\Mq2007\Fold5\train.score -round 161', mode 'r' at 0x0000000001DAEF60>
[03-25 18:47:27]: Fold5 ends testing
[03-25 18:47:27]: begin to write results into files
[03-25 18:47:27]: writing files done
