[03-25 19:02:11]: training starts
[03-25 19:02:11]: Fold1 starts training
[03-25 19:02:11]: ROUND 200
<open file 'H:\zhangyaogong\letor40\baselines\AdaRank\source_code\AdaRank_CSharp.exe train -data H:\zhangyaogong\letor40\datasets\Mq2007\Fold1\train.txt -model H:\zhangyaogong\letor40\baselines\AdaRank\data\Mq2007\model -round 200 -measure NDCG', mode 'r' at 0x00000000023826F0>
<open file 'H:\zhangyaogong\letor40\baselines\AdaRank\source_code\AdaRank_CSharp.exe test -data H:\zhangyaogong\letor40\datasets\Mq2007\Fold1\vali.txt -model H:\zhangyaogong\letor40\baselines\AdaRank\data\Mq2007\model -output H:\zhangyaogong\letor40\baselines\AdaRank\data\Mq2007\score -round 1', mode 'r' at 0x00000000023826F0>
<open file 'H:\zhangyaogong\letor40\baselines\AdaRank\source_code\AdaRank_CSharp.exe train -data H:\zhangyaogong\letor40\datasets\Mq2007\Fold1\train.txt -model H:\zhangyaogong\letor40\baselines\AdaRank\data\Mq2007\Fold1\model -round 1 -measure NDCG', mode 'r' at 0x00000000023826F0>
<open file 'H:\zhangyaogong\letor40\baselines\AdaRank\source_code\AdaRank_CSharp.exe test -data H:\zhangyaogong\letor40\datasets\Mq2007\Fold1\vali.txt -model H:\zhangyaogong\letor40\baselines\AdaRank\data\Mq2007\model -output H:\zhangyaogong\letor40\baselines\AdaRank\data\Mq2007\score -round 41', mode 'r' at 0x0000000002382780>
<open file 'H:\zhangyaogong\letor40\baselines\AdaRank\source_code\AdaRank_CSharp.exe train -data H:\zhangyaogong\letor40\datasets\Mq2007\Fold1\train.txt -model H:\zhangyaogong\letor40\baselines\AdaRank\data\Mq2007\Fold1\model -round 1 -measure NDCG', mode 'r' at 0x0000000002382780>
<open file 'H:\zhangyaogong\letor40\baselines\AdaRank\source_code\AdaRank_CSharp.exe test -data H:\zhangyaogong\letor40\datasets\Mq2007\Fold1\vali.txt -model H:\zhangyaogong\letor40\baselines\AdaRank\data\Mq2007\model -output H:\zhangyaogong\letor40\baselines\AdaRank\data\Mq2007\score -round 81', mode 'r' at 0x00000000023826F0>
<open file 'H:\zhangyaogong\letor40\baselines\AdaRank\source_code\AdaRank_CSharp.exe train -data H:\zhangyaogong\letor40\datasets\Mq2007\Fold1\train.txt -model H:\zhangyaogong\letor40\baselines\AdaRank\data\Mq2007\Fold1\model -round 81 -measure NDCG', mode 'r' at 0x00000000023826F0>
<open file 'H:\zhangyaogong\letor40\baselines\AdaRank\source_code\AdaRank_CSharp.exe test -data H:\zhangyaogong\letor40\datasets\Mq2007\Fold1\vali.txt -model H:\zhangyaogong\letor40\baselines\AdaRank\data\Mq2007\model -output H:\zhangyaogong\letor40\baselines\AdaRank\data\Mq2007\score -round 121', mode 'r' at 0x0000000002382780>
<open file 'H:\zhangyaogong\letor40\baselines\AdaRank\source_code\AdaRank_CSharp.exe train -data H:\zhangyaogong\letor40\datasets\Mq2007\Fold1\train.txt -model H:\zhangyaogong\letor40\baselines\AdaRank\data\Mq2007\Fold1\model -round 121 -measure NDCG', mode 'r' at 0x0000000002382780>
<open file 'H:\zhangyaogong\letor40\baselines\AdaRank\source_code\AdaRank_CSharp.exe test -data H:\zhangyaogong\letor40\datasets\Mq2007\Fold1\vali.txt -model H:\zhangyaogong\letor40\baselines\AdaRank\data\Mq2007\model -output H:\zhangyaogong\letor40\baselines\AdaRank\data\Mq2007\score -round 161', mode 'r' at 0x00000000023826F0>
<open file 'H:\zhangyaogong\letor40\baselines\AdaRank\source_code\AdaRank_CSharp.exe train -data H:\zhangyaogong\letor40\datasets\Mq2007\Fold1\train.txt -model H:\zhangyaogong\letor40\baselines\AdaRank\data\Mq2007\Fold1\model -round 161 -measure NDCG', mode 'r' at 0x00000000023826F0>
[03-25 19:02:18]: Fold1 ends training
[03-25 19:02:18]: Fold1 starts testing
<open file 'H:\zhangyaogong\letor40\baselines\AdaRank\source_code\AdaRank_CSharp.exe test -data H:\zhangyaogong\letor40\datasets\Mq2007\Fold1\test.txt -model H:\zhangyaogong\letor40\baselines\AdaRank\data\Mq2007\Fold1\model -output H:\zhangyaogong\letor40\baselines\AdaRank\data\Mq2007\Fold1\test.score -round 161', mode 'r' at 0x0000000002382780>
<open file 'H:\zhangyaogong\letor40\baselines\AdaRank\source_code\AdaRank_CSharp.exe test -data H:\zhangyaogong\letor40\datasets\Mq2007\Fold1\vali.txt -model H:\zhangyaogong\letor40\baselines\AdaRank\data\Mq2007\Fold1\model -output H:\zhangyaogong\letor40\baselines\AdaRank\data\Mq2007\Fold1\vali.score -round 161', mode 'r' at 0x0000000001CDEF60>
<open file 'H:\zhangyaogong\letor40\baselines\AdaRank\source_code\AdaRank_CSharp.exe test -data H:\zhangyaogong\letor40\datasets\Mq2007\Fold1\train.txt -model H:\zhangyaogong\letor40\baselines\AdaRank\data\Mq2007\Fold1\model -output H:\zhangyaogong\letor40\baselines\AdaRank\data\Mq2007\Fold1\train.score -round 161', mode 'r' at 0x0000000001CDEF60>
[03-25 19:02:26]: Fold1 ends testing
[03-25 19:02:26]: Fold2 starts training
[03-25 19:02:26]: ROUND 200
<open file 'H:\zhangyaogong\letor40\baselines\AdaRank\source_code\AdaRank_CSharp.exe train -data H:\zhangyaogong\letor40\datasets\Mq2007\Fold2\train.txt -model H:\zhangyaogong\letor40\baselines\AdaRank\data\Mq2007\model -round 200 -measure NDCG', mode 'r' at 0x0000000001CDEF60>
<open file 'H:\zhangyaogong\letor40\baselines\AdaRank\source_code\AdaRank_CSharp.exe test -data H:\zhangyaogong\letor40\datasets\Mq2007\Fold2\vali.txt -model H:\zhangyaogong\letor40\baselines\AdaRank\data\Mq2007\model -output H:\zhangyaogong\letor40\baselines\AdaRank\data\Mq2007\score -round 1', mode 'r' at 0x0000000001CDEF60>
<open file 'H:\zhangyaogong\letor40\baselines\AdaRank\source_code\AdaRank_CSharp.exe train -data H:\zhangyaogong\letor40\datasets\Mq2007\Fold2\train.txt -model H:\zhangyaogong\letor40\baselines\AdaRank\data\Mq2007\Fold2\model -round 1 -measure NDCG', mode 'r' at 0x00000000023826F0>
<open file 'H:\zhangyaogong\letor40\baselines\AdaRank\source_code\AdaRank_CSharp.exe test -data H:\zhangyaogong\letor40\datasets\Mq2007\Fold2\vali.txt -model H:\zhangyaogong\letor40\baselines\AdaRank\data\Mq2007\model -output H:\zhangyaogong\letor40\baselines\AdaRank\data\Mq2007\score -round 41', mode 'r' at 0x0000000001CDEF60>
<open file 'H:\zhangyaogong\letor40\baselines\AdaRank\source_code\AdaRank_CSharp.exe train -data H:\zhangyaogong\letor40\datasets\Mq2007\Fold2\train.txt -model H:\zhangyaogong\letor40\baselines\AdaRank\data\Mq2007\Fold2\model -round 1 -measure NDCG', mode 'r' at 0x00000000023826F0>
<open file 'H:\zhangyaogong\letor40\baselines\AdaRank\source_code\AdaRank_CSharp.exe test -data H:\zhangyaogong\letor40\datasets\Mq2007\Fold2\vali.txt -model H:\zhangyaogong\letor40\baselines\AdaRank\data\Mq2007\model -output H:\zhangyaogong\letor40\baselines\AdaRank\data\Mq2007\score -round 81', mode 'r' at 0x0000000001CDEF60>
<open file 'H:\zhangyaogong\letor40\baselines\AdaRank\source_code\AdaRank_CSharp.exe train -data H:\zhangyaogong\letor40\datasets\Mq2007\Fold2\train.txt -model H:\zhangyaogong\letor40\baselines\AdaRank\data\Mq2007\Fold2\model -round 1 -measure NDCG', mode 'r' at 0x00000000023826F0>
<open file 'H:\zhangyaogong\letor40\baselines\AdaRank\source_code\AdaRank_CSharp.exe test -data H:\zhangyaogong\letor40\datasets\Mq2007\Fold2\vali.txt -model H:\zhangyaogong\letor40\baselines\AdaRank\data\Mq2007\model -output H:\zhangyaogong\letor40\baselines\AdaRank\data\Mq2007\score -round 121', mode 'r' at 0x0000000001CDEF60>
<open file 'H:\zhangyaogong\letor40\baselines\AdaRank\source_code\AdaRank_CSharp.exe train -data H:\zhangyaogong\letor40\datasets\Mq2007\Fold2\train.txt -model H:\zhangyaogong\letor40\baselines\AdaRank\data\Mq2007\Fold2\model -round 121 -measure NDCG', mode 'r' at 0x00000000023826F0>
<open file 'H:\zhangyaogong\letor40\baselines\AdaRank\source_code\AdaRank_CSharp.exe test -data H:\zhangyaogong\letor40\datasets\Mq2007\Fold2\vali.txt -model H:\zhangyaogong\letor40\baselines\AdaRank\data\Mq2007\model -output H:\zhangyaogong\letor40\baselines\AdaRank\data\Mq2007\score -round 161', mode 'r' at 0x0000000001CDEF60>
<open file 'H:\zhangyaogong\letor40\baselines\AdaRank\source_code\AdaRank_CSharp.exe train -data H:\zhangyaogong\letor40\datasets\Mq2007\Fold2\train.txt -model H:\zhangyaogong\letor40\baselines\AdaRank\data\Mq2007\Fold2\model -round 161 -measure NDCG', mode 'r' at 0x00000000023826F0>
[03-25 19:02:33]: Fold2 ends training
[03-25 19:02:33]: Fold2 starts testing
<open file 'H:\zhangyaogong\letor40\baselines\AdaRank\source_code\AdaRank_CSharp.exe test -data H:\zhangyaogong\letor40\datasets\Mq2007\Fold2\test.txt -model H:\zhangyaogong\letor40\baselines\AdaRank\data\Mq2007\Fold2\model -output H:\zhangyaogong\letor40\baselines\AdaRank\data\Mq2007\Fold2\test.score -round 161', mode 'r' at 0x0000000001CDEF60>
<open file 'H:\zhangyaogong\letor40\baselines\AdaRank\source_code\AdaRank_CSharp.exe test -data H:\zhangyaogong\letor40\datasets\Mq2007\Fold2\vali.txt -model H:\zhangyaogong\letor40\baselines\AdaRank\data\Mq2007\Fold2\model -output H:\zhangyaogong\letor40\baselines\AdaRank\data\Mq2007\Fold2\vali.score -round 161', mode 'r' at 0x0000000001CDEF60>
<open file 'H:\zhangyaogong\letor40\baselines\AdaRank\source_code\AdaRank_CSharp.exe test -data H:\zhangyaogong\letor40\datasets\Mq2007\Fold2\train.txt -model H:\zhangyaogong\letor40\baselines\AdaRank\data\Mq2007\Fold2\model -output H:\zhangyaogong\letor40\baselines\AdaRank\data\Mq2007\Fold2\train.score -round 161', mode 'r' at 0x0000000001CDEF60>
[03-25 19:02:40]: Fold2 ends testing
[03-25 19:02:40]: Fold3 starts training
[03-25 19:02:40]: ROUND 200
<open file 'H:\zhangyaogong\letor40\baselines\AdaRank\source_code\AdaRank_CSharp.exe train -data H:\zhangyaogong\letor40\datasets\Mq2007\Fold3\train.txt -model H:\zhangyaogong\letor40\baselines\AdaRank\data\Mq2007\model -round 200 -measure NDCG', mode 'r' at 0x0000000001CDEF60>
<open file 'H:\zhangyaogong\letor40\baselines\AdaRank\source_code\AdaRank_CSharp.exe test -data H:\zhangyaogong\letor40\datasets\Mq2007\Fold3\vali.txt -model H:\zhangyaogong\letor40\baselines\AdaRank\data\Mq2007\model -output H:\zhangyaogong\letor40\baselines\AdaRank\data\Mq2007\score -round 1', mode 'r' at 0x0000000001CDEF60>
<open file 'H:\zhangyaogong\letor40\baselines\AdaRank\source_code\AdaRank_CSharp.exe train -data H:\zhangyaogong\letor40\datasets\Mq2007\Fold3\train.txt -model H:\zhangyaogong\letor40\baselines\AdaRank\data\Mq2007\Fold3\model -round 1 -measure NDCG', mode 'r' at 0x00000000023826F0>
<open file 'H:\zhangyaogong\letor40\baselines\AdaRank\source_code\AdaRank_CSharp.exe test -data H:\zhangyaogong\letor40\datasets\Mq2007\Fold3\vali.txt -model H:\zhangyaogong\letor40\baselines\AdaRank\data\Mq2007\model -output H:\zhangyaogong\letor40\baselines\AdaRank\data\Mq2007\score -round 41', mode 'r' at 0x0000000001CDEF60>
<open file 'H:\zhangyaogong\letor40\baselines\AdaRank\source_code\AdaRank_CSharp.exe train -data H:\zhangyaogong\letor40\datasets\Mq2007\Fold3\train.txt -model H:\zhangyaogong\letor40\baselines\AdaRank\data\Mq2007\Fold3\model -round 1 -measure NDCG', mode 'r' at 0x00000000023826F0>
<open file 'H:\zhangyaogong\letor40\baselines\AdaRank\source_code\AdaRank_CSharp.exe test -data H:\zhangyaogong\letor40\datasets\Mq2007\Fold3\vali.txt -model H:\zhangyaogong\letor40\baselines\AdaRank\data\Mq2007\model -output H:\zhangyaogong\letor40\baselines\AdaRank\data\Mq2007\score -round 81', mode 'r' at 0x0000000001CDEF60>
<open file 'H:\zhangyaogong\letor40\baselines\AdaRank\source_code\AdaRank_CSharp.exe train -data H:\zhangyaogong\letor40\datasets\Mq2007\Fold3\train.txt -model H:\zhangyaogong\letor40\baselines\AdaRank\data\Mq2007\Fold3\model -round 81 -measure NDCG', mode 'r' at 0x00000000023826F0>
<open file 'H:\zhangyaogong\letor40\baselines\AdaRank\source_code\AdaRank_CSharp.exe test -data H:\zhangyaogong\letor40\datasets\Mq2007\Fold3\vali.txt -model H:\zhangyaogong\letor40\baselines\AdaRank\data\Mq2007\model -output H:\zhangyaogong\letor40\baselines\AdaRank\data\Mq2007\score -round 121', mode 'r' at 0x0000000001CDEF60>
<open file 'H:\zhangyaogong\letor40\baselines\AdaRank\source_code\AdaRank_CSharp.exe train -data H:\zhangyaogong\letor40\datasets\Mq2007\Fold3\train.txt -model H:\zhangyaogong\letor40\baselines\AdaRank\data\Mq2007\Fold3\model -round 121 -measure NDCG', mode 'r' at 0x00000000023826F0>
<open file 'H:\zhangyaogong\letor40\baselines\AdaRank\source_code\AdaRank_CSharp.exe test -data H:\zhangyaogong\letor40\datasets\Mq2007\Fold3\vali.txt -model H:\zhangyaogong\letor40\baselines\AdaRank\data\Mq2007\model -output H:\zhangyaogong\letor40\baselines\AdaRank\data\Mq2007\score -round 161', mode 'r' at 0x0000000001CDEF60>
<open file 'H:\zhangyaogong\letor40\baselines\AdaRank\source_code\AdaRank_CSharp.exe train -data H:\zhangyaogong\letor40\datasets\Mq2007\Fold3\train.txt -model H:\zhangyaogong\letor40\baselines\AdaRank\data\Mq2007\Fold3\model -round 121 -measure NDCG', mode 'r' at 0x00000000023826F0>
[03-25 19:02:48]: Fold3 ends training
[03-25 19:02:48]: Fold3 starts testing
<open file 'H:\zhangyaogong\letor40\baselines\AdaRank\source_code\AdaRank_CSharp.exe test -data H:\zhangyaogong\letor40\datasets\Mq2007\Fold3\test.txt -model H:\zhangyaogong\letor40\baselines\AdaRank\data\Mq2007\Fold3\model -output H:\zhangyaogong\letor40\baselines\AdaRank\data\Mq2007\Fold3\test.score -round 121', mode 'r' at 0x0000000001CDEF60>
<open file 'H:\zhangyaogong\letor40\baselines\AdaRank\source_code\AdaRank_CSharp.exe test -data H:\zhangyaogong\letor40\datasets\Mq2007\Fold3\vali.txt -model H:\zhangyaogong\letor40\baselines\AdaRank\data\Mq2007\Fold3\model -output H:\zhangyaogong\letor40\baselines\AdaRank\data\Mq2007\Fold3\vali.score -round 121', mode 'r' at 0x0000000001CDEF60>
<open file 'H:\zhangyaogong\letor40\baselines\AdaRank\source_code\AdaRank_CSharp.exe test -data H:\zhangyaogong\letor40\datasets\Mq2007\Fold3\train.txt -model H:\zhangyaogong\letor40\baselines\AdaRank\data\Mq2007\Fold3\model -output H:\zhangyaogong\letor40\baselines\AdaRank\data\Mq2007\Fold3\train.score -round 121', mode 'r' at 0x0000000001CDEF60>
[03-25 19:02:55]: Fold3 ends testing
[03-25 19:02:55]: Fold4 starts training
[03-25 19:02:55]: ROUND 200
<open file 'H:\zhangyaogong\letor40\baselines\AdaRank\source_code\AdaRank_CSharp.exe train -data H:\zhangyaogong\letor40\datasets\Mq2007\Fold4\train.txt -model H:\zhangyaogong\letor40\baselines\AdaRank\data\Mq2007\model -round 200 -measure NDCG', mode 'r' at 0x0000000001CDEF60>
<open file 'H:\zhangyaogong\letor40\baselines\AdaRank\source_code\AdaRank_CSharp.exe test -data H:\zhangyaogong\letor40\datasets\Mq2007\Fold4\vali.txt -model H:\zhangyaogong\letor40\baselines\AdaRank\data\Mq2007\model -output H:\zhangyaogong\letor40\baselines\AdaRank\data\Mq2007\score -round 1', mode 'r' at 0x0000000001CDEF60>
<open file 'H:\zhangyaogong\letor40\baselines\AdaRank\source_code\AdaRank_CSharp.exe train -data H:\zhangyaogong\letor40\datasets\Mq2007\Fold4\train.txt -model H:\zhangyaogong\letor40\baselines\AdaRank\data\Mq2007\Fold4\model -round 1 -measure NDCG', mode 'r' at 0x00000000023826F0>
<open file 'H:\zhangyaogong\letor40\baselines\AdaRank\source_code\AdaRank_CSharp.exe test -data H:\zhangyaogong\letor40\datasets\Mq2007\Fold4\vali.txt -model H:\zhangyaogong\letor40\baselines\AdaRank\data\Mq2007\model -output H:\zhangyaogong\letor40\baselines\AdaRank\data\Mq2007\score -round 41', mode 'r' at 0x0000000001CDEF60>
<open file 'H:\zhangyaogong\letor40\baselines\AdaRank\source_code\AdaRank_CSharp.exe train -data H:\zhangyaogong\letor40\datasets\Mq2007\Fold4\train.txt -model H:\zhangyaogong\letor40\baselines\AdaRank\data\Mq2007\Fold4\model -round 1 -measure NDCG', mode 'r' at 0x00000000023826F0>
<open file 'H:\zhangyaogong\letor40\baselines\AdaRank\source_code\AdaRank_CSharp.exe test -data H:\zhangyaogong\letor40\datasets\Mq2007\Fold4\vali.txt -model H:\zhangyaogong\letor40\baselines\AdaRank\data\Mq2007\model -output H:\zhangyaogong\letor40\baselines\AdaRank\data\Mq2007\score -round 81', mode 'r' at 0x0000000001CDEF60>
<open file 'H:\zhangyaogong\letor40\baselines\AdaRank\source_code\AdaRank_CSharp.exe train -data H:\zhangyaogong\letor40\datasets\Mq2007\Fold4\train.txt -model H:\zhangyaogong\letor40\baselines\AdaRank\data\Mq2007\Fold4\model -round 81 -measure NDCG', mode 'r' at 0x00000000023826F0>
<open file 'H:\zhangyaogong\letor40\baselines\AdaRank\source_code\AdaRank_CSharp.exe test -data H:\zhangyaogong\letor40\datasets\Mq2007\Fold4\vali.txt -model H:\zhangyaogong\letor40\baselines\AdaRank\data\Mq2007\model -output H:\zhangyaogong\letor40\baselines\AdaRank\data\Mq2007\score -round 121', mode 'r' at 0x0000000001CDEF60>
<open file 'H:\zhangyaogong\letor40\baselines\AdaRank\source_code\AdaRank_CSharp.exe train -data H:\zhangyaogong\letor40\datasets\Mq2007\Fold4\train.txt -model H:\zhangyaogong\letor40\baselines\AdaRank\data\Mq2007\Fold4\model -round 121 -measure NDCG', mode 'r' at 0x00000000023826F0>
<open file 'H:\zhangyaogong\letor40\baselines\AdaRank\source_code\AdaRank_CSharp.exe test -data H:\zhangyaogong\letor40\datasets\Mq2007\Fold4\vali.txt -model H:\zhangyaogong\letor40\baselines\AdaRank\data\Mq2007\model -output H:\zhangyaogong\letor40\baselines\AdaRank\data\Mq2007\score -round 161', mode 'r' at 0x0000000001CDEF60>
<open file 'H:\zhangyaogong\letor40\baselines\AdaRank\source_code\AdaRank_CSharp.exe train -data H:\zhangyaogong\letor40\datasets\Mq2007\Fold4\train.txt -model H:\zhangyaogong\letor40\baselines\AdaRank\data\Mq2007\Fold4\model -round 161 -measure NDCG', mode 'r' at 0x00000000023826F0>
[03-25 19:03:03]: Fold4 ends training
[03-25 19:03:03]: Fold4 starts testing
<open file 'H:\zhangyaogong\letor40\baselines\AdaRank\source_code\AdaRank_CSharp.exe test -data H:\zhangyaogong\letor40\datasets\Mq2007\Fold4\test.txt -model H:\zhangyaogong\letor40\baselines\AdaRank\data\Mq2007\Fold4\model -output H:\zhangyaogong\letor40\baselines\AdaRank\data\Mq2007\Fold4\test.score -round 161', mode 'r' at 0x0000000001CDEF60>
<open file 'H:\zhangyaogong\letor40\baselines\AdaRank\source_code\AdaRank_CSharp.exe test -data H:\zhangyaogong\letor40\datasets\Mq2007\Fold4\vali.txt -model H:\zhangyaogong\letor40\baselines\AdaRank\data\Mq2007\Fold4\model -output H:\zhangyaogong\letor40\baselines\AdaRank\data\Mq2007\Fold4\vali.score -round 161', mode 'r' at 0x0000000001CDEF60>
<open file 'H:\zhangyaogong\letor40\baselines\AdaRank\source_code\AdaRank_CSharp.exe test -data H:\zhangyaogong\letor40\datasets\Mq2007\Fold4\train.txt -model H:\zhangyaogong\letor40\baselines\AdaRank\data\Mq2007\Fold4\model -output H:\zhangyaogong\letor40\baselines\AdaRank\data\Mq2007\Fold4\train.score -round 161', mode 'r' at 0x0000000001CDEF60>
[03-25 19:03:10]: Fold4 ends testing
[03-25 19:03:10]: Fold5 starts training
[03-25 19:03:10]: ROUND 200
<open file 'H:\zhangyaogong\letor40\baselines\AdaRank\source_code\AdaRank_CSharp.exe train -data H:\zhangyaogong\letor40\datasets\Mq2007\Fold5\train.txt -model H:\zhangyaogong\letor40\baselines\AdaRank\data\Mq2007\model -round 200 -measure NDCG', mode 'r' at 0x0000000001CDEF60>
<open file 'H:\zhangyaogong\letor40\baselines\AdaRank\source_code\AdaRank_CSharp.exe test -data H:\zhangyaogong\letor40\datasets\Mq2007\Fold5\vali.txt -model H:\zhangyaogong\letor40\baselines\AdaRank\data\Mq2007\model -output H:\zhangyaogong\letor40\baselines\AdaRank\data\Mq2007\score -round 1', mode 'r' at 0x0000000001CDEF60>
<open file 'H:\zhangyaogong\letor40\baselines\AdaRank\source_code\AdaRank_CSharp.exe train -data H:\zhangyaogong\letor40\datasets\Mq2007\Fold5\train.txt -model H:\zhangyaogong\letor40\baselines\AdaRank\data\Mq2007\Fold5\model -round 1 -measure NDCG', mode 'r' at 0x00000000023826F0>
<open file 'H:\zhangyaogong\letor40\baselines\AdaRank\source_code\AdaRank_CSharp.exe test -data H:\zhangyaogong\letor40\datasets\Mq2007\Fold5\vali.txt -model H:\zhangyaogong\letor40\baselines\AdaRank\data\Mq2007\model -output H:\zhangyaogong\letor40\baselines\AdaRank\data\Mq2007\score -round 41', mode 'r' at 0x0000000001CDEF60>
<open file 'H:\zhangyaogong\letor40\baselines\AdaRank\source_code\AdaRank_CSharp.exe train -data H:\zhangyaogong\letor40\datasets\Mq2007\Fold5\train.txt -model H:\zhangyaogong\letor40\baselines\AdaRank\data\Mq2007\Fold5\model -round 1 -measure NDCG', mode 'r' at 0x00000000023826F0>
<open file 'H:\zhangyaogong\letor40\baselines\AdaRank\source_code\AdaRank_CSharp.exe test -data H:\zhangyaogong\letor40\datasets\Mq2007\Fold5\vali.txt -model H:\zhangyaogong\letor40\baselines\AdaRank\data\Mq2007\model -output H:\zhangyaogong\letor40\baselines\AdaRank\data\Mq2007\score -round 81', mode 'r' at 0x0000000001CDEF60>
<open file 'H:\zhangyaogong\letor40\baselines\AdaRank\source_code\AdaRank_CSharp.exe train -data H:\zhangyaogong\letor40\datasets\Mq2007\Fold5\train.txt -model H:\zhangyaogong\letor40\baselines\AdaRank\data\Mq2007\Fold5\model -round 1 -measure NDCG', mode 'r' at 0x00000000023826F0>
<open file 'H:\zhangyaogong\letor40\baselines\AdaRank\source_code\AdaRank_CSharp.exe test -data H:\zhangyaogong\letor40\datasets\Mq2007\Fold5\vali.txt -model H:\zhangyaogong\letor40\baselines\AdaRank\data\Mq2007\model -output H:\zhangyaogong\letor40\baselines\AdaRank\data\Mq2007\score -round 121', mode 'r' at 0x0000000001CDEF60>
<open file 'H:\zhangyaogong\letor40\baselines\AdaRank\source_code\AdaRank_CSharp.exe train -data H:\zhangyaogong\letor40\datasets\Mq2007\Fold5\train.txt -model H:\zhangyaogong\letor40\baselines\AdaRank\data\Mq2007\Fold5\model -round 121 -measure NDCG', mode 'r' at 0x00000000023826F0>
<open file 'H:\zhangyaogong\letor40\baselines\AdaRank\source_code\AdaRank_CSharp.exe test -data H:\zhangyaogong\letor40\datasets\Mq2007\Fold5\vali.txt -model H:\zhangyaogong\letor40\baselines\AdaRank\data\Mq2007\model -output H:\zhangyaogong\letor40\baselines\AdaRank\data\Mq2007\score -round 161', mode 'r' at 0x0000000001CDEF60>
<open file 'H:\zhangyaogong\letor40\baselines\AdaRank\source_code\AdaRank_CSharp.exe train -data H:\zhangyaogong\letor40\datasets\Mq2007\Fold5\train.txt -model H:\zhangyaogong\letor40\baselines\AdaRank\data\Mq2007\Fold5\model -round 161 -measure NDCG', mode 'r' at 0x00000000023826F0>
[03-25 19:03:18]: Fold5 ends training
[03-25 19:03:18]: Fold5 starts testing
<open file 'H:\zhangyaogong\letor40\baselines\AdaRank\source_code\AdaRank_CSharp.exe test -data H:\zhangyaogong\letor40\datasets\Mq2007\Fold5\test.txt -model H:\zhangyaogong\letor40\baselines\AdaRank\data\Mq2007\Fold5\model -output H:\zhangyaogong\letor40\baselines\AdaRank\data\Mq2007\Fold5\test.score -round 161', mode 'r' at 0x0000000001CDEF60>
<open file 'H:\zhangyaogong\letor40\baselines\AdaRank\source_code\AdaRank_CSharp.exe test -data H:\zhangyaogong\letor40\datasets\Mq2007\Fold5\vali.txt -model H:\zhangyaogong\letor40\baselines\AdaRank\data\Mq2007\Fold5\model -output H:\zhangyaogong\letor40\baselines\AdaRank\data\Mq2007\Fold5\vali.score -round 161', mode 'r' at 0x0000000001CDEF60>
<open file 'H:\zhangyaogong\letor40\baselines\AdaRank\source_code\AdaRank_CSharp.exe test -data H:\zhangyaogong\letor40\datasets\Mq2007\Fold5\train.txt -model H:\zhangyaogong\letor40\baselines\AdaRank\data\Mq2007\Fold5\model -output H:\zhangyaogong\letor40\baselines\AdaRank\data\Mq2007\Fold5\train.score -round 161', mode 'r' at 0x0000000001CDEF60>
[03-25 19:03:25]: Fold5 ends testing
[03-25 19:03:25]: begin to write results into files
[03-25 19:03:25]: writing files done
