[12-26 17:41:57]: training starts
[12-26 17:41:57]: Fold1 starts training
[12-26 17:41:57]: ROUND 10
<open file 'G:\benchmark\learning_to_rank\letor40\baselines\AdaRank\source_code\AdaRank_CSharp.exe train -data G:\benchmark\learning_to_rank\letor40\datasets\Mq2007\Fold1\train.txt -model G:\benchmark\learning_to_rank\letor40\baselines\AdaRank\data\Mq2007\model -round 10 -measure MAP', mode 'r' at 0x000000000232E270>
<open file 'G:\benchmark\learning_to_rank\letor40\baselines\AdaRank\source_code\AdaRank_CSharp.exe test -data G:\benchmark\learning_to_rank\letor40\datasets\Mq2007\Fold1\vali.txt -model G:\benchmark\learning_to_rank\letor40\baselines\AdaRank\data\Mq2007\model -output G:\benchmark\learning_to_rank\letor40\baselines\AdaRank\data\Mq2007\score -round 1', mode 'r' at 0x000000000232E270>
<open file 'G:\benchmark\learning_to_rank\letor40\baselines\AdaRank\source_code\AdaRank_CSharp.exe train -data G:\benchmark\learning_to_rank\letor40\datasets\Mq2007\Fold1\train.txt -model G:\benchmark\learning_to_rank\letor40\baselines\AdaRank\data\Mq2007\Fold1\model -round 1 -measure MAP', mode 'r' at 0x000000000232E270>
[12-26 17:42:05]: Fold1 ends training
[12-26 17:42:05]: Fold1 starts testing
<open file 'G:\benchmark\learning_to_rank\letor40\baselines\AdaRank\source_code\AdaRank_CSharp.exe test -data G:\benchmark\learning_to_rank\letor40\datasets\Mq2007\Fold1\test.txt -model G:\benchmark\learning_to_rank\letor40\baselines\AdaRank\data\Mq2007\Fold1\model -output G:\benchmark\learning_to_rank\letor40\baselines\AdaRank\data\Mq2007\Fold1\test.score -round 1', mode 'r' at 0x000000000232E300>
<open file 'G:\benchmark\learning_to_rank\letor40\baselines\AdaRank\source_code\AdaRank_CSharp.exe test -data G:\benchmark\learning_to_rank\letor40\datasets\Mq2007\Fold1\vali.txt -model G:\benchmark\learning_to_rank\letor40\baselines\AdaRank\data\Mq2007\Fold1\model -output G:\benchmark\learning_to_rank\letor40\baselines\AdaRank\data\Mq2007\Fold1\vali.score -round 1', mode 'r' at 0x000000000232E270>
<open file 'G:\benchmark\learning_to_rank\letor40\baselines\AdaRank\source_code\AdaRank_CSharp.exe test -data G:\benchmark\learning_to_rank\letor40\datasets\Mq2007\Fold1\train.txt -model G:\benchmark\learning_to_rank\letor40\baselines\AdaRank\data\Mq2007\Fold1\model -output G:\benchmark\learning_to_rank\letor40\baselines\AdaRank\data\Mq2007\Fold1\train.score -round 1', mode 'r' at 0x000000000232E300>
[12-26 17:42:10]: Fold1 ends testing
[12-26 17:42:10]: Fold2 starts training
[12-26 17:42:10]: ROUND 10
<open file 'G:\benchmark\learning_to_rank\letor40\baselines\AdaRank\source_code\AdaRank_CSharp.exe train -data G:\benchmark\learning_to_rank\letor40\datasets\Mq2007\Fold2\train.txt -model G:\benchmark\learning_to_rank\letor40\baselines\AdaRank\data\Mq2007\model -round 10 -measure MAP', mode 'r' at 0x000000000232E270>
<open file 'G:\benchmark\learning_to_rank\letor40\baselines\AdaRank\source_code\AdaRank_CSharp.exe test -data G:\benchmark\learning_to_rank\letor40\datasets\Mq2007\Fold2\vali.txt -model G:\benchmark\learning_to_rank\letor40\baselines\AdaRank\data\Mq2007\model -output G:\benchmark\learning_to_rank\letor40\baselines\AdaRank\data\Mq2007\score -round 1', mode 'r' at 0x000000000232E270>
<open file 'G:\benchmark\learning_to_rank\letor40\baselines\AdaRank\source_code\AdaRank_CSharp.exe train -data G:\benchmark\learning_to_rank\letor40\datasets\Mq2007\Fold2\train.txt -model G:\benchmark\learning_to_rank\letor40\baselines\AdaRank\data\Mq2007\Fold2\model -round 1 -measure MAP', mode 'r' at 0x000000000232E270>
[12-26 17:42:19]: Fold2 ends training
[12-26 17:42:19]: Fold2 starts testing
<open file 'G:\benchmark\learning_to_rank\letor40\baselines\AdaRank\source_code\AdaRank_CSharp.exe test -data G:\benchmark\learning_to_rank\letor40\datasets\Mq2007\Fold2\test.txt -model G:\benchmark\learning_to_rank\letor40\baselines\AdaRank\data\Mq2007\Fold2\model -output G:\benchmark\learning_to_rank\letor40\baselines\AdaRank\data\Mq2007\Fold2\test.score -round 1', mode 'r' at 0x000000000232E300>
<open file 'G:\benchmark\learning_to_rank\letor40\baselines\AdaRank\source_code\AdaRank_CSharp.exe test -data G:\benchmark\learning_to_rank\letor40\datasets\Mq2007\Fold2\vali.txt -model G:\benchmark\learning_to_rank\letor40\baselines\AdaRank\data\Mq2007\Fold2\model -output G:\benchmark\learning_to_rank\letor40\baselines\AdaRank\data\Mq2007\Fold2\vali.score -round 1', mode 'r' at 0x000000000232E270>
<open file 'G:\benchmark\learning_to_rank\letor40\baselines\AdaRank\source_code\AdaRank_CSharp.exe test -data G:\benchmark\learning_to_rank\letor40\datasets\Mq2007\Fold2\train.txt -model G:\benchmark\learning_to_rank\letor40\baselines\AdaRank\data\Mq2007\Fold2\model -output G:\benchmark\learning_to_rank\letor40\baselines\AdaRank\data\Mq2007\Fold2\train.score -round 1', mode 'r' at 0x000000000232E300>
[12-26 17:42:24]: Fold2 ends testing
[12-26 17:42:24]: Fold3 starts training
[12-26 17:42:24]: ROUND 10
<open file 'G:\benchmark\learning_to_rank\letor40\baselines\AdaRank\source_code\AdaRank_CSharp.exe train -data G:\benchmark\learning_to_rank\letor40\datasets\Mq2007\Fold3\train.txt -model G:\benchmark\learning_to_rank\letor40\baselines\AdaRank\data\Mq2007\model -round 10 -measure MAP', mode 'r' at 0x000000000232E270>
<open file 'G:\benchmark\learning_to_rank\letor40\baselines\AdaRank\source_code\AdaRank_CSharp.exe test -data G:\benchmark\learning_to_rank\letor40\datasets\Mq2007\Fold3\vali.txt -model G:\benchmark\learning_to_rank\letor40\baselines\AdaRank\data\Mq2007\model -output G:\benchmark\learning_to_rank\letor40\baselines\AdaRank\data\Mq2007\score -round 1', mode 'r' at 0x000000000232E270>
<open file 'G:\benchmark\learning_to_rank\letor40\baselines\AdaRank\source_code\AdaRank_CSharp.exe train -data G:\benchmark\learning_to_rank\letor40\datasets\Mq2007\Fold3\train.txt -model G:\benchmark\learning_to_rank\letor40\baselines\AdaRank\data\Mq2007\Fold3\model -round 1 -measure MAP', mode 'r' at 0x000000000232E270>
[12-26 17:42:32]: Fold3 ends training
[12-26 17:42:32]: Fold3 starts testing
<open file 'G:\benchmark\learning_to_rank\letor40\baselines\AdaRank\source_code\AdaRank_CSharp.exe test -data G:\benchmark\learning_to_rank\letor40\datasets\Mq2007\Fold3\test.txt -model G:\benchmark\learning_to_rank\letor40\baselines\AdaRank\data\Mq2007\Fold3\model -output G:\benchmark\learning_to_rank\letor40\baselines\AdaRank\data\Mq2007\Fold3\test.score -round 1', mode 'r' at 0x000000000232E300>
<open file 'G:\benchmark\learning_to_rank\letor40\baselines\AdaRank\source_code\AdaRank_CSharp.exe test -data G:\benchmark\learning_to_rank\letor40\datasets\Mq2007\Fold3\vali.txt -model G:\benchmark\learning_to_rank\letor40\baselines\AdaRank\data\Mq2007\Fold3\model -output G:\benchmark\learning_to_rank\letor40\baselines\AdaRank\data\Mq2007\Fold3\vali.score -round 1', mode 'r' at 0x000000000232E270>
<open file 'G:\benchmark\learning_to_rank\letor40\baselines\AdaRank\source_code\AdaRank_CSharp.exe test -data G:\benchmark\learning_to_rank\letor40\datasets\Mq2007\Fold3\train.txt -model G:\benchmark\learning_to_rank\letor40\baselines\AdaRank\data\Mq2007\Fold3\model -output G:\benchmark\learning_to_rank\letor40\baselines\AdaRank\data\Mq2007\Fold3\train.score -round 1', mode 'r' at 0x000000000232E300>
[12-26 17:42:38]: Fold3 ends testing
[12-26 17:42:38]: Fold4 starts training
[12-26 17:42:38]: ROUND 10
<open file 'G:\benchmark\learning_to_rank\letor40\baselines\AdaRank\source_code\AdaRank_CSharp.exe train -data G:\benchmark\learning_to_rank\letor40\datasets\Mq2007\Fold4\train.txt -model G:\benchmark\learning_to_rank\letor40\baselines\AdaRank\data\Mq2007\model -round 10 -measure MAP', mode 'r' at 0x000000000232E270>
<open file 'G:\benchmark\learning_to_rank\letor40\baselines\AdaRank\source_code\AdaRank_CSharp.exe test -data G:\benchmark\learning_to_rank\letor40\datasets\Mq2007\Fold4\vali.txt -model G:\benchmark\learning_to_rank\letor40\baselines\AdaRank\data\Mq2007\model -output G:\benchmark\learning_to_rank\letor40\baselines\AdaRank\data\Mq2007\score -round 1', mode 'r' at 0x000000000232E270>
<open file 'G:\benchmark\learning_to_rank\letor40\baselines\AdaRank\source_code\AdaRank_CSharp.exe train -data G:\benchmark\learning_to_rank\letor40\datasets\Mq2007\Fold4\train.txt -model G:\benchmark\learning_to_rank\letor40\baselines\AdaRank\data\Mq2007\Fold4\model -round 1 -measure MAP', mode 'r' at 0x000000000232E270>
[12-26 17:42:46]: Fold4 ends training
[12-26 17:42:46]: Fold4 starts testing
<open file 'G:\benchmark\learning_to_rank\letor40\baselines\AdaRank\source_code\AdaRank_CSharp.exe test -data G:\benchmark\learning_to_rank\letor40\datasets\Mq2007\Fold4\test.txt -model G:\benchmark\learning_to_rank\letor40\baselines\AdaRank\data\Mq2007\Fold4\model -output G:\benchmark\learning_to_rank\letor40\baselines\AdaRank\data\Mq2007\Fold4\test.score -round 1', mode 'r' at 0x000000000232E300>
<open file 'G:\benchmark\learning_to_rank\letor40\baselines\AdaRank\source_code\AdaRank_CSharp.exe test -data G:\benchmark\learning_to_rank\letor40\datasets\Mq2007\Fold4\vali.txt -model G:\benchmark\learning_to_rank\letor40\baselines\AdaRank\data\Mq2007\Fold4\model -output G:\benchmark\learning_to_rank\letor40\baselines\AdaRank\data\Mq2007\Fold4\vali.score -round 1', mode 'r' at 0x000000000232E270>
<open file 'G:\benchmark\learning_to_rank\letor40\baselines\AdaRank\source_code\AdaRank_CSharp.exe test -data G:\benchmark\learning_to_rank\letor40\datasets\Mq2007\Fold4\train.txt -model G:\benchmark\learning_to_rank\letor40\baselines\AdaRank\data\Mq2007\Fold4\model -output G:\benchmark\learning_to_rank\letor40\baselines\AdaRank\data\Mq2007\Fold4\train.score -round 1', mode 'r' at 0x000000000232E300>
[12-26 17:42:51]: Fold4 ends testing
[12-26 17:42:51]: Fold5 starts training
[12-26 17:42:51]: ROUND 10
<open file 'G:\benchmark\learning_to_rank\letor40\baselines\AdaRank\source_code\AdaRank_CSharp.exe train -data G:\benchmark\learning_to_rank\letor40\datasets\Mq2007\Fold5\train.txt -model G:\benchmark\learning_to_rank\letor40\baselines\AdaRank\data\Mq2007\model -round 10 -measure MAP', mode 'r' at 0x000000000232E270>
<open file 'G:\benchmark\learning_to_rank\letor40\baselines\AdaRank\source_code\AdaRank_CSharp.exe test -data G:\benchmark\learning_to_rank\letor40\datasets\Mq2007\Fold5\vali.txt -model G:\benchmark\learning_to_rank\letor40\baselines\AdaRank\data\Mq2007\model -output G:\benchmark\learning_to_rank\letor40\baselines\AdaRank\data\Mq2007\score -round 1', mode 'r' at 0x000000000232E270>
<open file 'G:\benchmark\learning_to_rank\letor40\baselines\AdaRank\source_code\AdaRank_CSharp.exe train -data G:\benchmark\learning_to_rank\letor40\datasets\Mq2007\Fold5\train.txt -model G:\benchmark\learning_to_rank\letor40\baselines\AdaRank\data\Mq2007\Fold5\model -round 1 -measure MAP', mode 'r' at 0x000000000232E270>
[12-26 17:42:59]: Fold5 ends training
[12-26 17:42:59]: Fold5 starts testing
<open file 'G:\benchmark\learning_to_rank\letor40\baselines\AdaRank\source_code\AdaRank_CSharp.exe test -data G:\benchmark\learning_to_rank\letor40\datasets\Mq2007\Fold5\test.txt -model G:\benchmark\learning_to_rank\letor40\baselines\AdaRank\data\Mq2007\Fold5\model -output G:\benchmark\learning_to_rank\letor40\baselines\AdaRank\data\Mq2007\Fold5\test.score -round 1', mode 'r' at 0x000000000232E300>
<open file 'G:\benchmark\learning_to_rank\letor40\baselines\AdaRank\source_code\AdaRank_CSharp.exe test -data G:\benchmark\learning_to_rank\letor40\datasets\Mq2007\Fold5\vali.txt -model G:\benchmark\learning_to_rank\letor40\baselines\AdaRank\data\Mq2007\Fold5\model -output G:\benchmark\learning_to_rank\letor40\baselines\AdaRank\data\Mq2007\Fold5\vali.score -round 1', mode 'r' at 0x000000000232E270>
<open file 'G:\benchmark\learning_to_rank\letor40\baselines\AdaRank\source_code\AdaRank_CSharp.exe test -data G:\benchmark\learning_to_rank\letor40\datasets\Mq2007\Fold5\train.txt -model G:\benchmark\learning_to_rank\letor40\baselines\AdaRank\data\Mq2007\Fold5\model -output G:\benchmark\learning_to_rank\letor40\baselines\AdaRank\data\Mq2007\Fold5\train.score -round 1', mode 'r' at 0x000000000232E300>
[12-26 17:43:05]: Fold5 ends testing
[12-26 17:43:05]: begin to write results into files
[12-26 17:43:05]: writing files done
