[12-26 17:39:48]: training starts
[12-26 17:39:48]: Fold1 starts training
[12-26 17:39:48]: ROUND 10
<open file 'G:\benchmark\learning_to_rank\letor40\baselines\AdaRank\source_code\AdaRank_CSharp.exe train -data G:\benchmark\learning_to_rank\letor40\datasets\Mq2007\Fold1\train.txt -model G:\benchmark\learning_to_rank\letor40\baselines\AdaRank\data\Mq2007\model -round 10 -measure MAP', mode 'r' at 0x000000000236F270>
<open file 'G:\benchmark\learning_to_rank\letor40\baselines\AdaRank\source_code\AdaRank_CSharp.exe test -data G:\benchmark\learning_to_rank\letor40\datasets\Mq2007\Fold1\vali.txt -model G:\benchmark\learning_to_rank\letor40\baselines\AdaRank\data\Mq2007\model -output G:\benchmark\learning_to_rank\letor40\baselines\AdaRank\data\Mq2007\score -round 1', mode 'r' at 0x000000000236F270>
<open file 'G:\benchmark\learning_to_rank\letor40\baselines\AdaRank\source_code\AdaRank_CSharp.exe train -data G:\benchmark\learning_to_rank\letor40\datasets\Mq2007\Fold1\train.txt -model G:\benchmark\learning_to_rank\letor40\baselines\AdaRank\data\Mq2007\Fold1\model -round 1 -measure MAP', mode 'r' at 0x000000000236F270>
[12-26 17:39:56]: Fold1 ends training
[12-26 17:39:56]: Fold1 starts testing
<open file 'G:\benchmark\learning_to_rank\letor40\baselines\AdaRank\source_code\AdaRank_CSharp.exe test -data G:\benchmark\learning_to_rank\letor40\datasets\Mq2007\Fold1\test.txt -model G:\benchmark\learning_to_rank\letor40\baselines\AdaRank\data\Mq2007\Fold1\model -output G:\benchmark\learning_to_rank\letor40\baselines\AdaRank\data\Mq2007\Fold1\test.score -round 1', mode 'r' at 0x000000000236F300>
<open file 'G:\benchmark\learning_to_rank\letor40\baselines\AdaRank\source_code\AdaRank_CSharp.exe test -data G:\benchmark\learning_to_rank\letor40\datasets\Mq2007\Fold1\vali.txt -model G:\benchmark\learning_to_rank\letor40\baselines\AdaRank\data\Mq2007\Fold1\model -output G:\benchmark\learning_to_rank\letor40\baselines\AdaRank\data\Mq2007\Fold1\vali.score -round 1', mode 'r' at 0x000000000236F270>
<open file 'G:\benchmark\learning_to_rank\letor40\baselines\AdaRank\source_code\AdaRank_CSharp.exe test -data G:\benchmark\learning_to_rank\letor40\datasets\Mq2007\Fold1\train.txt -model G:\benchmark\learning_to_rank\letor40\baselines\AdaRank\data\Mq2007\Fold1\model -output G:\benchmark\learning_to_rank\letor40\baselines\AdaRank\data\Mq2007\Fold1\train.score -round 1', mode 'r' at 0x000000000236F300>
[12-26 17:40:02]: Fold1 ends testing
[12-26 17:40:02]: Fold2 starts training
[12-26 17:40:02]: ROUND 10
<open file 'G:\benchmark\learning_to_rank\letor40\baselines\AdaRank\source_code\AdaRank_CSharp.exe train -data G:\benchmark\learning_to_rank\letor40\datasets\Mq2007\Fold2\train.txt -model G:\benchmark\learning_to_rank\letor40\baselines\AdaRank\data\Mq2007\model -round 10 -measure MAP', mode 'r' at 0x000000000236F270>
<open file 'G:\benchmark\learning_to_rank\letor40\baselines\AdaRank\source_code\AdaRank_CSharp.exe test -data G:\benchmark\learning_to_rank\letor40\datasets\Mq2007\Fold2\vali.txt -model G:\benchmark\learning_to_rank\letor40\baselines\AdaRank\data\Mq2007\model -output G:\benchmark\learning_to_rank\letor40\baselines\AdaRank\data\Mq2007\score -round 1', mode 'r' at 0x000000000236F270>
<open file 'G:\benchmark\learning_to_rank\letor40\baselines\AdaRank\source_code\AdaRank_CSharp.exe train -data G:\benchmark\learning_to_rank\letor40\datasets\Mq2007\Fold2\train.txt -model G:\benchmark\learning_to_rank\letor40\baselines\AdaRank\data\Mq2007\Fold2\model -round 1 -measure MAP', mode 'r' at 0x000000000236F270>
[12-26 17:40:10]: Fold2 ends training
[12-26 17:40:10]: Fold2 starts testing
<open file 'G:\benchmark\learning_to_rank\letor40\baselines\AdaRank\source_code\AdaRank_CSharp.exe test -data G:\benchmark\learning_to_rank\letor40\datasets\Mq2007\Fold2\test.txt -model G:\benchmark\learning_to_rank\letor40\baselines\AdaRank\data\Mq2007\Fold2\model -output G:\benchmark\learning_to_rank\letor40\baselines\AdaRank\data\Mq2007\Fold2\test.score -round 1', mode 'r' at 0x000000000236F300>
<open file 'G:\benchmark\learning_to_rank\letor40\baselines\AdaRank\source_code\AdaRank_CSharp.exe test -data G:\benchmark\learning_to_rank\letor40\datasets\Mq2007\Fold2\vali.txt -model G:\benchmark\learning_to_rank\letor40\baselines\AdaRank\data\Mq2007\Fold2\model -output G:\benchmark\learning_to_rank\letor40\baselines\AdaRank\data\Mq2007\Fold2\vali.score -round 1', mode 'r' at 0x000000000236F270>
<open file 'G:\benchmark\learning_to_rank\letor40\baselines\AdaRank\source_code\AdaRank_CSharp.exe test -data G:\benchmark\learning_to_rank\letor40\datasets\Mq2007\Fold2\train.txt -model G:\benchmark\learning_to_rank\letor40\baselines\AdaRank\data\Mq2007\Fold2\model -output G:\benchmark\learning_to_rank\letor40\baselines\AdaRank\data\Mq2007\Fold2\train.score -round 1', mode 'r' at 0x000000000236F300>
[12-26 17:40:16]: Fold2 ends testing
[12-26 17:40:16]: Fold3 starts training
[12-26 17:40:16]: ROUND 10
<open file 'G:\benchmark\learning_to_rank\letor40\baselines\AdaRank\source_code\AdaRank_CSharp.exe train -data G:\benchmark\learning_to_rank\letor40\datasets\Mq2007\Fold3\train.txt -model G:\benchmark\learning_to_rank\letor40\baselines\AdaRank\data\Mq2007\model -round 10 -measure MAP', mode 'r' at 0x000000000236F270>
<open file 'G:\benchmark\learning_to_rank\letor40\baselines\AdaRank\source_code\AdaRank_CSharp.exe test -data G:\benchmark\learning_to_rank\letor40\datasets\Mq2007\Fold3\vali.txt -model G:\benchmark\learning_to_rank\letor40\baselines\AdaRank\data\Mq2007\model -output G:\benchmark\learning_to_rank\letor40\baselines\AdaRank\data\Mq2007\score -round 1', mode 'r' at 0x000000000236F270>
<open file 'G:\benchmark\learning_to_rank\letor40\baselines\AdaRank\source_code\AdaRank_CSharp.exe train -data G:\benchmark\learning_to_rank\letor40\datasets\Mq2007\Fold3\train.txt -model G:\benchmark\learning_to_rank\letor40\baselines\AdaRank\data\Mq2007\Fold3\model -round 1 -measure MAP', mode 'r' at 0x000000000236F270>
[12-26 17:40:24]: Fold3 ends training
[12-26 17:40:24]: Fold3 starts testing
<open file 'G:\benchmark\learning_to_rank\letor40\baselines\AdaRank\source_code\AdaRank_CSharp.exe test -data G:\benchmark\learning_to_rank\letor40\datasets\Mq2007\Fold3\test.txt -model G:\benchmark\learning_to_rank\letor40\baselines\AdaRank\data\Mq2007\Fold3\model -output G:\benchmark\learning_to_rank\letor40\baselines\AdaRank\data\Mq2007\Fold3\test.score -round 1', mode 'r' at 0x000000000236F300>
<open file 'G:\benchmark\learning_to_rank\letor40\baselines\AdaRank\source_code\AdaRank_CSharp.exe test -data G:\benchmark\learning_to_rank\letor40\datasets\Mq2007\Fold3\vali.txt -model G:\benchmark\learning_to_rank\letor40\baselines\AdaRank\data\Mq2007\Fold3\model -output G:\benchmark\learning_to_rank\letor40\baselines\AdaRank\data\Mq2007\Fold3\vali.score -round 1', mode 'r' at 0x000000000236F270>
<open file 'G:\benchmark\learning_to_rank\letor40\baselines\AdaRank\source_code\AdaRank_CSharp.exe test -data G:\benchmark\learning_to_rank\letor40\datasets\Mq2007\Fold3\train.txt -model G:\benchmark\learning_to_rank\letor40\baselines\AdaRank\data\Mq2007\Fold3\model -output G:\benchmark\learning_to_rank\letor40\baselines\AdaRank\data\Mq2007\Fold3\train.score -round 1', mode 'r' at 0x000000000236F300>
[12-26 17:40:29]: Fold3 ends testing
[12-26 17:40:29]: Fold4 starts training
[12-26 17:40:29]: ROUND 10
<open file 'G:\benchmark\learning_to_rank\letor40\baselines\AdaRank\source_code\AdaRank_CSharp.exe train -data G:\benchmark\learning_to_rank\letor40\datasets\Mq2007\Fold4\train.txt -model G:\benchmark\learning_to_rank\letor40\baselines\AdaRank\data\Mq2007\model -round 10 -measure MAP', mode 'r' at 0x000000000236F270>
<open file 'G:\benchmark\learning_to_rank\letor40\baselines\AdaRank\source_code\AdaRank_CSharp.exe test -data G:\benchmark\learning_to_rank\letor40\datasets\Mq2007\Fold4\vali.txt -model G:\benchmark\learning_to_rank\letor40\baselines\AdaRank\data\Mq2007\model -output G:\benchmark\learning_to_rank\letor40\baselines\AdaRank\data\Mq2007\score -round 1', mode 'r' at 0x000000000236F270>
<open file 'G:\benchmark\learning_to_rank\letor40\baselines\AdaRank\source_code\AdaRank_CSharp.exe train -data G:\benchmark\learning_to_rank\letor40\datasets\Mq2007\Fold4\train.txt -model G:\benchmark\learning_to_rank\letor40\baselines\AdaRank\data\Mq2007\Fold4\model -round 1 -measure MAP', mode 'r' at 0x000000000236F270>
[12-26 17:40:37]: Fold4 ends training
[12-26 17:40:37]: Fold4 starts testing
<open file 'G:\benchmark\learning_to_rank\letor40\baselines\AdaRank\source_code\AdaRank_CSharp.exe test -data G:\benchmark\learning_to_rank\letor40\datasets\Mq2007\Fold4\test.txt -model G:\benchmark\learning_to_rank\letor40\baselines\AdaRank\data\Mq2007\Fold4\model -output G:\benchmark\learning_to_rank\letor40\baselines\AdaRank\data\Mq2007\Fold4\test.score -round 1', mode 'r' at 0x000000000236F300>
<open file 'G:\benchmark\learning_to_rank\letor40\baselines\AdaRank\source_code\AdaRank_CSharp.exe test -data G:\benchmark\learning_to_rank\letor40\datasets\Mq2007\Fold4\vali.txt -model G:\benchmark\learning_to_rank\letor40\baselines\AdaRank\data\Mq2007\Fold4\model -output G:\benchmark\learning_to_rank\letor40\baselines\AdaRank\data\Mq2007\Fold4\vali.score -round 1', mode 'r' at 0x000000000236F270>
<open file 'G:\benchmark\learning_to_rank\letor40\baselines\AdaRank\source_code\AdaRank_CSharp.exe test -data G:\benchmark\learning_to_rank\letor40\datasets\Mq2007\Fold4\train.txt -model G:\benchmark\learning_to_rank\letor40\baselines\AdaRank\data\Mq2007\Fold4\model -output G:\benchmark\learning_to_rank\letor40\baselines\AdaRank\data\Mq2007\Fold4\train.score -round 1', mode 'r' at 0x000000000236F300>
[12-26 17:40:43]: Fold4 ends testing
[12-26 17:40:43]: Fold5 starts training
[12-26 17:40:43]: ROUND 10
<open file 'G:\benchmark\learning_to_rank\letor40\baselines\AdaRank\source_code\AdaRank_CSharp.exe train -data G:\benchmark\learning_to_rank\letor40\datasets\Mq2007\Fold5\train.txt -model G:\benchmark\learning_to_rank\letor40\baselines\AdaRank\data\Mq2007\model -round 10 -measure MAP', mode 'r' at 0x000000000236F270>
<open file 'G:\benchmark\learning_to_rank\letor40\baselines\AdaRank\source_code\AdaRank_CSharp.exe test -data G:\benchmark\learning_to_rank\letor40\datasets\Mq2007\Fold5\vali.txt -model G:\benchmark\learning_to_rank\letor40\baselines\AdaRank\data\Mq2007\model -output G:\benchmark\learning_to_rank\letor40\baselines\AdaRank\data\Mq2007\score -round 1', mode 'r' at 0x000000000236F270>
<open file 'G:\benchmark\learning_to_rank\letor40\baselines\AdaRank\source_code\AdaRank_CSharp.exe train -data G:\benchmark\learning_to_rank\letor40\datasets\Mq2007\Fold5\train.txt -model G:\benchmark\learning_to_rank\letor40\baselines\AdaRank\data\Mq2007\Fold5\model -round 1 -measure MAP', mode 'r' at 0x000000000236F270>
[12-26 17:40:51]: Fold5 ends training
[12-26 17:40:51]: Fold5 starts testing
<open file 'G:\benchmark\learning_to_rank\letor40\baselines\AdaRank\source_code\AdaRank_CSharp.exe test -data G:\benchmark\learning_to_rank\letor40\datasets\Mq2007\Fold5\test.txt -model G:\benchmark\learning_to_rank\letor40\baselines\AdaRank\data\Mq2007\Fold5\model -output G:\benchmark\learning_to_rank\letor40\baselines\AdaRank\data\Mq2007\Fold5\test.score -round 1', mode 'r' at 0x000000000236F300>
<open file 'G:\benchmark\learning_to_rank\letor40\baselines\AdaRank\source_code\AdaRank_CSharp.exe test -data G:\benchmark\learning_to_rank\letor40\datasets\Mq2007\Fold5\vali.txt -model G:\benchmark\learning_to_rank\letor40\baselines\AdaRank\data\Mq2007\Fold5\model -output G:\benchmark\learning_to_rank\letor40\baselines\AdaRank\data\Mq2007\Fold5\vali.score -round 1', mode 'r' at 0x000000000236F270>
<open file 'G:\benchmark\learning_to_rank\letor40\baselines\AdaRank\source_code\AdaRank_CSharp.exe test -data G:\benchmark\learning_to_rank\letor40\datasets\Mq2007\Fold5\train.txt -model G:\benchmark\learning_to_rank\letor40\baselines\AdaRank\data\Mq2007\Fold5\model -output G:\benchmark\learning_to_rank\letor40\baselines\AdaRank\data\Mq2007\Fold5\train.score -round 1', mode 'r' at 0x000000000236F300>
[12-26 17:40:56]: Fold5 ends testing
[12-26 17:40:56]: begin to write results into files
