pars
c

<open file 'H:\zhangyaogong\letor40\baselines\svm_rank\source_code\svm_rank_learn -c 0.000100 -e 0.001 -l 1 H:\zhangyaogong\letor40\datasets\OHSUMED\Fold1\train.txt H:\zhangyaogong\letor40\baselines\svm_rank\data\OHSUMED\model', mode 'r' at 0x00000000022EA6F0>
H:\zhangyaogong\letor40\baselines\svm_rank\source_code\svm_rank_learn -c 0.000100 -e 0.001 -l 1 H:\zhangyaogong\letor40\datasets\OHSUMED\Fold1\train.txt H:\zhangyaogong\letor40\baselines\svm_rank\data\OHSUMED\model
<open file 'H:\zhangyaogong\letor40\baselines\svm_rank\source_code\svm_rank_classify H:\zhangyaogong\letor40\datasets\OHSUMED\Fold1\vali.txt H:\zhangyaogong\letor40\baselines\svm_rank\data\OHSUMED\model H:\zhangyaogong\letor40\baselines\svm_rank\data\OHSUMED\score', mode 'r' at 0x00000000022EA6F0>
<open file 'H:\zhangyaogong\letor40\baselines\svm_rank\source_code\svm_rank_learn -c 0.001000 -e 0.001 -l 1 H:\zhangyaogong\letor40\datasets\OHSUMED\Fold1\train.txt H:\zhangyaogong\letor40\baselines\svm_rank\data\OHSUMED\model', mode 'r' at 0x00000000022EA780>
H:\zhangyaogong\letor40\baselines\svm_rank\source_code\svm_rank_learn -c 0.001000 -e 0.001 -l 1 H:\zhangyaogong\letor40\datasets\OHSUMED\Fold1\train.txt H:\zhangyaogong\letor40\baselines\svm_rank\data\OHSUMED\model
<open file 'H:\zhangyaogong\letor40\baselines\svm_rank\source_code\svm_rank_classify H:\zhangyaogong\letor40\datasets\OHSUMED\Fold1\vali.txt H:\zhangyaogong\letor40\baselines\svm_rank\data\OHSUMED\model H:\zhangyaogong\letor40\baselines\svm_rank\data\OHSUMED\score', mode 'r' at 0x00000000022EA780>
<open file 'H:\zhangyaogong\letor40\baselines\svm_rank\source_code\svm_rank_learn -c 0.010000 -e 0.001 -l 1 H:\zhangyaogong\letor40\datasets\OHSUMED\Fold1\train.txt H:\zhangyaogong\letor40\baselines\svm_rank\data\OHSUMED\model', mode 'r' at 0x00000000022EA6F0>
H:\zhangyaogong\letor40\baselines\svm_rank\source_code\svm_rank_learn -c 0.010000 -e 0.001 -l 1 H:\zhangyaogong\letor40\datasets\OHSUMED\Fold1\train.txt H:\zhangyaogong\letor40\baselines\svm_rank\data\OHSUMED\model
<open file 'H:\zhangyaogong\letor40\baselines\svm_rank\source_code\svm_rank_classify H:\zhangyaogong\letor40\datasets\OHSUMED\Fold1\vali.txt H:\zhangyaogong\letor40\baselines\svm_rank\data\OHSUMED\model H:\zhangyaogong\letor40\baselines\svm_rank\data\OHSUMED\score', mode 'r' at 0x00000000022EA6F0>
<open file 'H:\zhangyaogong\letor40\baselines\svm_rank\source_code\svm_rank_learn -c 0.100000 -e 0.001 -l 1 H:\zhangyaogong\letor40\datasets\OHSUMED\Fold1\train.txt H:\zhangyaogong\letor40\baselines\svm_rank\data\OHSUMED\model', mode 'r' at 0x00000000022EA780>
H:\zhangyaogong\letor40\baselines\svm_rank\source_code\svm_rank_learn -c 0.100000 -e 0.001 -l 1 H:\zhangyaogong\letor40\datasets\OHSUMED\Fold1\train.txt H:\zhangyaogong\letor40\baselines\svm_rank\data\OHSUMED\model
<open file 'H:\zhangyaogong\letor40\baselines\svm_rank\source_code\svm_rank_classify H:\zhangyaogong\letor40\datasets\OHSUMED\Fold1\vali.txt H:\zhangyaogong\letor40\baselines\svm_rank\data\OHSUMED\model H:\zhangyaogong\letor40\baselines\svm_rank\data\OHSUMED\score', mode 'r' at 0x00000000022EA780>
<open file 'H:\zhangyaogong\letor40\baselines\svm_rank\source_code\svm_rank_learn -c 1.000000 -e 0.001 -l 1 H:\zhangyaogong\letor40\datasets\OHSUMED\Fold1\train.txt H:\zhangyaogong\letor40\baselines\svm_rank\data\OHSUMED\model', mode 'r' at 0x00000000022EA6F0>
H:\zhangyaogong\letor40\baselines\svm_rank\source_code\svm_rank_learn -c 1.000000 -e 0.001 -l 1 H:\zhangyaogong\letor40\datasets\OHSUMED\Fold1\train.txt H:\zhangyaogong\letor40\baselines\svm_rank\data\OHSUMED\model
<open file 'H:\zhangyaogong\letor40\baselines\svm_rank\source_code\svm_rank_classify H:\zhangyaogong\letor40\datasets\OHSUMED\Fold1\vali.txt H:\zhangyaogong\letor40\baselines\svm_rank\data\OHSUMED\model H:\zhangyaogong\letor40\baselines\svm_rank\data\OHSUMED\score', mode 'r' at 0x00000000022EA6F0>
<open file 'H:\zhangyaogong\letor40\baselines\svm_rank\source_code\svm_rank_learn -c 10.000000 -e 0.001 -l 1 H:\zhangyaogong\letor40\datasets\OHSUMED\Fold1\train.txt H:\zhangyaogong\letor40\baselines\svm_rank\data\OHSUMED\model', mode 'r' at 0x00000000022EA780>
H:\zhangyaogong\letor40\baselines\svm_rank\source_code\svm_rank_learn -c 10.000000 -e 0.001 -l 1 H:\zhangyaogong\letor40\datasets\OHSUMED\Fold1\train.txt H:\zhangyaogong\letor40\baselines\svm_rank\data\OHSUMED\model
<open file 'H:\zhangyaogong\letor40\baselines\svm_rank\source_code\svm_rank_classify H:\zhangyaogong\letor40\datasets\OHSUMED\Fold1\vali.txt H:\zhangyaogong\letor40\baselines\svm_rank\data\OHSUMED\model H:\zhangyaogong\letor40\baselines\svm_rank\data\OHSUMED\score', mode 'r' at 0x00000000022EA780>
<open file 'H:\zhangyaogong\letor40\baselines\svm_rank\source_code\svm_rank_learn -c 100.000000 -e 0.001 -l 1 H:\zhangyaogong\letor40\datasets\OHSUMED\Fold1\train.txt H:\zhangyaogong\letor40\baselines\svm_rank\data\OHSUMED\model', mode 'r' at 0x00000000022EA6F0>
H:\zhangyaogong\letor40\baselines\svm_rank\source_code\svm_rank_learn -c 100.000000 -e 0.001 -l 1 H:\zhangyaogong\letor40\datasets\OHSUMED\Fold1\train.txt H:\zhangyaogong\letor40\baselines\svm_rank\data\OHSUMED\model
<open file 'H:\zhangyaogong\letor40\baselines\svm_rank\source_code\svm_rank_classify H:\zhangyaogong\letor40\datasets\OHSUMED\Fold1\vali.txt H:\zhangyaogong\letor40\baselines\svm_rank\data\OHSUMED\model H:\zhangyaogong\letor40\baselines\svm_rank\data\OHSUMED\score', mode 'r' at 0x00000000022EA6F0>
<open file 'H:\zhangyaogong\letor40\baselines\svm_rank\source_code\svm_rank_classify H:\zhangyaogong\letor40\datasets\OHSUMED\Fold1\test.txt H:\zhangyaogong\letor40\baselines\svm_rank\data\OHSUMED\OHSUMED\Fold1\final_model H:\zhangyaogong\letor40\baselines\svm_rank\data\OHSUMED\OHSUMED\Fold1\test_score', mode 'r' at 0x00000000022EA6F0>
<open file 'H:\zhangyaogong\letor40\baselines\svm_rank\source_code\svm_rank_classify H:\zhangyaogong\letor40\datasets\OHSUMED\Fold1\vali.txt H:\zhangyaogong\letor40\baselines\svm_rank\data\OHSUMED\OHSUMED\Fold1\final_model H:\zhangyaogong\letor40\baselines\svm_rank\data\OHSUMED\OHSUMED\Fold1\vali_score', mode 'r' at 0x00000000022EA810>
<open file 'H:\zhangyaogong\letor40\baselines\svm_rank\source_code\svm_rank_classify H:\zhangyaogong\letor40\datasets\OHSUMED\Fold1\train.txt H:\zhangyaogong\letor40\baselines\svm_rank\data\OHSUMED\OHSUMED\Fold1\final_model H:\zhangyaogong\letor40\baselines\svm_rank\data\OHSUMED\OHSUMED\Fold1\train_score', mode 'r' at 0x00000000022EA6F0>
Fold_1 finish at 0325_1919	
<open file 'H:\zhangyaogong\letor40\baselines\svm_rank\source_code\svm_rank_learn -c 0.000100 -e 0.001 -l 1 H:\zhangyaogong\letor40\datasets\OHSUMED\Fold2\train.txt H:\zhangyaogong\letor40\baselines\svm_rank\data\OHSUMED\model', mode 'r' at 0x00000000022EA810>
H:\zhangyaogong\letor40\baselines\svm_rank\source_code\svm_rank_learn -c 0.000100 -e 0.001 -l 1 H:\zhangyaogong\letor40\datasets\OHSUMED\Fold2\train.txt H:\zhangyaogong\letor40\baselines\svm_rank\data\OHSUMED\model
<open file 'H:\zhangyaogong\letor40\baselines\svm_rank\source_code\svm_rank_classify H:\zhangyaogong\letor40\datasets\OHSUMED\Fold2\vali.txt H:\zhangyaogong\letor40\baselines\svm_rank\data\OHSUMED\model H:\zhangyaogong\letor40\baselines\svm_rank\data\OHSUMED\score', mode 'r' at 0x00000000022EA810>
<open file 'H:\zhangyaogong\letor40\baselines\svm_rank\source_code\svm_rank_learn -c 0.001000 -e 0.001 -l 1 H:\zhangyaogong\letor40\datasets\OHSUMED\Fold2\train.txt H:\zhangyaogong\letor40\baselines\svm_rank\data\OHSUMED\model', mode 'r' at 0x00000000022EA6F0>
H:\zhangyaogong\letor40\baselines\svm_rank\source_code\svm_rank_learn -c 0.001000 -e 0.001 -l 1 H:\zhangyaogong\letor40\datasets\OHSUMED\Fold2\train.txt H:\zhangyaogong\letor40\baselines\svm_rank\data\OHSUMED\model
<open file 'H:\zhangyaogong\letor40\baselines\svm_rank\source_code\svm_rank_classify H:\zhangyaogong\letor40\datasets\OHSUMED\Fold2\vali.txt H:\zhangyaogong\letor40\baselines\svm_rank\data\OHSUMED\model H:\zhangyaogong\letor40\baselines\svm_rank\data\OHSUMED\score', mode 'r' at 0x00000000022EA6F0>
<open file 'H:\zhangyaogong\letor40\baselines\svm_rank\source_code\svm_rank_learn -c 0.010000 -e 0.001 -l 1 H:\zhangyaogong\letor40\datasets\OHSUMED\Fold2\train.txt H:\zhangyaogong\letor40\baselines\svm_rank\data\OHSUMED\model', mode 'r' at 0x00000000022EA810>
H:\zhangyaogong\letor40\baselines\svm_rank\source_code\svm_rank_learn -c 0.010000 -e 0.001 -l 1 H:\zhangyaogong\letor40\datasets\OHSUMED\Fold2\train.txt H:\zhangyaogong\letor40\baselines\svm_rank\data\OHSUMED\model
<open file 'H:\zhangyaogong\letor40\baselines\svm_rank\source_code\svm_rank_classify H:\zhangyaogong\letor40\datasets\OHSUMED\Fold2\vali.txt H:\zhangyaogong\letor40\baselines\svm_rank\data\OHSUMED\model H:\zhangyaogong\letor40\baselines\svm_rank\data\OHSUMED\score', mode 'r' at 0x00000000022EA810>
<open file 'H:\zhangyaogong\letor40\baselines\svm_rank\source_code\svm_rank_learn -c 0.100000 -e 0.001 -l 1 H:\zhangyaogong\letor40\datasets\OHSUMED\Fold2\train.txt H:\zhangyaogong\letor40\baselines\svm_rank\data\OHSUMED\model', mode 'r' at 0x00000000022EA6F0>
H:\zhangyaogong\letor40\baselines\svm_rank\source_code\svm_rank_learn -c 0.100000 -e 0.001 -l 1 H:\zhangyaogong\letor40\datasets\OHSUMED\Fold2\train.txt H:\zhangyaogong\letor40\baselines\svm_rank\data\OHSUMED\model
<open file 'H:\zhangyaogong\letor40\baselines\svm_rank\source_code\svm_rank_classify H:\zhangyaogong\letor40\datasets\OHSUMED\Fold2\vali.txt H:\zhangyaogong\letor40\baselines\svm_rank\data\OHSUMED\model H:\zhangyaogong\letor40\baselines\svm_rank\data\OHSUMED\score', mode 'r' at 0x00000000022EA6F0>
<open file 'H:\zhangyaogong\letor40\baselines\svm_rank\source_code\svm_rank_learn -c 1.000000 -e 0.001 -l 1 H:\zhangyaogong\letor40\datasets\OHSUMED\Fold2\train.txt H:\zhangyaogong\letor40\baselines\svm_rank\data\OHSUMED\model', mode 'r' at 0x00000000022EA810>
H:\zhangyaogong\letor40\baselines\svm_rank\source_code\svm_rank_learn -c 1.000000 -e 0.001 -l 1 H:\zhangyaogong\letor40\datasets\OHSUMED\Fold2\train.txt H:\zhangyaogong\letor40\baselines\svm_rank\data\OHSUMED\model
<open file 'H:\zhangyaogong\letor40\baselines\svm_rank\source_code\svm_rank_classify H:\zhangyaogong\letor40\datasets\OHSUMED\Fold2\vali.txt H:\zhangyaogong\letor40\baselines\svm_rank\data\OHSUMED\model H:\zhangyaogong\letor40\baselines\svm_rank\data\OHSUMED\score', mode 'r' at 0x00000000022EA810>
<open file 'H:\zhangyaogong\letor40\baselines\svm_rank\source_code\svm_rank_learn -c 10.000000 -e 0.001 -l 1 H:\zhangyaogong\letor40\datasets\OHSUMED\Fold2\train.txt H:\zhangyaogong\letor40\baselines\svm_rank\data\OHSUMED\model', mode 'r' at 0x00000000022EA6F0>
H:\zhangyaogong\letor40\baselines\svm_rank\source_code\svm_rank_learn -c 10.000000 -e 0.001 -l 1 H:\zhangyaogong\letor40\datasets\OHSUMED\Fold2\train.txt H:\zhangyaogong\letor40\baselines\svm_rank\data\OHSUMED\model
<open file 'H:\zhangyaogong\letor40\baselines\svm_rank\source_code\svm_rank_classify H:\zhangyaogong\letor40\datasets\OHSUMED\Fold2\vali.txt H:\zhangyaogong\letor40\baselines\svm_rank\data\OHSUMED\model H:\zhangyaogong\letor40\baselines\svm_rank\data\OHSUMED\score', mode 'r' at 0x00000000022EA6F0>
<open file 'H:\zhangyaogong\letor40\baselines\svm_rank\source_code\svm_rank_learn -c 100.000000 -e 0.001 -l 1 H:\zhangyaogong\letor40\datasets\OHSUMED\Fold2\train.txt H:\zhangyaogong\letor40\baselines\svm_rank\data\OHSUMED\model', mode 'r' at 0x00000000022EA810>
H:\zhangyaogong\letor40\baselines\svm_rank\source_code\svm_rank_learn -c 100.000000 -e 0.001 -l 1 H:\zhangyaogong\letor40\datasets\OHSUMED\Fold2\train.txt H:\zhangyaogong\letor40\baselines\svm_rank\data\OHSUMED\model
<open file 'H:\zhangyaogong\letor40\baselines\svm_rank\source_code\svm_rank_classify H:\zhangyaogong\letor40\datasets\OHSUMED\Fold2\vali.txt H:\zhangyaogong\letor40\baselines\svm_rank\data\OHSUMED\model H:\zhangyaogong\letor40\baselines\svm_rank\data\OHSUMED\score', mode 'r' at 0x00000000022EA810>
<open file 'H:\zhangyaogong\letor40\baselines\svm_rank\source_code\svm_rank_classify H:\zhangyaogong\letor40\datasets\OHSUMED\Fold2\test.txt H:\zhangyaogong\letor40\baselines\svm_rank\data\OHSUMED\OHSUMED\Fold2\final_model H:\zhangyaogong\letor40\baselines\svm_rank\data\OHSUMED\OHSUMED\Fold2\test_score', mode 'r' at 0x00000000022EA780>
<open file 'H:\zhangyaogong\letor40\baselines\svm_rank\source_code\svm_rank_classify H:\zhangyaogong\letor40\datasets\OHSUMED\Fold2\vali.txt H:\zhangyaogong\letor40\baselines\svm_rank\data\OHSUMED\OHSUMED\Fold2\final_model H:\zhangyaogong\letor40\baselines\svm_rank\data\OHSUMED\OHSUMED\Fold2\vali_score', mode 'r' at 0x00000000022EA810>
<open file 'H:\zhangyaogong\letor40\baselines\svm_rank\source_code\svm_rank_classify H:\zhangyaogong\letor40\datasets\OHSUMED\Fold2\train.txt H:\zhangyaogong\letor40\baselines\svm_rank\data\OHSUMED\OHSUMED\Fold2\final_model H:\zhangyaogong\letor40\baselines\svm_rank\data\OHSUMED\OHSUMED\Fold2\train_score', mode 'r' at 0x00000000022EA780>
Fold_2 finish at 0325_1921	
<open file 'H:\zhangyaogong\letor40\baselines\svm_rank\source_code\svm_rank_learn -c 0.000100 -e 0.001 -l 1 H:\zhangyaogong\letor40\datasets\OHSUMED\Fold3\train.txt H:\zhangyaogong\letor40\baselines\svm_rank\data\OHSUMED\model', mode 'r' at 0x00000000022EA810>
H:\zhangyaogong\letor40\baselines\svm_rank\source_code\svm_rank_learn -c 0.000100 -e 0.001 -l 1 H:\zhangyaogong\letor40\datasets\OHSUMED\Fold3\train.txt H:\zhangyaogong\letor40\baselines\svm_rank\data\OHSUMED\model
<open file 'H:\zhangyaogong\letor40\baselines\svm_rank\source_code\svm_rank_classify H:\zhangyaogong\letor40\datasets\OHSUMED\Fold3\vali.txt H:\zhangyaogong\letor40\baselines\svm_rank\data\OHSUMED\model H:\zhangyaogong\letor40\baselines\svm_rank\data\OHSUMED\score', mode 'r' at 0x00000000022EA810>
<open file 'H:\zhangyaogong\letor40\baselines\svm_rank\source_code\svm_rank_learn -c 0.001000 -e 0.001 -l 1 H:\zhangyaogong\letor40\datasets\OHSUMED\Fold3\train.txt H:\zhangyaogong\letor40\baselines\svm_rank\data\OHSUMED\model', mode 'r' at 0x00000000022EA780>
H:\zhangyaogong\letor40\baselines\svm_rank\source_code\svm_rank_learn -c 0.001000 -e 0.001 -l 1 H:\zhangyaogong\letor40\datasets\OHSUMED\Fold3\train.txt H:\zhangyaogong\letor40\baselines\svm_rank\data\OHSUMED\model
<open file 'H:\zhangyaogong\letor40\baselines\svm_rank\source_code\svm_rank_classify H:\zhangyaogong\letor40\datasets\OHSUMED\Fold3\vali.txt H:\zhangyaogong\letor40\baselines\svm_rank\data\OHSUMED\model H:\zhangyaogong\letor40\baselines\svm_rank\data\OHSUMED\score', mode 'r' at 0x00000000022EA780>
<open file 'H:\zhangyaogong\letor40\baselines\svm_rank\source_code\svm_rank_learn -c 0.010000 -e 0.001 -l 1 H:\zhangyaogong\letor40\datasets\OHSUMED\Fold3\train.txt H:\zhangyaogong\letor40\baselines\svm_rank\data\OHSUMED\model', mode 'r' at 0x00000000022EA810>
H:\zhangyaogong\letor40\baselines\svm_rank\source_code\svm_rank_learn -c 0.010000 -e 0.001 -l 1 H:\zhangyaogong\letor40\datasets\OHSUMED\Fold3\train.txt H:\zhangyaogong\letor40\baselines\svm_rank\data\OHSUMED\model
<open file 'H:\zhangyaogong\letor40\baselines\svm_rank\source_code\svm_rank_classify H:\zhangyaogong\letor40\datasets\OHSUMED\Fold3\vali.txt H:\zhangyaogong\letor40\baselines\svm_rank\data\OHSUMED\model H:\zhangyaogong\letor40\baselines\svm_rank\data\OHSUMED\score', mode 'r' at 0x00000000022EA810>
<open file 'H:\zhangyaogong\letor40\baselines\svm_rank\source_code\svm_rank_learn -c 0.100000 -e 0.001 -l 1 H:\zhangyaogong\letor40\datasets\OHSUMED\Fold3\train.txt H:\zhangyaogong\letor40\baselines\svm_rank\data\OHSUMED\model', mode 'r' at 0x00000000022EA780>
H:\zhangyaogong\letor40\baselines\svm_rank\source_code\svm_rank_learn -c 0.100000 -e 0.001 -l 1 H:\zhangyaogong\letor40\datasets\OHSUMED\Fold3\train.txt H:\zhangyaogong\letor40\baselines\svm_rank\data\OHSUMED\model
<open file 'H:\zhangyaogong\letor40\baselines\svm_rank\source_code\svm_rank_classify H:\zhangyaogong\letor40\datasets\OHSUMED\Fold3\vali.txt H:\zhangyaogong\letor40\baselines\svm_rank\data\OHSUMED\model H:\zhangyaogong\letor40\baselines\svm_rank\data\OHSUMED\score', mode 'r' at 0x00000000022EA780>
<open file 'H:\zhangyaogong\letor40\baselines\svm_rank\source_code\svm_rank_learn -c 1.000000 -e 0.001 -l 1 H:\zhangyaogong\letor40\datasets\OHSUMED\Fold3\train.txt H:\zhangyaogong\letor40\baselines\svm_rank\data\OHSUMED\model', mode 'r' at 0x00000000022EA810>
H:\zhangyaogong\letor40\baselines\svm_rank\source_code\svm_rank_learn -c 1.000000 -e 0.001 -l 1 H:\zhangyaogong\letor40\datasets\OHSUMED\Fold3\train.txt H:\zhangyaogong\letor40\baselines\svm_rank\data\OHSUMED\model
<open file 'H:\zhangyaogong\letor40\baselines\svm_rank\source_code\svm_rank_classify H:\zhangyaogong\letor40\datasets\OHSUMED\Fold3\vali.txt H:\zhangyaogong\letor40\baselines\svm_rank\data\OHSUMED\model H:\zhangyaogong\letor40\baselines\svm_rank\data\OHSUMED\score', mode 'r' at 0x00000000022EA810>
<open file 'H:\zhangyaogong\letor40\baselines\svm_rank\source_code\svm_rank_learn -c 10.000000 -e 0.001 -l 1 H:\zhangyaogong\letor40\datasets\OHSUMED\Fold3\train.txt H:\zhangyaogong\letor40\baselines\svm_rank\data\OHSUMED\model', mode 'r' at 0x00000000022EA780>
H:\zhangyaogong\letor40\baselines\svm_rank\source_code\svm_rank_learn -c 10.000000 -e 0.001 -l 1 H:\zhangyaogong\letor40\datasets\OHSUMED\Fold3\train.txt H:\zhangyaogong\letor40\baselines\svm_rank\data\OHSUMED\model
<open file 'H:\zhangyaogong\letor40\baselines\svm_rank\source_code\svm_rank_classify H:\zhangyaogong\letor40\datasets\OHSUMED\Fold3\vali.txt H:\zhangyaogong\letor40\baselines\svm_rank\data\OHSUMED\model H:\zhangyaogong\letor40\baselines\svm_rank\data\OHSUMED\score', mode 'r' at 0x00000000022EA780>
<open file 'H:\zhangyaogong\letor40\baselines\svm_rank\source_code\svm_rank_learn -c 100.000000 -e 0.001 -l 1 H:\zhangyaogong\letor40\datasets\OHSUMED\Fold3\train.txt H:\zhangyaogong\letor40\baselines\svm_rank\data\OHSUMED\model', mode 'r' at 0x00000000022EA810>
