pars
c

<open file 'H:\zhangyaogong\letor40\baselines\svm_rank\source_code\svm_rank_learn -c 0.000100 -e 0.001 -l 1 H:\zhangyaogong\letor40\datasets\OHSUMED\Fold1\train.txt H:\zhangyaogong\letor40\baselines\svm_rank\data\OHSUMED\model', mode 'r' at 0x000000000241A6F0>
H:\zhangyaogong\letor40\baselines\svm_rank\source_code\svm_rank_learn -c 0.000100 -e 0.001 -l 1 H:\zhangyaogong\letor40\datasets\OHSUMED\Fold1\train.txt H:\zhangyaogong\letor40\baselines\svm_rank\data\OHSUMED\model
<open file 'H:\zhangyaogong\letor40\baselines\svm_rank\source_code\svm_rank_classify H:\zhangyaogong\letor40\datasets\OHSUMED\Fold1\vali.txt H:\zhangyaogong\letor40\baselines\svm_rank\data\OHSUMED\model H:\zhangyaogong\letor40\baselines\svm_rank\data\OHSUMED\score', mode 'r' at 0x000000000241A6F0>
<open file 'H:\zhangyaogong\letor40\baselines\svm_rank\source_code\svm_rank_learn -c 0.001000 -e 0.001 -l 1 H:\zhangyaogong\letor40\datasets\OHSUMED\Fold1\train.txt H:\zhangyaogong\letor40\baselines\svm_rank\data\OHSUMED\model', mode 'r' at 0x000000000241A780>
H:\zhangyaogong\letor40\baselines\svm_rank\source_code\svm_rank_learn -c 0.001000 -e 0.001 -l 1 H:\zhangyaogong\letor40\datasets\OHSUMED\Fold1\train.txt H:\zhangyaogong\letor40\baselines\svm_rank\data\OHSUMED\model
<open file 'H:\zhangyaogong\letor40\baselines\svm_rank\source_code\svm_rank_classify H:\zhangyaogong\letor40\datasets\OHSUMED\Fold1\vali.txt H:\zhangyaogong\letor40\baselines\svm_rank\data\OHSUMED\model H:\zhangyaogong\letor40\baselines\svm_rank\data\OHSUMED\score', mode 'r' at 0x000000000241A780>
<open file 'H:\zhangyaogong\letor40\baselines\svm_rank\source_code\svm_rank_learn -c 0.010000 -e 0.001 -l 1 H:\zhangyaogong\letor40\datasets\OHSUMED\Fold1\train.txt H:\zhangyaogong\letor40\baselines\svm_rank\data\OHSUMED\model', mode 'r' at 0x000000000241A6F0>
H:\zhangyaogong\letor40\baselines\svm_rank\source_code\svm_rank_learn -c 0.010000 -e 0.001 -l 1 H:\zhangyaogong\letor40\datasets\OHSUMED\Fold1\train.txt H:\zhangyaogong\letor40\baselines\svm_rank\data\OHSUMED\model
<open file 'H:\zhangyaogong\letor40\baselines\svm_rank\source_code\svm_rank_classify H:\zhangyaogong\letor40\datasets\OHSUMED\Fold1\vali.txt H:\zhangyaogong\letor40\baselines\svm_rank\data\OHSUMED\model H:\zhangyaogong\letor40\baselines\svm_rank\data\OHSUMED\score', mode 'r' at 0x000000000241A6F0>
<open file 'H:\zhangyaogong\letor40\baselines\svm_rank\source_code\svm_rank_learn -c 0.100000 -e 0.001 -l 1 H:\zhangyaogong\letor40\datasets\OHSUMED\Fold1\train.txt H:\zhangyaogong\letor40\baselines\svm_rank\data\OHSUMED\model', mode 'r' at 0x000000000241A780>
H:\zhangyaogong\letor40\baselines\svm_rank\source_code\svm_rank_learn -c 0.100000 -e 0.001 -l 1 H:\zhangyaogong\letor40\datasets\OHSUMED\Fold1\train.txt H:\zhangyaogong\letor40\baselines\svm_rank\data\OHSUMED\model
<open file 'H:\zhangyaogong\letor40\baselines\svm_rank\source_code\svm_rank_classify H:\zhangyaogong\letor40\datasets\OHSUMED\Fold1\vali.txt H:\zhangyaogong\letor40\baselines\svm_rank\data\OHSUMED\model H:\zhangyaogong\letor40\baselines\svm_rank\data\OHSUMED\score', mode 'r' at 0x000000000241A780>
<open file 'H:\zhangyaogong\letor40\baselines\svm_rank\source_code\svm_rank_learn -c 1.000000 -e 0.001 -l 1 H:\zhangyaogong\letor40\datasets\OHSUMED\Fold1\train.txt H:\zhangyaogong\letor40\baselines\svm_rank\data\OHSUMED\model', mode 'r' at 0x000000000241A6F0>
H:\zhangyaogong\letor40\baselines\svm_rank\source_code\svm_rank_learn -c 1.000000 -e 0.001 -l 1 H:\zhangyaogong\letor40\datasets\OHSUMED\Fold1\train.txt H:\zhangyaogong\letor40\baselines\svm_rank\data\OHSUMED\model
<open file 'H:\zhangyaogong\letor40\baselines\svm_rank\source_code\svm_rank_classify H:\zhangyaogong\letor40\datasets\OHSUMED\Fold1\vali.txt H:\zhangyaogong\letor40\baselines\svm_rank\data\OHSUMED\model H:\zhangyaogong\letor40\baselines\svm_rank\data\OHSUMED\score', mode 'r' at 0x000000000241A6F0>
<open file 'H:\zhangyaogong\letor40\baselines\svm_rank\source_code\svm_rank_learn -c 10.000000 -e 0.001 -l 1 H:\zhangyaogong\letor40\datasets\OHSUMED\Fold1\train.txt H:\zhangyaogong\letor40\baselines\svm_rank\data\OHSUMED\model', mode 'r' at 0x000000000241A780>
H:\zhangyaogong\letor40\baselines\svm_rank\source_code\svm_rank_learn -c 10.000000 -e 0.001 -l 1 H:\zhangyaogong\letor40\datasets\OHSUMED\Fold1\train.txt H:\zhangyaogong\letor40\baselines\svm_rank\data\OHSUMED\model
<open file 'H:\zhangyaogong\letor40\baselines\svm_rank\source_code\svm_rank_classify H:\zhangyaogong\letor40\datasets\OHSUMED\Fold1\vali.txt H:\zhangyaogong\letor40\baselines\svm_rank\data\OHSUMED\model H:\zhangyaogong\letor40\baselines\svm_rank\data\OHSUMED\score', mode 'r' at 0x000000000241A780>
<open file 'H:\zhangyaogong\letor40\baselines\svm_rank\source_code\svm_rank_learn -c 100.000000 -e 0.001 -l 1 H:\zhangyaogong\letor40\datasets\OHSUMED\Fold1\train.txt H:\zhangyaogong\letor40\baselines\svm_rank\data\OHSUMED\model', mode 'r' at 0x000000000241A6F0>
H:\zhangyaogong\letor40\baselines\svm_rank\source_code\svm_rank_learn -c 100.000000 -e 0.001 -l 1 H:\zhangyaogong\letor40\datasets\OHSUMED\Fold1\train.txt H:\zhangyaogong\letor40\baselines\svm_rank\data\OHSUMED\model
<open file 'H:\zhangyaogong\letor40\baselines\svm_rank\source_code\svm_rank_classify H:\zhangyaogong\letor40\datasets\OHSUMED\Fold1\vali.txt H:\zhangyaogong\letor40\baselines\svm_rank\data\OHSUMED\model H:\zhangyaogong\letor40\baselines\svm_rank\data\OHSUMED\score', mode 'r' at 0x000000000241A6F0>
<open file 'H:\zhangyaogong\letor40\baselines\svm_rank\source_code\svm_rank_classify H:\zhangyaogong\letor40\datasets\OHSUMED\Fold1\test.txt H:\zhangyaogong\letor40\baselines\svm_rank\data\OHSUMED\Fold1\final_model H:\zhangyaogong\letor40\baselines\svm_rank\data\OHSUMED\Fold1\test_score', mode 'r' at 0x000000000241A6F0>
<open file 'H:\zhangyaogong\letor40\baselines\svm_rank\source_code\svm_rank_classify H:\zhangyaogong\letor40\datasets\OHSUMED\Fold1\vali.txt H:\zhangyaogong\letor40\baselines\svm_rank\data\OHSUMED\Fold1\final_model H:\zhangyaogong\letor40\baselines\svm_rank\data\OHSUMED\Fold1\vali_score', mode 'r' at 0x000000000241A810>
<open file 'H:\zhangyaogong\letor40\baselines\svm_rank\source_code\svm_rank_classify H:\zhangyaogong\letor40\datasets\OHSUMED\Fold1\train.txt H:\zhangyaogong\letor40\baselines\svm_rank\data\OHSUMED\Fold1\final_model H:\zhangyaogong\letor40\baselines\svm_rank\data\OHSUMED\Fold1\train_score', mode 'r' at 0x000000000241A6F0>
Fold_1 finish at 0408_1245	
<open file 'H:\zhangyaogong\letor40\baselines\svm_rank\source_code\svm_rank_learn -c 0.000100 -e 0.001 -l 1 H:\zhangyaogong\letor40\datasets\OHSUMED\Fold2\train.txt H:\zhangyaogong\letor40\baselines\svm_rank\data\OHSUMED\model', mode 'r' at 0x000000000241A810>
H:\zhangyaogong\letor40\baselines\svm_rank\source_code\svm_rank_learn -c 0.000100 -e 0.001 -l 1 H:\zhangyaogong\letor40\datasets\OHSUMED\Fold2\train.txt H:\zhangyaogong\letor40\baselines\svm_rank\data\OHSUMED\model
<open file 'H:\zhangyaogong\letor40\baselines\svm_rank\source_code\svm_rank_classify H:\zhangyaogong\letor40\datasets\OHSUMED\Fold2\vali.txt H:\zhangyaogong\letor40\baselines\svm_rank\data\OHSUMED\model H:\zhangyaogong\letor40\baselines\svm_rank\data\OHSUMED\score', mode 'r' at 0x000000000241A810>
<open file 'H:\zhangyaogong\letor40\baselines\svm_rank\source_code\svm_rank_learn -c 0.001000 -e 0.001 -l 1 H:\zhangyaogong\letor40\datasets\OHSUMED\Fold2\train.txt H:\zhangyaogong\letor40\baselines\svm_rank\data\OHSUMED\model', mode 'r' at 0x000000000241A6F0>
H:\zhangyaogong\letor40\baselines\svm_rank\source_code\svm_rank_learn -c 0.001000 -e 0.001 -l 1 H:\zhangyaogong\letor40\datasets\OHSUMED\Fold2\train.txt H:\zhangyaogong\letor40\baselines\svm_rank\data\OHSUMED\model
<open file 'H:\zhangyaogong\letor40\baselines\svm_rank\source_code\svm_rank_classify H:\zhangyaogong\letor40\datasets\OHSUMED\Fold2\vali.txt H:\zhangyaogong\letor40\baselines\svm_rank\data\OHSUMED\model H:\zhangyaogong\letor40\baselines\svm_rank\data\OHSUMED\score', mode 'r' at 0x000000000241A6F0>
<open file 'H:\zhangyaogong\letor40\baselines\svm_rank\source_code\svm_rank_learn -c 0.010000 -e 0.001 -l 1 H:\zhangyaogong\letor40\datasets\OHSUMED\Fold2\train.txt H:\zhangyaogong\letor40\baselines\svm_rank\data\OHSUMED\model', mode 'r' at 0x000000000241A810>
H:\zhangyaogong\letor40\baselines\svm_rank\source_code\svm_rank_learn -c 0.010000 -e 0.001 -l 1 H:\zhangyaogong\letor40\datasets\OHSUMED\Fold2\train.txt H:\zhangyaogong\letor40\baselines\svm_rank\data\OHSUMED\model
<open file 'H:\zhangyaogong\letor40\baselines\svm_rank\source_code\svm_rank_classify H:\zhangyaogong\letor40\datasets\OHSUMED\Fold2\vali.txt H:\zhangyaogong\letor40\baselines\svm_rank\data\OHSUMED\model H:\zhangyaogong\letor40\baselines\svm_rank\data\OHSUMED\score', mode 'r' at 0x000000000241A810>
<open file 'H:\zhangyaogong\letor40\baselines\svm_rank\source_code\svm_rank_learn -c 0.100000 -e 0.001 -l 1 H:\zhangyaogong\letor40\datasets\OHSUMED\Fold2\train.txt H:\zhangyaogong\letor40\baselines\svm_rank\data\OHSUMED\model', mode 'r' at 0x000000000241A6F0>
H:\zhangyaogong\letor40\baselines\svm_rank\source_code\svm_rank_learn -c 0.100000 -e 0.001 -l 1 H:\zhangyaogong\letor40\datasets\OHSUMED\Fold2\train.txt H:\zhangyaogong\letor40\baselines\svm_rank\data\OHSUMED\model
<open file 'H:\zhangyaogong\letor40\baselines\svm_rank\source_code\svm_rank_classify H:\zhangyaogong\letor40\datasets\OHSUMED\Fold2\vali.txt H:\zhangyaogong\letor40\baselines\svm_rank\data\OHSUMED\model H:\zhangyaogong\letor40\baselines\svm_rank\data\OHSUMED\score', mode 'r' at 0x000000000241A6F0>
<open file 'H:\zhangyaogong\letor40\baselines\svm_rank\source_code\svm_rank_learn -c 1.000000 -e 0.001 -l 1 H:\zhangyaogong\letor40\datasets\OHSUMED\Fold2\train.txt H:\zhangyaogong\letor40\baselines\svm_rank\data\OHSUMED\model', mode 'r' at 0x000000000241A810>
H:\zhangyaogong\letor40\baselines\svm_rank\source_code\svm_rank_learn -c 1.000000 -e 0.001 -l 1 H:\zhangyaogong\letor40\datasets\OHSUMED\Fold2\train.txt H:\zhangyaogong\letor40\baselines\svm_rank\data\OHSUMED\model
<open file 'H:\zhangyaogong\letor40\baselines\svm_rank\source_code\svm_rank_classify H:\zhangyaogong\letor40\datasets\OHSUMED\Fold2\vali.txt H:\zhangyaogong\letor40\baselines\svm_rank\data\OHSUMED\model H:\zhangyaogong\letor40\baselines\svm_rank\data\OHSUMED\score', mode 'r' at 0x000000000241A810>
<open file 'H:\zhangyaogong\letor40\baselines\svm_rank\source_code\svm_rank_learn -c 10.000000 -e 0.001 -l 1 H:\zhangyaogong\letor40\datasets\OHSUMED\Fold2\train.txt H:\zhangyaogong\letor40\baselines\svm_rank\data\OHSUMED\model', mode 'r' at 0x000000000241A6F0>
H:\zhangyaogong\letor40\baselines\svm_rank\source_code\svm_rank_learn -c 10.000000 -e 0.001 -l 1 H:\zhangyaogong\letor40\datasets\OHSUMED\Fold2\train.txt H:\zhangyaogong\letor40\baselines\svm_rank\data\OHSUMED\model
<open file 'H:\zhangyaogong\letor40\baselines\svm_rank\source_code\svm_rank_classify H:\zhangyaogong\letor40\datasets\OHSUMED\Fold2\vali.txt H:\zhangyaogong\letor40\baselines\svm_rank\data\OHSUMED\model H:\zhangyaogong\letor40\baselines\svm_rank\data\OHSUMED\score', mode 'r' at 0x000000000241A6F0>
<open file 'H:\zhangyaogong\letor40\baselines\svm_rank\source_code\svm_rank_learn -c 100.000000 -e 0.001 -l 1 H:\zhangyaogong\letor40\datasets\OHSUMED\Fold2\train.txt H:\zhangyaogong\letor40\baselines\svm_rank\data\OHSUMED\model', mode 'r' at 0x000000000241A810>
H:\zhangyaogong\letor40\baselines\svm_rank\source_code\svm_rank_learn -c 100.000000 -e 0.001 -l 1 H:\zhangyaogong\letor40\datasets\OHSUMED\Fold2\train.txt H:\zhangyaogong\letor40\baselines\svm_rank\data\OHSUMED\model
<open file 'H:\zhangyaogong\letor40\baselines\svm_rank\source_code\svm_rank_classify H:\zhangyaogong\letor40\datasets\OHSUMED\Fold2\vali.txt H:\zhangyaogong\letor40\baselines\svm_rank\data\OHSUMED\model H:\zhangyaogong\letor40\baselines\svm_rank\data\OHSUMED\score', mode 'r' at 0x000000000241A810>
<open file 'H:\zhangyaogong\letor40\baselines\svm_rank\source_code\svm_rank_classify H:\zhangyaogong\letor40\datasets\OHSUMED\Fold2\test.txt H:\zhangyaogong\letor40\baselines\svm_rank\data\OHSUMED\Fold2\final_model H:\zhangyaogong\letor40\baselines\svm_rank\data\OHSUMED\Fold2\test_score', mode 'r' at 0x000000000241A780>
<open file 'H:\zhangyaogong\letor40\baselines\svm_rank\source_code\svm_rank_classify H:\zhangyaogong\letor40\datasets\OHSUMED\Fold2\vali.txt H:\zhangyaogong\letor40\baselines\svm_rank\data\OHSUMED\Fold2\final_model H:\zhangyaogong\letor40\baselines\svm_rank\data\OHSUMED\Fold2\vali_score', mode 'r' at 0x000000000241A810>
<open file 'H:\zhangyaogong\letor40\baselines\svm_rank\source_code\svm_rank_classify H:\zhangyaogong\letor40\datasets\OHSUMED\Fold2\train.txt H:\zhangyaogong\letor40\baselines\svm_rank\data\OHSUMED\Fold2\final_model H:\zhangyaogong\letor40\baselines\svm_rank\data\OHSUMED\Fold2\train_score', mode 'r' at 0x000000000241A780>
Fold_2 finish at 0408_1246	
<open file 'H:\zhangyaogong\letor40\baselines\svm_rank\source_code\svm_rank_learn -c 0.000100 -e 0.001 -l 1 H:\zhangyaogong\letor40\datasets\OHSUMED\Fold3\train.txt H:\zhangyaogong\letor40\baselines\svm_rank\data\OHSUMED\model', mode 'r' at 0x000000000241A810>
H:\zhangyaogong\letor40\baselines\svm_rank\source_code\svm_rank_learn -c 0.000100 -e 0.001 -l 1 H:\zhangyaogong\letor40\datasets\OHSUMED\Fold3\train.txt H:\zhangyaogong\letor40\baselines\svm_rank\data\OHSUMED\model
<open file 'H:\zhangyaogong\letor40\baselines\svm_rank\source_code\svm_rank_classify H:\zhangyaogong\letor40\datasets\OHSUMED\Fold3\vali.txt H:\zhangyaogong\letor40\baselines\svm_rank\data\OHSUMED\model H:\zhangyaogong\letor40\baselines\svm_rank\data\OHSUMED\score', mode 'r' at 0x000000000241A810>
<open file 'H:\zhangyaogong\letor40\baselines\svm_rank\source_code\svm_rank_learn -c 0.001000 -e 0.001 -l 1 H:\zhangyaogong\letor40\datasets\OHSUMED\Fold3\train.txt H:\zhangyaogong\letor40\baselines\svm_rank\data\OHSUMED\model', mode 'r' at 0x000000000241A780>
H:\zhangyaogong\letor40\baselines\svm_rank\source_code\svm_rank_learn -c 0.001000 -e 0.001 -l 1 H:\zhangyaogong\letor40\datasets\OHSUMED\Fold3\train.txt H:\zhangyaogong\letor40\baselines\svm_rank\data\OHSUMED\model
<open file 'H:\zhangyaogong\letor40\baselines\svm_rank\source_code\svm_rank_classify H:\zhangyaogong\letor40\datasets\OHSUMED\Fold3\vali.txt H:\zhangyaogong\letor40\baselines\svm_rank\data\OHSUMED\model H:\zhangyaogong\letor40\baselines\svm_rank\data\OHSUMED\score', mode 'r' at 0x000000000241A780>
<open file 'H:\zhangyaogong\letor40\baselines\svm_rank\source_code\svm_rank_learn -c 0.010000 -e 0.001 -l 1 H:\zhangyaogong\letor40\datasets\OHSUMED\Fold3\train.txt H:\zhangyaogong\letor40\baselines\svm_rank\data\OHSUMED\model', mode 'r' at 0x000000000241A810>
H:\zhangyaogong\letor40\baselines\svm_rank\source_code\svm_rank_learn -c 0.010000 -e 0.001 -l 1 H:\zhangyaogong\letor40\datasets\OHSUMED\Fold3\train.txt H:\zhangyaogong\letor40\baselines\svm_rank\data\OHSUMED\model
<open file 'H:\zhangyaogong\letor40\baselines\svm_rank\source_code\svm_rank_classify H:\zhangyaogong\letor40\datasets\OHSUMED\Fold3\vali.txt H:\zhangyaogong\letor40\baselines\svm_rank\data\OHSUMED\model H:\zhangyaogong\letor40\baselines\svm_rank\data\OHSUMED\score', mode 'r' at 0x000000000241A810>
<open file 'H:\zhangyaogong\letor40\baselines\svm_rank\source_code\svm_rank_learn -c 0.100000 -e 0.001 -l 1 H:\zhangyaogong\letor40\datasets\OHSUMED\Fold3\train.txt H:\zhangyaogong\letor40\baselines\svm_rank\data\OHSUMED\model', mode 'r' at 0x000000000241A780>
H:\zhangyaogong\letor40\baselines\svm_rank\source_code\svm_rank_learn -c 0.100000 -e 0.001 -l 1 H:\zhangyaogong\letor40\datasets\OHSUMED\Fold3\train.txt H:\zhangyaogong\letor40\baselines\svm_rank\data\OHSUMED\model
<open file 'H:\zhangyaogong\letor40\baselines\svm_rank\source_code\svm_rank_classify H:\zhangyaogong\letor40\datasets\OHSUMED\Fold3\vali.txt H:\zhangyaogong\letor40\baselines\svm_rank\data\OHSUMED\model H:\zhangyaogong\letor40\baselines\svm_rank\data\OHSUMED\score', mode 'r' at 0x000000000241A780>
<open file 'H:\zhangyaogong\letor40\baselines\svm_rank\source_code\svm_rank_learn -c 1.000000 -e 0.001 -l 1 H:\zhangyaogong\letor40\datasets\OHSUMED\Fold3\train.txt H:\zhangyaogong\letor40\baselines\svm_rank\data\OHSUMED\model', mode 'r' at 0x000000000241A810>
H:\zhangyaogong\letor40\baselines\svm_rank\source_code\svm_rank_learn -c 1.000000 -e 0.001 -l 1 H:\zhangyaogong\letor40\datasets\OHSUMED\Fold3\train.txt H:\zhangyaogong\letor40\baselines\svm_rank\data\OHSUMED\model
<open file 'H:\zhangyaogong\letor40\baselines\svm_rank\source_code\svm_rank_classify H:\zhangyaogong\letor40\datasets\OHSUMED\Fold3\vali.txt H:\zhangyaogong\letor40\baselines\svm_rank\data\OHSUMED\model H:\zhangyaogong\letor40\baselines\svm_rank\data\OHSUMED\score', mode 'r' at 0x000000000241A810>
<open file 'H:\zhangyaogong\letor40\baselines\svm_rank\source_code\svm_rank_learn -c 10.000000 -e 0.001 -l 1 H:\zhangyaogong\letor40\datasets\OHSUMED\Fold3\train.txt H:\zhangyaogong\letor40\baselines\svm_rank\data\OHSUMED\model', mode 'r' at 0x000000000241A780>
H:\zhangyaogong\letor40\baselines\svm_rank\source_code\svm_rank_learn -c 10.000000 -e 0.001 -l 1 H:\zhangyaogong\letor40\datasets\OHSUMED\Fold3\train.txt H:\zhangyaogong\letor40\baselines\svm_rank\data\OHSUMED\model
<open file 'H:\zhangyaogong\letor40\baselines\svm_rank\source_code\svm_rank_classify H:\zhangyaogong\letor40\datasets\OHSUMED\Fold3\vali.txt H:\zhangyaogong\letor40\baselines\svm_rank\data\OHSUMED\model H:\zhangyaogong\letor40\baselines\svm_rank\data\OHSUMED\score', mode 'r' at 0x000000000241A780>
<open file 'H:\zhangyaogong\letor40\baselines\svm_rank\source_code\svm_rank_learn -c 100.000000 -e 0.001 -l 1 H:\zhangyaogong\letor40\datasets\OHSUMED\Fold3\train.txt H:\zhangyaogong\letor40\baselines\svm_rank\data\OHSUMED\model', mode 'r' at 0x000000000241A810>
H:\zhangyaogong\letor40\baselines\svm_rank\source_code\svm_rank_learn -c 100.000000 -e 0.001 -l 1 H:\zhangyaogong\letor40\datasets\OHSUMED\Fold3\train.txt H:\zhangyaogong\letor40\baselines\svm_rank\data\OHSUMED\model
<open file 'H:\zhangyaogong\letor40\baselines\svm_rank\source_code\svm_rank_classify H:\zhangyaogong\letor40\datasets\OHSUMED\Fold3\vali.txt H:\zhangyaogong\letor40\baselines\svm_rank\data\OHSUMED\model H:\zhangyaogong\letor40\baselines\svm_rank\data\OHSUMED\score', mode 'r' at 0x000000000241A810>
<open file 'H:\zhangyaogong\letor40\baselines\svm_rank\source_code\svm_rank_classify H:\zhangyaogong\letor40\datasets\OHSUMED\Fold3\test.txt H:\zhangyaogong\letor40\baselines\svm_rank\data\OHSUMED\Fold3\final_model H:\zhangyaogong\letor40\baselines\svm_rank\data\OHSUMED\Fold3\test_score', mode 'r' at 0x000000000241A6F0>
<open file 'H:\zhangyaogong\letor40\baselines\svm_rank\source_code\svm_rank_classify H:\zhangyaogong\letor40\datasets\OHSUMED\Fold3\vali.txt H:\zhangyaogong\letor40\baselines\svm_rank\data\OHSUMED\Fold3\final_model H:\zhangyaogong\letor40\baselines\svm_rank\data\OHSUMED\Fold3\vali_score', mode 'r' at 0x000000000241A810>
<open file 'H:\zhangyaogong\letor40\baselines\svm_rank\source_code\svm_rank_classify H:\zhangyaogong\letor40\datasets\OHSUMED\Fold3\train.txt H:\zhangyaogong\letor40\baselines\svm_rank\data\OHSUMED\Fold3\final_model H:\zhangyaogong\letor40\baselines\svm_rank\data\OHSUMED\Fold3\train_score', mode 'r' at 0x000000000241A6F0>
Fold_3 finish at 0408_1248	
<open file 'H:\zhangyaogong\letor40\baselines\svm_rank\source_code\svm_rank_learn -c 0.000100 -e 0.001 -l 1 H:\zhangyaogong\letor40\datasets\OHSUMED\Fold4\train.txt H:\zhangyaogong\letor40\baselines\svm_rank\data\OHSUMED\model', mode 'r' at 0x000000000241A810>
H:\zhangyaogong\letor40\baselines\svm_rank\source_code\svm_rank_learn -c 0.000100 -e 0.001 -l 1 H:\zhangyaogong\letor40\datasets\OHSUMED\Fold4\train.txt H:\zhangyaogong\letor40\baselines\svm_rank\data\OHSUMED\model
<open file 'H:\zhangyaogong\letor40\baselines\svm_rank\source_code\svm_rank_classify H:\zhangyaogong\letor40\datasets\OHSUMED\Fold4\vali.txt H:\zhangyaogong\letor40\baselines\svm_rank\data\OHSUMED\model H:\zhangyaogong\letor40\baselines\svm_rank\data\OHSUMED\score', mode 'r' at 0x000000000241A810>
<open file 'H:\zhangyaogong\letor40\baselines\svm_rank\source_code\svm_rank_learn -c 0.001000 -e 0.001 -l 1 H:\zhangyaogong\letor40\datasets\OHSUMED\Fold4\train.txt H:\zhangyaogong\letor40\baselines\svm_rank\data\OHSUMED\model', mode 'r' at 0x000000000241A6F0>
H:\zhangyaogong\letor40\baselines\svm_rank\source_code\svm_rank_learn -c 0.001000 -e 0.001 -l 1 H:\zhangyaogong\letor40\datasets\OHSUMED\Fold4\train.txt H:\zhangyaogong\letor40\baselines\svm_rank\data\OHSUMED\model
<open file 'H:\zhangyaogong\letor40\baselines\svm_rank\source_code\svm_rank_classify H:\zhangyaogong\letor40\datasets\OHSUMED\Fold4\vali.txt H:\zhangyaogong\letor40\baselines\svm_rank\data\OHSUMED\model H:\zhangyaogong\letor40\baselines\svm_rank\data\OHSUMED\score', mode 'r' at 0x000000000241A6F0>
<open file 'H:\zhangyaogong\letor40\baselines\svm_rank\source_code\svm_rank_learn -c 0.010000 -e 0.001 -l 1 H:\zhangyaogong\letor40\datasets\OHSUMED\Fold4\train.txt H:\zhangyaogong\letor40\baselines\svm_rank\data\OHSUMED\model', mode 'r' at 0x000000000241A810>
H:\zhangyaogong\letor40\baselines\svm_rank\source_code\svm_rank_learn -c 0.010000 -e 0.001 -l 1 H:\zhangyaogong\letor40\datasets\OHSUMED\Fold4\train.txt H:\zhangyaogong\letor40\baselines\svm_rank\data\OHSUMED\model
<open file 'H:\zhangyaogong\letor40\baselines\svm_rank\source_code\svm_rank_classify H:\zhangyaogong\letor40\datasets\OHSUMED\Fold4\vali.txt H:\zhangyaogong\letor40\baselines\svm_rank\data\OHSUMED\model H:\zhangyaogong\letor40\baselines\svm_rank\data\OHSUMED\score', mode 'r' at 0x000000000241A810>
<open file 'H:\zhangyaogong\letor40\baselines\svm_rank\source_code\svm_rank_learn -c 0.100000 -e 0.001 -l 1 H:\zhangyaogong\letor40\datasets\OHSUMED\Fold4\train.txt H:\zhangyaogong\letor40\baselines\svm_rank\data\OHSUMED\model', mode 'r' at 0x000000000241A6F0>
H:\zhangyaogong\letor40\baselines\svm_rank\source_code\svm_rank_learn -c 0.100000 -e 0.001 -l 1 H:\zhangyaogong\letor40\datasets\OHSUMED\Fold4\train.txt H:\zhangyaogong\letor40\baselines\svm_rank\data\OHSUMED\model
<open file 'H:\zhangyaogong\letor40\baselines\svm_rank\source_code\svm_rank_classify H:\zhangyaogong\letor40\datasets\OHSUMED\Fold4\vali.txt H:\zhangyaogong\letor40\baselines\svm_rank\data\OHSUMED\model H:\zhangyaogong\letor40\baselines\svm_rank\data\OHSUMED\score', mode 'r' at 0x000000000241A6F0>
<open file 'H:\zhangyaogong\letor40\baselines\svm_rank\source_code\svm_rank_learn -c 1.000000 -e 0.001 -l 1 H:\zhangyaogong\letor40\datasets\OHSUMED\Fold4\train.txt H:\zhangyaogong\letor40\baselines\svm_rank\data\OHSUMED\model', mode 'r' at 0x000000000241A810>
H:\zhangyaogong\letor40\baselines\svm_rank\source_code\svm_rank_learn -c 1.000000 -e 0.001 -l 1 H:\zhangyaogong\letor40\datasets\OHSUMED\Fold4\train.txt H:\zhangyaogong\letor40\baselines\svm_rank\data\OHSUMED\model
<open file 'H:\zhangyaogong\letor40\baselines\svm_rank\source_code\svm_rank_classify H:\zhangyaogong\letor40\datasets\OHSUMED\Fold4\vali.txt H:\zhangyaogong\letor40\baselines\svm_rank\data\OHSUMED\model H:\zhangyaogong\letor40\baselines\svm_rank\data\OHSUMED\score', mode 'r' at 0x000000000241A810>
<open file 'H:\zhangyaogong\letor40\baselines\svm_rank\source_code\svm_rank_learn -c 10.000000 -e 0.001 -l 1 H:\zhangyaogong\letor40\datasets\OHSUMED\Fold4\train.txt H:\zhangyaogong\letor40\baselines\svm_rank\data\OHSUMED\model', mode 'r' at 0x000000000241A6F0>
H:\zhangyaogong\letor40\baselines\svm_rank\source_code\svm_rank_learn -c 10.000000 -e 0.001 -l 1 H:\zhangyaogong\letor40\datasets\OHSUMED\Fold4\train.txt H:\zhangyaogong\letor40\baselines\svm_rank\data\OHSUMED\model
<open file 'H:\zhangyaogong\letor40\baselines\svm_rank\source_code\svm_rank_classify H:\zhangyaogong\letor40\datasets\OHSUMED\Fold4\vali.txt H:\zhangyaogong\letor40\baselines\svm_rank\data\OHSUMED\model H:\zhangyaogong\letor40\baselines\svm_rank\data\OHSUMED\score', mode 'r' at 0x000000000241A6F0>
<open file 'H:\zhangyaogong\letor40\baselines\svm_rank\source_code\svm_rank_learn -c 100.000000 -e 0.001 -l 1 H:\zhangyaogong\letor40\datasets\OHSUMED\Fold4\train.txt H:\zhangyaogong\letor40\baselines\svm_rank\data\OHSUMED\model', mode 'r' at 0x000000000241A810>
H:\zhangyaogong\letor40\baselines\svm_rank\source_code\svm_rank_learn -c 100.000000 -e 0.001 -l 1 H:\zhangyaogong\letor40\datasets\OHSUMED\Fold4\train.txt H:\zhangyaogong\letor40\baselines\svm_rank\data\OHSUMED\model
<open file 'H:\zhangyaogong\letor40\baselines\svm_rank\source_code\svm_rank_classify H:\zhangyaogong\letor40\datasets\OHSUMED\Fold4\vali.txt H:\zhangyaogong\letor40\baselines\svm_rank\data\OHSUMED\model H:\zhangyaogong\letor40\baselines\svm_rank\data\OHSUMED\score', mode 'r' at 0x000000000241A810>
<open file 'H:\zhangyaogong\letor40\baselines\svm_rank\source_code\svm_rank_classify H:\zhangyaogong\letor40\datasets\OHSUMED\Fold4\test.txt H:\zhangyaogong\letor40\baselines\svm_rank\data\OHSUMED\Fold4\final_model H:\zhangyaogong\letor40\baselines\svm_rank\data\OHSUMED\Fold4\test_score', mode 'r' at 0x000000000241A780>
<open file 'H:\zhangyaogong\letor40\baselines\svm_rank\source_code\svm_rank_classify H:\zhangyaogong\letor40\datasets\OHSUMED\Fold4\vali.txt H:\zhangyaogong\letor40\baselines\svm_rank\data\OHSUMED\Fold4\final_model H:\zhangyaogong\letor40\baselines\svm_rank\data\OHSUMED\Fold4\vali_score', mode 'r' at 0x000000000241A810>
<open file 'H:\zhangyaogong\letor40\baselines\svm_rank\source_code\svm_rank_classify H:\zhangyaogong\letor40\datasets\OHSUMED\Fold4\train.txt H:\zhangyaogong\letor40\baselines\svm_rank\data\OHSUMED\Fold4\final_model H:\zhangyaogong\letor40\baselines\svm_rank\data\OHSUMED\Fold4\train_score', mode 'r' at 0x000000000241A780>
Fold_4 finish at 0408_1248	
<open file 'H:\zhangyaogong\letor40\baselines\svm_rank\source_code\svm_rank_learn -c 0.000100 -e 0.001 -l 1 H:\zhangyaogong\letor40\datasets\OHSUMED\Fold5\train.txt H:\zhangyaogong\letor40\baselines\svm_rank\data\OHSUMED\model', mode 'r' at 0x000000000241A810>
H:\zhangyaogong\letor40\baselines\svm_rank\source_code\svm_rank_learn -c 0.000100 -e 0.001 -l 1 H:\zhangyaogong\letor40\datasets\OHSUMED\Fold5\train.txt H:\zhangyaogong\letor40\baselines\svm_rank\data\OHSUMED\model
<open file 'H:\zhangyaogong\letor40\baselines\svm_rank\source_code\svm_rank_classify H:\zhangyaogong\letor40\datasets\OHSUMED\Fold5\vali.txt H:\zhangyaogong\letor40\baselines\svm_rank\data\OHSUMED\model H:\zhangyaogong\letor40\baselines\svm_rank\data\OHSUMED\score', mode 'r' at 0x000000000241A810>
<open file 'H:\zhangyaogong\letor40\baselines\svm_rank\source_code\svm_rank_learn -c 0.001000 -e 0.001 -l 1 H:\zhangyaogong\letor40\datasets\OHSUMED\Fold5\train.txt H:\zhangyaogong\letor40\baselines\svm_rank\data\OHSUMED\model', mode 'r' at 0x000000000241A780>
H:\zhangyaogong\letor40\baselines\svm_rank\source_code\svm_rank_learn -c 0.001000 -e 0.001 -l 1 H:\zhangyaogong\letor40\datasets\OHSUMED\Fold5\train.txt H:\zhangyaogong\letor40\baselines\svm_rank\data\OHSUMED\model
<open file 'H:\zhangyaogong\letor40\baselines\svm_rank\source_code\svm_rank_classify H:\zhangyaogong\letor40\datasets\OHSUMED\Fold5\vali.txt H:\zhangyaogong\letor40\baselines\svm_rank\data\OHSUMED\model H:\zhangyaogong\letor40\baselines\svm_rank\data\OHSUMED\score', mode 'r' at 0x000000000241A780>
<open file 'H:\zhangyaogong\letor40\baselines\svm_rank\source_code\svm_rank_learn -c 0.010000 -e 0.001 -l 1 H:\zhangyaogong\letor40\datasets\OHSUMED\Fold5\train.txt H:\zhangyaogong\letor40\baselines\svm_rank\data\OHSUMED\model', mode 'r' at 0x000000000241A810>
H:\zhangyaogong\letor40\baselines\svm_rank\source_code\svm_rank_learn -c 0.010000 -e 0.001 -l 1 H:\zhangyaogong\letor40\datasets\OHSUMED\Fold5\train.txt H:\zhangyaogong\letor40\baselines\svm_rank\data\OHSUMED\model
<open file 'H:\zhangyaogong\letor40\baselines\svm_rank\source_code\svm_rank_classify H:\zhangyaogong\letor40\datasets\OHSUMED\Fold5\vali.txt H:\zhangyaogong\letor40\baselines\svm_rank\data\OHSUMED\model H:\zhangyaogong\letor40\baselines\svm_rank\data\OHSUMED\score', mode 'r' at 0x000000000241A810>
<open file 'H:\zhangyaogong\letor40\baselines\svm_rank\source_code\svm_rank_learn -c 0.100000 -e 0.001 -l 1 H:\zhangyaogong\letor40\datasets\OHSUMED\Fold5\train.txt H:\zhangyaogong\letor40\baselines\svm_rank\data\OHSUMED\model', mode 'r' at 0x000000000241A780>
H:\zhangyaogong\letor40\baselines\svm_rank\source_code\svm_rank_learn -c 0.100000 -e 0.001 -l 1 H:\zhangyaogong\letor40\datasets\OHSUMED\Fold5\train.txt H:\zhangyaogong\letor40\baselines\svm_rank\data\OHSUMED\model
<open file 'H:\zhangyaogong\letor40\baselines\svm_rank\source_code\svm_rank_classify H:\zhangyaogong\letor40\datasets\OHSUMED\Fold5\vali.txt H:\zhangyaogong\letor40\baselines\svm_rank\data\OHSUMED\model H:\zhangyaogong\letor40\baselines\svm_rank\data\OHSUMED\score', mode 'r' at 0x000000000241A780>
<open file 'H:\zhangyaogong\letor40\baselines\svm_rank\source_code\svm_rank_learn -c 1.000000 -e 0.001 -l 1 H:\zhangyaogong\letor40\datasets\OHSUMED\Fold5\train.txt H:\zhangyaogong\letor40\baselines\svm_rank\data\OHSUMED\model', mode 'r' at 0x000000000241A810>
H:\zhangyaogong\letor40\baselines\svm_rank\source_code\svm_rank_learn -c 1.000000 -e 0.001 -l 1 H:\zhangyaogong\letor40\datasets\OHSUMED\Fold5\train.txt H:\zhangyaogong\letor40\baselines\svm_rank\data\OHSUMED\model
<open file 'H:\zhangyaogong\letor40\baselines\svm_rank\source_code\svm_rank_classify H:\zhangyaogong\letor40\datasets\OHSUMED\Fold5\vali.txt H:\zhangyaogong\letor40\baselines\svm_rank\data\OHSUMED\model H:\zhangyaogong\letor40\baselines\svm_rank\data\OHSUMED\score', mode 'r' at 0x000000000241A810>
<open file 'H:\zhangyaogong\letor40\baselines\svm_rank\source_code\svm_rank_learn -c 10.000000 -e 0.001 -l 1 H:\zhangyaogong\letor40\datasets\OHSUMED\Fold5\train.txt H:\zhangyaogong\letor40\baselines\svm_rank\data\OHSUMED\model', mode 'r' at 0x000000000241A780>
H:\zhangyaogong\letor40\baselines\svm_rank\source_code\svm_rank_learn -c 10.000000 -e 0.001 -l 1 H:\zhangyaogong\letor40\datasets\OHSUMED\Fold5\train.txt H:\zhangyaogong\letor40\baselines\svm_rank\data\OHSUMED\model
<open file 'H:\zhangyaogong\letor40\baselines\svm_rank\source_code\svm_rank_classify H:\zhangyaogong\letor40\datasets\OHSUMED\Fold5\vali.txt H:\zhangyaogong\letor40\baselines\svm_rank\data\OHSUMED\model H:\zhangyaogong\letor40\baselines\svm_rank\data\OHSUMED\score', mode 'r' at 0x000000000241A780>
<open file 'H:\zhangyaogong\letor40\baselines\svm_rank\source_code\svm_rank_learn -c 100.000000 -e 0.001 -l 1 H:\zhangyaogong\letor40\datasets\OHSUMED\Fold5\train.txt H:\zhangyaogong\letor40\baselines\svm_rank\data\OHSUMED\model', mode 'r' at 0x000000000241A810>
H:\zhangyaogong\letor40\baselines\svm_rank\source_code\svm_rank_learn -c 100.000000 -e 0.001 -l 1 H:\zhangyaogong\letor40\datasets\OHSUMED\Fold5\train.txt H:\zhangyaogong\letor40\baselines\svm_rank\data\OHSUMED\model
<open file 'H:\zhangyaogong\letor40\baselines\svm_rank\source_code\svm_rank_classify H:\zhangyaogong\letor40\datasets\OHSUMED\Fold5\vali.txt H:\zhangyaogong\letor40\baselines\svm_rank\data\OHSUMED\model H:\zhangyaogong\letor40\baselines\svm_rank\data\OHSUMED\score', mode 'r' at 0x000000000241A810>
<open file 'H:\zhangyaogong\letor40\baselines\svm_rank\source_code\svm_rank_classify H:\zhangyaogong\letor40\datasets\OHSUMED\Fold5\test.txt H:\zhangyaogong\letor40\baselines\svm_rank\data\OHSUMED\Fold5\final_model H:\zhangyaogong\letor40\baselines\svm_rank\data\OHSUMED\Fold5\test_score', mode 'r' at 0x000000000241A6F0>
<open file 'H:\zhangyaogong\letor40\baselines\svm_rank\source_code\svm_rank_classify H:\zhangyaogong\letor40\datasets\OHSUMED\Fold5\vali.txt H:\zhangyaogong\letor40\baselines\svm_rank\data\OHSUMED\Fold5\final_model H:\zhangyaogong\letor40\baselines\svm_rank\data\OHSUMED\Fold5\vali_score', mode 'r' at 0x000000000241A810>
<open file 'H:\zhangyaogong\letor40\baselines\svm_rank\source_code\svm_rank_classify H:\zhangyaogong\letor40\datasets\OHSUMED\Fold5\train.txt H:\zhangyaogong\letor40\baselines\svm_rank\data\OHSUMED\Fold5\final_model H:\zhangyaogong\letor40\baselines\svm_rank\data\OHSUMED\Fold5\train_score', mode 'r' at 0x000000000241A6F0>
Fold_5 finish at 0408_1249	

at 0408_1249 begin to write into files..	
